

Microchip Technology PIC LITE Macro Assembler V1.33 build 59893 
                                                                                               Wed Mar 18 10:56:21 2026

Microchip Technology Omniscient Code Generator (Lite mode) build 59893
     1                           	processor	16F877A
     2                           	opt	pw 120
     3                           	opt	lm
     4                           	psect	idataCOMMON,global,class=CODE,delta=2
     5                           	psect	cinit,global,class=CODE,merge=1,delta=2
     6                           	psect	bitbssCOMMON,global,bit,class=COMMON,space=1,delta=1
     7                           	psect	dataCOMMON,global,class=COMMON,space=1,delta=1
     8                           	psect	cstackCOMMON,global,class=COMMON,space=1,delta=1
     9                           	psect	cstackBANK0,global,class=BANK0,space=1,delta=1
    10                           	psect	maintext,global,class=CODE,split=1,delta=2
    11                           	psect	text1,local,class=CODE,merge=1,delta=2
    12                           	psect	text2,local,class=CODE,merge=1,delta=2
    13                           	psect	text3,local,class=CODE,merge=1,delta=2
    14                           	psect	text4,local,class=CODE,merge=1,delta=2
    15                           	psect	text5,local,class=CODE,merge=1,delta=2
    16                           	psect	text6,local,class=CODE,merge=1,delta=2
    17                           	psect	text7,local,class=CODE,merge=1,delta=2
    18                           	psect	text8,local,class=CODE,merge=1,delta=2
    19                           	psect	text9,local,class=CODE,merge=1,delta=2
    20                           	psect	intentry,global,class=CODE,delta=2
    21                           	dabs	1,0x7E,2
    22  0000                     	;# 
    23  0001                     	;# 
    24  0002                     	;# 
    25  0003                     	;# 
    26  0004                     	;# 
    27  0005                     	;# 
    28  0006                     	;# 
    29  0007                     	;# 
    30  0008                     	;# 
    31  0009                     	;# 
    32  000A                     	;# 
    33  000B                     	;# 
    34  000C                     	;# 
    35  000D                     	;# 
    36  000E                     	;# 
    37  000E                     	;# 
    38  000F                     	;# 
    39  0010                     	;# 
    40  0011                     	;# 
    41  0012                     	;# 
    42  0013                     	;# 
    43  0014                     	;# 
    44  0015                     	;# 
    45  0015                     	;# 
    46  0016                     	;# 
    47  0017                     	;# 
    48  0018                     	;# 
    49  0019                     	;# 
    50  001A                     	;# 
    51  001B                     	;# 
    52  001B                     	;# 
    53  001C                     	;# 
    54  001D                     	;# 
    55  001E                     	;# 
    56  001F                     	;# 
    57  0081                     	;# 
    58  0085                     	;# 
    59  0086                     	;# 
    60  0087                     	;# 
    61  0088                     	;# 
    62  0089                     	;# 
    63  008C                     	;# 
    64  008D                     	;# 
    65  008E                     	;# 
    66  0091                     	;# 
    67  0092                     	;# 
    68  0093                     	;# 
    69  0094                     	;# 
    70  0098                     	;# 
    71  0099                     	;# 
    72  009C                     	;# 
    73  009D                     	;# 
    74  009E                     	;# 
    75  009F                     	;# 
    76  010C                     	;# 
    77  010D                     	;# 
    78  010E                     	;# 
    79  010F                     	;# 
    80  018C                     	;# 
    81  018D                     	;# 
    82                           
    83                           	psect	idataCOMMON
    84  0248                     __pidataCOMMON:	
    85                           
    86                           ;initializer for _counter
    87  0248  340E               	retlw	14
    88  0006                     _PORTB	set	6
    89  0007                     _PORTC	set	7
    90  0008                     _PORTD	set	8
    91  005F                     _GIE	set	95
    92  005C                     _INTE	set	92
    93  0059                     _INTF	set	89
    94  0030                     _RB0	set	48
    95  0035                     _RB5	set	53
    96  0036                     _RB6	set	54
    97  0037                     _RB7	set	55
    98  005D                     _TMR0IE	set	93
    99  005A                     _TMR0IF	set	90
   100  0081                     _OPTION_REG	set	129
   101  0086                     _TRISB	set	134
   102  0087                     _TRISC	set	135
   103  0088                     _TRISD	set	136
   104  040E                     _INTEDG	set	1038
   105                           
   106                           ; #config settings
   107  0000                     
   108                           	psect	cinit
   109  0015                     start_initialization:	
   110  0015                     __initialization:	
   111                           
   112                           ; Clear objects allocated to BITCOMMON
   113  0015  01F7               	clrf	(__pbitbssCOMMON/(0+8))& (0+127)
   114                           
   115                           ; Initialize objects allocated to COMMON
   116  0016  120A  118A  2248   	fcall	__pidataCOMMON	;fetch initializer
   117  0019  00F8               	movwf	__pdataCOMMON& (0+127)
   118  001A                     end_of_initialization:	
   119                           ;End of C runtime variable initialization code
   120                           
   121  001A                     __end_of__initialization:	
   122  001A  0183               	clrf	3
   123  001B  120A  118A  281E   	ljmp	_main	;jump to C main() function
   124                           
   125                           	psect	bitbssCOMMON
   126  03B8                     __pbitbssCOMMON:	
   127  03B8                     _myINTF:	
   128  03B8                     	ds	1
   129  03B9                     _myTMR0IF:	
   130  03B9                     	ds	1
   131                           
   132                           	psect	dataCOMMON
   133  0078                     __pdataCOMMON:	
   134  0078                     _counter:	
   135  0078                     	ds	1
   136                           
   137                           	psect	cstackCOMMON
   138  0070                     __pcstackCOMMON:	
   139  0070                     ?_ISR:	
   140  0070                     ??_ISR:	
   141                           ; 0 bytes @ 0x0
   142                           
   143  0070                     ?_instCtrl:	
   144                           ; 0 bytes @ 0x0
   145                           
   146  0070                     ?_dataCtrl:	
   147                           ; 0 bytes @ 0x0
   148                           
   149  0070                     ?_initLCD:	
   150                           ; 0 bytes @ 0x0
   151                           
   152  0070                     ?_display_counter:	
   153                           ; 0 bytes @ 0x0
   154                           
   155  0070                     ?_main:	
   156                           ; 0 bytes @ 0x0
   157                           
   158                           
   159                           ; 0 bytes @ 0x0
   160  0070                     	ds	5
   161  0075                     ?_delay_ms:	
   162  0075                     ??_instCtrl:	
   163                           ; 0 bytes @ 0x5
   164                           
   165  0075                     ??_dataCtrl:	
   166                           ; 0 bytes @ 0x5
   167                           
   168  0075                     ?_delay:	
   169                           ; 0 bytes @ 0x5
   170                           
   171  0075                     ??___awdiv:	
   172                           ; 0 bytes @ 0x5
   173                           
   174  0075                     ??___awmod:	
   175                           ; 0 bytes @ 0x5
   176                           
   177  0075                     delay_ms@ms:	
   178                           ; 0 bytes @ 0x5
   179                           
   180  0075                     delay@count:	
   181                           ; 2 bytes @ 0x5
   182                           
   183                           
   184                           ; 2 bytes @ 0x5
   185  0075                     	ds	2
   186  0077                     ??_initLCD:	
   187                           
   188                           	psect	cstackBANK0
   189  0020                     __pcstackBANK0:	
   190                           ; 0 bytes @ 0x7
   191                           
   192  0020                     ??_delay_ms:	
   193  0020                     ??_delay:	
   194                           ; 0 bytes @ 0x0
   195                           
   196  0020                     ?___awdiv:	
   197                           ; 0 bytes @ 0x0
   198                           
   199  0020                     ?___awmod:	
   200                           ; 2 bytes @ 0x0
   201                           
   202  0020                     instCtrl@cmd:	
   203                           ; 2 bytes @ 0x0
   204                           
   205  0020                     dataCtrl@data:	
   206                           ; 1 bytes @ 0x0
   207                           
   208  0020                     ___awdiv@divisor:	
   209                           ; 1 bytes @ 0x0
   210                           
   211  0020                     ___awmod@divisor:	
   212                           ; 2 bytes @ 0x0
   213                           
   214                           
   215                           ; 2 bytes @ 0x0
   216  0020                     	ds	1
   217  0021                     delay@of_count:	
   218                           
   219                           ; 2 bytes @ 0x1
   220  0021                     	ds	1
   221  0022                     ___awdiv@dividend:	
   222  0022                     ___awmod@dividend:	
   223                           ; 2 bytes @ 0x2
   224                           
   225                           
   226                           ; 2 bytes @ 0x2
   227  0022                     	ds	2
   228  0024                     ___awdiv@counter:	
   229  0024                     ___awmod@counter:	
   230                           ; 1 bytes @ 0x4
   231                           
   232                           
   233                           ; 1 bytes @ 0x4
   234  0024                     	ds	1
   235  0025                     ___awdiv@sign:	
   236  0025                     ___awmod@sign:	
   237                           ; 1 bytes @ 0x5
   238                           
   239                           
   240                           ; 1 bytes @ 0x5
   241  0025                     	ds	1
   242  0026                     ___awdiv@quotient:	
   243                           
   244                           ; 2 bytes @ 0x6
   245  0026                     	ds	2
   246  0028                     ??_display_counter:	
   247                           
   248                           ; 0 bytes @ 0x8
   249  0028                     	ds	3
   250  002B                     display_counter@tens:	
   251                           
   252                           ; 1 bytes @ 0xB
   253  002B                     	ds	1
   254  002C                     display_counter@ones:	
   255                           
   256                           ; 1 bytes @ 0xC
   257  002C                     	ds	1
   258  002D                     display_counter@value:	
   259                           
   260                           ; 1 bytes @ 0xD
   261  002D                     	ds	1
   262  002E                     ??_main:	
   263                           
   264                           ; 0 bytes @ 0xE
   265  002E                     	ds	1
   266                           
   267                           	psect	maintext
   268  001E                     __pmaintext:	
   269 ;;
   270 ;;Main: autosize = 0, tempsize = 1, incstack = 0, save=0
   271 ;;
   272 ;; *************** function _main *****************
   273 ;; Defined at:
   274 ;;		line 101 in file "Z:\CPE3201 - Bordario\Pre-mid\Bordario_Premid.c"
   275 ;; Parameters:    Size  Location     Type
   276 ;;		None
   277 ;; Auto vars:     Size  Location     Type
   278 ;;		None
   279 ;; Return value:  Size  Location     Type
   280 ;;		None               void
   281 ;; Registers used:
   282 ;;		wreg, status,2, status,0, pclath, cstack
   283 ;; Tracked objects:
   284 ;;		On entry : 17F/0
   285 ;;		On exit  : 0/0
   286 ;;		Unchanged: 0/0
   287 ;; Data sizes:     COMMON   BANK0   BANK1   BANK3   BANK2
   288 ;;      Params:         0       0       0       0       0
   289 ;;      Locals:         0       0       0       0       0
   290 ;;      Temps:          0       1       0       0       0
   291 ;;      Totals:         0       1       0       0       0
   292 ;;Total ram usage:        1 bytes
   293 ;; Hardware stack levels required when called:    3
   294 ;; This function calls:
   295 ;;		_dataCtrl
   296 ;;		_delay
   297 ;;		_display_counter
   298 ;;		_initLCD
   299 ;;		_instCtrl
   300 ;; This function is called by:
   301 ;;		Startup code after reset
   302 ;; This function uses a non-reentrant model
   303 ;;
   304                           
   305                           
   306                           ;psect for function _main
   307  001E                     _main:	
   308                           
   309                           ;Bordario_Premid.c: 102: TRISB = 0x01;
   310                           
   311                           ;incstack = 0
   312                           ; Regs used in _main: [wreg+status,2+status,0+pclath+cstack]
   313  001E  3001               	movlw	1
   314  001F  1683               	bsf	3,5	;RP0=1, select bank1
   315  0020  1303               	bcf	3,6	;RP1=0, select bank1
   316  0021  0086               	movwf	6	;volatile
   317                           
   318                           ;Bordario_Premid.c: 103: TRISC = 0x00;
   319  0022  0187               	clrf	7	;volatile
   320                           
   321                           ;Bordario_Premid.c: 104: TRISD = 0x1F;
   322  0023  301F               	movlw	31
   323  0024  0088               	movwf	8	;volatile
   324                           
   325                           ;Bordario_Premid.c: 106: INTEDG = 1;
   326  0025  1701               	bsf	1,6	;volatile
   327                           
   328                           ;Bordario_Premid.c: 107: INTF = 0;
   329  0026  108B               	bcf	11,1	;volatile
   330                           
   331                           ;Bordario_Premid.c: 108: INTE = 1;
   332  0027  160B               	bsf	11,4	;volatile
   333                           
   334                           ;Bordario_Premid.c: 110: TMR0IF = 0;
   335  0028  110B               	bcf	11,2	;volatile
   336                           
   337                           ;Bordario_Premid.c: 111: TMR0IE = 1;
   338  0029  168B               	bsf	11,5	;volatile
   339                           
   340                           ;Bordario_Premid.c: 113: GIE = 1;
   341  002A  178B               	bsf	11,7	;volatile
   342                           
   343                           ;Bordario_Premid.c: 114: PORTC = 0X00;
   344  002B  1283               	bcf	3,5	;RP0=0, select bank0
   345  002C  1303               	bcf	3,6	;RP1=0, select bank0
   346  002D  0187               	clrf	7	;volatile
   347                           
   348                           ;Bordario_Premid.c: 116: initLCD();
   349  002E  120A  118A  2191  120A  118A  	fcall	_initLCD
   350                           
   351                           ;Bordario_Premid.c: 117: instCtrl(0xC6);
   352  0033  30C6               	movlw	198
   353  0034  120A  118A  221E  120A  118A  	fcall	_instCtrl
   354                           
   355                           ;Bordario_Premid.c: 119: dataCtrl('T');
   356  0039  3054               	movlw	84
   357  003A  120A  118A  2233  120A  118A  	fcall	_dataCtrl
   358                           
   359                           ;Bordario_Premid.c: 120: dataCtrl('I');
   360  003F  3049               	movlw	73
   361  0040  120A  118A  2233  120A  118A  	fcall	_dataCtrl
   362                           
   363                           ;Bordario_Premid.c: 121: dataCtrl('M');
   364  0045  304D               	movlw	77
   365  0046  120A  118A  2233  120A  118A  	fcall	_dataCtrl
   366                           
   367                           ;Bordario_Premid.c: 122: dataCtrl('E');
   368  004B  3045               	movlw	69
   369  004C  120A  118A  2233  120A  118A  	fcall	_dataCtrl
   370                           
   371                           ;Bordario_Premid.c: 123: dataCtrl('R');
   372  0051  3052               	movlw	82
   373  0052  120A  118A  2233  120A  118A  	fcall	_dataCtrl
   374                           
   375                           ;Bordario_Premid.c: 125: instCtrl(0x9B);
   376  0057  309B               	movlw	155
   377  0058  120A  118A  221E  120A  118A  	fcall	_instCtrl
   378                           
   379                           ;Bordario_Premid.c: 126: dataCtrl('1');
   380  005D  3031               	movlw	49
   381  005E  120A  118A  2233  120A  118A  	fcall	_dataCtrl
   382                           
   383                           ;Bordario_Premid.c: 127: dataCtrl('4');
   384  0063  3034               	movlw	52
   385  0064  120A  118A  2233  120A  118A  	fcall	_dataCtrl
   386                           
   387                           ;Bordario_Premid.c: 130: counter = 0x0E;
   388  0069  300E               	movlw	14
   389  006A  1283               	bcf	3,5	;RP0=0, select bank0
   390  006B  1303               	bcf	3,6	;RP1=0, select bank0
   391  006C  00AE               	movwf	??_main
   392  006D  082E               	movf	??_main,w
   393  006E  00F8               	movwf	_counter
   394                           
   395                           ;Bordario_Premid.c: 132: OPTION_REG = 0xC4;
   396  006F  30C4               	movlw	196
   397  0070  1683               	bsf	3,5	;RP0=1, select bank1
   398  0071  1303               	bcf	3,6	;RP1=0, select bank1
   399  0072  0081               	movwf	1	;volatile
   400  0073  288A               	goto	l1065
   401  0074                     l1067:	
   402                           
   403                           ;Bordario_Premid.c: 136: if(counter > 0x00){
   404  0074  0878               	movf	_counter,w
   405  0075  1903               	btfsc	3,2
   406  0076  288A               	goto	l1065
   407                           
   408                           ;Bordario_Premid.c: 137: counter--;
   409  0077  3001               	movlw	1
   410  0078  02F8               	subwf	_counter,f
   411                           
   412                           ;Bordario_Premid.c: 138: display_counter(counter);
   413  0079  0878               	movf	_counter,w
   414  007A  120A  118A  214B  120A  118A  	fcall	_display_counter
   415                           
   416                           ;Bordario_Premid.c: 139: delay(79);
   417  007F  304F               	movlw	79
   418  0080  00F5               	movwf	delay@count
   419  0081  3000               	movlw	0
   420  0082  00F6               	movwf	delay@count+1
   421  0083  120A  118A  21E6  120A  118A  	fcall	_delay
   422  0088                     l83:	
   423                           ;Bordario_Premid.c: 141: else{
   424                           
   425                           ;Bordario_Premid.c: 140: }
   426                           
   427                           
   428                           ;Bordario_Premid.c: 143: }
   429                           ;Bordario_Premid.c: 144: }
   430  0088  1283               	bcf	3,5	;RP0=0, select bank0
   431  0089  1303               	bcf	3,6	;RP1=0, select bank0
   432  008A                     l1065:	
   433                           ;Bordario_Premid.c: 133: while(1){
   434                           
   435                           
   436                           ;Bordario_Premid.c: 134: if(RB0){
   437  008A  1283               	bcf	3,5	;RP0=0, select bank0
   438  008B  1303               	bcf	3,6	;RP1=0, select bank0
   439  008C  1806               	btfsc	6,0	;volatile
   440  008D  2874               	goto	l1067
   441                           
   442                           ;Bordario_Premid.c: 145: else{
   443                           ;Bordario_Premid.c: 147: if(counter != 0x0E){
   444  008E  0878               	movf	_counter,w
   445  008F  3A0E               	xorlw	14
   446  0090  1903               	skipnz
   447  0091  2888               	goto	l83
   448                           
   449                           ;Bordario_Premid.c: 148: counter = 0x0E;
   450  0092  300E               	movlw	14
   451  0093  1283               	bcf	3,5	;RP0=0, select bank0
   452  0094  1303               	bcf	3,6	;RP1=0, select bank0
   453  0095  00AE               	movwf	??_main
   454  0096  082E               	movf	??_main,w
   455  0097  00F8               	movwf	_counter
   456                           
   457                           ;Bordario_Premid.c: 149: display_counter(counter);
   458  0098  0878               	movf	_counter,w
   459  0099  120A  118A  214B  120A  118A  	fcall	_display_counter
   460  009E  2888               	goto	l83
   461  009F                     __end_of_main:	
   462                           
   463                           	psect	text1
   464  0191                     __ptext1:	
   465 ;; *************** function _initLCD *****************
   466 ;; Defined at:
   467 ;;		line 69 in file "Z:\CPE3201 - Bordario\Pre-mid\Bordario_Premid.c"
   468 ;; Parameters:    Size  Location     Type
   469 ;;		None
   470 ;; Auto vars:     Size  Location     Type
   471 ;;		None
   472 ;; Return value:  Size  Location     Type
   473 ;;		None               void
   474 ;; Registers used:
   475 ;;		wreg, status,2, status,0, pclath, cstack
   476 ;; Tracked objects:
   477 ;;		On entry : 0/0
   478 ;;		On exit  : 0/0
   479 ;;		Unchanged: 0/0
   480 ;; Data sizes:     COMMON   BANK0   BANK1   BANK3   BANK2
   481 ;;      Params:         0       0       0       0       0
   482 ;;      Locals:         0       0       0       0       0
   483 ;;      Temps:          0       0       0       0       0
   484 ;;      Totals:         0       0       0       0       0
   485 ;;Total ram usage:        0 bytes
   486 ;; Hardware stack levels used:    1
   487 ;; Hardware stack levels required when called:    2
   488 ;; This function calls:
   489 ;;		_delay_ms
   490 ;;		_instCtrl
   491 ;; This function is called by:
   492 ;;		_main
   493 ;; This function uses a non-reentrant model
   494 ;;
   495                           
   496                           
   497                           ;psect for function _initLCD
   498  0191                     _initLCD:	
   499                           
   500                           ;Bordario_Premid.c: 71: delay_ms(20);
   501                           
   502                           ;incstack = 0
   503                           ; Regs used in _initLCD: [wreg+status,2+status,0+pclath+cstack]
   504  0191  3014               	movlw	20
   505  0192  00F5               	movwf	delay_ms@ms
   506  0193  3000               	movlw	0
   507  0194  00F6               	movwf	delay_ms@ms+1
   508  0195  120A  118A  2204  120A  118A  	fcall	_delay_ms
   509                           
   510                           ;Bordario_Premid.c: 72: instCtrl(0x38);
   511  019A  3038               	movlw	56
   512  019B  120A  118A  221E  120A  118A  	fcall	_instCtrl
   513                           
   514                           ;Bordario_Premid.c: 73: instCtrl(0x08);
   515  01A0  3008               	movlw	8
   516  01A1  120A  118A  221E  120A  118A  	fcall	_instCtrl
   517                           
   518                           ;Bordario_Premid.c: 74: instCtrl(0x01);
   519  01A6  3001               	movlw	1
   520  01A7  120A  118A  221E  120A  118A  	fcall	_instCtrl
   521                           
   522                           ;Bordario_Premid.c: 75: delay_ms(2);
   523  01AC  3002               	movlw	2
   524  01AD  00F5               	movwf	delay_ms@ms
   525  01AE  3000               	movlw	0
   526  01AF  00F6               	movwf	delay_ms@ms+1
   527  01B0  120A  118A  2204  120A  118A  	fcall	_delay_ms
   528                           
   529                           ;Bordario_Premid.c: 76: instCtrl(0x06);
   530  01B5  3006               	movlw	6
   531  01B6  120A  118A  221E  120A  118A  	fcall	_instCtrl
   532                           
   533                           ;Bordario_Premid.c: 77: instCtrl(0x0E);
   534  01BB  300E               	movlw	14
   535  01BC  120A  118A  221E   	fcall	_instCtrl
   536  01BF  0008               	return
   537  01C0                     __end_of_initLCD:	
   538                           
   539                           	psect	text2
   540  0204                     __ptext2:	
   541 ;; *************** function _delay_ms *****************
   542 ;; Defined at:
   543 ;;		line 42 in file "Z:\CPE3201 - Bordario\Pre-mid\Bordario_Premid.c"
   544 ;; Parameters:    Size  Location     Type
   545 ;;  ms              2    5[COMMON] unsigned int 
   546 ;; Auto vars:     Size  Location     Type
   547 ;;		None
   548 ;; Return value:  Size  Location     Type
   549 ;;		None               void
   550 ;; Registers used:
   551 ;;		wreg
   552 ;; Tracked objects:
   553 ;;		On entry : 0/0
   554 ;;		On exit  : 0/0
   555 ;;		Unchanged: 0/0
   556 ;; Data sizes:     COMMON   BANK0   BANK1   BANK3   BANK2
   557 ;;      Params:         2       0       0       0       0
   558 ;;      Locals:         0       0       0       0       0
   559 ;;      Temps:          0       2       0       0       0
   560 ;;      Totals:         2       2       0       0       0
   561 ;;Total ram usage:        4 bytes
   562 ;; Hardware stack levels used:    1
   563 ;; Hardware stack levels required when called:    1
   564 ;; This function calls:
   565 ;;		Nothing
   566 ;; This function is called by:
   567 ;;		_initLCD
   568 ;; This function uses a non-reentrant model
   569 ;;
   570                           
   571                           
   572                           ;psect for function _delay_ms
   573  0204                     _delay_ms:	
   574  0204                     l55:	
   575                           ;Bordario_Premid.c: 44: while(ms--)
   576                           
   577                           ;incstack = 0
   578                           ; Regs used in _delay_ms: [wreg]
   579                           
   580  0204  3001               	movlw	1
   581  0205  02F5               	subwf	delay_ms@ms,f
   582  0206  3000               	movlw	0
   583  0207  1C03               	skipc
   584  0208  03F6               	decf	delay_ms@ms+1,f
   585  0209  02F6               	subwf	delay_ms@ms+1,f
   586  020A  30FF               	movlw	255
   587  020B  0676               	xorwf	delay_ms@ms+1,w
   588  020C  1D03               	skipz
   589  020D  2A10               	goto	u545
   590  020E  30FF               	movlw	255
   591  020F  0675               	xorwf	delay_ms@ms,w
   592  0210                     u545:	
   593  0210  1903               	btfsc	3,2
   594  0211  0008               	return
   595                           
   596                           ;Bordario_Premid.c: 45: _delay((unsigned long)((1)*(40000000/4000.0)));
   597  0212  300D               	movlw	13
   598  0213  1283               	bcf	3,5	;RP0=0, select bank0
   599  0214  1303               	bcf	3,6	;RP1=0, select bank0
   600  0215  00A1               	movwf	??_delay_ms+1
   601  0216  30FB               	movlw	251
   602  0217  00A0               	movwf	??_delay_ms
   603  0218                     u797:	
   604  0218  0BA0               	decfsz	??_delay_ms,f
   605  0219  2A18               	goto	u797
   606  021A  0BA1               	decfsz	??_delay_ms+1,f
   607  021B  2A18               	goto	u797
   608  021C  2A1D               	nop2
   609  021D  2A04               	goto	l55
   610  021E                     __end_of_delay_ms:	
   611                           
   612                           	psect	text3
   613  014B                     __ptext3:	
   614 ;; *************** function _display_counter *****************
   615 ;; Defined at:
   616 ;;		line 90 in file "Z:\CPE3201 - Bordario\Pre-mid\Bordario_Premid.c"
   617 ;; Parameters:    Size  Location     Type
   618 ;;  value           1    wreg     unsigned char 
   619 ;; Auto vars:     Size  Location     Type
   620 ;;  value           1   13[BANK0 ] unsigned char 
   621 ;;  ones            1   12[BANK0 ] unsigned char 
   622 ;;  tens            1   11[BANK0 ] unsigned char 
   623 ;; Return value:  Size  Location     Type
   624 ;;		None               void
   625 ;; Registers used:
   626 ;;		wreg, status,2, status,0, pclath, cstack
   627 ;; Tracked objects:
   628 ;;		On entry : 0/0
   629 ;;		On exit  : 0/0
   630 ;;		Unchanged: 0/0
   631 ;; Data sizes:     COMMON   BANK0   BANK1   BANK3   BANK2
   632 ;;      Params:         0       0       0       0       0
   633 ;;      Locals:         0       3       0       0       0
   634 ;;      Temps:          0       3       0       0       0
   635 ;;      Totals:         0       6       0       0       0
   636 ;;Total ram usage:        6 bytes
   637 ;; Hardware stack levels used:    1
   638 ;; Hardware stack levels required when called:    2
   639 ;; This function calls:
   640 ;;		___awdiv
   641 ;;		___awmod
   642 ;;		_dataCtrl
   643 ;;		_instCtrl
   644 ;; This function is called by:
   645 ;;		_main
   646 ;; This function uses a non-reentrant model
   647 ;;
   648                           
   649                           
   650                           ;psect for function _display_counter
   651  014B                     _display_counter:	
   652                           
   653                           ;incstack = 0
   654                           ; Regs used in _display_counter: [wreg+status,2+status,0+pclath+cstack]
   655                           ;display_counter@value stored from wreg
   656  014B  1283               	bcf	3,5	;RP0=0, select bank0
   657  014C  1303               	bcf	3,6	;RP1=0, select bank0
   658  014D  00AD               	movwf	display_counter@value
   659                           
   660                           ;Bordario_Premid.c: 92: unsigned char tens = value / 10;
   661  014E  300A               	movlw	10
   662  014F  00A0               	movwf	___awdiv@divisor
   663  0150  3000               	movlw	0
   664  0151  00A1               	movwf	___awdiv@divisor+1
   665  0152  082D               	movf	display_counter@value,w
   666  0153  00A8               	movwf	??_display_counter
   667  0154  01A9               	clrf	??_display_counter+1
   668  0155  0828               	movf	??_display_counter,w
   669  0156  00A2               	movwf	___awdiv@dividend
   670  0157  0829               	movf	??_display_counter+1,w
   671  0158  00A3               	movwf	___awdiv@dividend+1
   672  0159  120A  118A  209F  120A  118A  	fcall	___awdiv
   673  015E  1283               	bcf	3,5	;RP0=0, select bank0
   674  015F  1303               	bcf	3,6	;RP1=0, select bank0
   675  0160  0820               	movf	?___awdiv,w
   676  0161  00AA               	movwf	??_display_counter+2
   677  0162  082A               	movf	??_display_counter+2,w
   678  0163  00AB               	movwf	display_counter@tens
   679                           
   680                           ;Bordario_Premid.c: 93: unsigned char ones = value % 10;
   681  0164  300A               	movlw	10
   682  0165  00A0               	movwf	___awmod@divisor
   683  0166  3000               	movlw	0
   684  0167  00A1               	movwf	___awmod@divisor+1
   685  0168  082D               	movf	display_counter@value,w
   686  0169  00A8               	movwf	??_display_counter
   687  016A  01A9               	clrf	??_display_counter+1
   688  016B  0828               	movf	??_display_counter,w
   689  016C  00A2               	movwf	___awmod@dividend
   690  016D  0829               	movf	??_display_counter+1,w
   691  016E  00A3               	movwf	___awmod@dividend+1
   692  016F  120A  118A  20FC  120A  118A  	fcall	___awmod
   693  0174  1283               	bcf	3,5	;RP0=0, select bank0
   694  0175  1303               	bcf	3,6	;RP1=0, select bank0
   695  0176  0820               	movf	?___awmod,w
   696  0177  00AA               	movwf	??_display_counter+2
   697  0178  082A               	movf	??_display_counter+2,w
   698  0179  00AC               	movwf	display_counter@ones
   699                           
   700                           ;Bordario_Premid.c: 96: instCtrl(0x9B);
   701  017A  309B               	movlw	155
   702  017B  120A  118A  221E  120A  118A  	fcall	_instCtrl
   703                           
   704                           ;Bordario_Premid.c: 97: dataCtrl('0' + tens);
   705  0180  1283               	bcf	3,5	;RP0=0, select bank0
   706  0181  1303               	bcf	3,6	;RP1=0, select bank0
   707  0182  082B               	movf	display_counter@tens,w
   708  0183  3E30               	addlw	48
   709  0184  120A  118A  2233  120A  118A  	fcall	_dataCtrl
   710                           
   711                           ;Bordario_Premid.c: 98: dataCtrl('0' + ones);
   712  0189  1283               	bcf	3,5	;RP0=0, select bank0
   713  018A  1303               	bcf	3,6	;RP1=0, select bank0
   714  018B  082C               	movf	display_counter@ones,w
   715  018C  3E30               	addlw	48
   716  018D  120A  118A  2233   	fcall	_dataCtrl
   717  0190  0008               	return
   718  0191                     __end_of_display_counter:	
   719                           
   720                           	psect	text4
   721  021E                     __ptext4:	
   722 ;; *************** function _instCtrl *****************
   723 ;; Defined at:
   724 ;;		line 48 in file "Z:\CPE3201 - Bordario\Pre-mid\Bordario_Premid.c"
   725 ;; Parameters:    Size  Location     Type
   726 ;;  cmd             1    wreg     unsigned char 
   727 ;; Auto vars:     Size  Location     Type
   728 ;;  cmd             1    0[BANK0 ] unsigned char 
   729 ;; Return value:  Size  Location     Type
   730 ;;		None               void
   731 ;; Registers used:
   732 ;;		wreg
   733 ;; Tracked objects:
   734 ;;		On entry : 0/0
   735 ;;		On exit  : 0/0
   736 ;;		Unchanged: 0/0
   737 ;; Data sizes:     COMMON   BANK0   BANK1   BANK3   BANK2
   738 ;;      Params:         0       0       0       0       0
   739 ;;      Locals:         0       1       0       0       0
   740 ;;      Temps:          2       0       0       0       0
   741 ;;      Totals:         2       1       0       0       0
   742 ;;Total ram usage:        3 bytes
   743 ;; Hardware stack levels used:    1
   744 ;; Hardware stack levels required when called:    1
   745 ;; This function calls:
   746 ;;		Nothing
   747 ;; This function is called by:
   748 ;;		_initLCD
   749 ;;		_display_counter
   750 ;;		_main
   751 ;; This function uses a non-reentrant model
   752 ;;
   753                           
   754                           
   755                           ;psect for function _instCtrl
   756  021E                     _instCtrl:	
   757                           
   758                           ;incstack = 0
   759                           ; Regs used in _instCtrl: [wreg]
   760                           ;instCtrl@cmd stored from wreg
   761  021E  1283               	bcf	3,5	;RP0=0, select bank0
   762  021F  1303               	bcf	3,6	;RP1=0, select bank0
   763  0220  00A0               	movwf	instCtrl@cmd
   764                           
   765                           ;Bordario_Premid.c: 50: PORTC = cmd;
   766  0221  0820               	movf	instCtrl@cmd,w
   767  0222  0087               	movwf	7	;volatile
   768                           
   769                           ;Bordario_Premid.c: 51: RB5 = 0;
   770  0223  1286               	bcf	6,5	;volatile
   771                           
   772                           ;Bordario_Premid.c: 52: RB6 = 0;
   773  0224  1306               	bcf	6,6	;volatile
   774                           
   775                           ;Bordario_Premid.c: 53: RB7 = 1;
   776  0225  1786               	bsf	6,7	;volatile
   777                           
   778                           ;Bordario_Premid.c: 54: _delay((unsigned long)((2)*(40000000/4000.0)));
   779  0226  301A               	movlw	26
   780  0227  00F6               	movwf	??_instCtrl+1
   781  0228  30F8               	movlw	248
   782  0229  00F5               	movwf	??_instCtrl
   783  022A                     u807:	
   784  022A  0BF5               	decfsz	??_instCtrl,f
   785  022B  2A2A               	goto	u807
   786  022C  0BF6               	decfsz	??_instCtrl+1,f
   787  022D  2A2A               	goto	u807
   788  022E  0000               	nop
   789                           
   790                           ;Bordario_Premid.c: 55: RB7 = 0;
   791  022F  1283               	bcf	3,5	;RP0=0, select bank0
   792  0230  1303               	bcf	3,6	;RP1=0, select bank0
   793  0231  1386               	bcf	6,7	;volatile
   794  0232  0008               	return
   795  0233                     __end_of_instCtrl:	
   796                           
   797                           	psect	text5
   798  0233                     __ptext5:	
   799 ;; *************** function _dataCtrl *****************
   800 ;; Defined at:
   801 ;;		line 59 in file "Z:\CPE3201 - Bordario\Pre-mid\Bordario_Premid.c"
   802 ;; Parameters:    Size  Location     Type
   803 ;;  data            1    wreg     unsigned char 
   804 ;; Auto vars:     Size  Location     Type
   805 ;;  data            1    0[BANK0 ] unsigned char 
   806 ;; Return value:  Size  Location     Type
   807 ;;		None               void
   808 ;; Registers used:
   809 ;;		wreg
   810 ;; Tracked objects:
   811 ;;		On entry : 0/0
   812 ;;		On exit  : 0/0
   813 ;;		Unchanged: 0/0
   814 ;; Data sizes:     COMMON   BANK0   BANK1   BANK3   BANK2
   815 ;;      Params:         0       0       0       0       0
   816 ;;      Locals:         0       1       0       0       0
   817 ;;      Temps:          2       0       0       0       0
   818 ;;      Totals:         2       1       0       0       0
   819 ;;Total ram usage:        3 bytes
   820 ;; Hardware stack levels used:    1
   821 ;; Hardware stack levels required when called:    1
   822 ;; This function calls:
   823 ;;		Nothing
   824 ;; This function is called by:
   825 ;;		_display_counter
   826 ;;		_main
   827 ;; This function uses a non-reentrant model
   828 ;;
   829                           
   830                           
   831                           ;psect for function _dataCtrl
   832  0233                     _dataCtrl:	
   833                           
   834                           ;incstack = 0
   835                           ; Regs used in _dataCtrl: [wreg]
   836                           ;dataCtrl@data stored from wreg
   837  0233  1283               	bcf	3,5	;RP0=0, select bank0
   838  0234  1303               	bcf	3,6	;RP1=0, select bank0
   839  0235  00A0               	movwf	dataCtrl@data
   840                           
   841                           ;Bordario_Premid.c: 61: PORTC = data;
   842  0236  0820               	movf	dataCtrl@data,w
   843  0237  0087               	movwf	7	;volatile
   844                           
   845                           ;Bordario_Premid.c: 62: RB5 = 1;
   846  0238  1686               	bsf	6,5	;volatile
   847                           
   848                           ;Bordario_Premid.c: 63: RB6 = 0;
   849  0239  1306               	bcf	6,6	;volatile
   850                           
   851                           ;Bordario_Premid.c: 64: RB7 = 1;
   852  023A  1786               	bsf	6,7	;volatile
   853                           
   854                           ;Bordario_Premid.c: 65: _delay((unsigned long)((2)*(40000000/4000.0)));
   855  023B  301A               	movlw	26
   856  023C  00F6               	movwf	??_dataCtrl+1
   857  023D  30F8               	movlw	248
   858  023E  00F5               	movwf	??_dataCtrl
   859  023F                     u817:	
   860  023F  0BF5               	decfsz	??_dataCtrl,f
   861  0240  2A3F               	goto	u817
   862  0241  0BF6               	decfsz	??_dataCtrl+1,f
   863  0242  2A3F               	goto	u817
   864  0243  0000               	nop
   865                           
   866                           ;Bordario_Premid.c: 66: RB7 = 0;
   867  0244  1283               	bcf	3,5	;RP0=0, select bank0
   868  0245  1303               	bcf	3,6	;RP1=0, select bank0
   869  0246  1386               	bcf	6,7	;volatile
   870  0247  0008               	return
   871  0248                     __end_of_dataCtrl:	
   872                           
   873                           	psect	text6
   874  00FC                     __ptext6:	
   875 ;; *************** function ___awmod *****************
   876 ;; Defined at:
   877 ;;		line 6 in file "C:\Program Files (x86)\Microchip\xc8\v1.33\sources\common\awmod.c"
   878 ;; Parameters:    Size  Location     Type
   879 ;;  divisor         2    0[BANK0 ] int 
   880 ;;  dividend        2    2[BANK0 ] int 
   881 ;; Auto vars:     Size  Location     Type
   882 ;;  sign            1    5[BANK0 ] unsigned char 
   883 ;;  counter         1    4[BANK0 ] unsigned char 
   884 ;; Return value:  Size  Location     Type
   885 ;;                  2    0[BANK0 ] int 
   886 ;; Registers used:
   887 ;;		wreg, status,2, status,0
   888 ;; Tracked objects:
   889 ;;		On entry : 0/0
   890 ;;		On exit  : 0/0
   891 ;;		Unchanged: 0/0
   892 ;; Data sizes:     COMMON   BANK0   BANK1   BANK3   BANK2
   893 ;;      Params:         0       4       0       0       0
   894 ;;      Locals:         0       2       0       0       0
   895 ;;      Temps:          1       0       0       0       0
   896 ;;      Totals:         1       6       0       0       0
   897 ;;Total ram usage:        7 bytes
   898 ;; Hardware stack levels used:    1
   899 ;; Hardware stack levels required when called:    1
   900 ;; This function calls:
   901 ;;		Nothing
   902 ;; This function is called by:
   903 ;;		_display_counter
   904 ;; This function uses a non-reentrant model
   905 ;;
   906                           
   907                           
   908                           ;psect for function ___awmod
   909  00FC                     ___awmod:	
   910                           
   911                           ;incstack = 0
   912                           ; Regs used in ___awmod: [wreg+status,2+status,0]
   913  00FC  1283               	bcf	3,5	;RP0=0, select bank0
   914  00FD  1303               	bcf	3,6	;RP1=0, select bank0
   915  00FE  01A5               	clrf	___awmod@sign
   916  00FF  1FA3               	btfss	___awmod@dividend+1,7
   917  0100  2908               	goto	l983
   918  0101  09A2               	comf	___awmod@dividend,f
   919  0102  09A3               	comf	___awmod@dividend+1,f
   920  0103  0AA2               	incf	___awmod@dividend,f
   921  0104  1903               	skipnz
   922  0105  0AA3               	incf	___awmod@dividend+1,f
   923  0106  01A5               	clrf	___awmod@sign
   924  0107  0AA5               	incf	___awmod@sign,f
   925  0108                     l983:	
   926  0108  1FA1               	btfss	___awmod@divisor+1,7
   927  0109  290F               	goto	l987
   928  010A  09A0               	comf	___awmod@divisor,f
   929  010B  09A1               	comf	___awmod@divisor+1,f
   930  010C  0AA0               	incf	___awmod@divisor,f
   931  010D  1903               	skipnz
   932  010E  0AA1               	incf	___awmod@divisor+1,f
   933  010F                     l987:	
   934  010F  0821               	movf	___awmod@divisor+1,w
   935  0110  0420               	iorwf	___awmod@divisor,w
   936  0111  1903               	skipnz
   937  0112  293C               	goto	l1005
   938  0113  01A4               	clrf	___awmod@counter
   939  0114  0AA4               	incf	___awmod@counter,f
   940  0115                     l995:	
   941  0115  1BA1               	btfsc	___awmod@divisor+1,7
   942  0116  2923               	goto	l997
   943  0117  3001               	movlw	1
   944  0118                     u685:	
   945  0118  1003               	clrc
   946  0119  0DA0               	rlf	___awmod@divisor,f
   947  011A  0DA1               	rlf	___awmod@divisor+1,f
   948  011B  3EFF               	addlw	-1
   949  011C  1D03               	skipz
   950  011D  2918               	goto	u685
   951  011E  3001               	movlw	1
   952  011F  00F5               	movwf	??___awmod
   953  0120  0875               	movf	??___awmod,w
   954  0121  07A4               	addwf	___awmod@counter,f
   955  0122  2915               	goto	l995
   956  0123                     l997:	
   957  0123  0821               	movf	___awmod@divisor+1,w
   958  0124  0223               	subwf	___awmod@dividend+1,w
   959  0125  1D03               	skipz
   960  0126  2929               	goto	u705
   961  0127  0820               	movf	___awmod@divisor,w
   962  0128  0222               	subwf	___awmod@dividend,w
   963  0129                     u705:	
   964  0129  1C03               	skipc
   965  012A  2931               	goto	l1001
   966  012B  0820               	movf	___awmod@divisor,w
   967  012C  02A2               	subwf	___awmod@dividend,f
   968  012D  0821               	movf	___awmod@divisor+1,w
   969  012E  1C03               	skipc
   970  012F  03A3               	decf	___awmod@dividend+1,f
   971  0130  02A3               	subwf	___awmod@dividend+1,f
   972  0131                     l1001:	
   973  0131  3001               	movlw	1
   974  0132                     u715:	
   975  0132  1003               	clrc
   976  0133  0CA1               	rrf	___awmod@divisor+1,f
   977  0134  0CA0               	rrf	___awmod@divisor,f
   978  0135  3EFF               	addlw	-1
   979  0136  1D03               	skipz
   980  0137  2932               	goto	u715
   981  0138  3001               	movlw	1
   982  0139  02A4               	subwf	___awmod@counter,f
   983  013A  1D03               	btfss	3,2
   984  013B  2923               	goto	l997
   985  013C                     l1005:	
   986  013C  0825               	movf	___awmod@sign,w
   987  013D  1903               	btfsc	3,2
   988  013E  2944               	goto	l1009
   989  013F  09A2               	comf	___awmod@dividend,f
   990  0140  09A3               	comf	___awmod@dividend+1,f
   991  0141  0AA2               	incf	___awmod@dividend,f
   992  0142  1903               	skipnz
   993  0143  0AA3               	incf	___awmod@dividend+1,f
   994  0144                     l1009:	
   995  0144  0823               	movf	___awmod@dividend+1,w
   996  0145  01A1               	clrf	?___awmod+1
   997  0146  07A1               	addwf	?___awmod+1,f
   998  0147  0822               	movf	___awmod@dividend,w
   999  0148  01A0               	clrf	?___awmod
  1000  0149  07A0               	addwf	?___awmod,f
  1001  014A  0008               	return
  1002  014B                     __end_of___awmod:	
  1003                           
  1004                           	psect	text7
  1005  009F                     __ptext7:	
  1006 ;; *************** function ___awdiv *****************
  1007 ;; Defined at:
  1008 ;;		line 6 in file "C:\Program Files (x86)\Microchip\xc8\v1.33\sources\common\awdiv.c"
  1009 ;; Parameters:    Size  Location     Type
  1010 ;;  divisor         2    0[BANK0 ] int 
  1011 ;;  dividend        2    2[BANK0 ] int 
  1012 ;; Auto vars:     Size  Location     Type
  1013 ;;  quotient        2    6[BANK0 ] int 
  1014 ;;  sign            1    5[BANK0 ] unsigned char 
  1015 ;;  counter         1    4[BANK0 ] unsigned char 
  1016 ;; Return value:  Size  Location     Type
  1017 ;;                  2    0[BANK0 ] int 
  1018 ;; Registers used:
  1019 ;;		wreg, status,2, status,0
  1020 ;; Tracked objects:
  1021 ;;		On entry : 0/0
  1022 ;;		On exit  : 0/0
  1023 ;;		Unchanged: 0/0
  1024 ;; Data sizes:     COMMON   BANK0   BANK1   BANK3   BANK2
  1025 ;;      Params:         0       4       0       0       0
  1026 ;;      Locals:         0       4       0       0       0
  1027 ;;      Temps:          1       0       0       0       0
  1028 ;;      Totals:         1       8       0       0       0
  1029 ;;Total ram usage:        9 bytes
  1030 ;; Hardware stack levels used:    1
  1031 ;; Hardware stack levels required when called:    1
  1032 ;; This function calls:
  1033 ;;		Nothing
  1034 ;; This function is called by:
  1035 ;;		_display_counter
  1036 ;; This function uses a non-reentrant model
  1037 ;;
  1038                           
  1039                           
  1040                           ;psect for function ___awdiv
  1041  009F                     ___awdiv:	
  1042                           
  1043                           ;incstack = 0
  1044                           ; Regs used in ___awdiv: [wreg+status,2+status,0]
  1045  009F  1283               	bcf	3,5	;RP0=0, select bank0
  1046  00A0  1303               	bcf	3,6	;RP1=0, select bank0
  1047  00A1  01A5               	clrf	___awdiv@sign
  1048  00A2  1FA1               	btfss	___awdiv@divisor+1,7
  1049  00A3  28AB               	goto	l939
  1050  00A4  09A0               	comf	___awdiv@divisor,f
  1051  00A5  09A1               	comf	___awdiv@divisor+1,f
  1052  00A6  0AA0               	incf	___awdiv@divisor,f
  1053  00A7  1903               	skipnz
  1054  00A8  0AA1               	incf	___awdiv@divisor+1,f
  1055  00A9  01A5               	clrf	___awdiv@sign
  1056  00AA  0AA5               	incf	___awdiv@sign,f
  1057  00AB                     l939:	
  1058  00AB  1FA3               	btfss	___awdiv@dividend+1,7
  1059  00AC  28B6               	goto	l945
  1060  00AD  09A2               	comf	___awdiv@dividend,f
  1061  00AE  09A3               	comf	___awdiv@dividend+1,f
  1062  00AF  0AA2               	incf	___awdiv@dividend,f
  1063  00B0  1903               	skipnz
  1064  00B1  0AA3               	incf	___awdiv@dividend+1,f
  1065  00B2  3001               	movlw	1
  1066  00B3  00F5               	movwf	??___awdiv
  1067  00B4  0875               	movf	??___awdiv,w
  1068  00B5  06A5               	xorwf	___awdiv@sign,f
  1069  00B6                     l945:	
  1070  00B6  01A6               	clrf	___awdiv@quotient
  1071  00B7  01A7               	clrf	___awdiv@quotient+1
  1072  00B8  0821               	movf	___awdiv@divisor+1,w
  1073  00B9  0420               	iorwf	___awdiv@divisor,w
  1074  00BA  1903               	skipnz
  1075  00BB  28ED               	goto	l967
  1076  00BC  01A4               	clrf	___awdiv@counter
  1077  00BD  0AA4               	incf	___awdiv@counter,f
  1078  00BE                     l955:	
  1079  00BE  1BA1               	btfsc	___awdiv@divisor+1,7
  1080  00BF  28CC               	goto	l957
  1081  00C0  3001               	movlw	1
  1082  00C1                     u585:	
  1083  00C1  1003               	clrc
  1084  00C2  0DA0               	rlf	___awdiv@divisor,f
  1085  00C3  0DA1               	rlf	___awdiv@divisor+1,f
  1086  00C4  3EFF               	addlw	-1
  1087  00C5  1D03               	skipz
  1088  00C6  28C1               	goto	u585
  1089  00C7  3001               	movlw	1
  1090  00C8  00F5               	movwf	??___awdiv
  1091  00C9  0875               	movf	??___awdiv,w
  1092  00CA  07A4               	addwf	___awdiv@counter,f
  1093  00CB  28BE               	goto	l955
  1094  00CC                     l957:	
  1095  00CC  3001               	movlw	1
  1096  00CD                     u605:	
  1097  00CD  1003               	clrc
  1098  00CE  0DA6               	rlf	___awdiv@quotient,f
  1099  00CF  0DA7               	rlf	___awdiv@quotient+1,f
  1100  00D0  3EFF               	addlw	-1
  1101  00D1  1D03               	skipz
  1102  00D2  28CD               	goto	u605
  1103  00D3  0821               	movf	___awdiv@divisor+1,w
  1104  00D4  0223               	subwf	___awdiv@dividend+1,w
  1105  00D5  1D03               	skipz
  1106  00D6  28D9               	goto	u615
  1107  00D7  0820               	movf	___awdiv@divisor,w
  1108  00D8  0222               	subwf	___awdiv@dividend,w
  1109  00D9                     u615:	
  1110  00D9  1C03               	skipc
  1111  00DA  28E2               	goto	l963
  1112  00DB  0820               	movf	___awdiv@divisor,w
  1113  00DC  02A2               	subwf	___awdiv@dividend,f
  1114  00DD  0821               	movf	___awdiv@divisor+1,w
  1115  00DE  1C03               	skipc
  1116  00DF  03A3               	decf	___awdiv@dividend+1,f
  1117  00E0  02A3               	subwf	___awdiv@dividend+1,f
  1118  00E1  1426               	bsf	___awdiv@quotient,0
  1119  00E2                     l963:	
  1120  00E2  3001               	movlw	1
  1121  00E3                     u625:	
  1122  00E3  1003               	clrc
  1123  00E4  0CA1               	rrf	___awdiv@divisor+1,f
  1124  00E5  0CA0               	rrf	___awdiv@divisor,f
  1125  00E6  3EFF               	addlw	-1
  1126  00E7  1D03               	skipz
  1127  00E8  28E3               	goto	u625
  1128  00E9  3001               	movlw	1
  1129  00EA  02A4               	subwf	___awdiv@counter,f
  1130  00EB  1D03               	btfss	3,2
  1131  00EC  28CC               	goto	l957
  1132  00ED                     l967:	
  1133  00ED  0825               	movf	___awdiv@sign,w
  1134  00EE  1903               	btfsc	3,2
  1135  00EF  28F5               	goto	l971
  1136  00F0  09A6               	comf	___awdiv@quotient,f
  1137  00F1  09A7               	comf	___awdiv@quotient+1,f
  1138  00F2  0AA6               	incf	___awdiv@quotient,f
  1139  00F3  1903               	skipnz
  1140  00F4  0AA7               	incf	___awdiv@quotient+1,f
  1141  00F5                     l971:	
  1142  00F5  0827               	movf	___awdiv@quotient+1,w
  1143  00F6  01A1               	clrf	?___awdiv+1
  1144  00F7  07A1               	addwf	?___awdiv+1,f
  1145  00F8  0826               	movf	___awdiv@quotient,w
  1146  00F9  01A0               	clrf	?___awdiv
  1147  00FA  07A0               	addwf	?___awdiv,f
  1148  00FB  0008               	return
  1149  00FC                     __end_of___awdiv:	
  1150                           
  1151                           	psect	text8
  1152  01E6                     __ptext8:	
  1153 ;; *************** function _delay *****************
  1154 ;; Defined at:
  1155 ;;		line 80 in file "Z:\CPE3201 - Bordario\Pre-mid\Bordario_Premid.c"
  1156 ;; Parameters:    Size  Location     Type
  1157 ;;  count           2    5[COMMON] int 
  1158 ;; Auto vars:     Size  Location     Type
  1159 ;;  of_count        2    1[BANK0 ] int 
  1160 ;; Return value:  Size  Location     Type
  1161 ;;		None               void
  1162 ;; Registers used:
  1163 ;;		wreg, status,2
  1164 ;; Tracked objects:
  1165 ;;		On entry : 0/0
  1166 ;;		On exit  : 0/0
  1167 ;;		Unchanged: 0/0
  1168 ;; Data sizes:     COMMON   BANK0   BANK1   BANK3   BANK2
  1169 ;;      Params:         2       0       0       0       0
  1170 ;;      Locals:         0       2       0       0       0
  1171 ;;      Temps:          0       1       0       0       0
  1172 ;;      Totals:         2       3       0       0       0
  1173 ;;Total ram usage:        5 bytes
  1174 ;; Hardware stack levels used:    1
  1175 ;; Hardware stack levels required when called:    1
  1176 ;; This function calls:
  1177 ;;		Nothing
  1178 ;; This function is called by:
  1179 ;;		_main
  1180 ;; This function uses a non-reentrant model
  1181 ;;
  1182                           
  1183                           
  1184                           ;psect for function _delay
  1185  01E6                     _delay:	
  1186                           
  1187                           ;Bordario_Premid.c: 81: int of_count = 0;
  1188                           
  1189                           ;incstack = 0
  1190                           ; Regs used in _delay: [wreg+status,2]
  1191  01E6  1283               	bcf	3,5	;RP0=0, select bank0
  1192  01E7  1303               	bcf	3,6	;RP1=0, select bank0
  1193  01E8  01A1               	clrf	delay@of_count
  1194  01E9  01A2               	clrf	delay@of_count+1
  1195  01EA                     l70:	
  1196                           ;Bordario_Premid.c: 82: while (of_count < count){
  1197                           
  1198  01EA  1283               	bcf	3,5	;RP0=0, select bank0
  1199  01EB  1303               	bcf	3,6	;RP1=0, select bank0
  1200  01EC  0822               	movf	delay@of_count+1,w
  1201  01ED  3A80               	xorlw	128
  1202  01EE  00A0               	movwf	??_delay
  1203  01EF  0876               	movf	delay@count+1,w
  1204  01F0  3A80               	xorlw	128
  1205  01F1  0220               	subwf	??_delay,w
  1206  01F2  1D03               	skipz
  1207  01F3  29F6               	goto	u755
  1208  01F4  0875               	movf	delay@count,w
  1209  01F5  0221               	subwf	delay@of_count,w
  1210  01F6                     u755:	
  1211  01F6  1803               	btfsc	3,0
  1212  01F7  0008               	return
  1213                           
  1214                           ;Bordario_Premid.c: 83: if (myTMR0IF){
  1215  01F8  1CF7               	btfss	_myTMR0IF/(0+8),_myTMR0IF& (0+7)
  1216  01F9  29EA               	goto	l70
  1217                           
  1218                           ;Bordario_Premid.c: 84: of_count++;
  1219  01FA  3001               	movlw	1
  1220  01FB  1283               	bcf	3,5	;RP0=0, select bank0
  1221  01FC  1303               	bcf	3,6	;RP1=0, select bank0
  1222  01FD  07A1               	addwf	delay@of_count,f
  1223  01FE  1803               	skipnc
  1224  01FF  0AA2               	incf	delay@of_count+1,f
  1225  0200  3000               	movlw	0
  1226  0201  07A2               	addwf	delay@of_count+1,f
  1227                           
  1228                           ;Bordario_Premid.c: 85: myTMR0IF = 0;
  1229  0202  10F7               	bcf	_myTMR0IF/(0+8),_myTMR0IF& (0+7)
  1230  0203  29EA               	goto	l70
  1231  0204                     __end_of_delay:	
  1232                           
  1233                           	psect	text9
  1234  01C0                     __ptext9:	
  1235 ;; *************** function _ISR *****************
  1236 ;; Defined at:
  1237 ;;		line 22 in file "Z:\CPE3201 - Bordario\Pre-mid\Bordario_Premid.c"
  1238 ;; Parameters:    Size  Location     Type
  1239 ;;		None
  1240 ;; Auto vars:     Size  Location     Type
  1241 ;;		None
  1242 ;; Return value:  Size  Location     Type
  1243 ;;		None               void
  1244 ;; Registers used:
  1245 ;;		wreg, status,2, status,0
  1246 ;; Tracked objects:
  1247 ;;		On entry : 0/0
  1248 ;;		On exit  : 0/0
  1249 ;;		Unchanged: 0/0
  1250 ;; Data sizes:     COMMON   BANK0   BANK1   BANK3   BANK2
  1251 ;;      Params:         0       0       0       0       0
  1252 ;;      Locals:         0       0       0       0       0
  1253 ;;      Temps:          5       0       0       0       0
  1254 ;;      Totals:         5       0       0       0       0
  1255 ;;Total ram usage:        5 bytes
  1256 ;; Hardware stack levels used:    1
  1257 ;; This function calls:
  1258 ;;		Nothing
  1259 ;; This function is called by:
  1260 ;;		Interrupt level 1
  1261 ;; This function uses a non-reentrant model
  1262 ;;
  1263                           
  1264                           
  1265                           ;psect for function _ISR
  1266  01C0                     _ISR:	
  1267                           
  1268                           ;Bordario_Premid.c: 23: GIE = 0;
  1269  01C0  138B               	bcf	11,7	;volatile
  1270                           
  1271                           ;Bordario_Premid.c: 24: if(INTF){
  1272  01C1  1C8B               	btfss	11,1	;volatile
  1273  01C2  29D6               	goto	i1l45
  1274                           
  1275                           ;Bordario_Premid.c: 25: INTF = 0;
  1276  01C3  108B               	bcf	11,1	;volatile
  1277                           
  1278                           ;Bordario_Premid.c: 27: if(PORTB == 0x00) { PORTC = 0x01; counter = 0x01; }
  1279  01C4  0806               	movf	6,w	;volatile
  1280  01C5  1D03               	skipz
  1281  01C6  29CC               	goto	i1l671
  1282  01C7  3001               	movlw	1
  1283  01C8  0087               	movwf	7	;volatile
  1284  01C9  01F8               	clrf	_counter
  1285  01CA  0AF8               	incf	_counter,f
  1286  01CB  29DA               	goto	i1l51
  1287  01CC                     i1l671:	
  1288                           
  1289                           ;Bordario_Premid.c: 29: else if(PORTD == 0x0D) { PORTC = 0x00; counter = 0x0E; }
  1290  01CC  0808               	movf	8,w	;volatile
  1291  01CD  3A0D               	xorlw	13
  1292  01CE  1D03               	skipz
  1293  01CF  29DA               	goto	i1l51
  1294  01D0  0187               	clrf	7	;volatile
  1295  01D1  300E               	movlw	14
  1296  01D2  00F0               	movwf	??_ISR
  1297  01D3  0870               	movf	??_ISR,w
  1298  01D4  00F8               	movwf	_counter
  1299                           
  1300                           ;Bordario_Premid.c: 31: } else if(TMR0IF){
  1301  01D5  29DA               	goto	i1l51
  1302  01D6                     i1l45:	
  1303  01D6  1D0B               	btfss	11,2	;volatile
  1304  01D7  29DA               	goto	i1l51
  1305                           
  1306                           ;Bordario_Premid.c: 32: TMR0IF = 0;
  1307  01D8  110B               	bcf	11,2	;volatile
  1308                           
  1309                           ;Bordario_Premid.c: 33: myTMR0IF = 1;
  1310  01D9  14F7               	bsf	_myTMR0IF/(0+8),_myTMR0IF& (0+7)
  1311  01DA                     i1l51:	
  1312                           ;Bordario_Premid.c: 34: }
  1313                           ;Bordario_Premid.c: 36: if(RB0){
  1314                           
  1315                           
  1316                           ;Bordario_Premid.c: 38: }
  1317                           ;Bordario_Premid.c: 39: GIE = 1;
  1318  01DA  178B               	bsf	11,7	;volatile
  1319  01DB  0874               	movf	??_ISR+4,w
  1320  01DC  00FF               	movwf	127
  1321  01DD  0873               	movf	??_ISR+3,w
  1322  01DE  008A               	movwf	10
  1323  01DF  0872               	movf	??_ISR+2,w
  1324  01E0  0084               	movwf	4
  1325  01E1  0E71               	swapf	(??_ISR+1)^(0+-128),w
  1326  01E2  0083               	movwf	3
  1327  01E3  0EFE               	swapf	126,f
  1328  01E4  0E7E               	swapf	126,w
  1329  01E5  0009               	retfie
  1330  01E6                     __end_of_ISR:	
  1331  007E                     btemp	set	126	;btemp
  1332  007E                     wtemp	set	126
  1333  007E                     wtemp0	set	126
  1334  0080                     wtemp1	set	128
  1335  0082                     wtemp2	set	130
  1336  0084                     wtemp3	set	132
  1337  0086                     wtemp4	set	134
  1338  0088                     wtemp5	set	136
  1339  007F                     wtemp6	set	127
  1340  007E                     ttemp	set	126
  1341  007E                     ttemp0	set	126
  1342  0081                     ttemp1	set	129
  1343  0084                     ttemp2	set	132
  1344  0087                     ttemp3	set	135
  1345  007F                     ttemp4	set	127
  1346  007E                     ltemp	set	126
  1347  007E                     ltemp0	set	126
  1348  0082                     ltemp1	set	130
  1349  0086                     ltemp2	set	134
  1350  0080                     ltemp3	set	128
  1351                           
  1352                           	psect	intentry
  1353  0004                     __pintentry:	
  1354                           ;incstack = 0
  1355                           ; Regs used in _ISR: [wreg+status,2+status,0]
  1356                           
  1357  0004                     interrupt_function:	
  1358  007E                     saved_w	set	btemp
  1359  0004  00FE               	movwf	btemp
  1360  0005  0E03               	swapf	3,w
  1361  0006  00F1               	movwf	??_ISR+1
  1362  0007  0804               	movf	4,w
  1363  0008  00F2               	movwf	??_ISR+2
  1364  0009  080A               	movf	10,w
  1365  000A  00F3               	movwf	??_ISR+3
  1366  000B  1283               	bcf	3,5	;RP0=0, select bank0
  1367  000C  1303               	bcf	3,6	;RP1=0, select bank0
  1368  000D  087F               	movf	btemp+1,w
  1369  000E  00F4               	movwf	??_ISR+4
  1370  000F  120A  118A  29C0   	ljmp	_ISR


Data Sizes:
    Strings     0
    Constant    0
    Data        1
    BSS         0
    Persistent  0
    Stack       0

Auto Spaces:
    Space          Size  Autos    Used
    COMMON           14      7       9
    BANK0            80     15      15
    BANK1            80      0       0
    BANK3            96      0       0
    BANK2            96      0       0

Pointer List with Targets:

    None.

Critical Paths under _main in COMMON

    _main->_dataCtrl
    _main->_delay
    _main->_instCtrl
    _initLCD->_delay_ms
    _initLCD->_instCtrl
    _display_counter->_dataCtrl
    _display_counter->_instCtrl

Critical Paths under _ISR in COMMON

    None.

Critical Paths under _main in BANK0

    _main->_display_counter
    _initLCD->_delay_ms
    _display_counter->___awdiv

Critical Paths under _ISR in BANK0

    None.

Critical Paths under _main in BANK1

    None.

Critical Paths under _ISR in BANK1

    None.

Critical Paths under _main in BANK3

    None.

Critical Paths under _ISR in BANK3

    None.

Critical Paths under _main in BANK2

    None.

Critical Paths under _ISR in BANK2

    None.

Call Graph Tables:

 ---------------------------------------------------------------------------------
 (Depth) Function   	        Calls       Base Space   Used Autos Params    Refs
 ---------------------------------------------------------------------------------
 (0) _main                                                 1     1      0    1688
                                             14 BANK0      1     1      0
                           _dataCtrl
                              _delay
                    _display_counter
                            _initLCD
                           _instCtrl
 ---------------------------------------------------------------------------------
 (1) _initLCD                                              0     0      0     163
                           _delay_ms
                           _instCtrl
 ---------------------------------------------------------------------------------
 (2) _delay_ms                                             4     2      2     132
                                              5 COMMON     2     0      2
                                              0 BANK0      2     2      0
 ---------------------------------------------------------------------------------
 (1) _display_counter                                      6     6      0    1330
                                              8 BANK0      6     6      0
                            ___awdiv
                            ___awmod
                           _dataCtrl
                           _instCtrl
 ---------------------------------------------------------------------------------
 (1) _instCtrl                                             3     3      0      31
                                              5 COMMON     2     2      0
                                              0 BANK0      1     1      0
 ---------------------------------------------------------------------------------
 (2) _dataCtrl                                             3     3      0      31
                                              5 COMMON     2     2      0
                                              0 BANK0      1     1      0
 ---------------------------------------------------------------------------------
 (2) ___awmod                                              7     3      4     563
                                              5 COMMON     1     1      0
                                              0 BANK0      6     2      4
 ---------------------------------------------------------------------------------
 (2) ___awdiv                                              9     5      4     575
                                              5 COMMON     1     1      0
                                              0 BANK0      8     4      4
 ---------------------------------------------------------------------------------
 (1) _delay                                                5     3      2     133
                                              5 COMMON     2     0      2
                                              0 BANK0      3     3      0
 ---------------------------------------------------------------------------------
 Estimated maximum stack depth 2
 ---------------------------------------------------------------------------------
 (Depth) Function   	        Calls       Base Space   Used Autos Params    Refs
 ---------------------------------------------------------------------------------
 (3) _ISR                                                  5     5      0       0
                                              0 COMMON     5     5      0
 ---------------------------------------------------------------------------------
 Estimated maximum stack depth 3
 ---------------------------------------------------------------------------------

 Call Graph Graphs:

 _main (ROOT)
   _dataCtrl
   _delay
   _display_counter
     ___awdiv
     ___awmod
     _dataCtrl
     _instCtrl
   _initLCD
     _delay_ms
     _instCtrl
   _instCtrl

 _ISR (ROOT)

 Address spaces:
Name               Size   Autos  Total    Cost      Usage
BANK3               60      0       0       9        0.0%
BITBANK3            60      0       0       8        0.0%
SFR3                 0      0       0       4        0.0%
BITSFR3              0      0       0       4        0.0%
BANK2               60      0       0      11        0.0%
BITBANK2            60      0       0      10        0.0%
SFR2                 0      0       0       5        0.0%
BITSFR2              0      0       0       5        0.0%
BANK1               50      0       0       7        0.0%
BITBANK1            50      0       0       6        0.0%
SFR1                 0      0       0       2        0.0%
BITSFR1              0      0       0       2        0.0%
BANK0               50      F       F       5       18.8%
BITBANK0            50      0       0       4        0.0%
SFR0                 0      0       0       1        0.0%
BITSFR0              0      0       0       1        0.0%
COMMON               E      7       9       1       64.3%
BITCOMMON            E      0       1       0        7.1%
CODE                 0      0       0       0        0.0%
DATA                 0      0      18      12        0.0%
ABS                  0      0      18       3        0.0%
NULL                 0      0       0       0        0.0%
STACK                0      0       0       2        0.0%
EEDATA             100      0       0       0        0.0%


Microchip Technology PIC Macro Assembler V1.33 build 59893 
Symbol Table                                                                                   Wed Mar 18 10:56:21 2026

             __CFG_CP$OFF 0000                        l70 01EA                        l55 0204  
                      l83 0088              ___awdiv@sign 0025                       l945 00B6  
                     l971 00F5                       l963 00E2                       l955 00BE  
                     l939 00AB                       l957 00CC                       l967 00ED  
                     l983 0108                       l995 0115                       l987 010F  
                     _GIE 005F                       l997 0123                       _RB0 0030  
                     _RB5 0035                       _RB6 0036                       _RB7 0037  
            __CFG_CPD$OFF 0000                       _ISR 01C0                       u605 00CD  
                     u615 00D9                       u625 00E3                       u705 0129  
                     u545 0210                       u715 0132                       u807 022A  
                     u585 00C1                       u817 023F                       u755 01F6  
                     u685 0118                       u797 0218                       fsr0 0004  
            ___awmod@sign 0025              __CFG_FOSC$XT 0000              __CFG_LVP$OFF 0000  
                    ?_ISR 0070                      l1001 0131                      l1005 013C  
                    l1009 0144                      l1065 008A                      l1067 0074  
 __end_of_display_counter 0191                      _INTE 005C                      _INTF 0059  
                    i1l51 01DA                      i1l45 01D6              __CFG_WRT$OFF 0000  
                    _main 001E                      btemp 007E             __CFG_BOREN$ON 0000  
                    ltemp 007E                      start 0012                      ttemp 007E  
                    wtemp 007E                     ??_ISR 0070                     ?_main 0070  
         __end_of___awdiv 00FC             __CFG_WDTE$OFF 0000           __end_of___awmod 014B  
         ___awdiv@divisor 0020                     i1l671 01CC           ___awdiv@counter 0024  
                   _PORTB 0006                     _PORTC 0007                     _PORTD 0008  
                   _TRISB 0086                     _TRISC 0087                     _TRISD 0088  
           __CFG_PWRTE$ON 0000           __end_of_initLCD 01C0                     _delay 01E6  
          __pbitbssCOMMON 03B8                     pclath 000A                     ltemp0 007E  
                   ltemp1 0082                     ltemp2 0086                     ltemp3 0080  
                   ttemp0 007E                     ttemp1 0081                     ttemp2 0084  
                   ttemp3 0087                     ttemp4 007F                     status 0003  
                   wtemp0 007E                     wtemp1 0080                     wtemp2 0082  
                   wtemp3 0084                     wtemp4 0086                     wtemp5 0088  
                   wtemp6 007F           __initialization 0015              __end_of_main 009F  
                  ??_main 002E                    ?_delay 0075          ___awdiv@dividend 0022  
        ?_display_counter 0070                    _INTEDG 040E                    _TMR0IE 005D  
                  _TMR0IF 005A          __end_of_dataCtrl 0248          __end_of_delay_ms 021E  
               ??___awdiv 0075                 ??___awmod 0075                    _myINTF 03B8  
        ___awdiv@quotient 0026           ___awmod@divisor 0020          __end_of_instCtrl 0233  
         ___awmod@counter 0024                 ??_initLCD 0077              __pdataCOMMON 0078  
                  saved_w 007E   __end_of__initialization 001A               instCtrl@cmd 0020  
          __pcstackCOMMON 0070             __end_of_delay 0204                   ??_delay 0020  
              __pmaintext 001E                __pintentry 0004                 ?_dataCtrl 0070  
               ?_delay_ms 0075                 ?_instCtrl 0070                   ___awdiv 009F  
                 ___awmod 00FC                   __ptext1 0191                   __ptext2 0204  
                 __ptext3 014B                   __ptext4 021E                   __ptext5 0233  
                 __ptext6 00FC                   __ptext7 009F                   __ptext8 01E6  
                 __ptext9 01C0             delay@of_count 0021                   _initLCD 0191  
            __size_of_ISR 0026                   _counter 0078                ??_dataCtrl 0075  
              delay@count 0075          ___awmod@dividend 0022                ??_delay_ms 0020  
              delay_ms@ms 0075      end_of_initialization 001A                ??_instCtrl 0075  
__size_of_display_counter 0046             __pidataCOMMON 0248       start_initialization 0015  
             __end_of_ISR 01E6              dataCtrl@data 0020                 ___latbits 0002  
           __pcstackBANK0 0020         __size_of_dataCtrl 0015         __size_of_delay_ms 001A  
       __size_of_instCtrl 0015                  ?___awdiv 0020                  ?___awmod 0020  
       ??_display_counter 0028                  ?_initLCD 0070            __size_of_delay 001E  
       interrupt_function 0004          __size_of___awdiv 005D          __size_of___awmod 004F  
                _dataCtrl 0233          __size_of_initLCD 002F                  _delay_ms 0204  
                _myTMR0IF 03B9             __size_of_main 0081                  _instCtrl 021E  
    display_counter@value 002D                  intlevel1 0000           _display_counter 014B  
     display_counter@ones 002C       display_counter@tens 002B                _OPTION_REG 0081  
