

Microchip Technology PIC LITE Macro Assembler V1.33 build 59893 
                                                                                               Wed Feb 18 08:48:07 2026

Microchip Technology Omniscient Code Generator (Lite mode) build 59893
     1                           	processor	16F877A
     2                           	opt	pw 120
     3                           	opt	lm
     4                           	psect	maintext,global,class=CODE,split=1,delta=2
     5                           	psect	cinit,global,class=CODE,merge=1,delta=2
     6                           	psect	cstackCOMMON,global,class=COMMON,space=1,delta=1
     7                           	dabs	1,0x7E,2
     8  0000                     	;# 
     9  0001                     	;# 
    10  0002                     	;# 
    11  0003                     	;# 
    12  0004                     	;# 
    13  0005                     	;# 
    14  0006                     	;# 
    15  0007                     	;# 
    16  0008                     	;# 
    17  0009                     	;# 
    18  000A                     	;# 
    19  000B                     	;# 
    20  000C                     	;# 
    21  000D                     	;# 
    22  000E                     	;# 
    23  000E                     	;# 
    24  000F                     	;# 
    25  0010                     	;# 
    26  0011                     	;# 
    27  0012                     	;# 
    28  0013                     	;# 
    29  0014                     	;# 
    30  0015                     	;# 
    31  0015                     	;# 
    32  0016                     	;# 
    33  0017                     	;# 
    34  0018                     	;# 
    35  0019                     	;# 
    36  001A                     	;# 
    37  001B                     	;# 
    38  001B                     	;# 
    39  001C                     	;# 
    40  001D                     	;# 
    41  001E                     	;# 
    42  001F                     	;# 
    43  0081                     	;# 
    44  0085                     	;# 
    45  0086                     	;# 
    46  0087                     	;# 
    47  0088                     	;# 
    48  0089                     	;# 
    49  008C                     	;# 
    50  008D                     	;# 
    51  008E                     	;# 
    52  0091                     	;# 
    53  0092                     	;# 
    54  0093                     	;# 
    55  0094                     	;# 
    56  0098                     	;# 
    57  0099                     	;# 
    58  009C                     	;# 
    59  009D                     	;# 
    60  009E                     	;# 
    61  009F                     	;# 
    62  010C                     	;# 
    63  010D                     	;# 
    64  010E                     	;# 
    65  010F                     	;# 
    66  018C                     	;# 
    67  018D                     	;# 
    68  0006                     _PORTBbits	set	6
    69  0086                     _TRISBbits	set	134
    70                           
    71                           	psect	maintext
    72  07D5                     __pmaintext:	
    73                           ; #config settings
    74                           
    75                           
    76                           ;psect for function _main
    77  0000                     
    78 ;;
    79 ;;Main: autosize = 0, tempsize = 3, incstack = 0, save=0
    80 ;;
    81 ;; *************** function _main *****************
    82 ;; Defined at:
    83 ;;		line 15 in file "Z:\CPE3201 - Embedded Systems\New folder\first.c"
    84 ;; Parameters:    Size  Location     Type
    85 ;;		None
    86 ;; Auto vars:     Size  Location     Type
    87 ;;		None
    88 ;; Return value:  Size  Location     Type
    89 ;;		None               void
    90 ;; Registers used:
    91 ;;		wreg
    92 ;; Tracked objects:
    93 ;;		On entry : 17F/0
    94 ;;		On exit  : 0/0
    95 ;;		Unchanged: 0/0
    96 ;; Data sizes:     COMMON   BANK0   BANK1   BANK3   BANK2
    97 ;;      Params:         0       0       0       0       0
    98 ;;      Locals:         0       0       0       0       0
    99 ;;      Temps:          3       0       0       0       0
   100 ;;      Totals:         3       0       0       0       0
   101 ;;Total ram usage:        3 bytes
   102 ;; This function calls:
   103 ;;		Nothing
   104 ;; This function is called by:
   105 ;;		Startup code after reset
   106 ;; This function uses a non-reentrant model
   107 ;;
   108  07D5                     _main:	
   109                           
   110                           ;first.c: 17: TRISBbits.TRISB0 = 0;
   111                           
   112                           ;incstack = 0
   113                           ; Regs used in _main: [wreg]
   114  07D5  1683               	bsf	3,5	;RP0=1, select bank1
   115  07D6  1303               	bcf	3,6	;RP1=0, select bank1
   116  07D7  1006               	bcf	6,0	;volatile
   117                           
   118                           ;first.c: 18: PORTBbits.RB0 = 0;
   119  07D8  1283               	bcf	3,5	;RP0=0, select bank0
   120  07D9  1303               	bcf	3,6	;RP1=0, select bank0
   121  07DA  1006               	bcf	6,0	;volatile
   122  07DB                     l9:	
   123                           ;first.c: 20: while (1) {
   124                           
   125                           
   126                           ;first.c: 21: PORTBbits.RB0 = 1;
   127  07DB  1283               	bcf	3,5	;RP0=0, select bank0
   128  07DC  1303               	bcf	3,6	;RP1=0, select bank0
   129  07DD  1406               	bsf	6,0	;volatile
   130                           
   131                           ;first.c: 22: _delay((unsigned long)((500)*(4000000UL/4000.0)));
   132  07DE  3003               	movlw	3
   133  07DF  00F2               	movwf	??_main+2
   134  07E0  308A               	movlw	138
   135  07E1  00F1               	movwf	??_main+1
   136  07E2  3056               	movlw	86
   137  07E3  00F0               	movwf	??_main
   138  07E4                     u17:	
   139  07E4  0BF0               	decfsz	??_main,f
   140  07E5  2FE4               	goto	u17
   141  07E6  0BF1               	decfsz	??_main+1,f
   142  07E7  2FE4               	goto	u17
   143  07E8  0BF2               	decfsz	??_main+2,f
   144  07E9  2FE4               	goto	u17
   145  07EA  2FEB               	nop2
   146                           
   147                           ;first.c: 24: PORTBbits.RB0 = 0;
   148  07EB  1283               	bcf	3,5	;RP0=0, select bank0
   149  07EC  1303               	bcf	3,6	;RP1=0, select bank0
   150  07ED  1006               	bcf	6,0	;volatile
   151                           
   152                           ;first.c: 25: _delay((unsigned long)((500)*(4000000UL/4000.0)));
   153  07EE  3003               	movlw	3
   154  07EF  00F2               	movwf	??_main+2
   155  07F0  308A               	movlw	138
   156  07F1  00F1               	movwf	??_main+1
   157  07F2  3056               	movlw	86
   158  07F3  00F0               	movwf	??_main
   159  07F4                     u27:	
   160  07F4  0BF0               	decfsz	??_main,f
   161  07F5  2FF4               	goto	u27
   162  07F6  0BF1               	decfsz	??_main+1,f
   163  07F7  2FF4               	goto	u27
   164  07F8  0BF2               	decfsz	??_main+2,f
   165  07F9  2FF4               	goto	u27
   166  07FA  2FFB               	nop2
   167  07FB  2FDB               	goto	l9
   168  07FC                     __end_of_main:	
   169  007E                     btemp	set	126	;btemp
   170  007E                     wtemp	set	126
   171  007E                     wtemp0	set	126
   172  0080                     wtemp1	set	128
   173  0082                     wtemp2	set	130
   174  0084                     wtemp3	set	132
   175  0086                     wtemp4	set	134
   176  0088                     wtemp5	set	136
   177  007F                     wtemp6	set	127
   178  007E                     ttemp	set	126
   179  007E                     ttemp0	set	126
   180  0081                     ttemp1	set	129
   181  0084                     ttemp2	set	132
   182  0087                     ttemp3	set	135
   183  007F                     ttemp4	set	127
   184  007E                     ltemp	set	126
   185  007E                     ltemp0	set	126
   186  0082                     ltemp1	set	130
   187  0086                     ltemp2	set	134
   188  0080                     ltemp3	set	128
   189                           
   190                           	psect	cinit
   191  07FC                     start_initialization:	
   192  07FC                     __initialization:	
   193  07FC                     end_of_initialization:	
   194                           ;End of C runtime variable initialization code
   195                           
   196  07FC                     __end_of__initialization:	
   197  07FC  0183               	clrf	3
   198  07FD  120A  118A  2FD5   	ljmp	_main	;jump to C main() function
   199                           
   200                           	psect	cstackCOMMON
   201  0070                     __pcstackCOMMON:	
   202  0070                     ?_main:	
   203  0070                     ??_main:	
   204                           ; 0 bytes @ 0x0
   205                           
   206                           
   207                           ; 0 bytes @ 0x0
   208  0070                     	ds	3


Data Sizes:
    Strings     0
    Constant    0
    Data        0
    BSS         0
    Persistent  0
    Stack       0

Auto Spaces:
    Space          Size  Autos    Used
    COMMON           14      3       3
    BANK0            80      0       0
    BANK1            80      0       0
    BANK3            96      0       0
    BANK2            96      0       0

Pointer List with Targets:

    None.

Critical Paths under _main in COMMON

    None.

Critical Paths under _main in BANK0

    None.

Critical Paths under _main in BANK1

    None.

Critical Paths under _main in BANK3

    None.

Critical Paths under _main in BANK2

    None.

Call Graph Tables:

 ---------------------------------------------------------------------------------
 (Depth) Function   	        Calls       Base Space   Used Autos Params    Refs
 ---------------------------------------------------------------------------------
 (0) _main                                                 3     3      0       0
                                              0 COMMON     3     3      0
 ---------------------------------------------------------------------------------
 Estimated maximum stack depth 0
 ---------------------------------------------------------------------------------

 Call Graph Graphs:

 _main (ROOT)

 Address spaces:
Name               Size   Autos  Total    Cost      Usage
BITCOMMON            E      0       0       0        0.0%
EEDATA             100      0       0       0        0.0%
NULL                 0      0       0       0        0.0%
CODE                 0      0       0       0        0.0%
COMMON               E      3       3       1       21.4%
BITSFR0              0      0       0       1        0.0%
SFR0                 0      0       0       1        0.0%
BITSFR1              0      0       0       2        0.0%
SFR1                 0      0       0       2        0.0%
STACK                0      0       0       2        0.0%
ABS                  0      0       0       3        0.0%
BITBANK0            50      0       0       4        0.0%
BITSFR3              0      0       0       4        0.0%
SFR3                 0      0       0       4        0.0%
BANK0               50      0       0       5        0.0%
BITSFR2              0      0       0       5        0.0%
SFR2                 0      0       0       5        0.0%
BITBANK1            50      0       0       6        0.0%
BANK1               50      0       0       7        0.0%
BITBANK3            60      0       0       8        0.0%
BANK3               60      0       0       9        0.0%
BITBANK2            60      0       0      10        0.0%
BANK2               60      0       0      11        0.0%
DATA                 0      0       0      12        0.0%


Microchip Technology PIC Macro Assembler V1.33 build 59893 
Symbol Table                                                                                   Wed Feb 18 08:48:07 2026

                      l9 07DB              __CFG_CP$OFF 0000                       u17 07E4  
                     u27 07F4             __CFG_CPD$OFF 0000             __CFG_FOSC$HS 0000  
           __CFG_LVP$OFF 0000             __CFG_WRT$OFF 0000                     _main 07D5  
                   btemp 007E                     ltemp 007E                     start 0000  
                   ttemp 007E                     wtemp 007E                    ?_main 0070  
          __CFG_WDTE$OFF 0000            __CFG_PWRTE$ON 0000           __CFG_BOREN$OFF 0000  
                  ltemp0 007E                    ltemp1 0082                    ltemp2 0086  
                  ltemp3 0080                    ttemp0 007E                    ttemp1 0081  
                  ttemp2 0084                    ttemp3 0087                    ttemp4 007F  
                  status 0003                    wtemp0 007E                    wtemp1 0080  
                  wtemp2 0082                    wtemp3 0084                    wtemp4 0086  
                  wtemp5 0088                    wtemp6 007F          __initialization 07FC  
           __end_of_main 07FC                   ??_main 0070  __end_of__initialization 07FC  
         __pcstackCOMMON 0070               __pmaintext 07D5     end_of_initialization 07FC  
              _PORTBbits 0006                _TRISBbits 0086      start_initialization 07FC  
              ___latbits 0002            __size_of_main 0027  
