

Microchip Technology PIC LITE Macro Assembler V1.33 build 59893 
                                                                                               Mon Mar 16 09:35:20 2026

Microchip Technology Omniscient Code Generator (Lite mode) build 59893
     1                           	processor	16F877A
     2                           	opt	pw 120
     3                           	opt	lm
     4                           	psect	text0,local,class=CODE,merge=1,delta=2
     5                           	psect	cinit,global,class=CODE,merge=1,delta=2
     6                           	psect	bitbssCOMMON,global,bit,class=COMMON,space=1,delta=1
     7                           	psect	bssCOMMON,global,class=COMMON,space=1,delta=1
     8                           	psect	cstackCOMMON,global,class=COMMON,space=1,delta=1
     9                           	psect	cstackBANK0,global,class=BANK0,space=1,delta=1
    10                           	psect	maintext,global,class=CODE,split=1,delta=2
    11                           	psect	text1,local,class=CODE,merge=1,delta=2
    12                           	psect	text2,local,class=CODE,merge=1,delta=2
    13                           	psect	intentry,global,class=CODE,delta=2
    14                           	dabs	1,0x7E,2
    15  0000                     	;# 
    16  0001                     	;# 
    17  0002                     	;# 
    18  0003                     	;# 
    19  0004                     	;# 
    20  0005                     	;# 
    21  0006                     	;# 
    22  0007                     	;# 
    23  0008                     	;# 
    24  0009                     	;# 
    25  000A                     	;# 
    26  000B                     	;# 
    27  000C                     	;# 
    28  000D                     	;# 
    29  000E                     	;# 
    30  000E                     	;# 
    31  000F                     	;# 
    32  0010                     	;# 
    33  0011                     	;# 
    34  0012                     	;# 
    35  0013                     	;# 
    36  0014                     	;# 
    37  0015                     	;# 
    38  0015                     	;# 
    39  0016                     	;# 
    40  0017                     	;# 
    41  0018                     	;# 
    42  0019                     	;# 
    43  001A                     	;# 
    44  001B                     	;# 
    45  001B                     	;# 
    46  001C                     	;# 
    47  001D                     	;# 
    48  001E                     	;# 
    49  001F                     	;# 
    50  0081                     	;# 
    51  0085                     	;# 
    52  0086                     	;# 
    53  0087                     	;# 
    54  0088                     	;# 
    55  0089                     	;# 
    56  008C                     	;# 
    57  008D                     	;# 
    58  008E                     	;# 
    59  0091                     	;# 
    60  0092                     	;# 
    61  0093                     	;# 
    62  0094                     	;# 
    63  0098                     	;# 
    64  0099                     	;# 
    65  009C                     	;# 
    66  009D                     	;# 
    67  009E                     	;# 
    68  009F                     	;# 
    69  010C                     	;# 
    70  010D                     	;# 
    71  010E                     	;# 
    72  010F                     	;# 
    73  018C                     	;# 
    74  018D                     	;# 
    75  0007                     _PORTC	set	7
    76  0008                     _PORTD	set	8
    77  005F                     _GIE	set	95
    78  005C                     _INTE	set	92
    79  0059                     _INTF	set	89
    80  005D                     _TMR0IE	set	93
    81  005A                     _TMR0IF	set	90
    82  0081                     _OPTION_REG	set	129
    83  0085                     _TRISA	set	133
    84  0086                     _TRISB	set	134
    85  0087                     _TRISC	set	135
    86  0088                     _TRISD	set	136
    87  040E                     _INTEDG	set	1038
    88                           
    89                           	psect	text0
    90  0000                     __ptext0:	
    91                           ; #config settings
    92                           
    93                           
    94                           ;psect for function _ISR
    95  0000                     
    96                           	psect	cinit
    97  0015                     start_initialization:	
    98  0015                     __initialization:	
    99                           
   100                           ; Clear objects allocated to BITCOMMON
   101  0015  01F7               	clrf	(__pbitbssCOMMON/(0+8))& (0+127)
   102                           
   103                           ; Clear objects allocated to COMMON
   104  0016  01F8               	clrf	__pbssCOMMON& (0+127)
   105  0017                     end_of_initialization:	
   106                           ;End of C runtime variable initialization code
   107                           
   108  0017                     __end_of__initialization:	
   109  0017  0183               	clrf	3
   110  0018  120A  118A  2881   	ljmp	_main	;jump to C main() function
   111                           
   112                           	psect	bitbssCOMMON
   113  03B8                     __pbitbssCOMMON:	
   114  03B8                     _myINTF:	
   115  03B8                     	ds	1
   116  03B9                     _myTMR0IF:	
   117  03B9                     	ds	1
   118                           
   119                           	psect	bssCOMMON
   120  0078                     __pbssCOMMON:	
   121  0078                     _counter:	
   122  0078                     	ds	1
   123                           
   124                           	psect	cstackCOMMON
   125  0070                     __pcstackCOMMON:	
   126  0070                     ?_ISR:	
   127  0070                     ??_ISR:	
   128                           ; 0 bytes @ 0x0
   129                           
   130  0070                     ?_main:	
   131                           ; 0 bytes @ 0x0
   132                           
   133                           
   134                           ; 0 bytes @ 0x0
   135  0070                     	ds	5
   136  0075                     ?_delay:	
   137  0075                     delay@count:	
   138                           ; 0 bytes @ 0x5
   139                           
   140                           
   141                           ; 2 bytes @ 0x5
   142  0075                     	ds	2
   143                           
   144                           	psect	cstackBANK0
   145  0020                     __pcstackBANK0:	
   146  0020                     ??_delay:	
   147                           
   148                           ; 0 bytes @ 0x0
   149  0020                     	ds	1
   150  0021                     delay@of_count:	
   151                           
   152                           ; 2 bytes @ 0x1
   153  0021                     	ds	2
   154  0023                     ??_main:	
   155                           
   156                           ; 0 bytes @ 0x3
   157  0023                     	ds	1
   158                           
   159                           	psect	maintext
   160  0081                     __pmaintext:	
   161 ;;
   162 ;;Main: autosize = 0, tempsize = 1, incstack = 0, save=0
   163 ;;
   164 ;; *************** function _main *****************
   165 ;; Defined at:
   166 ;;		line 51 in file "Z:\CPE3201 - Bordario\PracticalActivities\PA3\Bordario_PA3-3.c"
   167 ;; Parameters:    Size  Location     Type
   168 ;;		None
   169 ;; Auto vars:     Size  Location     Type
   170 ;;		None
   171 ;; Return value:  Size  Location     Type
   172 ;;		None               void
   173 ;; Registers used:
   174 ;;		wreg, status,2, status,0, pclath, cstack
   175 ;; Tracked objects:
   176 ;;		On entry : 17F/0
   177 ;;		On exit  : 0/0
   178 ;;		Unchanged: 0/0
   179 ;; Data sizes:     COMMON   BANK0   BANK1   BANK3   BANK2
   180 ;;      Params:         0       0       0       0       0
   181 ;;      Locals:         0       0       0       0       0
   182 ;;      Temps:          0       1       0       0       0
   183 ;;      Totals:         0       1       0       0       0
   184 ;;Total ram usage:        1 bytes
   185 ;; Hardware stack levels required when called:    2
   186 ;; This function calls:
   187 ;;		_delay
   188 ;; This function is called by:
   189 ;;		Startup code after reset
   190 ;; This function uses a non-reentrant model
   191 ;;
   192                           
   193                           
   194                           ;psect for function _main
   195  0081                     _main:	
   196                           
   197                           ;Bordario_PA3-3.c: 52: TRISA = 0X00;
   198                           
   199                           ;incstack = 0
   200                           ; Regs used in _main: [wreg+status,2+status,0+pclath+cstack]
   201  0081  1683               	bsf	3,5	;RP0=1, select bank1
   202  0082  1303               	bcf	3,6	;RP1=0, select bank1
   203  0083  0185               	clrf	5	;volatile
   204                           
   205                           ;Bordario_PA3-3.c: 53: TRISB = 0xFF;
   206  0084  30FF               	movlw	255
   207  0085  0086               	movwf	6	;volatile
   208                           
   209                           ;Bordario_PA3-3.c: 54: TRISC = 0x00;
   210  0086  0187               	clrf	7	;volatile
   211                           
   212                           ;Bordario_PA3-3.c: 55: TRISD = 0XFF;
   213  0087  30FF               	movlw	255
   214  0088  0088               	movwf	8	;volatile
   215                           
   216                           ;Bordario_PA3-3.c: 57: OPTION_REG = 0xC4;
   217  0089  30C4               	movlw	196
   218  008A  0081               	movwf	1	;volatile
   219                           
   220                           ;Bordario_PA3-3.c: 59: INTEDG = 1;
   221  008B  1701               	bsf	1,6	;volatile
   222                           
   223                           ;Bordario_PA3-3.c: 60: INTF = 0;
   224  008C  108B               	bcf	11,1	;volatile
   225                           
   226                           ;Bordario_PA3-3.c: 61: INTE = 1;
   227  008D  160B               	bsf	11,4	;volatile
   228                           
   229                           ;Bordario_PA3-3.c: 63: TMR0IF = 0;
   230  008E  110B               	bcf	11,2	;volatile
   231                           
   232                           ;Bordario_PA3-3.c: 64: TMR0IE = 1;
   233  008F  168B               	bsf	11,5	;volatile
   234                           
   235                           ;Bordario_PA3-3.c: 66: GIE = 1;
   236  0090  178B               	bsf	11,7	;volatile
   237                           
   238                           ;Bordario_PA3-3.c: 67: PORTC = 0X00;
   239  0091  1283               	bcf	3,5	;RP0=0, select bank0
   240  0092  1303               	bcf	3,6	;RP1=0, select bank0
   241  0093  0187               	clrf	7	;volatile
   242  0094                     l675:	
   243                           ;Bordario_PA3-3.c: 69: while(1){
   244                           
   245                           
   246                           ;Bordario_PA3-3.c: 70: if(counter == 0x09){
   247  0094  0878               	movf	_counter,w
   248  0095  3A09               	xorlw	9
   249  0096  1D03               	skipz
   250  0097  289A               	goto	l679
   251                           
   252                           ;Bordario_PA3-3.c: 71: counter = 0x00;
   253  0098  01F8               	clrf	_counter
   254                           
   255                           ;Bordario_PA3-3.c: 72: }
   256  0099  289E               	goto	l681
   257  009A                     l679:	
   258                           
   259                           ;Bordario_PA3-3.c: 73: else{
   260                           ;Bordario_PA3-3.c: 74: counter++;
   261  009A  3001               	movlw	1
   262  009B  00A3               	movwf	??_main
   263  009C  0823               	movf	??_main,w
   264  009D  07F8               	addwf	_counter,f
   265  009E                     l681:	
   266                           
   267                           ;Bordario_PA3-3.c: 75: }
   268                           ;Bordario_PA3-3.c: 76: delay(79);
   269  009E  304F               	movlw	79
   270  009F  00F5               	movwf	delay@count
   271  00A0  3000               	movlw	0
   272  00A1  00F6               	movwf	delay@count+1
   273  00A2  120A  118A  20AC  120A  118A  	fcall	_delay
   274                           
   275                           ;Bordario_PA3-3.c: 77: PORTC = counter;
   276  00A7  0878               	movf	_counter,w
   277  00A8  1283               	bcf	3,5	;RP0=0, select bank0
   278  00A9  1303               	bcf	3,6	;RP1=0, select bank0
   279  00AA  0087               	movwf	7	;volatile
   280  00AB  2894               	goto	l675
   281  00AC                     __end_of_main:	
   282                           
   283                           	psect	text1
   284  00AC                     __ptext1:	
   285 ;; *************** function _delay *****************
   286 ;; Defined at:
   287 ;;		line 41 in file "Z:\CPE3201 - Bordario\PracticalActivities\PA3\Bordario_PA3-3.c"
   288 ;; Parameters:    Size  Location     Type
   289 ;;  count           2    5[COMMON] int 
   290 ;; Auto vars:     Size  Location     Type
   291 ;;  of_count        2    1[BANK0 ] int 
   292 ;; Return value:  Size  Location     Type
   293 ;;		None               void
   294 ;; Registers used:
   295 ;;		wreg, status,2
   296 ;; Tracked objects:
   297 ;;		On entry : 0/0
   298 ;;		On exit  : 0/0
   299 ;;		Unchanged: 0/0
   300 ;; Data sizes:     COMMON   BANK0   BANK1   BANK3   BANK2
   301 ;;      Params:         2       0       0       0       0
   302 ;;      Locals:         0       2       0       0       0
   303 ;;      Temps:          0       1       0       0       0
   304 ;;      Totals:         2       3       0       0       0
   305 ;;Total ram usage:        5 bytes
   306 ;; Hardware stack levels used:    1
   307 ;; Hardware stack levels required when called:    1
   308 ;; This function calls:
   309 ;;		Nothing
   310 ;; This function is called by:
   311 ;;		_main
   312 ;; This function uses a non-reentrant model
   313 ;;
   314                           
   315                           
   316                           ;psect for function _delay
   317  00AC                     _delay:	
   318                           
   319                           ;Bordario_PA3-3.c: 42: int of_count = 0;
   320                           
   321                           ;incstack = 0
   322                           ; Regs used in _delay: [wreg+status,2]
   323  00AC  1283               	bcf	3,5	;RP0=0, select bank0
   324  00AD  1303               	bcf	3,6	;RP1=0, select bank0
   325  00AE  01A1               	clrf	delay@of_count
   326  00AF  01A2               	clrf	delay@of_count+1
   327  00B0                     l60:	
   328                           ;Bordario_PA3-3.c: 43: while (of_count < count){
   329                           
   330  00B0  1283               	bcf	3,5	;RP0=0, select bank0
   331  00B1  1303               	bcf	3,6	;RP1=0, select bank0
   332  00B2  0822               	movf	delay@of_count+1,w
   333  00B3  3A80               	xorlw	128
   334  00B4  00A0               	movwf	??_delay
   335  00B5  0876               	movf	delay@count+1,w
   336  00B6  3A80               	xorlw	128
   337  00B7  0220               	subwf	??_delay,w
   338  00B8  1D03               	skipz
   339  00B9  28BC               	goto	u205
   340  00BA  0875               	movf	delay@count,w
   341  00BB  0221               	subwf	delay@of_count,w
   342  00BC                     u205:	
   343  00BC  1803               	btfsc	3,0
   344  00BD  0008               	return
   345                           
   346                           ;Bordario_PA3-3.c: 44: if (myTMR0IF){
   347  00BE  1CF7               	btfss	_myTMR0IF/(0+8),_myTMR0IF& (0+7)
   348  00BF  28B0               	goto	l60
   349                           
   350                           ;Bordario_PA3-3.c: 45: of_count++;
   351  00C0  3001               	movlw	1
   352  00C1  1283               	bcf	3,5	;RP0=0, select bank0
   353  00C2  1303               	bcf	3,6	;RP1=0, select bank0
   354  00C3  07A1               	addwf	delay@of_count,f
   355  00C4  1803               	skipnc
   356  00C5  0AA2               	incf	delay@of_count+1,f
   357  00C6  3000               	movlw	0
   358  00C7  07A2               	addwf	delay@of_count+1,f
   359                           
   360                           ;Bordario_PA3-3.c: 46: myTMR0IF = 0;
   361  00C8  10F7               	bcf	_myTMR0IF/(0+8),_myTMR0IF& (0+7)
   362  00C9  28B0               	goto	l60
   363  00CA                     __end_of_delay:	
   364                           
   365                           	psect	text2
   366  001B                     __ptext2:	
   367 ;; *************** function _ISR *****************
   368 ;; Defined at:
   369 ;;		line 16 in file "Z:\CPE3201 - Bordario\PracticalActivities\PA3\Bordario_PA3-3.c"
   370 ;; Parameters:    Size  Location     Type
   371 ;;		None
   372 ;; Auto vars:     Size  Location     Type
   373 ;;		None
   374 ;; Return value:  Size  Location     Type
   375 ;;		None               void
   376 ;; Registers used:
   377 ;;		wreg, status,2, status,0
   378 ;; Tracked objects:
   379 ;;		On entry : 0/0
   380 ;;		On exit  : 0/0
   381 ;;		Unchanged: 0/0
   382 ;; Data sizes:     COMMON   BANK0   BANK1   BANK3   BANK2
   383 ;;      Params:         0       0       0       0       0
   384 ;;      Locals:         0       0       0       0       0
   385 ;;      Temps:          5       0       0       0       0
   386 ;;      Totals:         5       0       0       0       0
   387 ;;Total ram usage:        5 bytes
   388 ;; Hardware stack levels used:    1
   389 ;; This function calls:
   390 ;;		Nothing
   391 ;; This function is called by:
   392 ;;		Interrupt level 1
   393 ;; This function uses a non-reentrant model
   394 ;;
   395                           
   396                           
   397                           ;psect for function _ISR
   398  001B                     _ISR:	
   399                           
   400                           ;Bordario_PA3-3.c: 17: GIE = 0;
   401  001B  138B               	bcf	11,7	;volatile
   402                           
   403                           ;Bordario_PA3-3.c: 18: if(INTF){
   404  001C  1C8B               	btfss	11,1	;volatile
   405  001D  2871               	goto	i1l35
   406                           
   407                           ;Bordario_PA3-3.c: 19: INTF = 0;
   408  001E  108B               	bcf	11,1	;volatile
   409                           
   410                           ;Bordario_PA3-3.c: 23: if(PORTD == 0x00) { PORTC = 0x01; counter = 0x01; }
   411  001F  0808               	movf	8,w	;volatile
   412  0020  1D03               	skipz
   413  0021  2827               	goto	i1l545
   414  0022  3001               	movlw	1
   415  0023  0087               	movwf	7	;volatile
   416  0024  01F8               	clrf	_counter
   417  0025  0AF8               	incf	_counter,f
   418  0026  2875               	goto	i1l55
   419  0027                     i1l545:	
   420                           
   421                           ;Bordario_PA3-3.c: 24: else if(PORTD == 0x01) { PORTC = 0x02; counter = 0x02; }
   422  0027  0808               	movf	8,w	;volatile
   423  0028  3A01               	xorlw	1
   424  0029  1D03               	skipz
   425  002A  282F               	goto	i1l549
   426  002B  3002               	movlw	2
   427  002C  0087               	movwf	7	;volatile
   428  002D  3002               	movlw	2
   429  002E  2866               	goto	L7
   430  002F                     i1l549:	
   431                           
   432                           ;Bordario_PA3-3.c: 25: else if(PORTD == 0x02) { PORTC = 0x03; counter = 0x03; }
   433  002F  0808               	movf	8,w	;volatile
   434  0030  3A02               	xorlw	2
   435  0031  1D03               	skipz
   436  0032  2837               	goto	i1l553
   437  0033  3003               	movlw	3
   438  0034  0087               	movwf	7	;volatile
   439  0035  3003               	movlw	3
   440  0036  2866               	goto	L7
   441  0037                     i1l553:	
   442                           
   443                           ;Bordario_PA3-3.c: 26: else if(PORTD == 0x04) { PORTC = 0x04; counter = 0x04; }
   444  0037  0808               	movf	8,w	;volatile
   445  0038  3A04               	xorlw	4
   446  0039  1D03               	skipz
   447  003A  283F               	goto	i1l557
   448  003B  3004               	movlw	4
   449  003C  0087               	movwf	7	;volatile
   450  003D  3004               	movlw	4
   451  003E  2866               	goto	L7
   452  003F                     i1l557:	
   453                           
   454                           ;Bordario_PA3-3.c: 27: else if(PORTD == 0x05) { PORTC = 0x05; counter = 0x05; }
   455  003F  0808               	movf	8,w	;volatile
   456  0040  3A05               	xorlw	5
   457  0041  1D03               	skipz
   458  0042  2847               	goto	i1l561
   459  0043  3005               	movlw	5
   460  0044  0087               	movwf	7	;volatile
   461  0045  3005               	movlw	5
   462  0046  2866               	goto	L7
   463  0047                     i1l561:	
   464                           
   465                           ;Bordario_PA3-3.c: 28: else if(PORTD == 0x06) { PORTC = 0x06; counter = 0x06; }
   466  0047  0808               	movf	8,w	;volatile
   467  0048  3A06               	xorlw	6
   468  0049  1D03               	skipz
   469  004A  284F               	goto	i1l565
   470  004B  3006               	movlw	6
   471  004C  0087               	movwf	7	;volatile
   472  004D  3006               	movlw	6
   473  004E  2866               	goto	L7
   474  004F                     i1l565:	
   475                           
   476                           ;Bordario_PA3-3.c: 29: else if(PORTD == 0x08) { PORTC = 0x07; counter = 0x07; }
   477  004F  0808               	movf	8,w	;volatile
   478  0050  3A08               	xorlw	8
   479  0051  1D03               	skipz
   480  0052  2857               	goto	i1l569
   481  0053  3007               	movlw	7
   482  0054  0087               	movwf	7	;volatile
   483  0055  3007               	movlw	7
   484  0056  2866               	goto	L7
   485  0057                     i1l569:	
   486                           
   487                           ;Bordario_PA3-3.c: 30: else if(PORTD == 0x09) { PORTC = 0x08; counter = 0x08; }
   488  0057  0808               	movf	8,w	;volatile
   489  0058  3A09               	xorlw	9
   490  0059  1D03               	skipz
   491  005A  285F               	goto	i1l573
   492  005B  3008               	movlw	8
   493  005C  0087               	movwf	7	;volatile
   494  005D  3008               	movlw	8
   495  005E  2866               	goto	L7
   496  005F                     i1l573:	
   497                           
   498                           ;Bordario_PA3-3.c: 31: else if(PORTD == 0x0A) { PORTC = 0x09; counter = 0x09; }
   499  005F  0808               	movf	8,w	;volatile
   500  0060  3A0A               	xorlw	10
   501  0061  1D03               	skipz
   502  0062  286A               	goto	i1l577
   503  0063  3009               	movlw	9
   504  0064  0087               	movwf	7	;volatile
   505  0065  3009               	movlw	9
   506  0066                     L7:	
   507  0066  00F0               	movwf	??_ISR
   508  0067  0870               	movf	??_ISR,w
   509  0068  00F8               	movwf	_counter
   510  0069  2875               	goto	i1l55
   511  006A                     i1l577:	
   512                           
   513                           ;Bordario_PA3-3.c: 32: else if(PORTD == 0x0D) { PORTC = 0x00; counter = 0x00; }
   514  006A  0808               	movf	8,w	;volatile
   515  006B  3A0D               	xorlw	13
   516  006C  1D03               	skipz
   517  006D  2875               	goto	i1l55
   518  006E  0187               	clrf	7	;volatile
   519  006F  01F8               	clrf	_counter
   520                           
   521                           ;Bordario_PA3-3.c: 34: } else if(TMR0IF){
   522  0070  2875               	goto	i1l55
   523  0071                     i1l35:	
   524  0071  1D0B               	btfss	11,2	;volatile
   525  0072  2875               	goto	i1l55
   526                           
   527                           ;Bordario_PA3-3.c: 35: TMR0IF = 0;
   528  0073  110B               	bcf	11,2	;volatile
   529                           
   530                           ;Bordario_PA3-3.c: 36: myTMR0IF = 1;
   531  0074  14F7               	bsf	_myTMR0IF/(0+8),_myTMR0IF& (0+7)
   532  0075                     i1l55:	
   533                           
   534                           ;Bordario_PA3-3.c: 37: }
   535                           ;Bordario_PA3-3.c: 38: GIE = 1;
   536  0075  178B               	bsf	11,7	;volatile
   537  0076  0874               	movf	??_ISR+4,w
   538  0077  00FF               	movwf	127
   539  0078  0873               	movf	??_ISR+3,w
   540  0079  008A               	movwf	10
   541  007A  0872               	movf	??_ISR+2,w
   542  007B  0084               	movwf	4
   543  007C  0E71               	swapf	(??_ISR+1)^(0+-128),w
   544  007D  0083               	movwf	3
   545  007E  0EFE               	swapf	126,f
   546  007F  0E7E               	swapf	126,w
   547  0080  0009               	retfie
   548  0081                     __end_of_ISR:	
   549  007E                     btemp	set	126	;btemp
   550  007E                     wtemp	set	126
   551  007E                     wtemp0	set	126
   552  0080                     wtemp1	set	128
   553  0082                     wtemp2	set	130
   554  0084                     wtemp3	set	132
   555  0086                     wtemp4	set	134
   556  0088                     wtemp5	set	136
   557  007F                     wtemp6	set	127
   558  007E                     ttemp	set	126
   559  007E                     ttemp0	set	126
   560  0081                     ttemp1	set	129
   561  0084                     ttemp2	set	132
   562  0087                     ttemp3	set	135
   563  007F                     ttemp4	set	127
   564  007E                     ltemp	set	126
   565  007E                     ltemp0	set	126
   566  0082                     ltemp1	set	130
   567  0086                     ltemp2	set	134
   568  0080                     ltemp3	set	128
   569                           
   570                           	psect	intentry
   571  0004                     __pintentry:	
   572                           ;incstack = 0
   573                           ; Regs used in _ISR: [wreg+status,2+status,0]
   574                           
   575  0004                     interrupt_function:	
   576  007E                     saved_w	set	btemp
   577  0004  00FE               	movwf	btemp
   578  0005  0E03               	swapf	3,w
   579  0006  00F1               	movwf	??_ISR+1
   580  0007  0804               	movf	4,w
   581  0008  00F2               	movwf	??_ISR+2
   582  0009  080A               	movf	10,w
   583  000A  00F3               	movwf	??_ISR+3
   584  000B  1283               	bcf	3,5	;RP0=0, select bank0
   585  000C  1303               	bcf	3,6	;RP1=0, select bank0
   586  000D  087F               	movf	btemp+1,w
   587  000E  00F4               	movwf	??_ISR+4
   588  000F  120A  118A  281B   	ljmp	_ISR


Data Sizes:
    Strings     0
    Constant    0
    Data        0
    BSS         1
    Persistent  0
    Stack       0

Auto Spaces:
    Space          Size  Autos    Used
    COMMON           14      7       9
    BANK0            80      4       4
    BANK1            80      0       0
    BANK3            96      0       0
    BANK2            96      0       0

Pointer List with Targets:

    None.

Critical Paths under _main in COMMON

    _main->_delay

Critical Paths under _ISR in COMMON

    None.

Critical Paths under _main in BANK0

    _main->_delay

Critical Paths under _ISR in BANK0

    None.

Critical Paths under _main in BANK1

    None.

Critical Paths under _ISR in BANK1

    None.

Critical Paths under _main in BANK3

    None.

Critical Paths under _ISR in BANK3

    None.

Critical Paths under _main in BANK2

    None.

Critical Paths under _ISR in BANK2

    None.

Call Graph Tables:

 ---------------------------------------------------------------------------------
 (Depth) Function   	        Calls       Base Space   Used Autos Params    Refs
 ---------------------------------------------------------------------------------
 (0) _main                                                 1     1      0     133
                                              3 BANK0      1     1      0
                              _delay
 ---------------------------------------------------------------------------------
 (1) _delay                                                5     3      2     133
                                              5 COMMON     2     0      2
                                              0 BANK0      3     3      0
 ---------------------------------------------------------------------------------
 Estimated maximum stack depth 1
 ---------------------------------------------------------------------------------
 (Depth) Function   	        Calls       Base Space   Used Autos Params    Refs
 ---------------------------------------------------------------------------------
 (2) _ISR                                                  5     5      0       0
                                              0 COMMON     5     5      0
 ---------------------------------------------------------------------------------
 Estimated maximum stack depth 2
 ---------------------------------------------------------------------------------

 Call Graph Graphs:

 _main (ROOT)
   _delay

 _ISR (ROOT)

 Address spaces:
Name               Size   Autos  Total    Cost      Usage
BITCOMMON            E      0       1       0        7.1%
EEDATA             100      0       0       0        0.0%
NULL                 0      0       0       0        0.0%
CODE                 0      0       0       0        0.0%
COMMON               E      7       9       1       64.3%
BITSFR0              0      0       0       1        0.0%
SFR0                 0      0       0       1        0.0%
BITSFR1              0      0       0       2        0.0%
SFR1                 0      0       0       2        0.0%
STACK                0      0       0       2        0.0%
ABS                  0      0       D       3        0.0%
BITBANK0            50      0       0       4        0.0%
BITSFR3              0      0       0       4        0.0%
SFR3                 0      0       0       4        0.0%
BANK0               50      4       4       5        5.0%
BITSFR2              0      0       0       5        0.0%
SFR2                 0      0       0       5        0.0%
BITBANK1            50      0       0       6        0.0%
BANK1               50      0       0       7        0.0%
BITBANK3            60      0       0       8        0.0%
BANK3               60      0       0       9        0.0%
BITBANK2            60      0       0      10        0.0%
BANK2               60      0       0      11        0.0%
DATA                 0      0       D      12        0.0%


Microchip Technology PIC Macro Assembler V1.33 build 59893 
Symbol Table                                                                                   Mon Mar 16 09:35:20 2026

            __CFG_CP$OFF 0000                       l60 00B0                      l681 009E  
                    l675 0094                      l679 009A                      _GIE 005F  
                    u205 00BC             __CFG_CPD$OFF 0000                      _ISR 001B  
                    fsr0 0004             __CFG_FOSC$XT 0000             __CFG_LVP$OFF 0000  
                   ?_ISR 0070                     _INTE 005C                     _INTF 0059  
                   i1l35 0071                     i1l55 0075             __CFG_WRT$OFF 0000  
                   _main 0081                     btemp 007E            __CFG_BOREN$ON 0000  
                   ltemp 007E                     start 0012                     ttemp 007E  
                   wtemp 007E                    ??_ISR 0070                    ?_main 0070  
          __CFG_WDTE$OFF 0000                    i1l561 0047                    i1l553 0037  
                  i1l545 0027                    i1l573 005F                    i1l565 004F  
                  i1l557 003F                    i1l549 002F                    i1l577 006A  
                  i1l569 0057                    _PORTC 0007                    _PORTD 0008  
                  _TRISA 0085                    _TRISB 0086                    _TRISC 0087  
                  _TRISD 0088            __CFG_PWRTE$ON 0000                    _delay 00AC  
         __pbitbssCOMMON 03B8                    pclath 000A                    ltemp0 007E  
                  ltemp1 0082                    ltemp2 0086                    ltemp3 0080  
                  ttemp0 007E                    ttemp1 0081                    ttemp2 0084  
                  ttemp3 0087                    ttemp4 007F                    status 0003  
                  wtemp0 007E                    wtemp1 0080                    wtemp2 0082  
                  wtemp3 0084                    wtemp4 0086                    wtemp5 0088  
                  wtemp6 007F          __initialization 0015             __end_of_main 00AC  
                 ??_main 0023                   ?_delay 0075                   _INTEDG 040E  
                 _TMR0IE 005D                   _TMR0IF 005A                   _myINTF 03B8  
                 saved_w 007E  __end_of__initialization 0017           __pcstackCOMMON 0070  
          __end_of_delay 00CA                  ??_delay 0020               __pmaintext 0081  
             __pintentry 0004                  __ptext0 0000                  __ptext1 00AC  
                __ptext2 001B            delay@of_count 0021             __size_of_ISR 0066  
                _counter 0078               delay@count 0075     end_of_initialization 0017  
    start_initialization 0015              __end_of_ISR 0081              __pbssCOMMON 0078  
              ___latbits 0002            __pcstackBANK0 0020           __size_of_delay 001E  
      interrupt_function 0004                 _myTMR0IF 03B9            __size_of_main 002B  
               intlevel1 0000               _OPTION_REG 0081  
