

Microchip Technology PIC LITE Macro Assembler V1.33 build 59893 
                                                                                               Mon Mar 16 01:44:21 2026

Microchip Technology Omniscient Code Generator (Lite mode) build 59893
     1                           	processor	16F877A
     2                           	opt	pw 120
     3                           	opt	lm
     4                           	psect	text0,local,class=CODE,merge=1,delta=2
     5                           	psect	cinit,global,class=CODE,merge=1,delta=2
     6                           	psect	cstackCOMMON,global,class=COMMON,space=1,delta=1
     7                           	psect	maintext,global,class=CODE,split=1,delta=2
     8                           	psect	text1,local,class=CODE,merge=1,delta=2
     9                           	psect	intentry,global,class=CODE,delta=2
    10                           	dabs	1,0x7E,2
    11  0000                     	;# 
    12  0001                     	;# 
    13  0002                     	;# 
    14  0003                     	;# 
    15  0004                     	;# 
    16  0005                     	;# 
    17  0006                     	;# 
    18  0007                     	;# 
    19  0008                     	;# 
    20  0009                     	;# 
    21  000A                     	;# 
    22  000B                     	;# 
    23  000C                     	;# 
    24  000D                     	;# 
    25  000E                     	;# 
    26  000E                     	;# 
    27  000F                     	;# 
    28  0010                     	;# 
    29  0011                     	;# 
    30  0012                     	;# 
    31  0013                     	;# 
    32  0014                     	;# 
    33  0015                     	;# 
    34  0015                     	;# 
    35  0016                     	;# 
    36  0017                     	;# 
    37  0018                     	;# 
    38  0019                     	;# 
    39  001A                     	;# 
    40  001B                     	;# 
    41  001B                     	;# 
    42  001C                     	;# 
    43  001D                     	;# 
    44  001E                     	;# 
    45  001F                     	;# 
    46  0081                     	;# 
    47  0085                     	;# 
    48  0086                     	;# 
    49  0087                     	;# 
    50  0088                     	;# 
    51  0089                     	;# 
    52  008C                     	;# 
    53  008D                     	;# 
    54  008E                     	;# 
    55  0091                     	;# 
    56  0092                     	;# 
    57  0093                     	;# 
    58  0094                     	;# 
    59  0098                     	;# 
    60  0099                     	;# 
    61  009C                     	;# 
    62  009D                     	;# 
    63  009E                     	;# 
    64  009F                     	;# 
    65  010C                     	;# 
    66  010D                     	;# 
    67  010E                     	;# 
    68  010F                     	;# 
    69  018C                     	;# 
    70  018D                     	;# 
    71  000B                     _INTCONbits	set	11
    72  0007                     _PORTC	set	7
    73  0008                     _PORTD	set	8
    74  0081                     _OPTION_REGbits	set	129
    75  0086                     _TRISBbits	set	134
    76  0087                     _TRISC	set	135
    77  0088                     _TRISD	set	136
    78                           
    79                           	psect	text0
    80  0000                     __ptext0:	
    81                           ; #config settings
    82                           
    83                           
    84                           ;psect for function _ISR
    85  0000                     
    86                           	psect	cinit
    87  0015                     start_initialization:	
    88  0015                     __initialization:	
    89  0015                     end_of_initialization:	
    90                           ;End of C runtime variable initialization code
    91                           
    92  0015                     __end_of__initialization:	
    93  0015  0183               	clrf	3
    94  0016  120A  118A  2868   	ljmp	_main	;jump to C main() function
    95                           
    96                           	psect	cstackCOMMON
    97  0070                     __pcstackCOMMON:	
    98  0070                     ?_ISR:	
    99  0070                     ??_ISR:	
   100                           ; 0 bytes @ 0x0
   101                           
   102  0070                     ?_main:	
   103                           ; 0 bytes @ 0x0
   104                           
   105                           
   106                           ; 2 bytes @ 0x0
   107  0070                     	ds	5
   108  0075                     ISR@code:	
   109                           
   110                           ; 1 bytes @ 0x5
   111  0075                     	ds	1
   112  0076                     ISR@digit:	
   113                           
   114                           ; 1 bytes @ 0x6
   115  0076                     	ds	1
   116  0077                     ??_main:	
   117                           
   118                           	psect	maintext
   119  0068                     __pmaintext:	
   120                           ; 0 bytes @ 0x7
   121 ;;
   122 ;;Main: autosize = 0, tempsize = 0, incstack = 0, save=0
   123 ;;
   124 ;; *************** function _main *****************
   125 ;; Defined at:
   126 ;;		line 50 in file "C:\Users\user\OneDrive\Documents\COLLEGE\CPE3201---Embedded-Systems\PracticalActivities\PA3\Bordari
      +o_PA3-1.c"
   127 ;; Parameters:    Size  Location     Type
   128 ;;		None
   129 ;; Auto vars:     Size  Location     Type
   130 ;;		None
   131 ;; Return value:  Size  Location     Type
   132 ;;                  2   33[COMMON] int 
   133 ;; Registers used:
   134 ;;		wreg, status,2
   135 ;; Tracked objects:
   136 ;;		On entry : 17F/0
   137 ;;		On exit  : 0/0
   138 ;;		Unchanged: 0/0
   139 ;; Data sizes:     COMMON   BANK0   BANK1   BANK3   BANK2
   140 ;;      Params:         0       0       0       0       0
   141 ;;      Locals:         0       0       0       0       0
   142 ;;      Temps:          0       0       0       0       0
   143 ;;      Totals:         0       0       0       0       0
   144 ;;Total ram usage:        0 bytes
   145 ;; Hardware stack levels required when called:    1
   146 ;; This function calls:
   147 ;;		Nothing
   148 ;; This function is called by:
   149 ;;		Startup code after reset
   150 ;; This function uses a non-reentrant model
   151 ;;
   152                           
   153                           
   154                           ;psect for function _main
   155  0068                     _main:	
   156                           
   157                           ;Bordario_PA3-1.c: 52: TRISBbits.TRISB0 = 1;
   158                           
   159                           ;incstack = 0
   160                           ; Regs used in _main: [wreg+status,2]
   161  0068  1683               	bsf	3,5	;RP0=1, select bank1
   162  0069  1303               	bcf	3,6	;RP1=0, select bank1
   163  006A  1406               	bsf	6,0	;volatile
   164                           
   165                           ;Bordario_PA3-1.c: 53: TRISC = 0x00;
   166  006B  0187               	clrf	7	;volatile
   167                           
   168                           ;Bordario_PA3-1.c: 54: TRISD = 0xFF;
   169  006C  30FF               	movlw	255
   170  006D  0088               	movwf	8	;volatile
   171                           
   172                           ;Bordario_PA3-1.c: 55: PORTC = 0x00;
   173  006E  1283               	bcf	3,5	;RP0=0, select bank0
   174  006F  1303               	bcf	3,6	;RP1=0, select bank0
   175  0070  0187               	clrf	7	;volatile
   176                           
   177                           ;Bordario_PA3-1.c: 58: OPTION_REGbits.INTEDG = 1;
   178  0071  1683               	bsf	3,5	;RP0=1, select bank1
   179  0072  1303               	bcf	3,6	;RP1=0, select bank1
   180  0073  1701               	bsf	1,6	;volatile
   181                           
   182                           ;Bordario_PA3-1.c: 59: INTCONbits.INTE = 1;
   183  0074  160B               	bsf	11,4	;volatile
   184                           
   185                           ;Bordario_PA3-1.c: 60: INTCONbits.INTF = 0;
   186  0075  108B               	bcf	11,1	;volatile
   187                           
   188                           ;Bordario_PA3-1.c: 61: INTCONbits.GIE = 1;
   189  0076  178B               	bsf	11,7	;volatile
   190  0077                     l34:	
   191                           ;Bordario_PA3-1.c: 63: while (1) {
   192                           
   193  0077  2877               	goto	l34
   194  0078                     __end_of_main:	
   195                           ;Bordario_PA3-1.c: 65: }
   196                           ;Bordario_PA3-1.c: 67: return 0;
   197                           ;	Return value of _main is never used
   198                           
   199                           
   200                           	psect	text1
   201  0019                     __ptext1:	
   202 ;; *************** function _ISR *****************
   203 ;; Defined at:
   204 ;;		line 18 in file "C:\Users\user\OneDrive\Documents\COLLEGE\CPE3201---Embedded-Systems\PracticalActivities\PA3\Bordari
      +o_PA3-1.c"
   205 ;; Parameters:    Size  Location     Type
   206 ;;		None
   207 ;; Auto vars:     Size  Location     Type
   208 ;;  digit           1    6[COMMON] unsigned char 
   209 ;;  code            1    5[COMMON] unsigned char 
   210 ;; Return value:  Size  Location     Type
   211 ;;		None               void
   212 ;; Registers used:
   213 ;;		wreg, fsr0l, fsr0h, status,2, status,0
   214 ;; Tracked objects:
   215 ;;		On entry : 0/0
   216 ;;		On exit  : 0/0
   217 ;;		Unchanged: 0/0
   218 ;; Data sizes:     COMMON   BANK0   BANK1   BANK3   BANK2
   219 ;;      Params:         0       0       0       0       0
   220 ;;      Locals:         2       0       0       0       0
   221 ;;      Temps:          5       0       0       0       0
   222 ;;      Totals:         7       0       0       0       0
   223 ;;Total ram usage:        7 bytes
   224 ;; Hardware stack levels used:    1
   225 ;; This function calls:
   226 ;;		Nothing
   227 ;; This function is called by:
   228 ;;		Interrupt level 1
   229 ;; This function uses a non-reentrant model
   230 ;;
   231                           
   232                           
   233                           ;psect for function _ISR
   234  0019                     _ISR:	
   235                           
   236                           ;Bordario_PA3-1.c: 19: if (INTCONbits.INTF) {
   237  0019  1C8B               	btfss	11,1	;volatile
   238  001A  285D               	goto	i1l31
   239                           
   240                           ;Bordario_PA3-1.c: 20: INTCONbits.INTF = 0;
   241  001B  108B               	bcf	11,1	;volatile
   242                           
   243                           ;Bordario_PA3-1.c: 23: unsigned char code = PORTD & 0x0F;
   244  001C  0808               	movf	8,w	;volatile
   245  001D  390F               	andlw	15
   246  001E  00F0               	movwf	??_ISR
   247  001F  0870               	movf	??_ISR,w
   248  0020  00F5               	movwf	ISR@code
   249                           
   250                           ;Bordario_PA3-1.c: 24: unsigned char digit = 0;
   251  0021  01F6               	clrf	ISR@digit
   252                           
   253                           ;Bordario_PA3-1.c: 31: switch (code) {
   254  0022  283B               	goto	i1l522
   255  0023                     i1l19:	
   256                           ;Bordario_PA3-1.c: 32: case 0x00: digit = 1; break;
   257                           
   258  0023  01F6               	clrf	ISR@digit
   259  0024  0AF6               	incf	ISR@digit,f
   260  0025  285B               	goto	i1l524
   261  0026                     i1l502:	
   262                           ;Bordario_PA3-1.c: 33: case 0x01: digit = 2; break;
   263                           
   264  0026  3002               	movlw	2
   265  0027  2835               	goto	L7
   266  0028                     i1l504:	
   267                           ;Bordario_PA3-1.c: 34: case 0x02: digit = 3; break;
   268                           
   269  0028  3003               	movlw	3
   270  0029  2835               	goto	L7
   271  002A                     i1l506:	
   272                           ;Bordario_PA3-1.c: 35: case 0x04: digit = 4; break;
   273                           
   274  002A  3004               	movlw	4
   275  002B  2835               	goto	L7
   276  002C                     i1l508:	
   277                           ;Bordario_PA3-1.c: 36: case 0x05: digit = 5; break;
   278                           
   279  002C  3005               	movlw	5
   280  002D  2835               	goto	L7
   281  002E                     i1l510:	
   282                           ;Bordario_PA3-1.c: 37: case 0x06: digit = 6; break;
   283                           
   284  002E  3006               	movlw	6
   285  002F  2835               	goto	L7
   286  0030                     i1l512:	
   287                           ;Bordario_PA3-1.c: 38: case 0x08: digit = 7; break;
   288                           
   289  0030  3007               	movlw	7
   290  0031  2835               	goto	L7
   291  0032                     i1l514:	
   292                           ;Bordario_PA3-1.c: 39: case 0x09: digit = 8; break;
   293                           
   294  0032  3008               	movlw	8
   295  0033  2835               	goto	L7
   296  0034                     i1l516:	
   297                           ;Bordario_PA3-1.c: 40: case 0x0A: digit = 9; break;
   298                           
   299  0034  3009               	movlw	9
   300  0035                     L7:	
   301  0035  00F0               	movwf	??_ISR
   302  0036  0870               	movf	??_ISR,w
   303  0037  00F6               	movwf	ISR@digit
   304  0038  285B               	goto	i1l524
   305  0039                     i1l518:	
   306                           ;Bordario_PA3-1.c: 41: case 0x0D: digit = 0; break;
   307                           
   308  0039  01F6               	clrf	ISR@digit
   309  003A  285B               	goto	i1l524
   310  003B                     i1l522:	
   311                           ;Bordario_PA3-1.c: 43: }
   312                           
   313                           ;Bordario_PA3-1.c: 42: default: return;
   314                           
   315  003B  0875               	movf	ISR@code,w
   316                           
   317                           ; Switch size 1, requested type "space"
   318                           ; Number of cases is 10, Range of values is 0 to 13
   319                           ; switch strategies available:
   320                           ; Name         Instructions Cycles
   321                           ; simple_byte           31    16 (average)
   322                           ; direct_byte           50     8 (fixed)
   323                           ; jumptable            260     6 (fixed)
   324                           ;	Chosen strategy is simple_byte
   325  003C  3A00               	xorlw	0	; case 0
   326  003D  1903               	skipnz
   327  003E  2823               	goto	i1l19
   328  003F  3A01               	xorlw	1	; case 1
   329  0040  1903               	skipnz
   330  0041  2826               	goto	i1l502
   331  0042  3A03               	xorlw	3	; case 2
   332  0043  1903               	skipnz
   333  0044  2828               	goto	i1l504
   334  0045  3A06               	xorlw	6	; case 4
   335  0046  1903               	skipnz
   336  0047  282A               	goto	i1l506
   337  0048  3A01               	xorlw	1	; case 5
   338  0049  1903               	skipnz
   339  004A  282C               	goto	i1l508
   340  004B  3A03               	xorlw	3	; case 6
   341  004C  1903               	skipnz
   342  004D  282E               	goto	i1l510
   343  004E  3A0E               	xorlw	14	; case 8
   344  004F  1903               	skipnz
   345  0050  2830               	goto	i1l512
   346  0051  3A01               	xorlw	1	; case 9
   347  0052  1903               	skipnz
   348  0053  2832               	goto	i1l514
   349  0054  3A03               	xorlw	3	; case 10
   350  0055  1903               	skipnz
   351  0056  2834               	goto	i1l516
   352  0057  3A07               	xorlw	7	; case 13
   353  0058  1903               	skipnz
   354  0059  2839               	goto	i1l518
   355  005A  285D               	goto	i1l31
   356  005B                     i1l524:	
   357                           
   358                           ;Bordario_PA3-1.c: 46: PORTC = digit;
   359  005B  0876               	movf	ISR@digit,w
   360  005C  0087               	movwf	7	;volatile
   361  005D                     i1l31:	
   362  005D  0874               	movf	??_ISR+4,w
   363  005E  00FF               	movwf	127
   364  005F  0873               	movf	??_ISR+3,w
   365  0060  008A               	movwf	10
   366  0061  0872               	movf	??_ISR+2,w
   367  0062  0084               	movwf	4
   368  0063  0E71               	swapf	(??_ISR+1)^(0+-128),w
   369  0064  0083               	movwf	3
   370  0065  0EFE               	swapf	126,f
   371  0066  0E7E               	swapf	126,w
   372  0067  0009               	retfie
   373  0068                     __end_of_ISR:	
   374  007E                     btemp	set	126	;btemp
   375  007E                     wtemp	set	126
   376  007E                     wtemp0	set	126
   377  0080                     wtemp1	set	128
   378  0082                     wtemp2	set	130
   379  0084                     wtemp3	set	132
   380  0086                     wtemp4	set	134
   381  0088                     wtemp5	set	136
   382  007F                     wtemp6	set	127
   383  007E                     ttemp	set	126
   384  007E                     ttemp0	set	126
   385  0081                     ttemp1	set	129
   386  0084                     ttemp2	set	132
   387  0087                     ttemp3	set	135
   388  007F                     ttemp4	set	127
   389  007E                     ltemp	set	126
   390  007E                     ltemp0	set	126
   391  0082                     ltemp1	set	130
   392  0086                     ltemp2	set	134
   393  0080                     ltemp3	set	128
   394                           
   395                           	psect	intentry
   396  0004                     __pintentry:	
   397                           ;incstack = 0
   398                           ; Regs used in _ISR: [wreg-fsr0h+status,2+status,0]
   399                           
   400  0004                     interrupt_function:	
   401  007E                     saved_w	set	btemp
   402  0004  00FE               	movwf	btemp
   403  0005  0E03               	swapf	3,w
   404  0006  00F1               	movwf	??_ISR+1
   405  0007  0804               	movf	4,w
   406  0008  00F2               	movwf	??_ISR+2
   407  0009  080A               	movf	10,w
   408  000A  00F3               	movwf	??_ISR+3
   409  000B  1283               	bcf	3,5	;RP0=0, select bank0
   410  000C  1303               	bcf	3,6	;RP1=0, select bank0
   411  000D  087F               	movf	btemp+1,w
   412  000E  00F4               	movwf	??_ISR+4
   413  000F  120A  118A  2819   	ljmp	_ISR


Data Sizes:
    Strings     0
    Constant    0
    Data        0
    BSS         0
    Persistent  0
    Stack       0

Auto Spaces:
    Space          Size  Autos    Used
    COMMON           14      7       7
    BANK0            80      0       0
    BANK1            80      0       0
    BANK3            96      0       0
    BANK2            96      0       0

Pointer List with Targets:

    None.

Critical Paths under _main in COMMON

    None.

Critical Paths under _ISR in COMMON

    None.

Critical Paths under _main in BANK0

    None.

Critical Paths under _ISR in BANK0

    None.

Critical Paths under _main in BANK1

    None.

Critical Paths under _ISR in BANK1

    None.

Critical Paths under _main in BANK3

    None.

Critical Paths under _ISR in BANK3

    None.

Critical Paths under _main in BANK2

    None.

Critical Paths under _ISR in BANK2

    None.

Call Graph Tables:

 ---------------------------------------------------------------------------------
 (Depth) Function   	        Calls       Base Space   Used Autos Params    Refs
 ---------------------------------------------------------------------------------
 (0) _main                                                 0     0      0       0
 ---------------------------------------------------------------------------------
 Estimated maximum stack depth 0
 ---------------------------------------------------------------------------------
 (Depth) Function   	        Calls       Base Space   Used Autos Params    Refs
 ---------------------------------------------------------------------------------
 (1) _ISR                                                  7     7      0      30
                                              0 COMMON     7     7      0
 ---------------------------------------------------------------------------------
 Estimated maximum stack depth 1
 ---------------------------------------------------------------------------------

 Call Graph Graphs:

 _main (ROOT)

 _ISR (ROOT)

 Address spaces:
Name               Size   Autos  Total    Cost      Usage
BITCOMMON            E      0       0       0        0.0%
EEDATA             100      0       0       0        0.0%
NULL                 0      0       0       0        0.0%
CODE                 0      0       0       0        0.0%
COMMON               E      7       7       1       50.0%
BITSFR0              0      0       0       1        0.0%
SFR0                 0      0       0       1        0.0%
BITSFR1              0      0       0       2        0.0%
SFR1                 0      0       0       2        0.0%
STACK                0      0       0       2        0.0%
ABS                  0      0       0       3        0.0%
BITBANK0            50      0       0       4        0.0%
BITSFR3              0      0       0       4        0.0%
SFR3                 0      0       0       4        0.0%
BANK0               50      0       0       5        0.0%
BITSFR2              0      0       0       5        0.0%
SFR2                 0      0       0       5        0.0%
BITBANK1            50      0       0       6        0.0%
BANK1               50      0       0       7        0.0%
BITBANK3            60      0       0       8        0.0%
BANK3               60      0       0       9        0.0%
BITBANK2            60      0       0      10        0.0%
BANK2               60      0       0      11        0.0%
DATA                 0      0       0      12        0.0%


Microchip Technology PIC Macro Assembler V1.33 build 59893 
Symbol Table                                                                                   Mon Mar 16 01:44:21 2026

            __CFG_CP$OFF 0000                       l34 0077             __CFG_CPD$OFF 0000  
                    _ISR 0019                      fsr0 0004             __CFG_FOSC$XT 0000  
           __CFG_LVP$OFF 0000                     ?_ISR 0070                     i1l31 005D  
                   i1l19 0023             __CFG_WRT$OFF 0000                     _main 0068  
                   btemp 007E            __CFG_BOREN$ON 0000                     ltemp 007E  
                   start 0012                     ttemp 007E                     wtemp 007E  
                  ??_ISR 0070                    ?_main 0070            __CFG_WDTE$OFF 0000  
                  i1l510 002E                    i1l502 0026                    i1l512 0030  
                  i1l504 0028                    i1l514 0032                    i1l506 002A  
                  i1l522 003B                    i1l516 0034                    i1l508 002C  
                  i1l524 005B                    i1l518 0039                    _PORTC 0007  
                  _PORTD 0008                    _TRISC 0087                    _TRISD 0088  
          __CFG_PWRTE$ON 0000                    pclath 000A                    ltemp0 007E  
                  ltemp1 0082                    ltemp2 0086                    ltemp3 0080  
                  ttemp0 007E                    ttemp1 0081                    ttemp2 0084  
                  ttemp3 0087                    ttemp4 007F                    status 0003  
                  wtemp0 007E                    wtemp1 0080                    wtemp2 0082  
                  wtemp3 0084                    wtemp4 0086                    wtemp5 0088  
                  wtemp6 007F          __initialization 0015             __end_of_main 0078  
                 ??_main 0077                   saved_w 007E  __end_of__initialization 0015  
         __pcstackCOMMON 0070           _OPTION_REGbits 0081                  ISR@code 0075  
             __pmaintext 0068               __pintentry 0004                  __ptext0 0000  
                __ptext1 0019             __size_of_ISR 004F     end_of_initialization 0015  
              _TRISBbits 0086      start_initialization 0015              __end_of_ISR 0068  
              ___latbits 0002                 ISR@digit 0076        interrupt_function 0004  
          __size_of_main 0010               _INTCONbits 000B                 intlevel1 0000  
