

Microchip Technology PIC LITE Macro Assembler V1.33 build 59893 
                                                                                               Mon Mar 16 02:02:57 2026

Microchip Technology Omniscient Code Generator (Lite mode) build 59893
     1                           	processor	16F877A
     2                           	opt	pw 120
     3                           	opt	lm
     4                           	psect	text0,local,class=CODE,merge=1,delta=2
     5                           	psect	cinit,global,class=CODE,merge=1,delta=2
     6                           	psect	bssCOMMON,global,class=COMMON,space=1,delta=1
     7                           	psect	cstackCOMMON,global,class=COMMON,space=1,delta=1
     8                           	psect	cstackBANK0,global,class=BANK0,space=1,delta=1
     9                           	psect	maintext,global,class=CODE,split=1,delta=2
    10                           	psect	text1,local,class=CODE,merge=1,delta=2
    11                           	psect	text2,local,class=CODE,merge=1,delta=2
    12                           	psect	intentry,global,class=CODE,delta=2
    13                           	dabs	1,0x7E,2
    14  0000                     	;# 
    15  0001                     	;# 
    16  0002                     	;# 
    17  0003                     	;# 
    18  0004                     	;# 
    19  0005                     	;# 
    20  0006                     	;# 
    21  0007                     	;# 
    22  0008                     	;# 
    23  0009                     	;# 
    24  000A                     	;# 
    25  000B                     	;# 
    26  000C                     	;# 
    27  000D                     	;# 
    28  000E                     	;# 
    29  000E                     	;# 
    30  000F                     	;# 
    31  0010                     	;# 
    32  0011                     	;# 
    33  0012                     	;# 
    34  0013                     	;# 
    35  0014                     	;# 
    36  0015                     	;# 
    37  0015                     	;# 
    38  0016                     	;# 
    39  0017                     	;# 
    40  0018                     	;# 
    41  0019                     	;# 
    42  001A                     	;# 
    43  001B                     	;# 
    44  001B                     	;# 
    45  001C                     	;# 
    46  001D                     	;# 
    47  001E                     	;# 
    48  001F                     	;# 
    49  0081                     	;# 
    50  0085                     	;# 
    51  0086                     	;# 
    52  0087                     	;# 
    53  0088                     	;# 
    54  0089                     	;# 
    55  008C                     	;# 
    56  008D                     	;# 
    57  008E                     	;# 
    58  0091                     	;# 
    59  0092                     	;# 
    60  0093                     	;# 
    61  0094                     	;# 
    62  0098                     	;# 
    63  0099                     	;# 
    64  009C                     	;# 
    65  009D                     	;# 
    66  009E                     	;# 
    67  009F                     	;# 
    68  010C                     	;# 
    69  010D                     	;# 
    70  010E                     	;# 
    71  010F                     	;# 
    72  018C                     	;# 
    73  018D                     	;# 
    74  000B                     _INTCONbits	set	11
    75  0005                     _PORTAbits	set	5
    76  0007                     _PORTC	set	7
    77  0008                     _PORTD	set	8
    78  009F                     _ADCON1	set	159
    79  0081                     _OPTION_REGbits	set	129
    80  0085                     _TRISAbits	set	133
    81  0086                     _TRISBbits	set	134
    82  0087                     _TRISC	set	135
    83  0088                     _TRISD	set	136
    84                           
    85                           	psect	text0
    86  0000                     __ptext0:	
    87                           ; #config settings
    88                           
    89                           
    90                           ;psect for function _ISR
    91  0000                     
    92                           	psect	cinit
    93  0015                     start_initialization:	
    94  0015                     __initialization:	
    95                           
    96                           ; Clear objects allocated to COMMON
    97  0015  01F7               	clrf	__pbssCOMMON& (0+127)
    98  0016  01F8               	clrf	(__pbssCOMMON+1)& (0+127)
    99  0017  01F9               	clrf	(__pbssCOMMON+2)& (0+127)
   100  0018                     end_of_initialization:	
   101                           ;End of C runtime variable initialization code
   102                           
   103  0018                     __end_of__initialization:	
   104  0018  0183               	clrf	3
   105  0019  120A  118A  2885   	ljmp	_main	;jump to C main() function
   106                           
   107                           	psect	bssCOMMON
   108  0077                     __pbssCOMMON:	
   109  0077                     _overflow_count:	
   110  0077                     	ds	2
   111  0079                     _count_flag:	
   112  0079                     	ds	1
   113                           
   114                           	psect	cstackCOMMON
   115  0070                     __pcstackCOMMON:	
   116  0070                     ?_ISR:	
   117  0070                     ??_ISR:	
   118                           ; 0 bytes @ 0x0
   119                           
   120  0070                     ?_delay:	
   121                           ; 0 bytes @ 0x0
   122                           
   123  0070                     ?_main:	
   124                           ; 0 bytes @ 0x0
   125                           
   126                           
   127                           ; 2 bytes @ 0x0
   128  0070                     	ds	5
   129  0075                     ISR@code:	
   130                           
   131                           ; 1 bytes @ 0x5
   132  0075                     	ds	1
   133  0076                     ISR@digit:	
   134                           
   135                           ; 1 bytes @ 0x6
   136  0076                     	ds	1
   137                           
   138                           	psect	cstackBANK0
   139  0020                     __pcstackBANK0:	
   140  0020                     ??_delay:	
   141  0020                     ??_main:	
   142                           ; 0 bytes @ 0x0
   143                           
   144                           
   145                           ; 0 bytes @ 0x0
   146  0020                     	ds	1
   147                           
   148                           	psect	maintext
   149  0085                     __pmaintext:	
   150 ;;
   151 ;;Main: autosize = 0, tempsize = 1, incstack = 0, save=0
   152 ;;
   153 ;; *************** function _main *****************
   154 ;; Defined at:
   155 ;;		line 65 in file "C:\Users\user\OneDrive\Documents\COLLEGE\CPE3201---Embedded-Systems\PracticalActivities\PA3\Bordari
      +o_PA3-2.c"
   156 ;; Parameters:    Size  Location     Type
   157 ;;		None
   158 ;; Auto vars:     Size  Location     Type
   159 ;;		None
   160 ;; Return value:  Size  Location     Type
   161 ;;                  2   51[COMMON] int 
   162 ;; Registers used:
   163 ;;		wreg, status,2, status,0, pclath, cstack
   164 ;; Tracked objects:
   165 ;;		On entry : 17F/0
   166 ;;		On exit  : 0/0
   167 ;;		Unchanged: 0/0
   168 ;; Data sizes:     COMMON   BANK0   BANK1   BANK3   BANK2
   169 ;;      Params:         0       0       0       0       0
   170 ;;      Locals:         0       0       0       0       0
   171 ;;      Temps:          0       1       0       0       0
   172 ;;      Totals:         0       1       0       0       0
   173 ;;Total ram usage:        1 bytes
   174 ;; Hardware stack levels required when called:    2
   175 ;; This function calls:
   176 ;;		_delay
   177 ;; This function is called by:
   178 ;;		Startup code after reset
   179 ;; This function uses a non-reentrant model
   180 ;;
   181                           
   182                           
   183                           ;psect for function _main
   184  0085                     _main:	
   185                           
   186                           ;Bordario_PA3-2.c: 67: ADCON1 = 0x06;
   187                           
   188                           ;incstack = 0
   189                           ; Regs used in _main: [wreg+status,2+status,0+pclath+cstack]
   190  0085  3006               	movlw	6
   191  0086  1683               	bsf	3,5	;RP0=1, select bank1
   192  0087  1303               	bcf	3,6	;RP1=0, select bank1
   193  0088  009F               	movwf	31	;volatile
   194                           
   195                           ;Bordario_PA3-2.c: 68: TRISAbits.TRISA0 = 0;
   196  0089  1005               	bcf	5,0	;volatile
   197                           
   198                           ;Bordario_PA3-2.c: 69: TRISBbits.TRISB0 = 1;
   199  008A  1406               	bsf	6,0	;volatile
   200                           
   201                           ;Bordario_PA3-2.c: 70: TRISC = 0x00;
   202  008B  0187               	clrf	7	;volatile
   203                           
   204                           ;Bordario_PA3-2.c: 71: TRISD = 0xFF;
   205  008C  30FF               	movlw	255
   206  008D  0088               	movwf	8	;volatile
   207                           
   208                           ;Bordario_PA3-2.c: 73: PORTAbits.RA0 = 0;
   209  008E  1283               	bcf	3,5	;RP0=0, select bank0
   210  008F  1303               	bcf	3,6	;RP1=0, select bank0
   211  0090  1005               	bcf	5,0	;volatile
   212                           
   213                           ;Bordario_PA3-2.c: 74: PORTC = 0x00;
   214  0091  0187               	clrf	7	;volatile
   215                           
   216                           ;Bordario_PA3-2.c: 77: OPTION_REGbits.INTEDG = 1;
   217  0092  1683               	bsf	3,5	;RP0=1, select bank1
   218  0093  1303               	bcf	3,6	;RP1=0, select bank1
   219  0094  1701               	bsf	1,6	;volatile
   220                           
   221                           ;Bordario_PA3-2.c: 78: INTCONbits.INTE = 1;
   222  0095  160B               	bsf	11,4	;volatile
   223                           
   224                           ;Bordario_PA3-2.c: 79: INTCONbits.INTF = 0;
   225  0096  108B               	bcf	11,1	;volatile
   226                           
   227                           ;Bordario_PA3-2.c: 82: OPTION_REGbits.T0CS = 0;
   228  0097  1281               	bcf	1,5	;volatile
   229                           
   230                           ;Bordario_PA3-2.c: 83: OPTION_REGbits.PSA = 0;
   231  0098  1181               	bcf	1,3	;volatile
   232                           
   233                           ;Bordario_PA3-2.c: 84: OPTION_REGbits.PS2 = 1;
   234  0099  1501               	bsf	1,2	;volatile
   235                           
   236                           ;Bordario_PA3-2.c: 85: OPTION_REGbits.PS1 = 0;
   237  009A  1081               	bcf	1,1	;volatile
   238                           
   239                           ;Bordario_PA3-2.c: 86: OPTION_REGbits.PS0 = 0;
   240  009B  1001               	bcf	1,0	;volatile
   241                           
   242                           ;Bordario_PA3-2.c: 88: INTCONbits.T0IE = 1;
   243  009C  168B               	bsf	11,5	;volatile
   244                           
   245                           ;Bordario_PA3-2.c: 89: INTCONbits.T0IF = 0;
   246  009D  110B               	bcf	11,2	;volatile
   247                           
   248                           ;Bordario_PA3-2.c: 91: INTCONbits.GIE = 1;
   249  009E  178B               	bsf	11,7	;volatile
   250  009F                     l676:	
   251                           ;Bordario_PA3-2.c: 94: while (1) {
   252                           
   253                           
   254                           ;Bordario_PA3-2.c: 95: PORTAbits.RA0 ^= 1;
   255  009F  1283               	bcf	3,5	;RP0=0, select bank0
   256  00A0  1303               	bcf	3,6	;RP1=0, select bank0
   257  00A1  0805               	movf	5,w	;volatile
   258  00A2  3901               	andlw	1
   259  00A3  00A0               	movwf	??_main
   260  00A4  3001               	movlw	1
   261  00A5  06A0               	xorwf	??_main,f
   262  00A6  0805               	movf	5,w	;volatile
   263  00A7  0620               	xorwf	??_main,w
   264  00A8  39FE               	andlw	-2
   265  00A9  0620               	xorwf	??_main,w
   266  00AA  0085               	movwf	5	;volatile
   267                           
   268                           ;Bordario_PA3-2.c: 96: delay();
   269  00AB  120A  118A  20B1  120A  118A  	fcall	_delay
   270  00B0  289F               	goto	l676
   271  00B1                     __end_of_main:	
   272                           ;Bordario_PA3-2.c: 97: }
   273                           ;Bordario_PA3-2.c: 99: return 0;
   274                           ;	Return value of _main is never used
   275                           
   276                           
   277                           	psect	text1
   278  00B1                     __ptext1:	
   279 ;; *************** function _delay *****************
   280 ;; Defined at:
   281 ;;		line 60 in file "C:\Users\user\OneDrive\Documents\COLLEGE\CPE3201---Embedded-Systems\PracticalActivities\PA3\Bordari
      +o_PA3-2.c"
   282 ;; Parameters:    Size  Location     Type
   283 ;;		None
   284 ;; Auto vars:     Size  Location     Type
   285 ;;		None
   286 ;; Return value:  Size  Location     Type
   287 ;;		None               void
   288 ;; Registers used:
   289 ;;		wreg, status,2
   290 ;; Tracked objects:
   291 ;;		On entry : 0/0
   292 ;;		On exit  : 0/0
   293 ;;		Unchanged: 0/0
   294 ;; Data sizes:     COMMON   BANK0   BANK1   BANK3   BANK2
   295 ;;      Params:         0       0       0       0       0
   296 ;;      Locals:         0       0       0       0       0
   297 ;;      Temps:          0       0       0       0       0
   298 ;;      Totals:         0       0       0       0       0
   299 ;;Total ram usage:        0 bytes
   300 ;; Hardware stack levels used:    1
   301 ;; Hardware stack levels required when called:    1
   302 ;; This function calls:
   303 ;;		Nothing
   304 ;; This function is called by:
   305 ;;		_main
   306 ;; This function uses a non-reentrant model
   307 ;;
   308                           
   309                           
   310                           ;psect for function _delay
   311  00B1                     _delay:	
   312                           
   313                           ;Bordario_PA3-2.c: 61: count_flag = 0;
   314                           
   315                           ;incstack = 0
   316                           ; Regs used in _delay: [wreg+status,2]
   317  00B1  01F9               	clrf	_count_flag	;volatile
   318  00B2                     l640:	
   319                           ;Bordario_PA3-2.c: 62: while (count_flag == 0);
   320                           
   321  00B2  0879               	movf	_count_flag,w	;volatile
   322  00B3  1D03               	skipz
   323  00B4  0008               	return
   324  00B5  28B2               	goto	l640
   325  00B6                     __end_of_delay:	
   326                           
   327                           	psect	text2
   328  001C                     __ptext2:	
   329 ;; *************** function _ISR *****************
   330 ;; Defined at:
   331 ;;		line 19 in file "C:\Users\user\OneDrive\Documents\COLLEGE\CPE3201---Embedded-Systems\PracticalActivities\PA3\Bordari
      +o_PA3-2.c"
   332 ;; Parameters:    Size  Location     Type
   333 ;;		None
   334 ;; Auto vars:     Size  Location     Type
   335 ;;  digit           1    6[COMMON] unsigned char 
   336 ;;  code            1    5[COMMON] unsigned char 
   337 ;; Return value:  Size  Location     Type
   338 ;;		None               void
   339 ;; Registers used:
   340 ;;		wreg, fsr0l, fsr0h, status,2, status,0
   341 ;; Tracked objects:
   342 ;;		On entry : 0/0
   343 ;;		On exit  : 0/0
   344 ;;		Unchanged: 0/0
   345 ;; Data sizes:     COMMON   BANK0   BANK1   BANK3   BANK2
   346 ;;      Params:         0       0       0       0       0
   347 ;;      Locals:         2       0       0       0       0
   348 ;;      Temps:          5       0       0       0       0
   349 ;;      Totals:         7       0       0       0       0
   350 ;;Total ram usage:        7 bytes
   351 ;; Hardware stack levels used:    1
   352 ;; This function calls:
   353 ;;		Nothing
   354 ;; This function is called by:
   355 ;;		Interrupt level 1
   356 ;; This function uses a non-reentrant model
   357 ;;
   358                           
   359                           
   360                           ;psect for function _ISR
   361  001C                     _ISR:	
   362                           
   363                           ;Bordario_PA3-2.c: 20: INTCONbits.GIE = 0;
   364  001C  138B               	bcf	11,7	;volatile
   365                           
   366                           ;Bordario_PA3-2.c: 23: if (INTCONbits.INTF) {
   367  001D  1C8B               	btfss	11,1	;volatile
   368  001E  2863               	goto	i1l550
   369                           
   370                           ;Bordario_PA3-2.c: 24: INTCONbits.INTF = 0;
   371  001F  108B               	bcf	11,1	;volatile
   372                           
   373                           ;Bordario_PA3-2.c: 26: unsigned char code = PORTD & 0x0F;
   374  0020  0808               	movf	8,w	;volatile
   375  0021  390F               	andlw	15
   376  0022  00F0               	movwf	??_ISR
   377  0023  0870               	movf	??_ISR,w
   378  0024  00F5               	movwf	ISR@code
   379                           
   380                           ;Bordario_PA3-2.c: 27: unsigned char digit = 0;
   381  0025  01F6               	clrf	ISR@digit
   382                           
   383                           ;Bordario_PA3-2.c: 29: switch (code) {
   384  0026  2841               	goto	i1l546
   385  0027                     i1l29:	
   386                           ;Bordario_PA3-2.c: 30: case 0x00: digit = 1; break;
   387                           
   388  0027  01F6               	clrf	ISR@digit
   389  0028  0AF6               	incf	ISR@digit,f
   390  0029  2861               	goto	i1l548
   391  002A                     i1l524:	
   392                           ;Bordario_PA3-2.c: 31: case 0x01: digit = 2; break;
   393                           
   394  002A  3002               	movlw	2
   395  002B  283D               	goto	L8
   396  002C                     i1l526:	
   397                           ;Bordario_PA3-2.c: 32: case 0x02: digit = 3; break;
   398                           
   399  002C  3003               	movlw	3
   400  002D  283D               	goto	L8
   401  002E                     i1l528:	
   402                           ;Bordario_PA3-2.c: 33: case 0x04: digit = 4; break;
   403                           
   404  002E  3004               	movlw	4
   405  002F  283D               	goto	L8
   406  0030                     i1l530:	
   407                           ;Bordario_PA3-2.c: 34: case 0x05: digit = 5; break;
   408                           
   409  0030  3005               	movlw	5
   410  0031  283D               	goto	L8
   411  0032                     i1l532:	
   412                           ;Bordario_PA3-2.c: 35: case 0x06: digit = 6; break;
   413                           
   414  0032  3006               	movlw	6
   415  0033  283D               	goto	L8
   416  0034                     i1l534:	
   417                           ;Bordario_PA3-2.c: 36: case 0x08: digit = 7; break;
   418                           
   419  0034  3007               	movlw	7
   420  0035  283D               	goto	L8
   421  0036                     i1l536:	
   422                           ;Bordario_PA3-2.c: 37: case 0x09: digit = 8; break;
   423                           
   424  0036  3008               	movlw	8
   425  0037  283D               	goto	L8
   426  0038                     i1l538:	
   427                           ;Bordario_PA3-2.c: 38: case 0x0A: digit = 9; break;
   428                           
   429  0038  3009               	movlw	9
   430  0039  283D               	goto	L8
   431  003A                     i1l540:	
   432                           ;Bordario_PA3-2.c: 39: case 0x0D: digit = 0; break;
   433                           
   434  003A  01F6               	clrf	ISR@digit
   435  003B  2861               	goto	i1l548
   436  003C                     i1l542:	
   437                           ;Bordario_PA3-2.c: 40: default: digit = PORTC; break;
   438                           
   439  003C  0807               	movf	7,w	;volatile
   440  003D                     L8:	
   441  003D  00F0               	movwf	??_ISR
   442  003E  0870               	movf	??_ISR,w
   443  003F  00F6               	movwf	ISR@digit
   444                           
   445                           ;Bordario_PA3-2.c: 41: }
   446  0040  2861               	goto	i1l548
   447  0041                     i1l546:	
   448  0041  0875               	movf	ISR@code,w
   449                           
   450                           ; Switch size 1, requested type "space"
   451                           ; Number of cases is 10, Range of values is 0 to 13
   452                           ; switch strategies available:
   453                           ; Name         Instructions Cycles
   454                           ; simple_byte           31    16 (average)
   455                           ; direct_byte           50     8 (fixed)
   456                           ; jumptable            260     6 (fixed)
   457                           ;	Chosen strategy is simple_byte
   458  0042  3A00               	xorlw	0	; case 0
   459  0043  1903               	skipnz
   460  0044  2827               	goto	i1l29
   461  0045  3A01               	xorlw	1	; case 1
   462  0046  1903               	skipnz
   463  0047  282A               	goto	i1l524
   464  0048  3A03               	xorlw	3	; case 2
   465  0049  1903               	skipnz
   466  004A  282C               	goto	i1l526
   467  004B  3A06               	xorlw	6	; case 4
   468  004C  1903               	skipnz
   469  004D  282E               	goto	i1l528
   470  004E  3A01               	xorlw	1	; case 5
   471  004F  1903               	skipnz
   472  0050  2830               	goto	i1l530
   473  0051  3A03               	xorlw	3	; case 6
   474  0052  1903               	skipnz
   475  0053  2832               	goto	i1l532
   476  0054  3A0E               	xorlw	14	; case 8
   477  0055  1903               	skipnz
   478  0056  2834               	goto	i1l534
   479  0057  3A01               	xorlw	1	; case 9
   480  0058  1903               	skipnz
   481  0059  2836               	goto	i1l536
   482  005A  3A03               	xorlw	3	; case 10
   483  005B  1903               	skipnz
   484  005C  2838               	goto	i1l538
   485  005D  3A07               	xorlw	7	; case 13
   486  005E  1903               	skipnz
   487  005F  283A               	goto	i1l540
   488  0060  283C               	goto	i1l542
   489  0061                     i1l548:	
   490                           
   491                           ;Bordario_PA3-2.c: 42: PORTC = digit;
   492  0061  0876               	movf	ISR@digit,w
   493  0062  0087               	movwf	7	;volatile
   494  0063                     i1l550:	
   495                           
   496                           ;Bordario_PA3-2.c: 43: }
   497                           ;Bordario_PA3-2.c: 46: if (INTCONbits.T0IF) {
   498  0063  1D0B               	btfss	11,2	;volatile
   499  0064  2879               	goto	i1l560
   500                           
   501                           ;Bordario_PA3-2.c: 47: INTCONbits.T0IF = 0;
   502  0065  110B               	bcf	11,2	;volatile
   503                           
   504                           ;Bordario_PA3-2.c: 48: overflow_count++;
   505  0066  3001               	movlw	1
   506  0067  07F7               	addwf	_overflow_count,f	;volatile
   507  0068  1803               	skipnc
   508  0069  0AF8               	incf	_overflow_count+1,f	;volatile
   509  006A  3000               	movlw	0
   510  006B  07F8               	addwf	_overflow_count+1,f	;volatile
   511                           
   512                           ;Bordario_PA3-2.c: 50: if (overflow_count >= 122) {
   513  006C  3000               	movlw	0
   514  006D  0278               	subwf	_overflow_count+1,w	;volatile
   515  006E  307A               	movlw	122
   516  006F  1903               	skipnz
   517  0070  0277               	subwf	_overflow_count,w	;volatile
   518  0071  1C03               	skipc
   519  0072  2879               	goto	i1l560
   520                           
   521                           ;Bordario_PA3-2.c: 51: count_flag = 1;
   522  0073  3001               	movlw	1
   523  0074  00F0               	movwf	??_ISR
   524  0075  0870               	movf	??_ISR,w
   525  0076  00F9               	movwf	_count_flag	;volatile
   526                           
   527                           ;Bordario_PA3-2.c: 52: overflow_count = 0;
   528  0077  01F7               	clrf	_overflow_count	;volatile
   529  0078  01F8               	clrf	_overflow_count+1	;volatile
   530  0079                     i1l560:	
   531                           
   532                           ;Bordario_PA3-2.c: 53: }
   533                           ;Bordario_PA3-2.c: 54: }
   534                           ;Bordario_PA3-2.c: 56: INTCONbits.GIE = 1;
   535  0079  178B               	bsf	11,7	;volatile
   536  007A  0874               	movf	??_ISR+4,w
   537  007B  00FF               	movwf	127
   538  007C  0873               	movf	??_ISR+3,w
   539  007D  008A               	movwf	10
   540  007E  0872               	movf	??_ISR+2,w
   541  007F  0084               	movwf	4
   542  0080  0E71               	swapf	(??_ISR+1)^(0+-128),w
   543  0081  0083               	movwf	3
   544  0082  0EFE               	swapf	126,f
   545  0083  0E7E               	swapf	126,w
   546  0084  0009               	retfie
   547  0085                     __end_of_ISR:	
   548  007E                     btemp	set	126	;btemp
   549  007E                     wtemp	set	126
   550  007E                     wtemp0	set	126
   551  0080                     wtemp1	set	128
   552  0082                     wtemp2	set	130
   553  0084                     wtemp3	set	132
   554  0086                     wtemp4	set	134
   555  0088                     wtemp5	set	136
   556  007F                     wtemp6	set	127
   557  007E                     ttemp	set	126
   558  007E                     ttemp0	set	126
   559  0081                     ttemp1	set	129
   560  0084                     ttemp2	set	132
   561  0087                     ttemp3	set	135
   562  007F                     ttemp4	set	127
   563  007E                     ltemp	set	126
   564  007E                     ltemp0	set	126
   565  0082                     ltemp1	set	130
   566  0086                     ltemp2	set	134
   567  0080                     ltemp3	set	128
   568                           
   569                           	psect	intentry
   570  0004                     __pintentry:	
   571                           ;incstack = 0
   572                           ; Regs used in _ISR: [wreg-fsr0h+status,2+status,0]
   573                           
   574  0004                     interrupt_function:	
   575  007E                     saved_w	set	btemp
   576  0004  00FE               	movwf	btemp
   577  0005  0E03               	swapf	3,w
   578  0006  00F1               	movwf	??_ISR+1
   579  0007  0804               	movf	4,w
   580  0008  00F2               	movwf	??_ISR+2
   581  0009  080A               	movf	10,w
   582  000A  00F3               	movwf	??_ISR+3
   583  000B  1283               	bcf	3,5	;RP0=0, select bank0
   584  000C  1303               	bcf	3,6	;RP1=0, select bank0
   585  000D  087F               	movf	btemp+1,w
   586  000E  00F4               	movwf	??_ISR+4
   587  000F  120A  118A  281C   	ljmp	_ISR


Data Sizes:
    Strings     0
    Constant    0
    Data        0
    BSS         3
    Persistent  0
    Stack       0

Auto Spaces:
    Space          Size  Autos    Used
    COMMON           14      7      10
    BANK0            80      1       1
    BANK1            80      0       0
    BANK3            96      0       0
    BANK2            96      0       0

Pointer List with Targets:

    None.

Critical Paths under _main in COMMON

    None.

Critical Paths under _ISR in COMMON

    None.

Critical Paths under _main in BANK0

    None.

Critical Paths under _ISR in BANK0

    None.

Critical Paths under _main in BANK1

    None.

Critical Paths under _ISR in BANK1

    None.

Critical Paths under _main in BANK3

    None.

Critical Paths under _ISR in BANK3

    None.

Critical Paths under _main in BANK2

    None.

Critical Paths under _ISR in BANK2

    None.

Call Graph Tables:

 ---------------------------------------------------------------------------------
 (Depth) Function   	        Calls       Base Space   Used Autos Params    Refs
 ---------------------------------------------------------------------------------
 (0) _main                                                 1     1      0       0
                                              0 BANK0      1     1      0
                              _delay
 ---------------------------------------------------------------------------------
 (1) _delay                                                0     0      0       0
 ---------------------------------------------------------------------------------
 Estimated maximum stack depth 1
 ---------------------------------------------------------------------------------
 (Depth) Function   	        Calls       Base Space   Used Autos Params    Refs
 ---------------------------------------------------------------------------------
 (2) _ISR                                                  7     7      0      30
                                              0 COMMON     7     7      0
 ---------------------------------------------------------------------------------
 Estimated maximum stack depth 2
 ---------------------------------------------------------------------------------

 Call Graph Graphs:

 _main (ROOT)
   _delay

 _ISR (ROOT)

 Address spaces:
Name               Size   Autos  Total    Cost      Usage
BITCOMMON            E      0       0       0        0.0%
EEDATA             100      0       0       0        0.0%
NULL                 0      0       0       0        0.0%
CODE                 0      0       0       0        0.0%
COMMON               E      7       A       1       71.4%
BITSFR0              0      0       0       1        0.0%
SFR0                 0      0       0       1        0.0%
BITSFR1              0      0       0       2        0.0%
SFR1                 0      0       0       2        0.0%
STACK                0      0       0       2        0.0%
ABS                  0      0       B       3        0.0%
BITBANK0            50      0       0       4        0.0%
BITSFR3              0      0       0       4        0.0%
SFR3                 0      0       0       4        0.0%
BANK0               50      1       1       5        1.3%
BITSFR2              0      0       0       5        0.0%
SFR2                 0      0       0       5        0.0%
BITBANK1            50      0       0       6        0.0%
BANK1               50      0       0       7        0.0%
BITBANK3            60      0       0       8        0.0%
BANK3               60      0       0       9        0.0%
BITBANK2            60      0       0      10        0.0%
BANK2               60      0       0      11        0.0%
DATA                 0      0       B      12        0.0%


Microchip Technology PIC Macro Assembler V1.33 build 59893 
Symbol Table                                                                                   Mon Mar 16 02:02:57 2026

            __CFG_CP$OFF 0000                      l640 00B2                      l676 009F  
           __CFG_CPD$OFF 0000                      _ISR 001C                      fsr0 0004  
           __CFG_FOSC$XT 0000             __CFG_LVP$OFF 0000                     ?_ISR 0070  
                   i1l29 0027             __CFG_WRT$OFF 0000                     _main 0085  
                   btemp 007E            __CFG_BOREN$ON 0000                     ltemp 007E  
                   start 0012                     ttemp 007E                     wtemp 007E  
                  ??_ISR 0070                    ?_main 0070            __CFG_WDTE$OFF 0000  
                  i1l530 0030                    i1l540 003A                    i1l532 0032  
                  i1l524 002A                    i1l542 003C                    i1l534 0034  
                  i1l526 002C                    i1l550 0063                    i1l560 0079  
                  i1l536 0036                    i1l528 002E                    i1l538 0038  
                  i1l546 0041                    i1l548 0061                    _PORTC 0007  
                  _PORTD 0008                    _TRISC 0087                    _TRISD 0088  
          __CFG_PWRTE$ON 0000                    _delay 00B1                    pclath 000A  
                  ltemp0 007E                    ltemp1 0082                    ltemp2 0086  
                  ltemp3 0080                    ttemp0 007E                    ttemp1 0081  
                  ttemp2 0084                    ttemp3 0087                    ttemp4 007F  
                  status 0003                    wtemp0 007E                    wtemp1 0080  
                  wtemp2 0082                    wtemp3 0084                    wtemp4 0086  
                  wtemp5 0088                    wtemp6 007F          __initialization 0015  
           __end_of_main 00B1                   ??_main 0020                   ?_delay 0070  
                 _ADCON1 009F                   saved_w 007E  __end_of__initialization 0018  
         __pcstackCOMMON 0070            __end_of_delay 00B6           _OPTION_REGbits 0081  
                ??_delay 0020                  ISR@code 0075               __pmaintext 0085  
             __pintentry 0004               _count_flag 0079                  __ptext0 0000  
                __ptext1 00B1                  __ptext2 001C             __size_of_ISR 0069  
   end_of_initialization 0018                _PORTAbits 0005                _TRISAbits 0085  
              _TRISBbits 0086      start_initialization 0015              __end_of_ISR 0085  
            __pbssCOMMON 0077                ___latbits 0002            __pcstackBANK0 0020  
               ISR@digit 0076           __size_of_delay 0005        interrupt_function 0004  
          __size_of_main 002C           _overflow_count 0077               _INTCONbits 000B  
               intlevel1 0000  
