

Microchip Technology PIC LITE Macro Assembler V1.33 build 59893 
                                                                                               Wed Feb 18 09:48:24 2026

Microchip Technology Omniscient Code Generator (Lite mode) build 59893
     1                           	processor	16F877A
     2                           	opt	pw 120
     3                           	opt	lm
     4                           	psect	maintext,global,class=CODE,split=1,delta=2
     5                           	psect	cinit,global,class=CODE,merge=1,delta=2
     6                           	psect	cstackCOMMON,global,class=COMMON,space=1,delta=1
     7                           	dabs	1,0x7E,2
     8  0000                     	;# 
     9  0001                     	;# 
    10  0002                     	;# 
    11  0003                     	;# 
    12  0004                     	;# 
    13  0005                     	;# 
    14  0006                     	;# 
    15  0007                     	;# 
    16  0008                     	;# 
    17  0009                     	;# 
    18  000A                     	;# 
    19  000B                     	;# 
    20  000C                     	;# 
    21  000D                     	;# 
    22  000E                     	;# 
    23  000E                     	;# 
    24  000F                     	;# 
    25  0010                     	;# 
    26  0011                     	;# 
    27  0012                     	;# 
    28  0013                     	;# 
    29  0014                     	;# 
    30  0015                     	;# 
    31  0015                     	;# 
    32  0016                     	;# 
    33  0017                     	;# 
    34  0018                     	;# 
    35  0019                     	;# 
    36  001A                     	;# 
    37  001B                     	;# 
    38  001B                     	;# 
    39  001C                     	;# 
    40  001D                     	;# 
    41  001E                     	;# 
    42  001F                     	;# 
    43  0081                     	;# 
    44  0085                     	;# 
    45  0086                     	;# 
    46  0087                     	;# 
    47  0088                     	;# 
    48  0089                     	;# 
    49  008C                     	;# 
    50  008D                     	;# 
    51  008E                     	;# 
    52  0091                     	;# 
    53  0092                     	;# 
    54  0093                     	;# 
    55  0094                     	;# 
    56  0098                     	;# 
    57  0099                     	;# 
    58  009C                     	;# 
    59  009D                     	;# 
    60  009E                     	;# 
    61  009F                     	;# 
    62  010C                     	;# 
    63  010D                     	;# 
    64  010E                     	;# 
    65  010F                     	;# 
    66  018C                     	;# 
    67  018D                     	;# 
    68  0006                     _PORTB	set	6
    69  0028                     _RA0	set	40
    70  009F                     _ADCON1	set	159
    71  0085                     _TRISA	set	133
    72  0086                     _TRISB	set	134
    73                           
    74                           	psect	maintext
    75  0768                     __pmaintext:	
    76                           ; #config settings
    77                           
    78                           
    79                           ;psect for function _main
    80  0000                     
    81 ;;
    82 ;;Main: autosize = 0, tempsize = 0, incstack = 0, save=0
    83 ;;
    84 ;; *************** function _main *****************
    85 ;; Defined at:
    86 ;;		line 12 in file "Z:\CPE3201 - Bordario\PracticalActivities\PA1\PA1.c"
    87 ;; Parameters:    Size  Location     Type
    88 ;;		None
    89 ;; Auto vars:     Size  Location     Type
    90 ;;  cnt             2    2[COMMON] int 
    91 ;;  i               2    0[COMMON] int 
    92 ;; Return value:  Size  Location     Type
    93 ;;		None               void
    94 ;; Registers used:
    95 ;;		wreg, status,2, btemp+1
    96 ;; Tracked objects:
    97 ;;		On entry : 17F/0
    98 ;;		On exit  : 0/0
    99 ;;		Unchanged: 0/0
   100 ;; Data sizes:     COMMON   BANK0   BANK1   BANK3   BANK2
   101 ;;      Params:         0       0       0       0       0
   102 ;;      Locals:         4       0       0       0       0
   103 ;;      Temps:          0       0       0       0       0
   104 ;;      Totals:         4       0       0       0       0
   105 ;;Total ram usage:        4 bytes
   106 ;; This function calls:
   107 ;;		Nothing
   108 ;; This function is called by:
   109 ;;		Startup code after reset
   110 ;; This function uses a non-reentrant model
   111 ;;
   112  0768                     _main:	
   113                           
   114                           ;PA1.c: 14: int cnt, i;
   115                           ;PA1.c: 16: ADCON1 = 0x07;
   116                           
   117                           ;incstack = 0
   118                           ; Regs used in _main: [wreg+status,2+btemp+1]
   119  0768  3007               	movlw	7
   120  0769  1683               	bsf	3,5	;RP0=1, select bank1
   121  076A  1303               	bcf	3,6	;RP1=0, select bank1
   122  076B  009F               	movwf	31	;volatile
   123                           
   124                           ;PA1.c: 17: TRISB = 0x00;
   125  076C  0186               	clrf	6	;volatile
   126                           
   127                           ;PA1.c: 18: TRISA = 0xFF;
   128  076D  30FF               	movlw	255
   129  076E  0085               	movwf	5	;volatile
   130                           
   131                           ;PA1.c: 19: PORTB = 0x00;
   132  076F  1283               	bcf	3,5	;RP0=0, select bank0
   133  0770  1303               	bcf	3,6	;RP1=0, select bank0
   134  0771  0186               	clrf	6	;volatile
   135  0772                     l491:	
   136                           ;PA1.c: 21: for(;;)
   137                           
   138                           
   139                           ;PA1.c: 22: {
   140                           ;PA1.c: 24: if (RA0 == 1)
   141  0772  1C05               	btfss	5,0	;volatile
   142  0773  2F72               	goto	l491
   143                           
   144                           ;PA1.c: 25: {
   145                           ;PA1.c: 27: for(cnt = 0; cnt < 10000; cnt++);
   146  0774  01F2               	clrf	main@cnt
   147  0775  01F3               	clrf	main@cnt+1
   148  0776  0873               	movf	main@cnt+1,w
   149  0777  3A80               	xorlw	128
   150  0778  00FF               	movwf	127
   151  0779  30A7               	movlw	167
   152  077A  027F               	subwf	127,w
   153  077B  1D03               	skipz
   154  077C  2F7F               	goto	u25
   155  077D  3010               	movlw	16
   156  077E  0272               	subwf	main@cnt,w
   157  077F                     u25:	
   158  077F  1803               	btfsc	3,0
   159  0780  2F92               	goto	l16
   160  0781                     l499:	
   161  0781  3001               	movlw	1
   162  0782  07F2               	addwf	main@cnt,f
   163  0783  1803               	skipnc
   164  0784  0AF3               	incf	main@cnt+1,f
   165  0785  3000               	movlw	0
   166  0786  07F3               	addwf	main@cnt+1,f
   167  0787  0873               	movf	main@cnt+1,w
   168  0788  3A80               	xorlw	128
   169  0789  00FF               	movwf	127
   170  078A  30A7               	movlw	167
   171  078B  027F               	subwf	127,w
   172  078C  1D03               	skipz
   173  078D  2F90               	goto	u35
   174  078E  3010               	movlw	16
   175  078F  0272               	subwf	main@cnt,w
   176  0790                     u35:	
   177  0790  1C03               	skipc
   178  0791  2F81               	goto	l499
   179  0792                     l16:	
   180                           
   181                           ;PA1.c: 28: if (RA0 == 1)
   182  0792  1283               	bcf	3,5	;RP0=0, select bank0
   183  0793  1303               	bcf	3,6	;RP1=0, select bank0
   184  0794  1C05               	btfss	5,0	;volatile
   185  0795  2F72               	goto	l491
   186                           
   187                           ;PA1.c: 29: {
   188                           ;PA1.c: 31: for (i = 0; i < 3; i++)
   189  0796  01F0               	clrf	main@i
   190  0797  01F1               	clrf	main@i+1
   191  0798  0871               	movf	main@i+1,w
   192  0799  3A80               	xorlw	128
   193  079A  00FF               	movwf	127
   194  079B  3080               	movlw	128
   195  079C  027F               	subwf	127,w
   196  079D  1D03               	skipz
   197  079E  2FA1               	goto	u55
   198  079F  3003               	movlw	3
   199  07A0  0270               	subwf	main@i,w
   200  07A1                     u55:	
   201  07A1  1803               	btfsc	3,0
   202  07A2  2FF7               	goto	l24
   203  07A3                     l509:	
   204                           
   205                           ;PA1.c: 32: {
   206                           ;PA1.c: 33: PORTB = 0x01;
   207  07A3  3001               	movlw	1
   208  07A4  1283               	bcf	3,5	;RP0=0, select bank0
   209  07A5  1303               	bcf	3,6	;RP1=0, select bank0
   210  07A6  0086               	movwf	6	;volatile
   211                           
   212                           ;PA1.c: 34: for(cnt = 0; cnt < 10000; cnt++);
   213  07A7  01F2               	clrf	main@cnt
   214  07A8  01F3               	clrf	main@cnt+1
   215  07A9  0873               	movf	main@cnt+1,w
   216  07AA  3A80               	xorlw	128
   217  07AB  00FF               	movwf	127
   218  07AC  30A7               	movlw	167
   219  07AD  027F               	subwf	127,w
   220  07AE  1D03               	skipz
   221  07AF  2FB2               	goto	u65
   222  07B0  3010               	movlw	16
   223  07B1  0272               	subwf	main@cnt,w
   224  07B2                     u65:	
   225  07B2  1803               	btfsc	3,0
   226  07B3  2FC5               	goto	l521
   227  07B4                     l517:	
   228  07B4  3001               	movlw	1
   229  07B5  07F2               	addwf	main@cnt,f
   230  07B6  1803               	skipnc
   231  07B7  0AF3               	incf	main@cnt+1,f
   232  07B8  3000               	movlw	0
   233  07B9  07F3               	addwf	main@cnt+1,f
   234  07BA  0873               	movf	main@cnt+1,w
   235  07BB  3A80               	xorlw	128
   236  07BC  00FF               	movwf	127
   237  07BD  30A7               	movlw	167
   238  07BE  027F               	subwf	127,w
   239  07BF  1D03               	skipz
   240  07C0  2FC3               	goto	u75
   241  07C1  3010               	movlw	16
   242  07C2  0272               	subwf	main@cnt,w
   243  07C3                     u75:	
   244  07C3  1C03               	skipc
   245  07C4  2FB4               	goto	l517
   246  07C5                     l521:	
   247                           
   248                           ;PA1.c: 35: PORTB = 0x00;
   249  07C5  1283               	bcf	3,5	;RP0=0, select bank0
   250  07C6  1303               	bcf	3,6	;RP1=0, select bank0
   251  07C7  0186               	clrf	6	;volatile
   252                           
   253                           ;PA1.c: 36: for(cnt = 0; cnt < 10000; cnt++);
   254  07C8  01F2               	clrf	main@cnt
   255  07C9  01F3               	clrf	main@cnt+1
   256  07CA  0873               	movf	main@cnt+1,w
   257  07CB  3A80               	xorlw	128
   258  07CC  00FF               	movwf	127
   259  07CD  30A7               	movlw	167
   260  07CE  027F               	subwf	127,w
   261  07CF  1D03               	skipz
   262  07D0  2FD3               	goto	u85
   263  07D1  3010               	movlw	16
   264  07D2  0272               	subwf	main@cnt,w
   265  07D3                     u85:	
   266  07D3  1803               	btfsc	3,0
   267  07D4  2FE6               	goto	l531
   268  07D5                     l527:	
   269  07D5  3001               	movlw	1
   270  07D6  07F2               	addwf	main@cnt,f
   271  07D7  1803               	skipnc
   272  07D8  0AF3               	incf	main@cnt+1,f
   273  07D9  3000               	movlw	0
   274  07DA  07F3               	addwf	main@cnt+1,f
   275  07DB  0873               	movf	main@cnt+1,w
   276  07DC  3A80               	xorlw	128
   277  07DD  00FF               	movwf	127
   278  07DE  30A7               	movlw	167
   279  07DF  027F               	subwf	127,w
   280  07E0  1D03               	skipz
   281  07E1  2FE4               	goto	u95
   282  07E2  3010               	movlw	16
   283  07E3  0272               	subwf	main@cnt,w
   284  07E4                     u95:	
   285  07E4  1C03               	skipc
   286  07E5  2FD5               	goto	l527
   287  07E6                     l531:	
   288  07E6  3001               	movlw	1
   289  07E7  07F0               	addwf	main@i,f
   290  07E8  1803               	skipnc
   291  07E9  0AF1               	incf	main@i+1,f
   292  07EA  3000               	movlw	0
   293  07EB  07F1               	addwf	main@i+1,f
   294  07EC  0871               	movf	main@i+1,w
   295  07ED  3A80               	xorlw	128
   296  07EE  00FF               	movwf	127
   297  07EF  3080               	movlw	128
   298  07F0  027F               	subwf	127,w
   299  07F1  1D03               	skipz
   300  07F2  2FF5               	goto	u105
   301  07F3  3003               	movlw	3
   302  07F4  0270               	subwf	main@i,w
   303  07F5                     u105:	
   304  07F5  1C03               	skipc
   305  07F6  2FA3               	goto	l509
   306  07F7                     l24:	
   307                           ;PA1.c: 37: }
   308                           ;PA1.c: 40: while (RA0 == 1);
   309                           
   310  07F7  1283               	bcf	3,5	;RP0=0, select bank0
   311  07F8  1303               	bcf	3,6	;RP1=0, select bank0
   312  07F9  1C05               	btfss	5,0	;volatile
   313  07FA  2F72               	goto	l491
   314  07FB  2FF7               	goto	l24
   315  07FC                     __end_of_main:	
   316                           ;PA1.c: 41: }
   317                           ;PA1.c: 42: }
   318                           ;PA1.c: 43: }
   319                           
   320  007E                     btemp	set	126	;btemp
   321  007E                     wtemp	set	126
   322  007E                     wtemp0	set	126
   323  0080                     wtemp1	set	128
   324  0082                     wtemp2	set	130
   325  0084                     wtemp3	set	132
   326  0086                     wtemp4	set	134
   327  0088                     wtemp5	set	136
   328  007F                     wtemp6	set	127
   329  007E                     ttemp	set	126
   330  007E                     ttemp0	set	126
   331  0081                     ttemp1	set	129
   332  0084                     ttemp2	set	132
   333  0087                     ttemp3	set	135
   334  007F                     ttemp4	set	127
   335  007E                     ltemp	set	126
   336  007E                     ltemp0	set	126
   337  0082                     ltemp1	set	130
   338  0086                     ltemp2	set	134
   339  0080                     ltemp3	set	128
   340                           
   341                           	psect	cinit
   342  07FC                     start_initialization:	
   343  07FC                     __initialization:	
   344  07FC                     end_of_initialization:	
   345                           ;End of C runtime variable initialization code
   346                           
   347  07FC                     __end_of__initialization:	
   348  07FC  0183               	clrf	3
   349  07FD  120A  118A  2F68   	ljmp	_main	;jump to C main() function
   350                           
   351                           	psect	cstackCOMMON
   352  0070                     __pcstackCOMMON:	
   353  0070                     ?_main:	
   354  0070                     ??_main:	
   355                           ; 0 bytes @ 0x0
   356                           
   357  0070                     main@i:	
   358                           ; 0 bytes @ 0x0
   359                           
   360                           
   361                           ; 2 bytes @ 0x0
   362  0070                     	ds	2
   363  0072                     main@cnt:	
   364                           
   365                           ; 2 bytes @ 0x2
   366  0072                     	ds	2


Data Sizes:
    Strings     0
    Constant    0
    Data        0
    BSS         0
    Persistent  0
    Stack       0

Auto Spaces:
    Space          Size  Autos    Used
    COMMON           14      4       4
    BANK0            80      0       0
    BANK1            80      0       0
    BANK3            96      0       0
    BANK2            96      0       0

Pointer List with Targets:

    None.

Critical Paths under _main in COMMON

    None.

Critical Paths under _main in BANK0

    None.

Critical Paths under _main in BANK1

    None.

Critical Paths under _main in BANK3

    None.

Critical Paths under _main in BANK2

    None.

Call Graph Tables:

 ---------------------------------------------------------------------------------
 (Depth) Function   	        Calls       Base Space   Used Autos Params    Refs
 ---------------------------------------------------------------------------------
 (0) _main                                                 4     4      0     120
                                              0 COMMON     4     4      0
 ---------------------------------------------------------------------------------
 Estimated maximum stack depth 0
 ---------------------------------------------------------------------------------

 Call Graph Graphs:

 _main (ROOT)

 Address spaces:
Name               Size   Autos  Total    Cost      Usage
BITCOMMON            E      0       0       0        0.0%
EEDATA             100      0       0       0        0.0%
NULL                 0      0       0       0        0.0%
CODE                 0      0       0       0        0.0%
COMMON               E      4       4       1       28.6%
BITSFR0              0      0       0       1        0.0%
SFR0                 0      0       0       1        0.0%
BITSFR1              0      0       0       2        0.0%
SFR1                 0      0       0       2        0.0%
STACK                0      0       0       2        0.0%
ABS                  0      0       0       3        0.0%
BITBANK0            50      0       0       4        0.0%
BITSFR3              0      0       0       4        0.0%
SFR3                 0      0       0       4        0.0%
BANK0               50      0       0       5        0.0%
BITSFR2              0      0       0       5        0.0%
SFR2                 0      0       0       5        0.0%
BITBANK1            50      0       0       6        0.0%
BANK1               50      0       0       7        0.0%
BITBANK3            60      0       0       8        0.0%
BANK3               60      0       0       9        0.0%
BITBANK2            60      0       0      10        0.0%
BANK2               60      0       0      11        0.0%
DATA                 0      0       0      12        0.0%


Microchip Technology PIC Macro Assembler V1.33 build 59893 
Symbol Table                                                                                   Wed Feb 18 09:48:24 2026

            __CFG_CP$OFF 0000                       l24 07F7                       l16 0792  
                     u25 077F                       u35 0790                       u55 07A1  
                     u65 07B2                       u75 07C3                       u85 07D3  
                     u95 07E4                      l521 07C5                      l531 07E6  
                    l517 07B4                      l509 07A3                      l527 07D5  
                    l491 0772                      l499 0781                      _RA0 0028  
                    u105 07F5             __CFG_CPD$OFF 0000             __CFG_FOSC$XT 0000  
           __CFG_LVP$OFF 0000             __CFG_WRT$OFF 0000                     _main 0768  
                   btemp 007E            __CFG_BOREN$ON 0000                     ltemp 007E  
                   start 0000                     ttemp 007E                     wtemp 007E  
                  ?_main 0070            __CFG_WDTE$OFF 0000                    _PORTB 0006  
                  _TRISA 0085                    _TRISB 0086            __CFG_PWRTE$ON 0000  
                  main@i 0070                    ltemp0 007E                    ltemp1 0082  
                  ltemp2 0086                    ltemp3 0080                    ttemp0 007E  
                  ttemp1 0081                    ttemp2 0084                    ttemp3 0087  
                  ttemp4 007F                    status 0003                    wtemp0 007E  
                  wtemp1 0080                    wtemp2 0082                    wtemp3 0084  
                  wtemp4 0086                    wtemp5 0088                    wtemp6 007F  
        __initialization 07FC             __end_of_main 07FC                   ??_main 0070  
                 _ADCON1 009F  __end_of__initialization 07FC           __pcstackCOMMON 0070  
             __pmaintext 0768                  main@cnt 0072     end_of_initialization 07FC  
    start_initialization 07FC                ___latbits 0002            __size_of_main 0094  
