

Microchip Technology PIC LITE Macro Assembler V1.33 build 59893 
                                                                                               Mon Mar 02 08:14:10 2026

Microchip Technology Omniscient Code Generator (Lite mode) build 59893
     1                           	processor	16F877A
     2                           	opt	pw 120
     3                           	opt	lm
     4                           	psect	strings,global,class=STRING,delta=2
     5                           	psect	cinit,global,class=CODE,merge=1,delta=2
     6                           	psect	bssCOMMON,global,class=COMMON,space=1,delta=1
     7                           	psect	cstackCOMMON,global,class=COMMON,space=1,delta=1
     8                           	psect	maintext,global,class=CODE,split=1,delta=2
     9                           	psect	text1,local,class=CODE,merge=1,delta=2
    10                           	psect	text2,local,class=CODE,merge=1,delta=2
    11                           	psect	text3,local,class=CODE,merge=1,delta=2
    12                           	psect	text4,local,class=CODE,merge=1,delta=2
    13                           	psect	text5,local,class=CODE,merge=1,delta=2
    14                           	dabs	1,0x7E,2
    15  0000                     	;# 
    16  0001                     	;# 
    17  0002                     	;# 
    18  0003                     	;# 
    19  0004                     	;# 
    20  0005                     	;# 
    21  0006                     	;# 
    22  0007                     	;# 
    23  0008                     	;# 
    24  0009                     	;# 
    25  000A                     	;# 
    26  000B                     	;# 
    27  000C                     	;# 
    28  000D                     	;# 
    29  000E                     	;# 
    30  000E                     	;# 
    31  000F                     	;# 
    32  0010                     	;# 
    33  0011                     	;# 
    34  0012                     	;# 
    35  0013                     	;# 
    36  0014                     	;# 
    37  0015                     	;# 
    38  0015                     	;# 
    39  0016                     	;# 
    40  0017                     	;# 
    41  0018                     	;# 
    42  0019                     	;# 
    43  001A                     	;# 
    44  001B                     	;# 
    45  001B                     	;# 
    46  001C                     	;# 
    47  001D                     	;# 
    48  001E                     	;# 
    49  001F                     	;# 
    50  0081                     	;# 
    51  0085                     	;# 
    52  0086                     	;# 
    53  0087                     	;# 
    54  0088                     	;# 
    55  0089                     	;# 
    56  008C                     	;# 
    57  008D                     	;# 
    58  008E                     	;# 
    59  0091                     	;# 
    60  0092                     	;# 
    61  0093                     	;# 
    62  0094                     	;# 
    63  0098                     	;# 
    64  0099                     	;# 
    65  009C                     	;# 
    66  009D                     	;# 
    67  009E                     	;# 
    68  009F                     	;# 
    69  010C                     	;# 
    70  010D                     	;# 
    71  010E                     	;# 
    72  010F                     	;# 
    73  018C                     	;# 
    74  018D                     	;# 
    75                           
    76                           	psect	strings
    77  0003                     __pstrings:	
    78  0003                     stringtab:	
    79  0003                     __stringtab:	
    80  0003                     stringcode:	
    81                           ;	String table - string pointers are 1 byte each
    82                           
    83  0003                     stringdir:	
    84  0003  3000               	movlw	high stringdir
    85  0004  008A               	movwf	10
    86  0005  0804               	movf	4,w
    87  0006  0A84               	incf	4,f
    88  0007  0782               	addwf	2,f
    89  0008                     __stringbase:	
    90  0008  3400               	retlw	0
    91  0009                     __end_of__stringtab:	
    92  0009                     decodeKey@table:	
    93  0009  3431               	retlw	49
    94  000A  3432               	retlw	50
    95  000B  3433               	retlw	51
    96  000C  3441               	retlw	65
    97  000D  3434               	retlw	52
    98  000E  3435               	retlw	53
    99  000F  3436               	retlw	54
   100  0010  3442               	retlw	66
   101  0011  3437               	retlw	55
   102  0012  3438               	retlw	56
   103  0013  3439               	retlw	57
   104  0014  3443               	retlw	67
   105  0015  342A               	retlw	42
   106  0016  3430               	retlw	48
   107  0017  3423               	retlw	35
   108  0018  3444               	retlw	68
   109  0019                     __end_ofdecodeKey@table:	
   110  0006                     _PORTB	set	6
   111  0007                     _PORTC	set	7
   112  0008                     _PORTD	set	8
   113  0038                     _RC0	set	56
   114  0039                     _RC1	set	57
   115  0044                     _RD4	set	68
   116  0086                     _TRISB	set	134
   117  0087                     _TRISC	set	135
   118  0088                     _TRISD	set	136
   119                           
   120                           ; #config settings
   121  0000                     
   122                           	psect	cinit
   123  07FB                     start_initialization:	
   124  07FB                     __initialization:	
   125                           
   126                           ; Clear objects allocated to COMMON
   127  07FB  01F7               	clrf	__pbssCOMMON& (0+127)
   128  07FC                     end_of_initialization:	
   129                           ;End of C runtime variable initialization code
   130                           
   131  07FC                     __end_of__initialization:	
   132  07FC  0183               	clrf	3
   133  07FD  120A  118A  2FB7   	ljmp	_main	;jump to C main() function
   134                           
   135                           	psect	bssCOMMON
   136  0077                     __pbssCOMMON:	
   137  0077                     _cursorPos:	
   138  0077                     	ds	1
   139                           
   140                           	psect	cstackCOMMON
   141  0070                     __pcstackCOMMON:	
   142  0070                     ?_delay_ms:	
   143  0070                     ?_instCtrl:	
   144                           ; 0 bytes @ 0x0
   145                           
   146  0070                     ??_instCtrl:	
   147                           ; 0 bytes @ 0x0
   148                           
   149  0070                     ?_dataCtrl:	
   150                           ; 0 bytes @ 0x0
   151                           
   152  0070                     ??_dataCtrl:	
   153                           ; 0 bytes @ 0x0
   154                           
   155  0070                     ?_initLCD:	
   156                           ; 0 bytes @ 0x0
   157                           
   158  0070                     ??_decodeKey:	
   159                           ; 0 bytes @ 0x0
   160                           
   161  0070                     ?_main:	
   162                           ; 0 bytes @ 0x0
   163                           
   164  0070                     ?_decodeKey:	
   165                           ; 0 bytes @ 0x0
   166                           
   167  0070                     decodeKey@key:	
   168                           ; 1 bytes @ 0x0
   169                           
   170  0070                     delay_ms@ms:	
   171                           ; 1 bytes @ 0x0
   172                           
   173                           
   174                           ; 2 bytes @ 0x0
   175  0070                     	ds	2
   176  0072                     ??_delay_ms:	
   177  0072                     instCtrl@cmd:	
   178                           ; 0 bytes @ 0x2
   179                           
   180  0072                     dataCtrl@data:	
   181                           ; 1 bytes @ 0x2
   182                           
   183                           
   184                           ; 1 bytes @ 0x2
   185  0072                     	ds	2
   186  0074                     ??_initLCD:	
   187  0074                     ??_main:	
   188                           ; 0 bytes @ 0x4
   189                           
   190                           
   191                           ; 0 bytes @ 0x4
   192  0074                     	ds	1
   193  0075                     main@key:	
   194                           
   195                           ; 1 bytes @ 0x5
   196  0075                     	ds	1
   197  0076                     main@displayChar:	
   198                           
   199                           ; 1 bytes @ 0x6
   200  0076                     	ds	1
   201                           
   202                           	psect	maintext
   203  07B7                     __pmaintext:	
   204 ;;
   205 ;;Main: autosize = 0, tempsize = 1, incstack = 0, save=0
   206 ;;
   207 ;; *************** function _main *****************
   208 ;; Defined at:
   209 ;;		line 71 in file "Z:\CPE3201 - Bordario\PracticalActivities\PA2\PA2-3.c"
   210 ;; Parameters:    Size  Location     Type
   211 ;;		None
   212 ;; Auto vars:     Size  Location     Type
   213 ;;  displayChar     1    6[COMMON] unsigned char 
   214 ;;  key             1    5[COMMON] unsigned char 
   215 ;; Return value:  Size  Location     Type
   216 ;;		None               void
   217 ;; Registers used:
   218 ;;		wreg, fsr0l, fsr0h, status,2, status,0, pclath, cstack
   219 ;; Tracked objects:
   220 ;;		On entry : 17F/0
   221 ;;		On exit  : 0/0
   222 ;;		Unchanged: 0/0
   223 ;; Data sizes:     COMMON   BANK0   BANK1   BANK3   BANK2
   224 ;;      Params:         0       0       0       0       0
   225 ;;      Locals:         2       0       0       0       0
   226 ;;      Temps:          1       0       0       0       0
   227 ;;      Totals:         3       0       0       0       0
   228 ;;Total ram usage:        3 bytes
   229 ;; Hardware stack levels required when called:    2
   230 ;; This function calls:
   231 ;;		_dataCtrl
   232 ;;		_decodeKey
   233 ;;		_delay_ms
   234 ;;		_initLCD
   235 ;;		_instCtrl
   236 ;; This function is called by:
   237 ;;		Startup code after reset
   238 ;; This function uses a non-reentrant model
   239 ;;
   240                           
   241                           
   242                           ;psect for function _main
   243  07B7                     _main:	
   244                           
   245                           ;PA2-3.c: 73: TRISB = 0x00;
   246                           
   247                           ;incstack = 0
   248                           ; Regs used in _main: [wreg-fsr0h+status,2+status,0+pclath+cstack]
   249  07B7  1683               	bsf	3,5	;RP0=1, select bank1
   250  07B8  1303               	bcf	3,6	;RP1=0, select bank1
   251  07B9  0186               	clrf	6	;volatile
   252                           
   253                           ;PA2-3.c: 74: TRISC = 0x00;
   254  07BA  0187               	clrf	7	;volatile
   255                           
   256                           ;PA2-3.c: 75: TRISD = 0x1F;
   257  07BB  301F               	movlw	31
   258  07BC  0088               	movwf	8	;volatile
   259                           
   260                           ;PA2-3.c: 77: PORTB = 0x00;
   261  07BD  1283               	bcf	3,5	;RP0=0, select bank0
   262  07BE  1303               	bcf	3,6	;RP1=0, select bank0
   263  07BF  0186               	clrf	6	;volatile
   264                           
   265                           ;PA2-3.c: 78: PORTC = 0x00;
   266  07C0  0187               	clrf	7	;volatile
   267                           
   268                           ;PA2-3.c: 80: initLCD();
   269  07C1  120A  118A  2788  120A  118A  	fcall	_initLCD
   270  07C6                     l546:	
   271                           ;PA2-3.c: 82: unsigned char key;
   272                           ;PA2-3.c: 83: char displayChar;
   273                           ;PA2-3.c: 85: while(1)
   274                           
   275                           
   276                           ;PA2-3.c: 86: {
   277                           ;PA2-3.c: 87: if(RD4 == 1)
   278  07C6  1283               	bcf	3,5	;RP0=0, select bank0
   279  07C7  1303               	bcf	3,6	;RP1=0, select bank0
   280  07C8  1E08               	btfss	8,4	;volatile
   281  07C9  2FC6               	goto	l546
   282                           
   283                           ;PA2-3.c: 88: {
   284                           ;PA2-3.c: 89: key = PORTD & 0x0F;
   285  07CA  0808               	movf	8,w	;volatile
   286  07CB  390F               	andlw	15
   287  07CC  00F4               	movwf	??_main
   288  07CD  0874               	movf	??_main,w
   289  07CE  00F5               	movwf	main@key
   290                           
   291                           ;PA2-3.c: 90: displayChar = decodeKey(key);
   292  07CF  0875               	movf	main@key,w
   293  07D0  120A  118A  2741  120A  118A  	fcall	_decodeKey
   294  07D5  00F4               	movwf	??_main
   295  07D6  0874               	movf	??_main,w
   296  07D7  00F6               	movwf	main@displayChar
   297                           
   298                           ;PA2-3.c: 92: dataCtrl(displayChar);
   299  07D8  0876               	movf	main@displayChar,w
   300  07D9  120A  118A  2749  120A  118A  	fcall	_dataCtrl
   301                           
   302                           ;PA2-3.c: 93: cursorPos++;
   303  07DE  3001               	movlw	1
   304  07DF  00F4               	movwf	??_main
   305  07E0  0874               	movf	??_main,w
   306  07E1  07F7               	addwf	_cursorPos,f
   307                           
   308                           ;PA2-3.c: 95: if(cursorPos >= 32)
   309  07E2  3020               	movlw	32
   310  07E3  0277               	subwf	_cursorPos,w
   311  07E4  1C03               	skipc
   312  07E5  2FF6               	goto	l48
   313                           
   314                           ;PA2-3.c: 96: {
   315                           ;PA2-3.c: 97: instCtrl(0x01);
   316  07E6  3001               	movlw	1
   317  07E7  120A  118A  275D  120A  118A  	fcall	_instCtrl
   318                           
   319                           ;PA2-3.c: 98: delay_ms(2);
   320  07EC  3002               	movlw	2
   321  07ED  00F0               	movwf	delay_ms@ms
   322  07EE  3000               	movlw	0
   323  07EF  00F1               	movwf	delay_ms@ms+1
   324  07F0  120A  118A  2771  120A  118A  	fcall	_delay_ms
   325                           
   326                           ;PA2-3.c: 99: cursorPos = 0;
   327  07F5  01F7               	clrf	_cursorPos
   328  07F6                     l48:	
   329                           ;PA2-3.c: 100: }
   330                           ;PA2-3.c: 102: while(RD4 == 1);
   331                           
   332  07F6  1283               	bcf	3,5	;RP0=0, select bank0
   333  07F7  1303               	bcf	3,6	;RP1=0, select bank0
   334  07F8  1E08               	btfss	8,4	;volatile
   335  07F9  2FC6               	goto	l546
   336  07FA  2FF6               	goto	l48
   337  07FB                     __end_of_main:	
   338                           
   339                           	psect	text1
   340  0788                     __ptext1:	
   341 ;; *************** function _initLCD *****************
   342 ;; Defined at:
   343 ;;		line 48 in file "Z:\CPE3201 - Bordario\PracticalActivities\PA2\PA2-3.c"
   344 ;; Parameters:    Size  Location     Type
   345 ;;		None
   346 ;; Auto vars:     Size  Location     Type
   347 ;;		None
   348 ;; Return value:  Size  Location     Type
   349 ;;		None               void
   350 ;; Registers used:
   351 ;;		wreg, status,2, status,0, pclath, cstack
   352 ;; Tracked objects:
   353 ;;		On entry : 0/0
   354 ;;		On exit  : 0/0
   355 ;;		Unchanged: 0/0
   356 ;; Data sizes:     COMMON   BANK0   BANK1   BANK3   BANK2
   357 ;;      Params:         0       0       0       0       0
   358 ;;      Locals:         0       0       0       0       0
   359 ;;      Temps:          0       0       0       0       0
   360 ;;      Totals:         0       0       0       0       0
   361 ;;Total ram usage:        0 bytes
   362 ;; Hardware stack levels used:    1
   363 ;; Hardware stack levels required when called:    1
   364 ;; This function calls:
   365 ;;		_delay_ms
   366 ;;		_instCtrl
   367 ;; This function is called by:
   368 ;;		_main
   369 ;; This function uses a non-reentrant model
   370 ;;
   371                           
   372                           
   373                           ;psect for function _initLCD
   374  0788                     _initLCD:	
   375                           
   376                           ;PA2-3.c: 50: delay_ms(20);
   377                           
   378                           ;incstack = 0
   379                           ; Regs used in _initLCD: [wreg+status,2+status,0+pclath+cstack]
   380  0788  3014               	movlw	20
   381  0789  00F0               	movwf	delay_ms@ms
   382  078A  3000               	movlw	0
   383  078B  00F1               	movwf	delay_ms@ms+1
   384  078C  120A  118A  2771  120A  118A  	fcall	_delay_ms
   385                           
   386                           ;PA2-3.c: 52: instCtrl(0x38);
   387  0791  3038               	movlw	56
   388  0792  120A  118A  275D  120A  118A  	fcall	_instCtrl
   389                           
   390                           ;PA2-3.c: 53: instCtrl(0x08);
   391  0797  3008               	movlw	8
   392  0798  120A  118A  275D  120A  118A  	fcall	_instCtrl
   393                           
   394                           ;PA2-3.c: 54: instCtrl(0x01);
   395  079D  3001               	movlw	1
   396  079E  120A  118A  275D  120A  118A  	fcall	_instCtrl
   397                           
   398                           ;PA2-3.c: 55: delay_ms(2);
   399  07A3  3002               	movlw	2
   400  07A4  00F0               	movwf	delay_ms@ms
   401  07A5  3000               	movlw	0
   402  07A6  00F1               	movwf	delay_ms@ms+1
   403  07A7  120A  118A  2771  120A  118A  	fcall	_delay_ms
   404                           
   405                           ;PA2-3.c: 56: instCtrl(0x06);
   406  07AC  3006               	movlw	6
   407  07AD  120A  118A  275D  120A  118A  	fcall	_instCtrl
   408                           
   409                           ;PA2-3.c: 57: instCtrl(0x0E);
   410  07B2  300E               	movlw	14
   411  07B3  120A  118A  275D   	fcall	_instCtrl
   412  07B6  0008               	return
   413  07B7                     __end_of_initLCD:	
   414                           
   415                           	psect	text2
   416  075D                     __ptext2:	
   417 ;; *************** function _instCtrl *****************
   418 ;; Defined at:
   419 ;;		line 30 in file "Z:\CPE3201 - Bordario\PracticalActivities\PA2\PA2-3.c"
   420 ;; Parameters:    Size  Location     Type
   421 ;;  cmd             1    wreg     unsigned char 
   422 ;; Auto vars:     Size  Location     Type
   423 ;;  cmd             1    2[COMMON] unsigned char 
   424 ;; Return value:  Size  Location     Type
   425 ;;		None               void
   426 ;; Registers used:
   427 ;;		wreg
   428 ;; Tracked objects:
   429 ;;		On entry : 0/0
   430 ;;		On exit  : 0/0
   431 ;;		Unchanged: 0/0
   432 ;; Data sizes:     COMMON   BANK0   BANK1   BANK3   BANK2
   433 ;;      Params:         0       0       0       0       0
   434 ;;      Locals:         1       0       0       0       0
   435 ;;      Temps:          2       0       0       0       0
   436 ;;      Totals:         3       0       0       0       0
   437 ;;Total ram usage:        3 bytes
   438 ;; Hardware stack levels used:    1
   439 ;; This function calls:
   440 ;;		Nothing
   441 ;; This function is called by:
   442 ;;		_initLCD
   443 ;;		_main
   444 ;; This function uses a non-reentrant model
   445 ;;
   446                           
   447                           
   448                           ;psect for function _instCtrl
   449  075D                     _instCtrl:	
   450                           
   451                           ;incstack = 0
   452                           ; Regs used in _instCtrl: [wreg]
   453                           ;instCtrl@cmd stored from wreg
   454  075D  00F2               	movwf	instCtrl@cmd
   455                           
   456                           ;PA2-3.c: 32: RC0 = 0;
   457  075E  1283               	bcf	3,5	;RP0=0, select bank0
   458  075F  1303               	bcf	3,6	;RP1=0, select bank0
   459  0760  1007               	bcf	7,0	;volatile
   460                           
   461                           ;PA2-3.c: 33: PORTB = cmd;
   462  0761  0872               	movf	instCtrl@cmd,w
   463  0762  0086               	movwf	6	;volatile
   464                           
   465                           ;PA2-3.c: 34: RC1 = 1;
   466  0763  1487               	bsf	7,1	;volatile
   467                           
   468                           ;PA2-3.c: 35: _delay((unsigned long)((2)*(20000000/4000.0)));
   469  0764  300D               	movlw	13
   470  0765  00F1               	movwf	??_instCtrl+1
   471  0766  30FB               	movlw	251
   472  0767  00F0               	movwf	??_instCtrl
   473  0768                     u57:	
   474  0768  0BF0               	decfsz	??_instCtrl,f
   475  0769  2F68               	goto	u57
   476  076A  0BF1               	decfsz	??_instCtrl+1,f
   477  076B  2F68               	goto	u57
   478  076C  2F6D               	nop2
   479                           
   480                           ;PA2-3.c: 36: RC1 = 0;
   481  076D  1283               	bcf	3,5	;RP0=0, select bank0
   482  076E  1303               	bcf	3,6	;RP1=0, select bank0
   483  076F  1087               	bcf	7,1	;volatile
   484  0770  0008               	return
   485  0771                     __end_of_instCtrl:	
   486                           
   487                           	psect	text3
   488  0771                     __ptext3:	
   489 ;; *************** function _delay_ms *****************
   490 ;; Defined at:
   491 ;;		line 24 in file "Z:\CPE3201 - Bordario\PracticalActivities\PA2\PA2-3.c"
   492 ;; Parameters:    Size  Location     Type
   493 ;;  ms              2    0[COMMON] unsigned int 
   494 ;; Auto vars:     Size  Location     Type
   495 ;;		None
   496 ;; Return value:  Size  Location     Type
   497 ;;		None               void
   498 ;; Registers used:
   499 ;;		wreg
   500 ;; Tracked objects:
   501 ;;		On entry : 0/0
   502 ;;		On exit  : 0/0
   503 ;;		Unchanged: 0/0
   504 ;; Data sizes:     COMMON   BANK0   BANK1   BANK3   BANK2
   505 ;;      Params:         2       0       0       0       0
   506 ;;      Locals:         0       0       0       0       0
   507 ;;      Temps:          2       0       0       0       0
   508 ;;      Totals:         4       0       0       0       0
   509 ;;Total ram usage:        4 bytes
   510 ;; Hardware stack levels used:    1
   511 ;; This function calls:
   512 ;;		Nothing
   513 ;; This function is called by:
   514 ;;		_initLCD
   515 ;;		_main
   516 ;; This function uses a non-reentrant model
   517 ;;
   518                           
   519                           
   520                           ;psect for function _delay_ms
   521  0771                     _delay_ms:	
   522  0771                     l25:	
   523                           ;PA2-3.c: 26: while(ms--)
   524                           
   525                           ;incstack = 0
   526                           ; Regs used in _delay_ms: [wreg]
   527                           
   528  0771  3001               	movlw	1
   529  0772  02F0               	subwf	delay_ms@ms,f
   530  0773  3000               	movlw	0
   531  0774  1C03               	skipc
   532  0775  03F1               	decf	delay_ms@ms+1,f
   533  0776  02F1               	subwf	delay_ms@ms+1,f
   534  0777  30FF               	movlw	255
   535  0778  0671               	xorwf	delay_ms@ms+1,w
   536  0779  1D03               	skipz
   537  077A  2F7D               	goto	u15
   538  077B  30FF               	movlw	255
   539  077C  0670               	xorwf	delay_ms@ms,w
   540  077D                     u15:	
   541  077D  1903               	btfsc	3,2
   542  077E  0008               	return
   543                           
   544                           ;PA2-3.c: 27: _delay((unsigned long)((1)*(20000000/4000.0)));
   545  077F  3007               	movlw	7
   546  0780  00F3               	movwf	??_delay_ms+1
   547  0781  307D               	movlw	125
   548  0782  00F2               	movwf	??_delay_ms
   549  0783                     u67:	
   550  0783  0BF2               	decfsz	??_delay_ms,f
   551  0784  2F83               	goto	u67
   552  0785  0BF3               	decfsz	??_delay_ms+1,f
   553  0786  2F83               	goto	u67
   554  0787  2F71               	goto	l25
   555  0788                     __end_of_delay_ms:	
   556                           
   557                           	psect	text4
   558  0741                     __ptext4:	
   559 ;; *************** function _decodeKey *****************
   560 ;; Defined at:
   561 ;;		line 60 in file "Z:\CPE3201 - Bordario\PracticalActivities\PA2\PA2-3.c"
   562 ;; Parameters:    Size  Location     Type
   563 ;;  key             1    wreg     unsigned char 
   564 ;; Auto vars:     Size  Location     Type
   565 ;;  key             1    0[COMMON] unsigned char 
   566 ;; Return value:  Size  Location     Type
   567 ;;                  1    wreg      unsigned char 
   568 ;; Registers used:
   569 ;;		wreg, fsr0l, fsr0h, status,2, status,0, pclath
   570 ;; Tracked objects:
   571 ;;		On entry : 0/0
   572 ;;		On exit  : 0/0
   573 ;;		Unchanged: 0/0
   574 ;; Data sizes:     COMMON   BANK0   BANK1   BANK3   BANK2
   575 ;;      Params:         0       0       0       0       0
   576 ;;      Locals:         1       0       0       0       0
   577 ;;      Temps:          0       0       0       0       0
   578 ;;      Totals:         1       0       0       0       0
   579 ;;Total ram usage:        1 bytes
   580 ;; Hardware stack levels used:    2
   581 ;; This function calls:
   582 ;;		Nothing
   583 ;; This function is called by:
   584 ;;		_main
   585 ;; This function uses a non-reentrant model
   586 ;;
   587                           
   588                           
   589                           ;psect for function _decodeKey
   590  0741                     _decodeKey:	
   591                           
   592                           ;incstack = 0
   593                           ; Regs used in _decodeKey: [wreg-fsr0h+status,2+status,0+pclath]
   594                           ;decodeKey@key stored from wreg
   595  0741  00F0               	movwf	decodeKey@key
   596                           
   597                           ;PA2-3.c: 62: const char table[16] =
   598                           ;PA2-3.c: 63: {'1','2','3','A',
   599                           ;PA2-3.c: 64: '4','5','6','B',
   600                           ;PA2-3.c: 65: '7','8','9','C',
   601                           ;PA2-3.c: 66: '*','0','#','D'};
   602                           ;PA2-3.c: 68: return table[key];
   603  0742  0870               	movf	decodeKey@key,w
   604  0743  3E01               	addlw	low (decodeKey@table-__stringbase)
   605  0744  0084               	movwf	4
   606  0745  120A  118A  2003   	fcall	stringdir
   607  0748  0008               	return
   608  0749                     __end_of_decodeKey:	
   609                           
   610                           	psect	text5
   611  0749                     __ptext5:	
   612 ;; *************** function _dataCtrl *****************
   613 ;; Defined at:
   614 ;;		line 39 in file "Z:\CPE3201 - Bordario\PracticalActivities\PA2\PA2-3.c"
   615 ;; Parameters:    Size  Location     Type
   616 ;;  data            1    wreg     unsigned char 
   617 ;; Auto vars:     Size  Location     Type
   618 ;;  data            1    2[COMMON] unsigned char 
   619 ;; Return value:  Size  Location     Type
   620 ;;		None               void
   621 ;; Registers used:
   622 ;;		wreg
   623 ;; Tracked objects:
   624 ;;		On entry : 0/0
   625 ;;		On exit  : 0/0
   626 ;;		Unchanged: 0/0
   627 ;; Data sizes:     COMMON   BANK0   BANK1   BANK3   BANK2
   628 ;;      Params:         0       0       0       0       0
   629 ;;      Locals:         1       0       0       0       0
   630 ;;      Temps:          2       0       0       0       0
   631 ;;      Totals:         3       0       0       0       0
   632 ;;Total ram usage:        3 bytes
   633 ;; Hardware stack levels used:    1
   634 ;; This function calls:
   635 ;;		Nothing
   636 ;; This function is called by:
   637 ;;		_main
   638 ;; This function uses a non-reentrant model
   639 ;;
   640                           
   641                           
   642                           ;psect for function _dataCtrl
   643  0749                     _dataCtrl:	
   644                           
   645                           ;incstack = 0
   646                           ; Regs used in _dataCtrl: [wreg]
   647                           ;dataCtrl@data stored from wreg
   648  0749  00F2               	movwf	dataCtrl@data
   649                           
   650                           ;PA2-3.c: 41: RC0 = 1;
   651  074A  1283               	bcf	3,5	;RP0=0, select bank0
   652  074B  1303               	bcf	3,6	;RP1=0, select bank0
   653  074C  1407               	bsf	7,0	;volatile
   654                           
   655                           ;PA2-3.c: 42: PORTB = data;
   656  074D  0872               	movf	dataCtrl@data,w
   657  074E  0086               	movwf	6	;volatile
   658                           
   659                           ;PA2-3.c: 43: RC1 = 1;
   660  074F  1487               	bsf	7,1	;volatile
   661                           
   662                           ;PA2-3.c: 44: _delay((unsigned long)((2)*(20000000/4000.0)));
   663  0750  300D               	movlw	13
   664  0751  00F1               	movwf	??_dataCtrl+1
   665  0752  30FB               	movlw	251
   666  0753  00F0               	movwf	??_dataCtrl
   667  0754                     u77:	
   668  0754  0BF0               	decfsz	??_dataCtrl,f
   669  0755  2F54               	goto	u77
   670  0756  0BF1               	decfsz	??_dataCtrl+1,f
   671  0757  2F54               	goto	u77
   672  0758  2F59               	nop2
   673                           
   674                           ;PA2-3.c: 45: RC1 = 0;
   675  0759  1283               	bcf	3,5	;RP0=0, select bank0
   676  075A  1303               	bcf	3,6	;RP1=0, select bank0
   677  075B  1087               	bcf	7,1	;volatile
   678  075C  0008               	return
   679  075D                     __end_of_dataCtrl:	
   680  007E                     btemp	set	126	;btemp
   681  007E                     wtemp	set	126
   682  007E                     wtemp0	set	126
   683  0080                     wtemp1	set	128
   684  0082                     wtemp2	set	130
   685  0084                     wtemp3	set	132
   686  0086                     wtemp4	set	134
   687  0088                     wtemp5	set	136
   688  007F                     wtemp6	set	127
   689  007E                     ttemp	set	126
   690  007E                     ttemp0	set	126
   691  0081                     ttemp1	set	129
   692  0084                     ttemp2	set	132
   693  0087                     ttemp3	set	135
   694  007F                     ttemp4	set	127
   695  007E                     ltemp	set	126
   696  007E                     ltemp0	set	126
   697  0082                     ltemp1	set	130
   698  0086                     ltemp2	set	134
   699  0080                     ltemp3	set	128


Data Sizes:
    Strings     0
    Constant    16
    Data        0
    BSS         1
    Persistent  0
    Stack       0

Auto Spaces:
    Space          Size  Autos    Used
    COMMON           14      7       8
    BANK0            80      0       0
    BANK1            80      0       0
    BANK3            96      0       0
    BANK2            96      0       0

Pointer List with Targets:

    None.

Critical Paths under _main in COMMON

    _main->_delay_ms
    _initLCD->_delay_ms

Critical Paths under _main in BANK0

    None.

Critical Paths under _main in BANK1

    None.

Critical Paths under _main in BANK3

    None.

Critical Paths under _main in BANK2

    None.

Call Graph Tables:

 ---------------------------------------------------------------------------------
 (Depth) Function   	        Calls       Base Space   Used Autos Params    Refs
 ---------------------------------------------------------------------------------
 (0) _main                                                 3     3      0     378
                                              4 COMMON     3     3      0
                           _dataCtrl
                          _decodeKey
                           _delay_ms
                            _initLCD
                           _instCtrl
 ---------------------------------------------------------------------------------
 (1) _initLCD                                              0     0      0     159
                           _delay_ms
                           _instCtrl
 ---------------------------------------------------------------------------------
 (1) _instCtrl                                             3     3      0      15
                                              0 COMMON     3     3      0
 ---------------------------------------------------------------------------------
 (2) _delay_ms                                             4     2      2     144
                                              0 COMMON     4     2      2
 ---------------------------------------------------------------------------------
 (2) _decodeKey                                            1     1      0      15
                                              0 COMMON     1     1      0
 ---------------------------------------------------------------------------------
 (1) _dataCtrl                                             3     3      0      15
                                              0 COMMON     3     3      0
 ---------------------------------------------------------------------------------
 Estimated maximum stack depth 2
 ---------------------------------------------------------------------------------

 Call Graph Graphs:

 _main (ROOT)
   _dataCtrl
   _decodeKey
   _delay_ms
   _initLCD
     _delay_ms
     _instCtrl
   _instCtrl

 Address spaces:
Name               Size   Autos  Total    Cost      Usage
BITCOMMON            E      0       0       0        0.0%
EEDATA             100      0       0       0        0.0%
NULL                 0      0       0       0        0.0%
CODE                 0      0       0       0        0.0%
COMMON               E      7       8       1       57.1%
BITSFR0              0      0       0       1        0.0%
SFR0                 0      0       0       1        0.0%
BITSFR1              0      0       0       2        0.0%
SFR1                 0      0       0       2        0.0%
STACK                0      0       0       2        0.0%
ABS                  0      0       8       3        0.0%
BITBANK0            50      0       0       4        0.0%
BITSFR3              0      0       0       4        0.0%
SFR3                 0      0       0       4        0.0%
BANK0               50      0       0       5        0.0%
BITSFR2              0      0       0       5        0.0%
SFR2                 0      0       0       5        0.0%
BITBANK1            50      0       0       6        0.0%
BANK1               50      0       0       7        0.0%
BITBANK3            60      0       0       8        0.0%
BANK3               60      0       0       9        0.0%
BITBANK2            60      0       0      10        0.0%
BANK2               60      0       0      11        0.0%
DATA                 0      0       8      12        0.0%


Microchip Technology PIC Macro Assembler V1.33 build 59893 
Symbol Table                                                                                   Mon Mar 02 08:14:10 2026

                      pc 0002              __CFG_CP$OFF 0000                       l25 0771  
                     l48 07F6                       u15 077D                       u57 0768  
                     u67 0783                       u77 0754                       fsr 0004  
                    l546 07C6                      _RC0 0038                      _RC1 0039  
                    _RD4 0044             __CFG_CPD$OFF 0000                      fsr0 0004  
           __CFG_FOSC$XT 0000             __CFG_LVP$OFF 0000             __CFG_WRT$OFF 0000  
                   _main 07B7                     btemp 007E            __CFG_BOREN$ON 0000  
                   ltemp 007E                     start 0000                     ttemp 007E  
                   wtemp 007E                    ?_main 0070            __CFG_WDTE$OFF 0000  
                  _PORTB 0006                    _PORTC 0007                    _PORTD 0008  
                  _TRISB 0086                    _TRISC 0087                    _TRISD 0088  
          __CFG_PWRTE$ON 0000          __end_of_initLCD 07B7                    pclath 000A  
                  ltemp0 007E                    ltemp1 0082                    ltemp2 0086  
                  ltemp3 0080                    ttemp0 007E                    ttemp1 0081  
                  ttemp2 0084                    ttemp3 0087                    ttemp4 007F  
                  status 0003                    wtemp0 007E                    wtemp1 0080  
                  wtemp2 0082                    wtemp3 0084                    wtemp4 0086  
                  wtemp5 0088                    wtemp6 007F          __initialization 07FB  
           __end_of_main 07FB                   ??_main 0074         __end_of_dataCtrl 075D  
       __end_of_delay_ms 0788         __end_of_instCtrl 0771                ??_initLCD 0074  
__end_of__initialization 07FC              instCtrl@cmd 0072           __pcstackCOMMON 0070  
     __size_of_decodeKey 0008               __pmaintext 07B7                ?_dataCtrl 0070  
              ?_delay_ms 0070        __end_of_decodeKey 0749               __stringtab 0003  
              ?_instCtrl 0070                  __ptext1 0788                  __ptext2 075D  
                __ptext3 0771                  __ptext4 0741                  __ptext5 0749  
                _initLCD 0788               ??_dataCtrl 0070               ??_delay_ms 0072  
                main@key 0075               delay_ms@ms 0070     end_of_initialization 07FC  
             ??_instCtrl 0070           decodeKey@table 0009      start_initialization 07FB  
 __end_ofdecodeKey@table 0019             dataCtrl@data 0072              __pbssCOMMON 0077  
           decodeKey@key 0070                ___latbits 0002        __size_of_dataCtrl 0014  
      __size_of_delay_ms 0017                _decodeKey 0741        __size_of_instCtrl 0014  
        main@displayChar 0076                __pstrings 0003                 ?_initLCD 0070  
              _cursorPos 0077               ?_decodeKey 0070              __stringbase 0008  
     __end_of__stringtab 0009                 _dataCtrl 0749         __size_of_initLCD 002F  
               _delay_ms 0771            __size_of_main 0044              ??_decodeKey 0070  
               _instCtrl 075D                stringcode 0003                 stringdir 0003  
               stringtab 0003  
