

Microchip Technology PIC LITE Macro Assembler V1.33 build 59893 
                                                                                               Mon Mar 02 08:10:54 2026

Microchip Technology Omniscient Code Generator (Lite mode) build 59893
     1                           	processor	16F877A
     2                           	opt	pw 120
     3                           	opt	lm
     4                           	psect	maintext,global,class=CODE,split=1,delta=2
     5                           	psect	cinit,global,class=CODE,merge=1,delta=2
     6                           	psect	cstackCOMMON,global,class=COMMON,space=1,delta=1
     7                           	dabs	1,0x7E,2
     8  0000                     	;# 
     9  0001                     	;# 
    10  0002                     	;# 
    11  0003                     	;# 
    12  0004                     	;# 
    13  0005                     	;# 
    14  0006                     	;# 
    15  0007                     	;# 
    16  0008                     	;# 
    17  0009                     	;# 
    18  000A                     	;# 
    19  000B                     	;# 
    20  000C                     	;# 
    21  000D                     	;# 
    22  000E                     	;# 
    23  000E                     	;# 
    24  000F                     	;# 
    25  0010                     	;# 
    26  0011                     	;# 
    27  0012                     	;# 
    28  0013                     	;# 
    29  0014                     	;# 
    30  0015                     	;# 
    31  0015                     	;# 
    32  0016                     	;# 
    33  0017                     	;# 
    34  0018                     	;# 
    35  0019                     	;# 
    36  001A                     	;# 
    37  001B                     	;# 
    38  001B                     	;# 
    39  001C                     	;# 
    40  001D                     	;# 
    41  001E                     	;# 
    42  001F                     	;# 
    43  0081                     	;# 
    44  0085                     	;# 
    45  0086                     	;# 
    46  0087                     	;# 
    47  0088                     	;# 
    48  0089                     	;# 
    49  008C                     	;# 
    50  008D                     	;# 
    51  008E                     	;# 
    52  0091                     	;# 
    53  0092                     	;# 
    54  0093                     	;# 
    55  0094                     	;# 
    56  0098                     	;# 
    57  0099                     	;# 
    58  009C                     	;# 
    59  009D                     	;# 
    60  009E                     	;# 
    61  009F                     	;# 
    62  010C                     	;# 
    63  010D                     	;# 
    64  010E                     	;# 
    65  010F                     	;# 
    66  018C                     	;# 
    67  018D                     	;# 
    68  0005                     _PORTA	set	5
    69  0008                     _PORTD	set	8
    70  0044                     _RD4	set	68
    71  0085                     _TRISA	set	133
    72  0088                     _TRISD	set	136
    73                           
    74                           	psect	maintext
    75  07DE                     __pmaintext:	
    76                           ; #config settings
    77                           
    78                           
    79                           ;psect for function _main
    80  0000                     
    81 ;;
    82 ;;Main: autosize = 0, tempsize = 1, incstack = 0, save=0
    83 ;;
    84 ;; *************** function _main *****************
    85 ;; Defined at:
    86 ;;		line 17 in file "Z:\CPE3201 - Bordario\PracticalActivities\PA2\PA2-2.c"
    87 ;; Parameters:    Size  Location     Type
    88 ;;		None
    89 ;; Auto vars:     Size  Location     Type
    90 ;;  key             1    1[COMMON] unsigned char 
    91 ;; Return value:  Size  Location     Type
    92 ;;		None               void
    93 ;; Registers used:
    94 ;;		wreg, status,2
    95 ;; Tracked objects:
    96 ;;		On entry : 17F/0
    97 ;;		On exit  : 0/0
    98 ;;		Unchanged: 0/0
    99 ;; Data sizes:     COMMON   BANK0   BANK1   BANK3   BANK2
   100 ;;      Params:         0       0       0       0       0
   101 ;;      Locals:         1       0       0       0       0
   102 ;;      Temps:          1       0       0       0       0
   103 ;;      Totals:         2       0       0       0       0
   104 ;;Total ram usage:        2 bytes
   105 ;; This function calls:
   106 ;;		Nothing
   107 ;; This function is called by:
   108 ;;		Startup code after reset
   109 ;; This function uses a non-reentrant model
   110 ;;
   111  07DE                     _main:	
   112                           
   113                           ;PA2-2.c: 19: TRISD = 0x1F;
   114                           
   115                           ;incstack = 0
   116                           ; Regs used in _main: [wreg+status,2]
   117  07DE  301F               	movlw	31
   118  07DF  1683               	bsf	3,5	;RP0=1, select bank1
   119  07E0  1303               	bcf	3,6	;RP1=0, select bank1
   120  07E1  0088               	movwf	8	;volatile
   121                           
   122                           ;PA2-2.c: 20: TRISA = 0x00;
   123  07E2  0185               	clrf	5	;volatile
   124                           
   125                           ;PA2-2.c: 22: PORTA = 0x00;
   126  07E3  1283               	bcf	3,5	;RP0=0, select bank0
   127  07E4  1303               	bcf	3,6	;RP1=0, select bank0
   128  07E5  0185               	clrf	5	;volatile
   129  07E6                     l487:	
   130                           ;PA2-2.c: 24: unsigned char key;
   131                           ;PA2-2.c: 26: while(1)
   132                           
   133                           
   134                           ;PA2-2.c: 27: {
   135                           ;PA2-2.c: 28: if(RD4 == 1)
   136  07E6  1E08               	btfss	8,4	;volatile
   137  07E7  2FE6               	goto	l487
   138                           
   139                           ;PA2-2.c: 29: {
   140                           ;PA2-2.c: 30: key = PORTD & 0x0F;
   141  07E8  0808               	movf	8,w	;volatile
   142  07E9  390F               	andlw	15
   143  07EA  00F0               	movwf	??_main
   144  07EB  0870               	movf	??_main,w
   145  07EC  00F1               	movwf	main@key
   146                           
   147                           ;PA2-2.c: 32: if(key == 0x0C || key == 0x0E)
   148  07ED  0871               	movf	main@key,w
   149  07EE  3A0C               	xorlw	12
   150  07EF  1903               	skipnz
   151  07F0  2FF5               	goto	l495
   152  07F1  0871               	movf	main@key,w
   153  07F2  3A0E               	xorlw	14
   154  07F3  1D03               	skipz
   155  07F4  2FF7               	goto	l497
   156  07F5                     l495:	
   157                           
   158                           ;PA2-2.c: 33: PORTA = 0x0F;
   159  07F5  300F               	movlw	15
   160  07F6  2FF8               	goto	L1
   161  07F7                     l497:	
   162                           
   163                           ;PA2-2.c: 34: else
   164                           ;PA2-2.c: 35: PORTA = key;
   165  07F7  0871               	movf	main@key,w
   166  07F8                     L1:	
   167  07F8  0085               	movwf	5	;volatile
   168  07F9                     l19:	
   169                           ;PA2-2.c: 37: while(RD4 == 1);
   170                           
   171  07F9  1E08               	btfss	8,4	;volatile
   172  07FA  2FE6               	goto	l487
   173  07FB  2FF9               	goto	l19
   174  07FC                     __end_of_main:	
   175  007E                     btemp	set	126	;btemp
   176  007E                     wtemp	set	126
   177  007E                     wtemp0	set	126
   178  0080                     wtemp1	set	128
   179  0082                     wtemp2	set	130
   180  0084                     wtemp3	set	132
   181  0086                     wtemp4	set	134
   182  0088                     wtemp5	set	136
   183  007F                     wtemp6	set	127
   184  007E                     ttemp	set	126
   185  007E                     ttemp0	set	126
   186  0081                     ttemp1	set	129
   187  0084                     ttemp2	set	132
   188  0087                     ttemp3	set	135
   189  007F                     ttemp4	set	127
   190  007E                     ltemp	set	126
   191  007E                     ltemp0	set	126
   192  0082                     ltemp1	set	130
   193  0086                     ltemp2	set	134
   194  0080                     ltemp3	set	128
   195                           
   196                           	psect	cinit
   197  07FC                     start_initialization:	
   198  07FC                     __initialization:	
   199  07FC                     end_of_initialization:	
   200                           ;End of C runtime variable initialization code
   201                           
   202  07FC                     __end_of__initialization:	
   203  07FC  0183               	clrf	3
   204  07FD  120A  118A  2FDE   	ljmp	_main	;jump to C main() function
   205                           
   206                           	psect	cstackCOMMON
   207  0070                     __pcstackCOMMON:	
   208  0070                     ?_main:	
   209  0070                     ??_main:	
   210                           ; 0 bytes @ 0x0
   211                           
   212                           
   213                           ; 0 bytes @ 0x0
   214  0070                     	ds	1
   215  0071                     main@key:	
   216                           
   217                           ; 1 bytes @ 0x1
   218  0071                     	ds	1


Data Sizes:
    Strings     0
    Constant    0
    Data        0
    BSS         0
    Persistent  0
    Stack       0

Auto Spaces:
    Space          Size  Autos    Used
    COMMON           14      2       2
    BANK0            80      0       0
    BANK1            80      0       0
    BANK3            96      0       0
    BANK2            96      0       0

Pointer List with Targets:

    None.

Critical Paths under _main in COMMON

    None.

Critical Paths under _main in BANK0

    None.

Critical Paths under _main in BANK1

    None.

Critical Paths under _main in BANK3

    None.

Critical Paths under _main in BANK2

    None.

Call Graph Tables:

 ---------------------------------------------------------------------------------
 (Depth) Function   	        Calls       Base Space   Used Autos Params    Refs
 ---------------------------------------------------------------------------------
 (0) _main                                                 2     2      0      45
                                              0 COMMON     2     2      0
 ---------------------------------------------------------------------------------
 Estimated maximum stack depth 0
 ---------------------------------------------------------------------------------

 Call Graph Graphs:

 _main (ROOT)

 Address spaces:
Name               Size   Autos  Total    Cost      Usage
BITCOMMON            E      0       0       0        0.0%
EEDATA             100      0       0       0        0.0%
NULL                 0      0       0       0        0.0%
CODE                 0      0       0       0        0.0%
COMMON               E      2       2       1       14.3%
BITSFR0              0      0       0       1        0.0%
SFR0                 0      0       0       1        0.0%
BITSFR1              0      0       0       2        0.0%
SFR1                 0      0       0       2        0.0%
STACK                0      0       0       2        0.0%
ABS                  0      0       0       3        0.0%
BITBANK0            50      0       0       4        0.0%
BITSFR3              0      0       0       4        0.0%
SFR3                 0      0       0       4        0.0%
BANK0               50      0       0       5        0.0%
BITSFR2              0      0       0       5        0.0%
SFR2                 0      0       0       5        0.0%
BITBANK1            50      0       0       6        0.0%
BANK1               50      0       0       7        0.0%
BITBANK3            60      0       0       8        0.0%
BANK3               60      0       0       9        0.0%
BITBANK2            60      0       0      10        0.0%
BANK2               60      0       0      11        0.0%
DATA                 0      0       0      12        0.0%


Microchip Technology PIC Macro Assembler V1.33 build 59893 
Symbol Table                                                                                   Mon Mar 02 08:10:54 2026

            __CFG_CP$OFF 0000                       l19 07F9                      l495 07F5  
                    l487 07E6                      l497 07F7                      _RD4 0044  
           __CFG_CPD$OFF 0000             __CFG_FOSC$XT 0000             __CFG_LVP$OFF 0000  
           __CFG_WRT$OFF 0000                     _main 07DE                     btemp 007E  
          __CFG_BOREN$ON 0000                     ltemp 007E                     start 0000  
                   ttemp 007E                     wtemp 007E                    ?_main 0070  
          __CFG_WDTE$OFF 0000                    _PORTA 0005                    _PORTD 0008  
                  _TRISA 0085                    _TRISD 0088            __CFG_PWRTE$ON 0000  
                  ltemp0 007E                    ltemp1 0082                    ltemp2 0086  
                  ltemp3 0080                    ttemp0 007E                    ttemp1 0081  
                  ttemp2 0084                    ttemp3 0087                    ttemp4 007F  
                  status 0003                    wtemp0 007E                    wtemp1 0080  
                  wtemp2 0082                    wtemp3 0084                    wtemp4 0086  
                  wtemp5 0088                    wtemp6 007F          __initialization 07FC  
           __end_of_main 07FC                   ??_main 0070  __end_of__initialization 07FC  
         __pcstackCOMMON 0070               __pmaintext 07DE                  main@key 0071  
   end_of_initialization 07FC      start_initialization 07FC                ___latbits 0002  
          __size_of_main 001E  
