

Microchip Technology PIC LITE Macro Assembler V1.33 build 59893 
                                                                                               Wed Mar 04 09:17:19 2026

Microchip Technology Omniscient Code Generator (Lite mode) build 59893
     1                           	processor	16F877A
     2                           	opt	pw 120
     3                           	opt	lm
     4                           	psect	strings,global,class=STRING,delta=2
     5                           	psect	cinit,global,class=CODE,merge=1,delta=2
     6                           	psect	cstackCOMMON,global,class=COMMON,space=1,delta=1
     7                           	psect	maintext,global,class=CODE,split=1,delta=2
     8                           	psect	text1,local,class=CODE,merge=1,delta=2
     9                           	psect	text2,local,class=CODE,merge=1,delta=2
    10                           	psect	text3,local,class=CODE,merge=1,delta=2
    11                           	psect	text4,local,class=CODE,merge=1,delta=2
    12                           	dabs	1,0x7E,2
    13  0000                     	;# 
    14  0001                     	;# 
    15  0002                     	;# 
    16  0003                     	;# 
    17  0004                     	;# 
    18  0005                     	;# 
    19  0006                     	;# 
    20  0007                     	;# 
    21  0008                     	;# 
    22  0009                     	;# 
    23  000A                     	;# 
    24  000B                     	;# 
    25  000C                     	;# 
    26  000D                     	;# 
    27  000E                     	;# 
    28  000E                     	;# 
    29  000F                     	;# 
    30  0010                     	;# 
    31  0011                     	;# 
    32  0012                     	;# 
    33  0013                     	;# 
    34  0014                     	;# 
    35  0015                     	;# 
    36  0015                     	;# 
    37  0016                     	;# 
    38  0017                     	;# 
    39  0018                     	;# 
    40  0019                     	;# 
    41  001A                     	;# 
    42  001B                     	;# 
    43  001B                     	;# 
    44  001C                     	;# 
    45  001D                     	;# 
    46  001E                     	;# 
    47  001F                     	;# 
    48  0081                     	;# 
    49  0085                     	;# 
    50  0086                     	;# 
    51  0087                     	;# 
    52  0088                     	;# 
    53  0089                     	;# 
    54  008C                     	;# 
    55  008D                     	;# 
    56  008E                     	;# 
    57  0091                     	;# 
    58  0092                     	;# 
    59  0093                     	;# 
    60  0094                     	;# 
    61  0098                     	;# 
    62  0099                     	;# 
    63  009C                     	;# 
    64  009D                     	;# 
    65  009E                     	;# 
    66  009F                     	;# 
    67  010C                     	;# 
    68  010D                     	;# 
    69  010E                     	;# 
    70  010F                     	;# 
    71  018C                     	;# 
    72  018D                     	;# 
    73                           
    74                           	psect	strings
    75  0003                     __pstrings:	
    76  0003                     stringtab:	
    77  0003                     __stringtab:	
    78  0003                     stringcode:	
    79                           ;	String table - string pointers are 1 byte each
    80                           
    81  0003                     stringdir:	
    82  0003  3000               	movlw	high stringdir
    83  0004  008A               	movwf	10
    84  0005  0804               	movf	4,w
    85  0006  0A84               	incf	4,f
    86  0007  0782               	addwf	2,f
    87  0008                     __stringbase:	
    88  0008  3400               	retlw	0
    89  0009                     __end_of__stringtab:	
    90  0009                     _keypad:	
    91  0009  3431               	retlw	49
    92  000A  3432               	retlw	50
    93  000B  3433               	retlw	51
    94  000C  3420               	retlw	32
    95  000D  3434               	retlw	52
    96  000E  3435               	retlw	53
    97  000F  3436               	retlw	54
    98  0010  3420               	retlw	32
    99  0011  3437               	retlw	55
   100  0012  3438               	retlw	56
   101  0013  3439               	retlw	57
   102  0014  3420               	retlw	32
   103  0015  342A               	retlw	42
   104  0016  3430               	retlw	48
   105  0017  3423               	retlw	35
   106  0018  3420               	retlw	32
   107  0019  3400               	retlw	0
   108  001A                     __end_of_keypad:	
   109  0006                     _PORTB	set	6
   110  0008                     _PORTD	set	8
   111  0038                     _RC0	set	56
   112  0039                     _RC1	set	57
   113  003A                     _RC2	set	58
   114  0044                     _RD4	set	68
   115  0086                     _TRISB	set	134
   116  0087                     _TRISC	set	135
   117  0088                     _TRISD	set	136
   118                           
   119                           ; #config settings
   120  0000                     
   121                           	psect	cinit
   122  07FC                     start_initialization:	
   123  07FC                     __initialization:	
   124  07FC                     end_of_initialization:	
   125                           ;End of C runtime variable initialization code
   126                           
   127  07FC                     __end_of__initialization:	
   128  07FC  0183               	clrf	3
   129  07FD  120A  118A  2F9E   	ljmp	_main	;jump to C main() function
   130                           
   131                           	psect	cstackCOMMON
   132  0070                     __pcstackCOMMON:	
   133  0070                     ?_initLCD:	
   134  0070                     ?_instCtrl:	
   135                           ; 0 bytes @ 0x0
   136                           
   137  0070                     ?_delay:	
   138                           ; 0 bytes @ 0x0
   139                           
   140  0070                     ?_dataCtrl:	
   141                           ; 0 bytes @ 0x0
   142                           
   143  0070                     ?_main:	
   144                           ; 0 bytes @ 0x0
   145                           
   146  0070                     delay@ms:	
   147                           ; 2 bytes @ 0x0
   148                           
   149                           
   150                           ; 2 bytes @ 0x0
   151  0070                     	ds	2
   152  0072                     ??_delay:	
   153  0072                     delay@i:	
   154                           ; 0 bytes @ 0x2
   155                           
   156                           
   157                           ; 2 bytes @ 0x2
   158  0072                     	ds	2
   159  0074                     delay@j:	
   160                           
   161                           ; 2 bytes @ 0x4
   162  0074                     	ds	2
   163  0076                     ??_instCtrl:	
   164  0076                     ??_dataCtrl:	
   165                           ; 0 bytes @ 0x6
   166                           
   167  0076                     instCtrl@INST:	
   168                           ; 0 bytes @ 0x6
   169                           
   170  0076                     dataCtrl@INST:	
   171                           ; 1 bytes @ 0x6
   172                           
   173                           
   174                           ; 1 bytes @ 0x6
   175  0076                     	ds	1
   176  0077                     ??_initLCD:	
   177  0077                     ??_main:	
   178                           ; 0 bytes @ 0x7
   179                           
   180                           
   181                           ; 0 bytes @ 0x7
   182  0077                     	ds	1
   183  0078                     main@keyIndex:	
   184                           
   185                           ; 1 bytes @ 0x8
   186  0078                     	ds	1
   187  0079                     main@charCount:	
   188                           
   189                           ; 1 bytes @ 0x9
   190  0079                     	ds	1
   191                           
   192                           	psect	maintext
   193  079E                     __pmaintext:	
   194 ;;
   195 ;;Main: autosize = 0, tempsize = 1, incstack = 0, save=0
   196 ;;
   197 ;; *************** function _main *****************
   198 ;; Defined at:
   199 ;;		line 25 in file "Z:\CPE3201 - Bordario\PracticalActivities\PA2\PA2-3_Korinne.c"
   200 ;; Parameters:    Size  Location     Type
   201 ;;		None
   202 ;; Auto vars:     Size  Location     Type
   203 ;;  charCount       1    9[COMMON] unsigned char 
   204 ;;  keyIndex        1    8[COMMON] unsigned char 
   205 ;; Return value:  Size  Location     Type
   206 ;;                  2   30[COMMON] int 
   207 ;; Registers used:
   208 ;;		wreg, fsr0l, fsr0h, status,2, status,0, pclath, cstack
   209 ;; Tracked objects:
   210 ;;		On entry : 17F/0
   211 ;;		On exit  : 0/0
   212 ;;		Unchanged: 0/0
   213 ;; Data sizes:     COMMON   BANK0   BANK1   BANK3   BANK2
   214 ;;      Params:         0       0       0       0       0
   215 ;;      Locals:         2       0       0       0       0
   216 ;;      Temps:          1       0       0       0       0
   217 ;;      Totals:         3       0       0       0       0
   218 ;;Total ram usage:        3 bytes
   219 ;; Hardware stack levels required when called:    3
   220 ;; This function calls:
   221 ;;		_dataCtrl
   222 ;;		_delay
   223 ;;		_initLCD
   224 ;;		_instCtrl
   225 ;; This function is called by:
   226 ;;		Startup code after reset
   227 ;; This function uses a non-reentrant model
   228 ;;
   229                           
   230                           
   231                           ;psect for function _main
   232  079E                     _main:	
   233                           
   234                           ;PA2-3_Korinne.c: 27: TRISB = 0x00;
   235                           
   236                           ;incstack = 0
   237                           ; Regs used in _main: [wreg-fsr0h+status,2+status,0+pclath+cstack]
   238  079E  1683               	bsf	3,5	;RP0=1, select bank1
   239  079F  1303               	bcf	3,6	;RP1=0, select bank1
   240  07A0  0186               	clrf	6	;volatile
   241                           
   242                           ;PA2-3_Korinne.c: 28: TRISC = 0x00;
   243  07A1  0187               	clrf	7	;volatile
   244                           
   245                           ;PA2-3_Korinne.c: 29: TRISD = 0xFF;
   246  07A2  30FF               	movlw	255
   247  07A3  0088               	movwf	8	;volatile
   248                           
   249                           ;PA2-3_Korinne.c: 31: initLCD();
   250  07A4  120A  118A  2751  120A  118A  	fcall	_initLCD
   251                           
   252                           ;PA2-3_Korinne.c: 33: unsigned char charCount = 0;
   253  07A9  01F9               	clrf	main@charCount
   254  07AA                     l565:	
   255                           ;PA2-3_Korinne.c: 34: unsigned char keyIndex;
   256                           ;PA2-3_Korinne.c: 37: while(1) {
   257                           
   258                           
   259                           ;PA2-3_Korinne.c: 39: if(RD4 == 1) {
   260  07AA  1283               	bcf	3,5	;RP0=0, select bank0
   261  07AB  1303               	bcf	3,6	;RP1=0, select bank0
   262  07AC  1E08               	btfss	8,4	;volatile
   263  07AD  2FAA               	goto	l565
   264                           
   265                           ;PA2-3_Korinne.c: 42: keyIndex = PORTD & 0x0F;
   266  07AE  0808               	movf	8,w	;volatile
   267  07AF  390F               	andlw	15
   268  07B0  00F7               	movwf	??_main
   269  07B1  0877               	movf	??_main,w
   270  07B2  00F8               	movwf	main@keyIndex
   271  07B3                     l33:	
   272                           ;PA2-3_Korinne.c: 45: while(RD4 == 1);
   273                           
   274  07B3  1E08               	btfss	8,4	;volatile
   275  07B4  2FDC               	goto	l581
   276  07B5  2FB3               	goto	l33
   277  07B6                     l569:	
   278                           ;PA2-3_Korinne.c: 49: case 20:
   279                           
   280                           ;PA2-3_Korinne.c: 48: switch(charCount) {
   281                           
   282                           
   283                           ;PA2-3_Korinne.c: 50: instCtrl(0xC0);
   284  07B6  30C0               	movlw	192
   285  07B7  120A  118A  273E  120A  118A  	fcall	_instCtrl
   286                           
   287                           ;PA2-3_Korinne.c: 51: break;
   288  07BC  2FEA               	goto	l583
   289  07BD                     l571:	
   290                           ;PA2-3_Korinne.c: 52: case 40:
   291                           
   292                           
   293                           ;PA2-3_Korinne.c: 53: instCtrl(0x94);
   294  07BD  3094               	movlw	148
   295  07BE  120A  118A  273E  120A  118A  	fcall	_instCtrl
   296                           
   297                           ;PA2-3_Korinne.c: 54: break;
   298  07C3  2FEA               	goto	l583
   299  07C4                     l573:	
   300                           ;PA2-3_Korinne.c: 55: case 60:
   301                           
   302                           
   303                           ;PA2-3_Korinne.c: 56: instCtrl(0xD4);
   304  07C4  30D4               	movlw	212
   305  07C5  120A  118A  273E  120A  118A  	fcall	_instCtrl
   306                           
   307                           ;PA2-3_Korinne.c: 57: break;
   308  07CA  2FEA               	goto	l583
   309  07CB                     l575:	
   310                           ;PA2-3_Korinne.c: 58: case 80:
   311                           
   312                           
   313                           ;PA2-3_Korinne.c: 59: instCtrl(0x01);
   314  07CB  3001               	movlw	1
   315  07CC  120A  118A  273E  120A  118A  	fcall	_instCtrl
   316                           
   317                           ;PA2-3_Korinne.c: 60: delay(2);
   318  07D1  3002               	movlw	2
   319  07D2  00F0               	movwf	delay@ms
   320  07D3  3000               	movlw	0
   321  07D4  00F1               	movwf	delay@ms+1
   322  07D5  120A  118A  2777  120A  118A  	fcall	_delay
   323                           
   324                           ;PA2-3_Korinne.c: 61: charCount = 0;
   325  07DA  01F9               	clrf	main@charCount
   326                           
   327                           ;PA2-3_Korinne.c: 66: }
   328                           
   329                           ;PA2-3_Korinne.c: 65: break;
   330                           
   331                           ;PA2-3_Korinne.c: 63: default:
   332                           
   333                           ;PA2-3_Korinne.c: 62: break;
   334  07DB  2FEA               	goto	l583
   335  07DC                     l581:	
   336  07DC  0879               	movf	main@charCount,w
   337                           
   338                           ; Switch size 1, requested type "space"
   339                           ; Number of cases is 4, Range of values is 20 to 80
   340                           ; switch strategies available:
   341                           ; Name         Instructions Cycles
   342                           ; simple_byte           13     7 (average)
   343                           ; direct_byte          194    11 (fixed)
   344                           ; jumptable            263     9 (fixed)
   345                           ;	Chosen strategy is simple_byte
   346  07DD  3A14               	xorlw	20	; case 20
   347  07DE  1903               	skipnz
   348  07DF  2FB6               	goto	l569
   349  07E0  3A3C               	xorlw	60	; case 40
   350  07E1  1903               	skipnz
   351  07E2  2FBD               	goto	l571
   352  07E3  3A14               	xorlw	20	; case 60
   353  07E4  1903               	skipnz
   354  07E5  2FC4               	goto	l573
   355  07E6  3A6C               	xorlw	108	; case 80
   356  07E7  1903               	skipnz
   357  07E8  2FCB               	goto	l575
   358  07E9  2FEA               	goto	l583
   359  07EA                     l583:	
   360                           
   361                           ;PA2-3_Korinne.c: 69: dataCtrl(keypad[keyIndex]);
   362  07EA  0878               	movf	main@keyIndex,w
   363  07EB  3E01               	addlw	low (_keypad-__stringbase)
   364  07EC  0084               	movwf	4
   365  07ED  120A  118A  2003  120A  118A  	fcall	stringdir
   366  07F2  120A  118A  272B  120A  118A  	fcall	_dataCtrl
   367                           
   368                           ;PA2-3_Korinne.c: 70: charCount++;
   369  07F7  3001               	movlw	1
   370  07F8  00F7               	movwf	??_main
   371  07F9  0877               	movf	??_main,w
   372  07FA  07F9               	addwf	main@charCount,f
   373  07FB  2FAA               	goto	l565
   374  07FC                     __end_of_main:	
   375                           ;PA2-3_Korinne.c: 71: }
   376                           ;PA2-3_Korinne.c: 72: }
   377                           ;PA2-3_Korinne.c: 74: return 0;
   378                           ;	Return value of _main is never used
   379                           
   380                           
   381                           	psect	text1
   382  0751                     __ptext1:	
   383 ;; *************** function _initLCD *****************
   384 ;; Defined at:
   385 ;;		line 86 in file "Z:\CPE3201 - Bordario\PracticalActivities\PA2\PA2-3_Korinne.c"
   386 ;; Parameters:    Size  Location     Type
   387 ;;		None
   388 ;; Auto vars:     Size  Location     Type
   389 ;;		None
   390 ;; Return value:  Size  Location     Type
   391 ;;		None               void
   392 ;; Registers used:
   393 ;;		wreg, status,2, status,0, pclath, cstack
   394 ;; Tracked objects:
   395 ;;		On entry : 0/0
   396 ;;		On exit  : 0/0
   397 ;;		Unchanged: 0/0
   398 ;; Data sizes:     COMMON   BANK0   BANK1   BANK3   BANK2
   399 ;;      Params:         0       0       0       0       0
   400 ;;      Locals:         0       0       0       0       0
   401 ;;      Temps:          0       0       0       0       0
   402 ;;      Totals:         0       0       0       0       0
   403 ;;Total ram usage:        0 bytes
   404 ;; Hardware stack levels used:    1
   405 ;; Hardware stack levels required when called:    2
   406 ;; This function calls:
   407 ;;		_delay
   408 ;;		_instCtrl
   409 ;; This function is called by:
   410 ;;		_main
   411 ;; This function uses a non-reentrant model
   412 ;;
   413                           
   414                           
   415                           ;psect for function _initLCD
   416  0751                     _initLCD:	
   417                           
   418                           ;PA2-3_Korinne.c: 87: delay(1);
   419                           
   420                           ;incstack = 0
   421                           ; Regs used in _initLCD: [wreg+status,2+status,0+pclath+cstack]
   422  0751  3001               	movlw	1
   423  0752  00F0               	movwf	delay@ms
   424  0753  3000               	movlw	0
   425  0754  00F1               	movwf	delay@ms+1
   426  0755  120A  118A  2777  120A  118A  	fcall	_delay
   427                           
   428                           ;PA2-3_Korinne.c: 88: instCtrl(0x38);
   429  075A  3038               	movlw	56
   430  075B  120A  118A  273E  120A  118A  	fcall	_instCtrl
   431                           
   432                           ;PA2-3_Korinne.c: 89: instCtrl(0x08);
   433  0760  3008               	movlw	8
   434  0761  120A  118A  273E  120A  118A  	fcall	_instCtrl
   435                           
   436                           ;PA2-3_Korinne.c: 90: instCtrl(0x01);
   437  0766  3001               	movlw	1
   438  0767  120A  118A  273E  120A  118A  	fcall	_instCtrl
   439                           
   440                           ;PA2-3_Korinne.c: 91: instCtrl(0x06);
   441  076C  3006               	movlw	6
   442  076D  120A  118A  273E  120A  118A  	fcall	_instCtrl
   443                           
   444                           ;PA2-3_Korinne.c: 92: instCtrl(0x0F);
   445  0772  300F               	movlw	15
   446  0773  120A  118A  273E   	fcall	_instCtrl
   447  0776  0008               	return
   448  0777                     __end_of_initLCD:	
   449                           
   450                           	psect	text2
   451  073E                     __ptext2:	
   452 ;; *************** function _instCtrl *****************
   453 ;; Defined at:
   454 ;;		line 77 in file "Z:\CPE3201 - Bordario\PracticalActivities\PA2\PA2-3_Korinne.c"
   455 ;; Parameters:    Size  Location     Type
   456 ;;  INST            1    wreg     unsigned char 
   457 ;; Auto vars:     Size  Location     Type
   458 ;;  INST            1    6[COMMON] unsigned char 
   459 ;; Return value:  Size  Location     Type
   460 ;;		None               void
   461 ;; Registers used:
   462 ;;		wreg, status,2, status,0, pclath, cstack
   463 ;; Tracked objects:
   464 ;;		On entry : 0/0
   465 ;;		On exit  : 0/0
   466 ;;		Unchanged: 0/0
   467 ;; Data sizes:     COMMON   BANK0   BANK1   BANK3   BANK2
   468 ;;      Params:         0       0       0       0       0
   469 ;;      Locals:         1       0       0       0       0
   470 ;;      Temps:          0       0       0       0       0
   471 ;;      Totals:         1       0       0       0       0
   472 ;;Total ram usage:        1 bytes
   473 ;; Hardware stack levels used:    1
   474 ;; Hardware stack levels required when called:    1
   475 ;; This function calls:
   476 ;;		_delay
   477 ;; This function is called by:
   478 ;;		_main
   479 ;;		_initLCD
   480 ;; This function uses a non-reentrant model
   481 ;;
   482                           
   483                           
   484                           ;psect for function _instCtrl
   485  073E                     _instCtrl:	
   486                           
   487                           ;incstack = 0
   488                           ; Regs used in _instCtrl: [wreg+status,2+status,0+pclath+cstack]
   489                           ;instCtrl@INST stored from wreg
   490  073E  00F6               	movwf	instCtrl@INST
   491                           
   492                           ;PA2-3_Korinne.c: 78: PORTB = INST;
   493  073F  0876               	movf	instCtrl@INST,w
   494  0740  1283               	bcf	3,5	;RP0=0, select bank0
   495  0741  1303               	bcf	3,6	;RP1=0, select bank0
   496  0742  0086               	movwf	6	;volatile
   497                           
   498                           ;PA2-3_Korinne.c: 79: RC0 = 0;
   499  0743  1007               	bcf	7,0	;volatile
   500                           
   501                           ;PA2-3_Korinne.c: 80: RC2 = 0;
   502  0744  1107               	bcf	7,2	;volatile
   503                           
   504                           ;PA2-3_Korinne.c: 81: RC1 = 1;
   505  0745  1487               	bsf	7,1	;volatile
   506                           
   507                           ;PA2-3_Korinne.c: 82: delay(1);
   508  0746  3001               	movlw	1
   509  0747  00F0               	movwf	delay@ms
   510  0748  3000               	movlw	0
   511  0749  00F1               	movwf	delay@ms+1
   512  074A  120A  118A  2777   	fcall	_delay
   513                           
   514                           ;PA2-3_Korinne.c: 83: RC1 = 0;
   515  074D  1283               	bcf	3,5	;RP0=0, select bank0
   516  074E  1303               	bcf	3,6	;RP1=0, select bank0
   517  074F  1087               	bcf	7,1	;volatile
   518  0750  0008               	return
   519  0751                     __end_of_instCtrl:	
   520                           
   521                           	psect	text3
   522  072B                     __ptext3:	
   523 ;; *************** function _dataCtrl *****************
   524 ;; Defined at:
   525 ;;		line 95 in file "Z:\CPE3201 - Bordario\PracticalActivities\PA2\PA2-3_Korinne.c"
   526 ;; Parameters:    Size  Location     Type
   527 ;;  INST            1    wreg     unsigned char 
   528 ;; Auto vars:     Size  Location     Type
   529 ;;  INST            1    6[COMMON] unsigned char 
   530 ;; Return value:  Size  Location     Type
   531 ;;		None               void
   532 ;; Registers used:
   533 ;;		wreg, status,2, status,0, pclath, cstack
   534 ;; Tracked objects:
   535 ;;		On entry : 0/0
   536 ;;		On exit  : 0/0
   537 ;;		Unchanged: 0/0
   538 ;; Data sizes:     COMMON   BANK0   BANK1   BANK3   BANK2
   539 ;;      Params:         0       0       0       0       0
   540 ;;      Locals:         1       0       0       0       0
   541 ;;      Temps:          0       0       0       0       0
   542 ;;      Totals:         1       0       0       0       0
   543 ;;Total ram usage:        1 bytes
   544 ;; Hardware stack levels used:    1
   545 ;; Hardware stack levels required when called:    1
   546 ;; This function calls:
   547 ;;		_delay
   548 ;; This function is called by:
   549 ;;		_main
   550 ;; This function uses a non-reentrant model
   551 ;;
   552                           
   553                           
   554                           ;psect for function _dataCtrl
   555  072B                     _dataCtrl:	
   556                           
   557                           ;incstack = 0
   558                           ; Regs used in _dataCtrl: [wreg+status,2+status,0+pclath+cstack]
   559                           ;dataCtrl@INST stored from wreg
   560  072B  00F6               	movwf	dataCtrl@INST
   561                           
   562                           ;PA2-3_Korinne.c: 96: PORTB = INST;
   563  072C  0876               	movf	dataCtrl@INST,w
   564  072D  1283               	bcf	3,5	;RP0=0, select bank0
   565  072E  1303               	bcf	3,6	;RP1=0, select bank0
   566  072F  0086               	movwf	6	;volatile
   567                           
   568                           ;PA2-3_Korinne.c: 97: RC0 = 1;
   569  0730  1407               	bsf	7,0	;volatile
   570                           
   571                           ;PA2-3_Korinne.c: 98: RC2 = 0;
   572  0731  1107               	bcf	7,2	;volatile
   573                           
   574                           ;PA2-3_Korinne.c: 99: RC1 = 1;
   575  0732  1487               	bsf	7,1	;volatile
   576                           
   577                           ;PA2-3_Korinne.c: 100: delay(1);
   578  0733  3001               	movlw	1
   579  0734  00F0               	movwf	delay@ms
   580  0735  3000               	movlw	0
   581  0736  00F1               	movwf	delay@ms+1
   582  0737  120A  118A  2777   	fcall	_delay
   583                           
   584                           ;PA2-3_Korinne.c: 101: RC1 = 0;
   585  073A  1283               	bcf	3,5	;RP0=0, select bank0
   586  073B  1303               	bcf	3,6	;RP1=0, select bank0
   587  073C  1087               	bcf	7,1	;volatile
   588  073D  0008               	return
   589  073E                     __end_of_dataCtrl:	
   590                           
   591                           	psect	text4
   592  0777                     __ptext4:	
   593 ;; *************** function _delay *****************
   594 ;; Defined at:
   595 ;;		line 104 in file "Z:\CPE3201 - Bordario\PracticalActivities\PA2\PA2-3_Korinne.c"
   596 ;; Parameters:    Size  Location     Type
   597 ;;  ms              2    0[COMMON] unsigned int 
   598 ;; Auto vars:     Size  Location     Type
   599 ;;  j               2    4[COMMON] unsigned int 
   600 ;;  i               2    2[COMMON] unsigned int 
   601 ;; Return value:  Size  Location     Type
   602 ;;		None               void
   603 ;; Registers used:
   604 ;;		wreg, status,2
   605 ;; Tracked objects:
   606 ;;		On entry : 0/0
   607 ;;		On exit  : 0/0
   608 ;;		Unchanged: 0/0
   609 ;; Data sizes:     COMMON   BANK0   BANK1   BANK3   BANK2
   610 ;;      Params:         2       0       0       0       0
   611 ;;      Locals:         4       0       0       0       0
   612 ;;      Temps:          0       0       0       0       0
   613 ;;      Totals:         6       0       0       0       0
   614 ;;Total ram usage:        6 bytes
   615 ;; Hardware stack levels used:    1
   616 ;; This function calls:
   617 ;;		Nothing
   618 ;; This function is called by:
   619 ;;		_main
   620 ;;		_instCtrl
   621 ;;		_initLCD
   622 ;;		_dataCtrl
   623 ;; This function uses a non-reentrant model
   624 ;;
   625                           
   626                           
   627                           ;psect for function _delay
   628  0777                     _delay:	
   629                           
   630                           ;PA2-3_Korinne.c: 105: unsigned int i, j;
   631                           ;PA2-3_Korinne.c: 106: for(i = 0; i < ms; i++) {
   632                           
   633                           ;incstack = 0
   634                           ; Regs used in _delay: [wreg+status,2]
   635  0777  01F2               	clrf	delay@i
   636  0778  01F3               	clrf	delay@i+1
   637  0779                     l57:	
   638  0779  0871               	movf	delay@ms+1,w
   639  077A  0273               	subwf	delay@i+1,w
   640  077B  1D03               	skipz
   641  077C  2F7F               	goto	u35
   642  077D  0870               	movf	delay@ms,w
   643  077E  0272               	subwf	delay@i,w
   644  077F                     u35:	
   645  077F  1803               	btfsc	3,0
   646  0780  0008               	return
   647                           
   648                           ;PA2-3_Korinne.c: 107: for(j = 0; j < 1000; j++);
   649  0781  01F4               	clrf	delay@j
   650  0782  01F5               	clrf	delay@j+1
   651  0783  3003               	movlw	3
   652  0784  0275               	subwf	delay@j+1,w
   653  0785  30E8               	movlw	232
   654  0786  1903               	skipnz
   655  0787  0274               	subwf	delay@j,w
   656  0788  1803               	btfsc	3,0
   657  0789  2F97               	goto	l529
   658  078A                     l527:	
   659  078A  3001               	movlw	1
   660  078B  07F4               	addwf	delay@j,f
   661  078C  1803               	skipnc
   662  078D  0AF5               	incf	delay@j+1,f
   663  078E  3000               	movlw	0
   664  078F  07F5               	addwf	delay@j+1,f
   665  0790  3003               	movlw	3
   666  0791  0275               	subwf	delay@j+1,w
   667  0792  30E8               	movlw	232
   668  0793  1903               	skipnz
   669  0794  0274               	subwf	delay@j,w
   670  0795  1C03               	skipc
   671  0796  2F8A               	goto	l527
   672  0797                     l529:	
   673  0797  3001               	movlw	1
   674  0798  07F2               	addwf	delay@i,f
   675  0799  1803               	skipnc
   676  079A  0AF3               	incf	delay@i+1,f
   677  079B  3000               	movlw	0
   678  079C  07F3               	addwf	delay@i+1,f
   679  079D  2F79               	goto	l57
   680  079E                     __end_of_delay:	
   681  007E                     btemp	set	126	;btemp
   682  007E                     wtemp	set	126
   683  007E                     wtemp0	set	126
   684  0080                     wtemp1	set	128
   685  0082                     wtemp2	set	130
   686  0084                     wtemp3	set	132
   687  0086                     wtemp4	set	134
   688  0088                     wtemp5	set	136
   689  007F                     wtemp6	set	127
   690  007E                     ttemp	set	126
   691  007E                     ttemp0	set	126
   692  0081                     ttemp1	set	129
   693  0084                     ttemp2	set	132
   694  0087                     ttemp3	set	135
   695  007F                     ttemp4	set	127
   696  007E                     ltemp	set	126
   697  007E                     ltemp0	set	126
   698  0082                     ltemp1	set	130
   699  0086                     ltemp2	set	134
   700  0080                     ltemp3	set	128


Data Sizes:
    Strings     0
    Constant    17
    Data        0
    BSS         0
    Persistent  0
    Stack       0

Auto Spaces:
    Space          Size  Autos    Used
    COMMON           14     10      10
    BANK0            80      0       0
    BANK1            80      0       0
    BANK3            96      0       0
    BANK2            96      0       0

Pointer List with Targets:

    None.

Critical Paths under _main in COMMON

    _main->_dataCtrl
    _main->_instCtrl
    _initLCD->_instCtrl
    _instCtrl->_delay
    _dataCtrl->_delay

Critical Paths under _main in BANK0

    None.

Critical Paths under _main in BANK1

    None.

Critical Paths under _main in BANK3

    None.

Critical Paths under _main in BANK2

    None.

Call Graph Tables:

 ---------------------------------------------------------------------------------
 (Depth) Function   	        Calls       Base Space   Used Autos Params    Refs
 ---------------------------------------------------------------------------------
 (0) _main                                                 3     3      0    1235
                                              7 COMMON     3     3      0
                           _dataCtrl
                              _delay
                            _initLCD
                           _instCtrl
 ---------------------------------------------------------------------------------
 (1) _initLCD                                              0     0      0     479
                              _delay
                           _instCtrl
 ---------------------------------------------------------------------------------
 (1) _instCtrl                                             1     1      0     247
                                              6 COMMON     1     1      0
                              _delay
 ---------------------------------------------------------------------------------
 (1) _dataCtrl                                             1     1      0     247
                                              6 COMMON     1     1      0
                              _delay
 ---------------------------------------------------------------------------------
 (2) _delay                                                6     4      2     232
                                              0 COMMON     6     4      2
 ---------------------------------------------------------------------------------
 Estimated maximum stack depth 2
 ---------------------------------------------------------------------------------

 Call Graph Graphs:

 _main (ROOT)
   _dataCtrl
     _delay
   _delay
   _initLCD
     _delay
     _instCtrl
       _delay
   _instCtrl
     _delay

 Address spaces:
Name               Size   Autos  Total    Cost      Usage
BITCOMMON            E      0       0       0        0.0%
EEDATA             100      0       0       0        0.0%
NULL                 0      0       0       0        0.0%
CODE                 0      0       0       0        0.0%
COMMON               E      A       A       1       71.4%
BITSFR0              0      0       0       1        0.0%
SFR0                 0      0       0       1        0.0%
BITSFR1              0      0       0       2        0.0%
SFR1                 0      0       0       2        0.0%
STACK                0      0       0       2        0.0%
ABS                  0      0       0       3        0.0%
BITBANK0            50      0       0       4        0.0%
BITSFR3              0      0       0       4        0.0%
SFR3                 0      0       0       4        0.0%
BANK0               50      0       0       5        0.0%
BITSFR2              0      0       0       5        0.0%
SFR2                 0      0       0       5        0.0%
BITBANK1            50      0       0       6        0.0%
BANK1               50      0       0       7        0.0%
BITBANK3            60      0       0       8        0.0%
BANK3               60      0       0       9        0.0%
BITBANK2            60      0       0      10        0.0%
BANK2               60      0       0      11        0.0%
DATA                 0      0       0      12        0.0%


Microchip Technology PIC Macro Assembler V1.33 build 59893 
Symbol Table                                                                                   Wed Mar 04 09:17:19 2026

                      pc 0002              __CFG_CP$OFF 0000                       l33 07B3  
                     l57 0779                       u35 077F                       fsr 0004  
                    l527 078A                      l529 0797                      l571 07BD  
                    l573 07C4                      l581 07DC                      l565 07AA  
                    l575 07CB                      l583 07EA                      l569 07B6  
                    _RC0 0038                      _RC1 0039                      _RC2 003A  
                    _RD4 0044             __CFG_CPD$OFF 0000                      fsr0 0004  
           __CFG_FOSC$XT 0000             __CFG_LVP$OFF 0000             __CFG_WRT$OFF 0000  
                   _main 079E                     btemp 007E            __CFG_BOREN$ON 0000  
                   ltemp 007E                     start 0000                     ttemp 007E  
                   wtemp 007E                    ?_main 0070            __CFG_WDTE$OFF 0000  
           main@keyIndex 0078                    _PORTB 0006                    _PORTD 0008  
                  _TRISB 0086                    _TRISC 0087                    _TRISD 0088  
          __CFG_PWRTE$ON 0000          __end_of_initLCD 0777                    _delay 0777  
                  pclath 000A                    ltemp0 007E                    ltemp1 0082  
                  ltemp2 0086                    ltemp3 0080                    ttemp0 007E  
                  ttemp1 0081                    ttemp2 0084                    ttemp3 0087  
                  ttemp4 007F                    status 0003                    wtemp0 007E  
                  wtemp1 0080                    wtemp2 0082                    wtemp3 0084  
                  wtemp4 0086                    wtemp5 0088                    wtemp6 007F  
        __initialization 07FC            main@charCount 0079             __end_of_main 07FC  
                 ??_main 0077                   ?_delay 0070         __end_of_dataCtrl 073E  
                 _keypad 0009                   delay@i 0072                   delay@j 0074  
       __end_of_instCtrl 0751                ??_initLCD 0077  __end_of__initialization 07FC  
         __pcstackCOMMON 0070            __end_of_delay 079E                  ??_delay 0072  
             __pmaintext 079E                ?_dataCtrl 0070               __stringtab 0003  
              ?_instCtrl 0070                  __ptext1 0751                  __ptext2 073E  
                __ptext3 072B                  __ptext4 0777                  _initLCD 0751  
             ??_dataCtrl 0076                  delay@ms 0070     end_of_initialization 07FC  
             ??_instCtrl 0076             instCtrl@INST 0076           __end_of_keypad 001A  
    start_initialization 07FC             dataCtrl@INST 0076                ___latbits 0002  
      __size_of_dataCtrl 0013        __size_of_instCtrl 0013                __pstrings 0003  
               ?_initLCD 0070           __size_of_delay 0027              __stringbase 0008  
     __end_of__stringtab 0009                 _dataCtrl 072B         __size_of_initLCD 0026  
          __size_of_main 005E                 _instCtrl 073E                stringcode 0003  
               stringdir 0003                 stringtab 0003  
