

Microchip Technology PIC LITE Macro Assembler V1.33 build 59893 
                                                                                               Wed Mar 04 08:11:31 2026

Microchip Technology Omniscient Code Generator (Lite mode) build 59893
     1                           	processor	16F877A
     2                           	opt	pw 120
     3                           	opt	lm
     4                           	psect	text0,local,class=CODE,merge=1,delta=2
     5                           	psect	cinit,global,class=CODE,merge=1,delta=2
     6                           	psect	cstackCOMMON,global,class=COMMON,space=1,delta=1
     7                           	psect	maintext,global,class=CODE,split=1,delta=2
     8                           	psect	text1,local,class=CODE,merge=1,delta=2
     9                           	psect	text2,local,class=CODE,merge=1,delta=2
    10                           	psect	text3,local,class=CODE,merge=1,delta=2
    11                           	psect	text4,local,class=CODE,merge=1,delta=2
    12                           	dabs	1,0x7E,2
    13  0000                     	;# 
    14  0001                     	;# 
    15  0002                     	;# 
    16  0003                     	;# 
    17  0004                     	;# 
    18  0005                     	;# 
    19  0006                     	;# 
    20  0007                     	;# 
    21  0008                     	;# 
    22  0009                     	;# 
    23  000A                     	;# 
    24  000B                     	;# 
    25  000C                     	;# 
    26  000D                     	;# 
    27  000E                     	;# 
    28  000E                     	;# 
    29  000F                     	;# 
    30  0010                     	;# 
    31  0011                     	;# 
    32  0012                     	;# 
    33  0013                     	;# 
    34  0014                     	;# 
    35  0015                     	;# 
    36  0015                     	;# 
    37  0016                     	;# 
    38  0017                     	;# 
    39  0018                     	;# 
    40  0019                     	;# 
    41  001A                     	;# 
    42  001B                     	;# 
    43  001B                     	;# 
    44  001C                     	;# 
    45  001D                     	;# 
    46  001E                     	;# 
    47  001F                     	;# 
    48  0081                     	;# 
    49  0085                     	;# 
    50  0086                     	;# 
    51  0087                     	;# 
    52  0088                     	;# 
    53  0089                     	;# 
    54  008C                     	;# 
    55  008D                     	;# 
    56  008E                     	;# 
    57  0091                     	;# 
    58  0092                     	;# 
    59  0093                     	;# 
    60  0094                     	;# 
    61  0098                     	;# 
    62  0099                     	;# 
    63  009C                     	;# 
    64  009D                     	;# 
    65  009E                     	;# 
    66  009F                     	;# 
    67  010C                     	;# 
    68  010D                     	;# 
    69  010E                     	;# 
    70  010F                     	;# 
    71  018C                     	;# 
    72  018D                     	;# 
    73  0006                     _PORTB	set	6
    74  0007                     _PORTC	set	7
    75  0038                     _RC0	set	56
    76  0039                     _RC1	set	57
    77  0086                     _TRISB	set	134
    78  0087                     _TRISC	set	135
    79                           
    80                           	psect	text0
    81  0000                     __ptext0:	
    82                           ; #config settings
    83                           
    84                           
    85                           ;psect for function _dataCtrl
    86  0000                     
    87                           	psect	cinit
    88  07FC                     start_initialization:	
    89  07FC                     __initialization:	
    90  07FC                     end_of_initialization:	
    91                           ;End of C runtime variable initialization code
    92                           
    93  07FC                     __end_of__initialization:	
    94  07FC  0183               	clrf	3
    95  07FD  120A  118A  2FBE   	ljmp	_main	;jump to C main() function
    96                           
    97                           	psect	cstackCOMMON
    98  0070                     __pcstackCOMMON:	
    99  0070                     ?_delay_ms:	
   100  0070                     ?_instCtrl:	
   101                           ; 0 bytes @ 0x0
   102                           
   103  0070                     ??_instCtrl:	
   104                           ; 0 bytes @ 0x0
   105                           
   106  0070                     ?_dataCtrl:	
   107                           ; 0 bytes @ 0x0
   108                           
   109  0070                     ??_dataCtrl:	
   110                           ; 0 bytes @ 0x0
   111                           
   112  0070                     ?_initLCD:	
   113                           ; 0 bytes @ 0x0
   114                           
   115  0070                     ?_main:	
   116                           ; 0 bytes @ 0x0
   117                           
   118  0070                     delay_ms@ms:	
   119                           ; 0 bytes @ 0x0
   120                           
   121                           
   122                           ; 2 bytes @ 0x0
   123  0070                     	ds	2
   124  0072                     ??_delay_ms:	
   125  0072                     instCtrl@cmd:	
   126                           ; 0 bytes @ 0x2
   127                           
   128  0072                     dataCtrl@data:	
   129                           ; 1 bytes @ 0x2
   130                           
   131                           
   132                           ; 1 bytes @ 0x2
   133  0072                     	ds	2
   134  0074                     ??_initLCD:	
   135  0074                     ??_main:	
   136                           ; 0 bytes @ 0x4
   137                           
   138                           
   139                           	psect	maintext
   140  07BE                     __pmaintext:	
   141                           ; 0 bytes @ 0x4
   142 ;;
   143 ;;Main: autosize = 0, tempsize = 0, incstack = 0, save=0
   144 ;;
   145 ;; *************** function _main *****************
   146 ;; Defined at:
   147 ;;		line 54 in file "Z:\CPE3201 - Bordario\PracticalActivities\PA2\PA2-1.c"
   148 ;; Parameters:    Size  Location     Type
   149 ;;		None
   150 ;; Auto vars:     Size  Location     Type
   151 ;;		None
   152 ;; Return value:  Size  Location     Type
   153 ;;		None               void
   154 ;; Registers used:
   155 ;;		wreg, status,2, status,0, pclath, cstack
   156 ;; Tracked objects:
   157 ;;		On entry : 17F/0
   158 ;;		On exit  : 0/0
   159 ;;		Unchanged: 0/0
   160 ;; Data sizes:     COMMON   BANK0   BANK1   BANK3   BANK2
   161 ;;      Params:         0       0       0       0       0
   162 ;;      Locals:         0       0       0       0       0
   163 ;;      Temps:          0       0       0       0       0
   164 ;;      Totals:         0       0       0       0       0
   165 ;;Total ram usage:        0 bytes
   166 ;; Hardware stack levels required when called:    2
   167 ;; This function calls:
   168 ;;		_dataCtrl
   169 ;;		_initLCD
   170 ;;		_instCtrl
   171 ;; This function is called by:
   172 ;;		Startup code after reset
   173 ;; This function uses a non-reentrant model
   174 ;;
   175                           
   176                           
   177                           ;psect for function _main
   178  07BE                     _main:	
   179                           
   180                           ;PA2-1.c: 56: TRISB = 0x00;
   181                           
   182                           ;incstack = 0
   183                           ; Regs used in _main: [wreg+status,2+status,0+pclath+cstack]
   184  07BE  1683               	bsf	3,5	;RP0=1, select bank1
   185  07BF  1303               	bcf	3,6	;RP1=0, select bank1
   186  07C0  0186               	clrf	6	;volatile
   187                           
   188                           ;PA2-1.c: 57: TRISC = 0x00;
   189  07C1  0187               	clrf	7	;volatile
   190                           
   191                           ;PA2-1.c: 59: PORTB = 0x00;
   192  07C2  1283               	bcf	3,5	;RP0=0, select bank0
   193  07C3  1303               	bcf	3,6	;RP1=0, select bank0
   194  07C4  0186               	clrf	6	;volatile
   195                           
   196                           ;PA2-1.c: 60: PORTC = 0x00;
   197  07C5  0187               	clrf	7	;volatile
   198                           
   199                           ;PA2-1.c: 62: initLCD();
   200  07C6  120A  118A  278F  120A  118A  	fcall	_initLCD
   201                           
   202                           ;PA2-1.c: 65: instCtrl(0xC6);
   203  07CB  30C6               	movlw	198
   204  07CC  120A  118A  2764  120A  118A  	fcall	_instCtrl
   205                           
   206                           ;PA2-1.c: 67: dataCtrl('H');
   207  07D1  3048               	movlw	72
   208  07D2  120A  118A  2750  120A  118A  	fcall	_dataCtrl
   209                           
   210                           ;PA2-1.c: 68: dataCtrl('E');
   211  07D7  3045               	movlw	69
   212  07D8  120A  118A  2750  120A  118A  	fcall	_dataCtrl
   213                           
   214                           ;PA2-1.c: 69: dataCtrl('L');
   215  07DD  304C               	movlw	76
   216  07DE  120A  118A  2750  120A  118A  	fcall	_dataCtrl
   217                           
   218                           ;PA2-1.c: 70: dataCtrl('L');
   219  07E3  304C               	movlw	76
   220  07E4  120A  118A  2750  120A  118A  	fcall	_dataCtrl
   221                           
   222                           ;PA2-1.c: 71: dataCtrl('O');
   223  07E9  304F               	movlw	79
   224  07EA  120A  118A  2750  120A  118A  	fcall	_dataCtrl
   225                           
   226                           ;PA2-1.c: 72: dataCtrl('!');
   227  07EF  3021               	movlw	33
   228  07F0  120A  118A  2750  120A  118A  	fcall	_dataCtrl
   229                           
   230                           ;PA2-1.c: 73: dataCtrl('!');
   231  07F5  3021               	movlw	33
   232  07F6  120A  118A  2750  120A  118A  	fcall	_dataCtrl
   233  07FB                     l32:	
   234                           ;PA2-1.c: 75: while(1);
   235                           
   236  07FB  2FFB               	goto	l32
   237  07FC                     __end_of_main:	
   238                           
   239                           	psect	text1
   240  078F                     __ptext1:	
   241 ;; *************** function _initLCD *****************
   242 ;; Defined at:
   243 ;;		line 42 in file "Z:\CPE3201 - Bordario\PracticalActivities\PA2\PA2-1.c"
   244 ;; Parameters:    Size  Location     Type
   245 ;;		None
   246 ;; Auto vars:     Size  Location     Type
   247 ;;		None
   248 ;; Return value:  Size  Location     Type
   249 ;;		None               void
   250 ;; Registers used:
   251 ;;		wreg, status,2, status,0, pclath, cstack
   252 ;; Tracked objects:
   253 ;;		On entry : 0/0
   254 ;;		On exit  : 0/0
   255 ;;		Unchanged: 0/0
   256 ;; Data sizes:     COMMON   BANK0   BANK1   BANK3   BANK2
   257 ;;      Params:         0       0       0       0       0
   258 ;;      Locals:         0       0       0       0       0
   259 ;;      Temps:          0       0       0       0       0
   260 ;;      Totals:         0       0       0       0       0
   261 ;;Total ram usage:        0 bytes
   262 ;; Hardware stack levels used:    1
   263 ;; Hardware stack levels required when called:    1
   264 ;; This function calls:
   265 ;;		_delay_ms
   266 ;;		_instCtrl
   267 ;; This function is called by:
   268 ;;		_main
   269 ;; This function uses a non-reentrant model
   270 ;;
   271                           
   272                           
   273                           ;psect for function _initLCD
   274  078F                     _initLCD:	
   275                           
   276                           ;PA2-1.c: 44: delay_ms(20);
   277                           
   278                           ;incstack = 0
   279                           ; Regs used in _initLCD: [wreg+status,2+status,0+pclath+cstack]
   280  078F  3014               	movlw	20
   281  0790  00F0               	movwf	delay_ms@ms
   282  0791  3000               	movlw	0
   283  0792  00F1               	movwf	delay_ms@ms+1
   284  0793  120A  118A  2778  120A  118A  	fcall	_delay_ms
   285                           
   286                           ;PA2-1.c: 46: instCtrl(0x38);
   287  0798  3038               	movlw	56
   288  0799  120A  118A  2764  120A  118A  	fcall	_instCtrl
   289                           
   290                           ;PA2-1.c: 47: instCtrl(0x08);
   291  079E  3008               	movlw	8
   292  079F  120A  118A  2764  120A  118A  	fcall	_instCtrl
   293                           
   294                           ;PA2-1.c: 48: instCtrl(0x01);
   295  07A4  3001               	movlw	1
   296  07A5  120A  118A  2764  120A  118A  	fcall	_instCtrl
   297                           
   298                           ;PA2-1.c: 49: delay_ms(2);
   299  07AA  3002               	movlw	2
   300  07AB  00F0               	movwf	delay_ms@ms
   301  07AC  3000               	movlw	0
   302  07AD  00F1               	movwf	delay_ms@ms+1
   303  07AE  120A  118A  2778  120A  118A  	fcall	_delay_ms
   304                           
   305                           ;PA2-1.c: 50: instCtrl(0x06);
   306  07B3  3006               	movlw	6
   307  07B4  120A  118A  2764  120A  118A  	fcall	_instCtrl
   308                           
   309                           ;PA2-1.c: 51: instCtrl(0x0E);
   310  07B9  300E               	movlw	14
   311  07BA  120A  118A  2764   	fcall	_instCtrl
   312  07BD  0008               	return
   313  07BE                     __end_of_initLCD:	
   314                           
   315                           	psect	text2
   316  0764                     __ptext2:	
   317 ;; *************** function _instCtrl *****************
   318 ;; Defined at:
   319 ;;		line 24 in file "Z:\CPE3201 - Bordario\PracticalActivities\PA2\PA2-1.c"
   320 ;; Parameters:    Size  Location     Type
   321 ;;  cmd             1    wreg     unsigned char 
   322 ;; Auto vars:     Size  Location     Type
   323 ;;  cmd             1    2[COMMON] unsigned char 
   324 ;; Return value:  Size  Location     Type
   325 ;;		None               void
   326 ;; Registers used:
   327 ;;		wreg
   328 ;; Tracked objects:
   329 ;;		On entry : 0/0
   330 ;;		On exit  : 0/0
   331 ;;		Unchanged: 0/0
   332 ;; Data sizes:     COMMON   BANK0   BANK1   BANK3   BANK2
   333 ;;      Params:         0       0       0       0       0
   334 ;;      Locals:         1       0       0       0       0
   335 ;;      Temps:          2       0       0       0       0
   336 ;;      Totals:         3       0       0       0       0
   337 ;;Total ram usage:        3 bytes
   338 ;; Hardware stack levels used:    1
   339 ;; This function calls:
   340 ;;		Nothing
   341 ;; This function is called by:
   342 ;;		_initLCD
   343 ;;		_main
   344 ;; This function uses a non-reentrant model
   345 ;;
   346                           
   347                           
   348                           ;psect for function _instCtrl
   349  0764                     _instCtrl:	
   350                           
   351                           ;incstack = 0
   352                           ; Regs used in _instCtrl: [wreg]
   353                           ;instCtrl@cmd stored from wreg
   354  0764  00F2               	movwf	instCtrl@cmd
   355                           
   356                           ;PA2-1.c: 26: RC0 = 0;
   357  0765  1283               	bcf	3,5	;RP0=0, select bank0
   358  0766  1303               	bcf	3,6	;RP1=0, select bank0
   359  0767  1007               	bcf	7,0	;volatile
   360                           
   361                           ;PA2-1.c: 27: PORTB = cmd;
   362  0768  0872               	movf	instCtrl@cmd,w
   363  0769  0086               	movwf	6	;volatile
   364                           
   365                           ;PA2-1.c: 28: RC1 = 1;
   366  076A  1487               	bsf	7,1	;volatile
   367                           
   368                           ;PA2-1.c: 29: _delay((unsigned long)((2)*(20000000/4000.0)));
   369  076B  300D               	movlw	13
   370  076C  00F1               	movwf	??_instCtrl+1
   371  076D  30FB               	movlw	251
   372  076E  00F0               	movwf	??_instCtrl
   373  076F                     u27:	
   374  076F  0BF0               	decfsz	??_instCtrl,f
   375  0770  2F6F               	goto	u27
   376  0771  0BF1               	decfsz	??_instCtrl+1,f
   377  0772  2F6F               	goto	u27
   378  0773  2F74               	nop2
   379                           
   380                           ;PA2-1.c: 30: RC1 = 0;
   381  0774  1283               	bcf	3,5	;RP0=0, select bank0
   382  0775  1303               	bcf	3,6	;RP1=0, select bank0
   383  0776  1087               	bcf	7,1	;volatile
   384  0777  0008               	return
   385  0778                     __end_of_instCtrl:	
   386                           
   387                           	psect	text3
   388  0778                     __ptext3:	
   389 ;; *************** function _delay_ms *****************
   390 ;; Defined at:
   391 ;;		line 18 in file "Z:\CPE3201 - Bordario\PracticalActivities\PA2\PA2-1.c"
   392 ;; Parameters:    Size  Location     Type
   393 ;;  ms              2    0[COMMON] unsigned int 
   394 ;; Auto vars:     Size  Location     Type
   395 ;;		None
   396 ;; Return value:  Size  Location     Type
   397 ;;		None               void
   398 ;; Registers used:
   399 ;;		wreg
   400 ;; Tracked objects:
   401 ;;		On entry : 0/0
   402 ;;		On exit  : 0/0
   403 ;;		Unchanged: 0/0
   404 ;; Data sizes:     COMMON   BANK0   BANK1   BANK3   BANK2
   405 ;;      Params:         2       0       0       0       0
   406 ;;      Locals:         0       0       0       0       0
   407 ;;      Temps:          2       0       0       0       0
   408 ;;      Totals:         4       0       0       0       0
   409 ;;Total ram usage:        4 bytes
   410 ;; Hardware stack levels used:    1
   411 ;; This function calls:
   412 ;;		Nothing
   413 ;; This function is called by:
   414 ;;		_initLCD
   415 ;; This function uses a non-reentrant model
   416 ;;
   417                           
   418                           
   419                           ;psect for function _delay_ms
   420  0778                     _delay_ms:	
   421  0778                     l17:	
   422                           ;PA2-1.c: 20: while(ms--)
   423                           
   424                           ;incstack = 0
   425                           ; Regs used in _delay_ms: [wreg]
   426                           
   427  0778  3001               	movlw	1
   428  0779  02F0               	subwf	delay_ms@ms,f
   429  077A  3000               	movlw	0
   430  077B  1C03               	skipc
   431  077C  03F1               	decf	delay_ms@ms+1,f
   432  077D  02F1               	subwf	delay_ms@ms+1,f
   433  077E  30FF               	movlw	255
   434  077F  0671               	xorwf	delay_ms@ms+1,w
   435  0780  1D03               	skipz
   436  0781  2F84               	goto	u15
   437  0782  30FF               	movlw	255
   438  0783  0670               	xorwf	delay_ms@ms,w
   439  0784                     u15:	
   440  0784  1903               	btfsc	3,2
   441  0785  0008               	return
   442                           
   443                           ;PA2-1.c: 21: _delay((unsigned long)((1)*(20000000/4000.0)));
   444  0786  3007               	movlw	7
   445  0787  00F3               	movwf	??_delay_ms+1
   446  0788  307D               	movlw	125
   447  0789  00F2               	movwf	??_delay_ms
   448  078A                     u37:	
   449  078A  0BF2               	decfsz	??_delay_ms,f
   450  078B  2F8A               	goto	u37
   451  078C  0BF3               	decfsz	??_delay_ms+1,f
   452  078D  2F8A               	goto	u37
   453  078E  2F78               	goto	l17
   454  078F                     __end_of_delay_ms:	
   455                           
   456                           	psect	text4
   457  0750                     __ptext4:	
   458 ;; *************** function _dataCtrl *****************
   459 ;; Defined at:
   460 ;;		line 33 in file "Z:\CPE3201 - Bordario\PracticalActivities\PA2\PA2-1.c"
   461 ;; Parameters:    Size  Location     Type
   462 ;;  data            1    wreg     unsigned char 
   463 ;; Auto vars:     Size  Location     Type
   464 ;;  data            1    2[COMMON] unsigned char 
   465 ;; Return value:  Size  Location     Type
   466 ;;		None               void
   467 ;; Registers used:
   468 ;;		wreg
   469 ;; Tracked objects:
   470 ;;		On entry : 0/0
   471 ;;		On exit  : 0/0
   472 ;;		Unchanged: 0/0
   473 ;; Data sizes:     COMMON   BANK0   BANK1   BANK3   BANK2
   474 ;;      Params:         0       0       0       0       0
   475 ;;      Locals:         1       0       0       0       0
   476 ;;      Temps:          2       0       0       0       0
   477 ;;      Totals:         3       0       0       0       0
   478 ;;Total ram usage:        3 bytes
   479 ;; Hardware stack levels used:    1
   480 ;; This function calls:
   481 ;;		Nothing
   482 ;; This function is called by:
   483 ;;		_main
   484 ;; This function uses a non-reentrant model
   485 ;;
   486                           
   487                           
   488                           ;psect for function _dataCtrl
   489  0750                     _dataCtrl:	
   490                           
   491                           ;incstack = 0
   492                           ; Regs used in _dataCtrl: [wreg]
   493                           ;dataCtrl@data stored from wreg
   494  0750  00F2               	movwf	dataCtrl@data
   495                           
   496                           ;PA2-1.c: 35: RC0 = 1;
   497  0751  1283               	bcf	3,5	;RP0=0, select bank0
   498  0752  1303               	bcf	3,6	;RP1=0, select bank0
   499  0753  1407               	bsf	7,0	;volatile
   500                           
   501                           ;PA2-1.c: 36: PORTB = data;
   502  0754  0872               	movf	dataCtrl@data,w
   503  0755  0086               	movwf	6	;volatile
   504                           
   505                           ;PA2-1.c: 37: RC1 = 1;
   506  0756  1487               	bsf	7,1	;volatile
   507                           
   508                           ;PA2-1.c: 38: _delay((unsigned long)((2)*(20000000/4000.0)));
   509  0757  300D               	movlw	13
   510  0758  00F1               	movwf	??_dataCtrl+1
   511  0759  30FB               	movlw	251
   512  075A  00F0               	movwf	??_dataCtrl
   513  075B                     u47:	
   514  075B  0BF0               	decfsz	??_dataCtrl,f
   515  075C  2F5B               	goto	u47
   516  075D  0BF1               	decfsz	??_dataCtrl+1,f
   517  075E  2F5B               	goto	u47
   518  075F  2F60               	nop2
   519                           
   520                           ;PA2-1.c: 39: RC1 = 0;
   521  0760  1283               	bcf	3,5	;RP0=0, select bank0
   522  0761  1303               	bcf	3,6	;RP1=0, select bank0
   523  0762  1087               	bcf	7,1	;volatile
   524  0763  0008               	return
   525  0764                     __end_of_dataCtrl:	
   526  007E                     btemp	set	126	;btemp
   527  007E                     wtemp	set	126
   528  007E                     wtemp0	set	126
   529  0080                     wtemp1	set	128
   530  0082                     wtemp2	set	130
   531  0084                     wtemp3	set	132
   532  0086                     wtemp4	set	134
   533  0088                     wtemp5	set	136
   534  007F                     wtemp6	set	127
   535  007E                     ttemp	set	126
   536  007E                     ttemp0	set	126
   537  0081                     ttemp1	set	129
   538  0084                     ttemp2	set	132
   539  0087                     ttemp3	set	135
   540  007F                     ttemp4	set	127
   541  007E                     ltemp	set	126
   542  007E                     ltemp0	set	126
   543  0082                     ltemp1	set	130
   544  0086                     ltemp2	set	134
   545  0080                     ltemp3	set	128


Data Sizes:
    Strings     0
    Constant    0
    Data        0
    BSS         0
    Persistent  0
    Stack       0

Auto Spaces:
    Space          Size  Autos    Used
    COMMON           14      4       4
    BANK0            80      0       0
    BANK1            80      0       0
    BANK3            96      0       0
    BANK2            96      0       0

Pointer List with Targets:

    None.

Critical Paths under _main in COMMON

    _initLCD->_delay_ms

Critical Paths under _main in BANK0

    None.

Critical Paths under _main in BANK1

    None.

Critical Paths under _main in BANK3

    None.

Critical Paths under _main in BANK2

    None.

Call Graph Tables:

 ---------------------------------------------------------------------------------
 (Depth) Function   	        Calls       Base Space   Used Autos Params    Refs
 ---------------------------------------------------------------------------------
 (0) _main                                                 0     0      0     146
                           _dataCtrl
                            _initLCD
                           _instCtrl
 ---------------------------------------------------------------------------------
 (1) _initLCD                                              0     0      0     116
                           _delay_ms
                           _instCtrl
 ---------------------------------------------------------------------------------
 (1) _instCtrl                                             3     3      0      15
                                              0 COMMON     3     3      0
 ---------------------------------------------------------------------------------
 (2) _delay_ms                                             4     2      2     101
                                              0 COMMON     4     2      2
 ---------------------------------------------------------------------------------
 (1) _dataCtrl                                             3     3      0      15
                                              0 COMMON     3     3      0
 ---------------------------------------------------------------------------------
 Estimated maximum stack depth 2
 ---------------------------------------------------------------------------------

 Call Graph Graphs:

 _main (ROOT)
   _dataCtrl
   _initLCD
     _delay_ms
     _instCtrl
   _instCtrl

 Address spaces:
Name               Size   Autos  Total    Cost      Usage
BITCOMMON            E      0       0       0        0.0%
EEDATA             100      0       0       0        0.0%
NULL                 0      0       0       0        0.0%
CODE                 0      0       0       0        0.0%
COMMON               E      4       4       1       28.6%
BITSFR0              0      0       0       1        0.0%
SFR0                 0      0       0       1        0.0%
BITSFR1              0      0       0       2        0.0%
SFR1                 0      0       0       2        0.0%
STACK                0      0       0       2        0.0%
ABS                  0      0       0       3        0.0%
BITBANK0            50      0       0       4        0.0%
BITSFR3              0      0       0       4        0.0%
SFR3                 0      0       0       4        0.0%
BANK0               50      0       0       5        0.0%
BITSFR2              0      0       0       5        0.0%
SFR2                 0      0       0       5        0.0%
BITBANK1            50      0       0       6        0.0%
BANK1               50      0       0       7        0.0%
BITBANK3            60      0       0       8        0.0%
BANK3               60      0       0       9        0.0%
BITBANK2            60      0       0      10        0.0%
BANK2               60      0       0      11        0.0%
DATA                 0      0       0      12        0.0%


Microchip Technology PIC Macro Assembler V1.33 build 59893 
Symbol Table                                                                                   Wed Mar 04 08:11:31 2026

            __CFG_CP$OFF 0000                       l32 07FB                       l17 0778  
                     u15 0784                       u27 076F                       u37 078A  
                     u47 075B                      _RC0 0038                      _RC1 0039  
           __CFG_CPD$OFF 0000             __CFG_FOSC$XT 0000             __CFG_LVP$OFF 0000  
           __CFG_WRT$OFF 0000                     _main 07BE                     btemp 007E  
          __CFG_BOREN$ON 0000                     ltemp 007E                     start 0000  
                   ttemp 007E                     wtemp 007E                    ?_main 0070  
          __CFG_WDTE$OFF 0000                    _PORTB 0006                    _PORTC 0007  
                  _TRISB 0086                    _TRISC 0087            __CFG_PWRTE$ON 0000  
        __end_of_initLCD 07BE                    ltemp0 007E                    ltemp1 0082  
                  ltemp2 0086                    ltemp3 0080                    ttemp0 007E  
                  ttemp1 0081                    ttemp2 0084                    ttemp3 0087  
                  ttemp4 007F                    status 0003                    wtemp0 007E  
                  wtemp1 0080                    wtemp2 0082                    wtemp3 0084  
                  wtemp4 0086                    wtemp5 0088                    wtemp6 007F  
        __initialization 07FC             __end_of_main 07FC                   ??_main 0074  
       __end_of_dataCtrl 0764         __end_of_delay_ms 078F         __end_of_instCtrl 0778  
              ??_initLCD 0074  __end_of__initialization 07FC              instCtrl@cmd 0072  
         __pcstackCOMMON 0070               __pmaintext 07BE                ?_dataCtrl 0070  
              ?_delay_ms 0070                ?_instCtrl 0070                  __ptext0 0000  
                __ptext1 078F                  __ptext2 0764                  __ptext3 0778  
                __ptext4 0750                  _initLCD 078F               ??_dataCtrl 0070  
             ??_delay_ms 0072               delay_ms@ms 0070     end_of_initialization 07FC  
             ??_instCtrl 0070      start_initialization 07FC             dataCtrl@data 0072  
              ___latbits 0002        __size_of_dataCtrl 0014        __size_of_delay_ms 0017  
      __size_of_instCtrl 0014                 ?_initLCD 0070                 _dataCtrl 0750  
       __size_of_initLCD 002F                 _delay_ms 0778            __size_of_main 003E  
               _instCtrl 0764  
