

Microchip Technology PIC LITE Macro Assembler V1.33 build 59893 
                                                                                               Sun Mar 15 23:24:44 2026

Microchip Technology Omniscient Code Generator (Lite mode) build 59893
     1                           	processor	16F877A
     2                           	opt	pw 120
     3                           	opt	lm
     4                           	psect	text0,local,class=CODE,merge=1,delta=2
     5                           	psect	cinit,global,class=CODE,merge=1,delta=2
     6                           	psect	bitbssCOMMON,global,bit,class=COMMON,space=1,delta=1
     7                           	psect	bssCOMMON,global,class=COMMON,space=1,delta=1
     8                           	psect	cstackCOMMON,global,class=COMMON,space=1,delta=1
     9                           	psect	cstackBANK0,global,class=BANK0,space=1,delta=1
    10                           	psect	maintext,global,class=CODE,split=1,delta=2
    11                           	psect	text1,local,class=CODE,merge=1,delta=2
    12                           	psect	text2,local,class=CODE,merge=1,delta=2
    13                           	psect	intentry,global,class=CODE,delta=2
    14                           	dabs	1,0x7E,2
    15  0000                     	;# 
    16  0001                     	;# 
    17  0002                     	;# 
    18  0003                     	;# 
    19  0004                     	;# 
    20  0005                     	;# 
    21  0006                     	;# 
    22  0007                     	;# 
    23  0008                     	;# 
    24  0009                     	;# 
    25  000A                     	;# 
    26  000B                     	;# 
    27  000C                     	;# 
    28  000D                     	;# 
    29  000E                     	;# 
    30  000E                     	;# 
    31  000F                     	;# 
    32  0010                     	;# 
    33  0011                     	;# 
    34  0012                     	;# 
    35  0013                     	;# 
    36  0014                     	;# 
    37  0015                     	;# 
    38  0015                     	;# 
    39  0016                     	;# 
    40  0017                     	;# 
    41  0018                     	;# 
    42  0019                     	;# 
    43  001A                     	;# 
    44  001B                     	;# 
    45  001B                     	;# 
    46  001C                     	;# 
    47  001D                     	;# 
    48  001E                     	;# 
    49  001F                     	;# 
    50  0081                     	;# 
    51  0085                     	;# 
    52  0086                     	;# 
    53  0087                     	;# 
    54  0088                     	;# 
    55  0089                     	;# 
    56  008C                     	;# 
    57  008D                     	;# 
    58  008E                     	;# 
    59  0091                     	;# 
    60  0092                     	;# 
    61  0093                     	;# 
    62  0094                     	;# 
    63  0098                     	;# 
    64  0099                     	;# 
    65  009C                     	;# 
    66  009D                     	;# 
    67  009E                     	;# 
    68  009F                     	;# 
    69  010C                     	;# 
    70  010D                     	;# 
    71  010E                     	;# 
    72  010F                     	;# 
    73  018C                     	;# 
    74  018D                     	;# 
    75  0007                     _PORTC	set	7
    76  0008                     _PORTD	set	8
    77  005F                     _GIE	set	95
    78  005C                     _INTE	set	92
    79  0059                     _INTF	set	89
    80  005D                     _TMR0IE	set	93
    81  005A                     _TMR0IF	set	90
    82  009F                     _ADCON1	set	159
    83  0081                     _OPTION_REG	set	129
    84  0086                     _TRISB	set	134
    85  0087                     _TRISC	set	135
    86  0088                     _TRISD	set	136
    87                           
    88                           	psect	text0
    89  0000                     __ptext0:	
    90                           ; #config settings
    91                           
    92                           
    93                           ;psect for function _ISR
    94  0000                     
    95                           	psect	cinit
    96  0015                     start_initialization:	
    97  0015                     __initialization:	
    98                           
    99                           ; Clear objects allocated to BITCOMMON
   100  0015  01F6               	clrf	(__pbitbssCOMMON/(0+8))& (0+127)
   101                           
   102                           ; Clear objects allocated to COMMON
   103  0016  01F7               	clrf	__pbssCOMMON& (0+127)
   104  0017                     end_of_initialization:	
   105                           ;End of C runtime variable initialization code
   106                           
   107  0017                     __end_of__initialization:	
   108  0017  0183               	clrf	3
   109  0018  120A  118A  2870   	ljmp	_main	;jump to C main() function
   110                           
   111                           	psect	bitbssCOMMON
   112  03B0                     __pbitbssCOMMON:	
   113  03B0                     _myTMR0IF:	
   114  03B0                     	ds	1
   115                           
   116                           	psect	bssCOMMON
   117  0077                     __pbssCOMMON:	
   118  0077                     _current_count:	
   119  0077                     	ds	1
   120                           
   121                           	psect	cstackCOMMON
   122  0070                     __pcstackCOMMON:	
   123  0070                     ?_ISR:	
   124  0070                     ??_ISR:	
   125                           ; 0 bytes @ 0x0
   126                           
   127  0070                     ?_main:	
   128                           ; 0 bytes @ 0x0
   129                           
   130                           
   131                           ; 2 bytes @ 0x0
   132  0070                     	ds	5
   133  0075                     ISR@key:	
   134                           
   135                           ; 1 bytes @ 0x5
   136  0075                     	ds	1
   137                           
   138                           	psect	cstackBANK0
   139  0020                     __pcstackBANK0:	
   140  0020                     ?_delay:	
   141  0020                     delay@cnt:	
   142                           ; 0 bytes @ 0x0
   143                           
   144                           
   145                           ; 2 bytes @ 0x0
   146  0020                     	ds	2
   147  0022                     ??_delay:	
   148                           
   149                           ; 0 bytes @ 0x2
   150  0022                     	ds	1
   151  0023                     delay@of_count:	
   152                           
   153                           ; 2 bytes @ 0x3
   154  0023                     	ds	2
   155  0025                     ??_main:	
   156                           
   157                           ; 0 bytes @ 0x5
   158  0025                     	ds	1
   159                           
   160                           	psect	maintext
   161  0070                     __pmaintext:	
   162 ;;
   163 ;;Main: autosize = 0, tempsize = 1, incstack = 0, save=0
   164 ;;
   165 ;; *************** function _main *****************
   166 ;; Defined at:
   167 ;;		line 63 in file "C:\Users\Nelia\Downloads\3rd yr\2ND SEM\EMBEDDED\PA3\PA3-3_SASIL.c"
   168 ;; Parameters:    Size  Location     Type
   169 ;;		None
   170 ;; Auto vars:     Size  Location     Type
   171 ;;		None
   172 ;; Return value:  Size  Location     Type
   173 ;;                  2   55[COMMON] int 
   174 ;; Registers used:
   175 ;;		wreg, status,2, status,0, pclath, cstack
   176 ;; Tracked objects:
   177 ;;		On entry : 17F/0
   178 ;;		On exit  : 0/0
   179 ;;		Unchanged: 0/0
   180 ;; Data sizes:     COMMON   BANK0   BANK1   BANK3   BANK2
   181 ;;      Params:         0       0       0       0       0
   182 ;;      Locals:         0       0       0       0       0
   183 ;;      Temps:          0       1       0       0       0
   184 ;;      Totals:         0       1       0       0       0
   185 ;;Total ram usage:        1 bytes
   186 ;; Hardware stack levels required when called:    2
   187 ;; This function calls:
   188 ;;		_delay
   189 ;; This function is called by:
   190 ;;		Startup code after reset
   191 ;; This function uses a non-reentrant model
   192 ;;
   193                           
   194                           
   195                           ;psect for function _main
   196  0070                     _main:	
   197                           
   198                           ;PA3-3_SASIL.c: 66: ADCON1 = 0x06;
   199                           
   200                           ;incstack = 0
   201                           ; Regs used in _main: [wreg+status,2+status,0+pclath+cstack]
   202  0070  3006               	movlw	6
   203  0071  1683               	bsf	3,5	;RP0=1, select bank1
   204  0072  1303               	bcf	3,6	;RP1=0, select bank1
   205  0073  009F               	movwf	31	;volatile
   206                           
   207                           ;PA3-3_SASIL.c: 67: TRISB = 0x01;
   208  0074  3001               	movlw	1
   209  0075  0086               	movwf	6	;volatile
   210                           
   211                           ;PA3-3_SASIL.c: 68: TRISC = 0x00;
   212  0076  0187               	clrf	7	;volatile
   213                           
   214                           ;PA3-3_SASIL.c: 69: TRISD = 0x0F;
   215  0077  300F               	movlw	15
   216  0078  0088               	movwf	8	;volatile
   217                           
   218                           ;PA3-3_SASIL.c: 71: PORTC = current_count;
   219  0079  0877               	movf	_current_count,w
   220  007A  1283               	bcf	3,5	;RP0=0, select bank0
   221  007B  1303               	bcf	3,6	;RP1=0, select bank0
   222  007C  0087               	movwf	7	;volatile
   223                           
   224                           ;PA3-3_SASIL.c: 75: OPTION_REG = 0xC4;
   225  007D  30C4               	movlw	196
   226  007E  1683               	bsf	3,5	;RP0=1, select bank1
   227  007F  1303               	bcf	3,6	;RP1=0, select bank1
   228  0080  0081               	movwf	1	;volatile
   229                           
   230                           ;PA3-3_SASIL.c: 78: INTF = 0;
   231  0081  108B               	bcf	11,1	;volatile
   232                           
   233                           ;PA3-3_SASIL.c: 79: INTE = 1;
   234  0082  160B               	bsf	11,4	;volatile
   235                           
   236                           ;PA3-3_SASIL.c: 82: TMR0IF = 0;
   237  0083  110B               	bcf	11,2	;volatile
   238                           
   239                           ;PA3-3_SASIL.c: 83: TMR0IE = 1;
   240  0084  168B               	bsf	11,5	;volatile
   241                           
   242                           ;PA3-3_SASIL.c: 86: GIE = 1;
   243  0085  178B               	bsf	11,7	;volatile
   244  0086  2888               	goto	l648
   245  0087                     l654:	
   246                           
   247                           ;PA3-3_SASIL.c: 96: {
   248                           ;PA3-3_SASIL.c: 97: current_count = 0x00;
   249  0087  01F7               	clrf	_current_count
   250  0088                     l648:	
   251                           ;PA3-3_SASIL.c: 88: while(1){
   252                           
   253                           ;PA3-3_SASIL.c: 98: }
   254                           
   255                           
   256                           ;PA3-3_SASIL.c: 90: PORTC = current_count;
   257  0088  0877               	movf	_current_count,w
   258  0089  1283               	bcf	3,5	;RP0=0, select bank0
   259  008A  1303               	bcf	3,6	;RP1=0, select bank0
   260  008B  0087               	movwf	7	;volatile
   261                           
   262                           ;PA3-3_SASIL.c: 92: delay(98);
   263  008C  3062               	movlw	98
   264  008D  00A0               	movwf	delay@cnt
   265  008E  3000               	movlw	0
   266  008F  00A1               	movwf	delay@cnt+1
   267  0090  120A  118A  20A0  120A  118A  	fcall	_delay
   268                           
   269                           ;PA3-3_SASIL.c: 95: if (current_count >= 0x09)
   270  0095  3009               	movlw	9
   271  0096  0277               	subwf	_current_count,w
   272  0097  1803               	btfsc	3,0
   273  0098  2887               	goto	l654
   274                           
   275                           ;PA3-3_SASIL.c: 99: else
   276                           ;PA3-3_SASIL.c: 100: {
   277                           ;PA3-3_SASIL.c: 101: current_count++;
   278  0099  3001               	movlw	1
   279  009A  1283               	bcf	3,5	;RP0=0, select bank0
   280  009B  1303               	bcf	3,6	;RP1=0, select bank0
   281  009C  00A5               	movwf	??_main
   282  009D  0825               	movf	??_main,w
   283  009E  07F7               	addwf	_current_count,f
   284  009F  2888               	goto	l648
   285  00A0                     __end_of_main:	
   286                           
   287                           	psect	text1
   288  00A0                     __ptext1:	
   289 ;; *************** function _delay *****************
   290 ;; Defined at:
   291 ;;		line 51 in file "C:\Users\Nelia\Downloads\3rd yr\2ND SEM\EMBEDDED\PA3\PA3-3_SASIL.c"
   292 ;; Parameters:    Size  Location     Type
   293 ;;  cnt             2    0[BANK0 ] int 
   294 ;; Auto vars:     Size  Location     Type
   295 ;;  of_count        2    3[BANK0 ] int 
   296 ;; Return value:  Size  Location     Type
   297 ;;		None               void
   298 ;; Registers used:
   299 ;;		wreg, status,2
   300 ;; Tracked objects:
   301 ;;		On entry : 0/0
   302 ;;		On exit  : 0/0
   303 ;;		Unchanged: 0/0
   304 ;; Data sizes:     COMMON   BANK0   BANK1   BANK3   BANK2
   305 ;;      Params:         0       2       0       0       0
   306 ;;      Locals:         0       2       0       0       0
   307 ;;      Temps:          0       1       0       0       0
   308 ;;      Totals:         0       5       0       0       0
   309 ;;Total ram usage:        5 bytes
   310 ;; Hardware stack levels used:    1
   311 ;; Hardware stack levels required when called:    1
   312 ;; This function calls:
   313 ;;		Nothing
   314 ;; This function is called by:
   315 ;;		_main
   316 ;; This function uses a non-reentrant model
   317 ;;
   318                           
   319                           
   320                           ;psect for function _delay
   321  00A0                     _delay:	
   322                           
   323                           ;PA3-3_SASIL.c: 52: int of_count = 0;
   324                           
   325                           ;incstack = 0
   326                           ; Regs used in _delay: [wreg+status,2]
   327  00A0  1283               	bcf	3,5	;RP0=0, select bank0
   328  00A1  1303               	bcf	3,6	;RP1=0, select bank0
   329  00A2  01A3               	clrf	delay@of_count
   330  00A3  01A4               	clrf	delay@of_count+1
   331  00A4                     l49:	
   332                           ;PA3-3_SASIL.c: 54: while (of_count < cnt){
   333                           
   334  00A4  1283               	bcf	3,5	;RP0=0, select bank0
   335  00A5  1303               	bcf	3,6	;RP1=0, select bank0
   336  00A6  0824               	movf	delay@of_count+1,w
   337  00A7  3A80               	xorlw	128
   338  00A8  00A2               	movwf	??_delay
   339  00A9  0821               	movf	delay@cnt+1,w
   340  00AA  3A80               	xorlw	128
   341  00AB  0222               	subwf	??_delay,w
   342  00AC  1D03               	skipz
   343  00AD  28B0               	goto	u105
   344  00AE  0820               	movf	delay@cnt,w
   345  00AF  0223               	subwf	delay@of_count,w
   346  00B0                     u105:	
   347  00B0  1803               	btfsc	3,0
   348  00B1  0008               	return
   349                           
   350                           ;PA3-3_SASIL.c: 56: if (myTMR0IF){
   351  00B2  1C76               	btfss	_myTMR0IF/(0+8),_myTMR0IF& (0+7)
   352  00B3  28A4               	goto	l49
   353                           
   354                           ;PA3-3_SASIL.c: 57: of_count++;
   355  00B4  3001               	movlw	1
   356  00B5  1283               	bcf	3,5	;RP0=0, select bank0
   357  00B6  1303               	bcf	3,6	;RP1=0, select bank0
   358  00B7  07A3               	addwf	delay@of_count,f
   359  00B8  1803               	skipnc
   360  00B9  0AA4               	incf	delay@of_count+1,f
   361  00BA  3000               	movlw	0
   362  00BB  07A4               	addwf	delay@of_count+1,f
   363                           
   364                           ;PA3-3_SASIL.c: 58: myTMR0IF = 0;
   365  00BC  1076               	bcf	_myTMR0IF/(0+8),_myTMR0IF& (0+7)
   366  00BD  28A4               	goto	l49
   367  00BE                     __end_of_delay:	
   368                           
   369                           	psect	text2
   370  001B                     __ptext2:	
   371 ;; *************** function _ISR *****************
   372 ;; Defined at:
   373 ;;		line 19 in file "C:\Users\Nelia\Downloads\3rd yr\2ND SEM\EMBEDDED\PA3\PA3-3_SASIL.c"
   374 ;; Parameters:    Size  Location     Type
   375 ;;		None
   376 ;; Auto vars:     Size  Location     Type
   377 ;;  key             1    5[COMMON] unsigned char 
   378 ;; Return value:  Size  Location     Type
   379 ;;		None               void
   380 ;; Registers used:
   381 ;;		wreg, fsr0l, fsr0h, status,2, status,0
   382 ;; Tracked objects:
   383 ;;		On entry : 0/0
   384 ;;		On exit  : 0/0
   385 ;;		Unchanged: 0/0
   386 ;; Data sizes:     COMMON   BANK0   BANK1   BANK3   BANK2
   387 ;;      Params:         0       0       0       0       0
   388 ;;      Locals:         1       0       0       0       0
   389 ;;      Temps:          5       0       0       0       0
   390 ;;      Totals:         6       0       0       0       0
   391 ;;Total ram usage:        6 bytes
   392 ;; Hardware stack levels used:    1
   393 ;; This function calls:
   394 ;;		Nothing
   395 ;; This function is called by:
   396 ;;		Interrupt level 1
   397 ;; This function uses a non-reentrant model
   398 ;;
   399                           
   400                           
   401                           ;psect for function _ISR
   402  001B                     _ISR:	
   403                           
   404                           ;PA3-3_SASIL.c: 20: GIE = 0;
   405  001B  138B               	bcf	11,7	;volatile
   406                           
   407                           ;PA3-3_SASIL.c: 23: if (INTF){
   408  001C  1C8B               	btfss	11,1	;volatile
   409  001D  2860               	goto	i1l31
   410                           
   411                           ;PA3-3_SASIL.c: 24: unsigned char key = PORTD & 0x0F;
   412  001E  0808               	movf	8,w	;volatile
   413  001F  390F               	andlw	15
   414  0020  00F0               	movwf	??_ISR
   415  0021  0870               	movf	??_ISR,w
   416  0022  00F5               	movwf	ISR@key
   417                           
   418                           ;PA3-3_SASIL.c: 27: switch(key){
   419  0023  283C               	goto	i1l548
   420  0024                     i1l33:	
   421                           ;PA3-3_SASIL.c: 28: case 0x00: current_count = 0x01; break;
   422                           
   423  0024  01F7               	clrf	_current_count
   424  0025  0AF7               	incf	_current_count,f
   425  0026  285C               	goto	i1l550
   426  0027                     i1l528:	
   427                           ;PA3-3_SASIL.c: 29: case 0x01: current_count = 0x02; break;
   428                           
   429  0027  3002               	movlw	2
   430  0028  2836               	goto	L7
   431  0029                     i1l530:	
   432                           ;PA3-3_SASIL.c: 30: case 0x02: current_count = 0x03; break;
   433                           
   434  0029  3003               	movlw	3
   435  002A  2836               	goto	L7
   436  002B                     i1l532:	
   437                           ;PA3-3_SASIL.c: 31: case 0x04: current_count = 0x04; break;
   438                           
   439  002B  3004               	movlw	4
   440  002C  2836               	goto	L7
   441  002D                     i1l534:	
   442                           ;PA3-3_SASIL.c: 32: case 0x05: current_count = 0x05; break;
   443                           
   444  002D  3005               	movlw	5
   445  002E  2836               	goto	L7
   446  002F                     i1l536:	
   447                           ;PA3-3_SASIL.c: 33: case 0x06: current_count = 0x06; break;
   448                           
   449  002F  3006               	movlw	6
   450  0030  2836               	goto	L7
   451  0031                     i1l538:	
   452                           ;PA3-3_SASIL.c: 34: case 0x08: current_count = 0x07; break;
   453                           
   454  0031  3007               	movlw	7
   455  0032  2836               	goto	L7
   456  0033                     i1l540:	
   457                           ;PA3-3_SASIL.c: 35: case 0x09: current_count = 0x08; break;
   458                           
   459  0033  3008               	movlw	8
   460  0034  2836               	goto	L7
   461  0035                     i1l542:	
   462                           ;PA3-3_SASIL.c: 36: case 0x0A: current_count = 0x09; break;
   463                           
   464  0035  3009               	movlw	9
   465  0036                     L7:	
   466  0036  00F0               	movwf	??_ISR
   467  0037  0870               	movf	??_ISR,w
   468  0038  00F7               	movwf	_current_count
   469  0039  285C               	goto	i1l550
   470  003A                     i1l544:	
   471                           ;PA3-3_SASIL.c: 37: case 0x0D: current_count = 0x00; break;
   472                           
   473  003A  01F7               	clrf	_current_count
   474                           
   475                           ;PA3-3_SASIL.c: 38: }
   476  003B  285C               	goto	i1l550
   477  003C                     i1l548:	
   478  003C  0875               	movf	ISR@key,w
   479                           
   480                           ; Switch size 1, requested type "space"
   481                           ; Number of cases is 10, Range of values is 0 to 13
   482                           ; switch strategies available:
   483                           ; Name         Instructions Cycles
   484                           ; simple_byte           31    16 (average)
   485                           ; direct_byte           50     8 (fixed)
   486                           ; jumptable            260     6 (fixed)
   487                           ;	Chosen strategy is simple_byte
   488  003D  3A00               	xorlw	0	; case 0
   489  003E  1903               	skipnz
   490  003F  2824               	goto	i1l33
   491  0040  3A01               	xorlw	1	; case 1
   492  0041  1903               	skipnz
   493  0042  2827               	goto	i1l528
   494  0043  3A03               	xorlw	3	; case 2
   495  0044  1903               	skipnz
   496  0045  2829               	goto	i1l530
   497  0046  3A06               	xorlw	6	; case 4
   498  0047  1903               	skipnz
   499  0048  282B               	goto	i1l532
   500  0049  3A01               	xorlw	1	; case 5
   501  004A  1903               	skipnz
   502  004B  282D               	goto	i1l534
   503  004C  3A03               	xorlw	3	; case 6
   504  004D  1903               	skipnz
   505  004E  282F               	goto	i1l536
   506  004F  3A0E               	xorlw	14	; case 8
   507  0050  1903               	skipnz
   508  0051  2831               	goto	i1l538
   509  0052  3A01               	xorlw	1	; case 9
   510  0053  1903               	skipnz
   511  0054  2833               	goto	i1l540
   512  0055  3A03               	xorlw	3	; case 10
   513  0056  1903               	skipnz
   514  0057  2835               	goto	i1l542
   515  0058  3A07               	xorlw	7	; case 13
   516  0059  1903               	skipnz
   517  005A  283A               	goto	i1l544
   518  005B  285C               	goto	i1l550
   519  005C                     i1l550:	
   520                           
   521                           ;PA3-3_SASIL.c: 40: PORTC = current_count;
   522  005C  0877               	movf	_current_count,w
   523  005D  0087               	movwf	7	;volatile
   524                           
   525                           ;PA3-3_SASIL.c: 41: INTF = 0;
   526  005E  108B               	bcf	11,1	;volatile
   527                           
   528                           ;PA3-3_SASIL.c: 42: }
   529  005F  2864               	goto	i1l44
   530  0060                     i1l31:	
   531                           
   532                           ;PA3-3_SASIL.c: 43: else if (TMR0IF){
   533  0060  1D0B               	btfss	11,2	;volatile
   534  0061  2864               	goto	i1l44
   535                           
   536                           ;PA3-3_SASIL.c: 44: TMR0IF = 0;
   537  0062  110B               	bcf	11,2	;volatile
   538                           
   539                           ;PA3-3_SASIL.c: 45: myTMR0IF = 1;
   540  0063  1476               	bsf	_myTMR0IF/(0+8),_myTMR0IF& (0+7)
   541  0064                     i1l44:	
   542                           
   543                           ;PA3-3_SASIL.c: 46: }
   544                           ;PA3-3_SASIL.c: 48: GIE = 1;
   545  0064  178B               	bsf	11,7	;volatile
   546  0065  0874               	movf	??_ISR+4,w
   547  0066  00FF               	movwf	127
   548  0067  0873               	movf	??_ISR+3,w
   549  0068  008A               	movwf	10
   550  0069  0872               	movf	??_ISR+2,w
   551  006A  0084               	movwf	4
   552  006B  0E71               	swapf	(??_ISR+1)^(0+-128),w
   553  006C  0083               	movwf	3
   554  006D  0EFE               	swapf	126,f
   555  006E  0E7E               	swapf	126,w
   556  006F  0009               	retfie
   557  0070                     __end_of_ISR:	
   558  007E                     btemp	set	126	;btemp
   559  007E                     wtemp	set	126
   560  007E                     wtemp0	set	126
   561  0080                     wtemp1	set	128
   562  0082                     wtemp2	set	130
   563  0084                     wtemp3	set	132
   564  0086                     wtemp4	set	134
   565  0088                     wtemp5	set	136
   566  007F                     wtemp6	set	127
   567  007E                     ttemp	set	126
   568  007E                     ttemp0	set	126
   569  0081                     ttemp1	set	129
   570  0084                     ttemp2	set	132
   571  0087                     ttemp3	set	135
   572  007F                     ttemp4	set	127
   573  007E                     ltemp	set	126
   574  007E                     ltemp0	set	126
   575  0082                     ltemp1	set	130
   576  0086                     ltemp2	set	134
   577  0080                     ltemp3	set	128
   578                           
   579                           	psect	intentry
   580  0004                     __pintentry:	
   581                           ;incstack = 0
   582                           ; Regs used in _ISR: [wreg-fsr0h+status,2+status,0]
   583                           
   584  0004                     interrupt_function:	
   585  007E                     saved_w	set	btemp
   586  0004  00FE               	movwf	btemp
   587  0005  0E03               	swapf	3,w
   588  0006  00F1               	movwf	??_ISR+1
   589  0007  0804               	movf	4,w
   590  0008  00F2               	movwf	??_ISR+2
   591  0009  080A               	movf	10,w
   592  000A  00F3               	movwf	??_ISR+3
   593  000B  1283               	bcf	3,5	;RP0=0, select bank0
   594  000C  1303               	bcf	3,6	;RP1=0, select bank0
   595  000D  087F               	movf	btemp+1,w
   596  000E  00F4               	movwf	??_ISR+4
   597  000F  120A  118A  281B   	ljmp	_ISR


Data Sizes:
    Strings     0
    Constant    0
    Data        0
    BSS         1
    Persistent  0
    Stack       0

Auto Spaces:
    Space          Size  Autos    Used
    COMMON           14      6       8
    BANK0            80      6       6
    BANK1            80      0       0
    BANK3            96      0       0
    BANK2            96      0       0

Pointer List with Targets:

    None.

Critical Paths under _main in COMMON

    None.

Critical Paths under _ISR in COMMON

    None.

Critical Paths under _main in BANK0

    _main->_delay

Critical Paths under _ISR in BANK0

    None.

Critical Paths under _main in BANK1

    None.

Critical Paths under _ISR in BANK1

    None.

Critical Paths under _main in BANK3

    None.

Critical Paths under _ISR in BANK3

    None.

Critical Paths under _main in BANK2

    None.

Critical Paths under _ISR in BANK2

    None.

Call Graph Tables:

 ---------------------------------------------------------------------------------
 (Depth) Function   	        Calls       Base Space   Used Autos Params    Refs
 ---------------------------------------------------------------------------------
 (0) _main                                                 1     1      0     133
                                              5 BANK0      1     1      0
                              _delay
 ---------------------------------------------------------------------------------
 (1) _delay                                                5     3      2     133
                                              0 BANK0      5     3      2
 ---------------------------------------------------------------------------------
 Estimated maximum stack depth 1
 ---------------------------------------------------------------------------------
 (Depth) Function   	        Calls       Base Space   Used Autos Params    Refs
 ---------------------------------------------------------------------------------
 (2) _ISR                                                  6     6      0      15
                                              0 COMMON     6     6      0
 ---------------------------------------------------------------------------------
 Estimated maximum stack depth 2
 ---------------------------------------------------------------------------------

 Call Graph Graphs:

 _main (ROOT)
   _delay

 _ISR (ROOT)

 Address spaces:
Name               Size   Autos  Total    Cost      Usage
BITCOMMON            E      0       1       0        7.1%
EEDATA             100      0       0       0        0.0%
NULL                 0      0       0       0        0.0%
CODE                 0      0       0       0        0.0%
COMMON               E      6       8       1       57.1%
BITSFR0              0      0       0       1        0.0%
SFR0                 0      0       0       1        0.0%
BITSFR1              0      0       0       2        0.0%
SFR1                 0      0       0       2        0.0%
STACK                0      0       0       2        0.0%
ABS                  0      0       E       3        0.0%
BITBANK0            50      0       0       4        0.0%
BITSFR3              0      0       0       4        0.0%
SFR3                 0      0       0       4        0.0%
BANK0               50      6       6       5        7.5%
BITSFR2              0      0       0       5        0.0%
SFR2                 0      0       0       5        0.0%
BITBANK1            50      0       0       6        0.0%
BANK1               50      0       0       7        0.0%
BITBANK3            60      0       0       8        0.0%
BANK3               60      0       0       9        0.0%
BITBANK2            60      0       0      10        0.0%
BANK2               60      0       0      11        0.0%
DATA                 0      0       E      12        0.0%


Microchip Technology PIC Macro Assembler V1.33 build 59893 
Symbol Table                                                                                   Sun Mar 15 23:24:44 2026

            __CFG_CP$OFF 0000                       l49 00A4                      l654 0087  
                    l648 0088                      _GIE 005F                      u105 00B0  
           __CFG_CPD$OFF 0000                      _ISR 001B                      fsr0 0004  
           __CFG_FOSC$XT 0000             __CFG_LVP$OFF 0000                     ?_ISR 0070  
                   _INTE 005C                     _INTF 0059                     i1l31 0060  
                   i1l33 0024                     i1l44 0064             __CFG_WRT$OFF 0000  
                   _main 0070                     btemp 007E            __CFG_BOREN$ON 0000  
                   ltemp 007E                     start 0012                     ttemp 007E  
                   wtemp 007E                    ??_ISR 0070                    ?_main 0070  
          __CFG_WDTE$OFF 0000                    i1l530 0029                    i1l540 0033  
                  i1l532 002B                    i1l542 0035                    i1l534 002D  
                  i1l550 005C                    i1l544 003A                    i1l536 002F  
                  i1l528 0027                    i1l538 0031                    i1l548 003C  
                  _PORTC 0007                    _PORTD 0008                    _TRISB 0086  
                  _TRISC 0087                    _TRISD 0088            __CFG_PWRTE$ON 0000  
                  _delay 00A0           __pbitbssCOMMON 03B0                    pclath 000A  
                  ltemp0 007E                    ltemp1 0082                    ltemp2 0086  
                  ltemp3 0080                    ttemp0 007E                    ttemp1 0081  
                  ttemp2 0084                    ttemp3 0087                    ttemp4 007F  
                  status 0003                    wtemp0 007E                    wtemp1 0080  
                  wtemp2 0082                    wtemp3 0084                    wtemp4 0086  
                  wtemp5 0088                    wtemp6 007F          __initialization 0015  
           __end_of_main 00A0                   ??_main 0025                   ISR@key 0075  
                 ?_delay 0020                   _ADCON1 009F                   _TMR0IE 005D  
                 _TMR0IF 005A                   saved_w 007E  __end_of__initialization 0017  
         __pcstackCOMMON 0070            __end_of_delay 00BE                  ??_delay 0022  
          _current_count 0077               __pmaintext 0070               __pintentry 0004  
                __ptext0 0000                  __ptext1 00A0                  __ptext2 001B  
          delay@of_count 0023             __size_of_ISR 0055     end_of_initialization 0017  
    start_initialization 0015              __end_of_ISR 0070              __pbssCOMMON 0077  
              ___latbits 0002            __pcstackBANK0 0020           __size_of_delay 001E  
      interrupt_function 0004                 _myTMR0IF 03B0            __size_of_main 0030  
               delay@cnt 0020                 intlevel1 0000               _OPTION_REG 0081  
