

Microchip Technology PIC LITE Macro Assembler V1.33 build 59893 
                                                                                               Sun Mar 15 22:22:16 2026

Microchip Technology Omniscient Code Generator (Lite mode) build 59893
     1                           	processor	16F877A
     2                           	opt	pw 120
     3                           	opt	lm
     4                           	psect	text0,local,class=CODE,merge=1,delta=2
     5                           	psect	cinit,global,class=CODE,merge=1,delta=2
     6                           	psect	cstackCOMMON,global,class=COMMON,space=1,delta=1
     7                           	psect	maintext,global,class=CODE,split=1,delta=2
     8                           	psect	text1,local,class=CODE,merge=1,delta=2
     9                           	psect	intentry,global,class=CODE,delta=2
    10                           	dabs	1,0x7E,2
    11  0000                     	;# 
    12  0001                     	;# 
    13  0002                     	;# 
    14  0003                     	;# 
    15  0004                     	;# 
    16  0005                     	;# 
    17  0006                     	;# 
    18  0007                     	;# 
    19  0008                     	;# 
    20  0009                     	;# 
    21  000A                     	;# 
    22  000B                     	;# 
    23  000C                     	;# 
    24  000D                     	;# 
    25  000E                     	;# 
    26  000E                     	;# 
    27  000F                     	;# 
    28  0010                     	;# 
    29  0011                     	;# 
    30  0012                     	;# 
    31  0013                     	;# 
    32  0014                     	;# 
    33  0015                     	;# 
    34  0015                     	;# 
    35  0016                     	;# 
    36  0017                     	;# 
    37  0018                     	;# 
    38  0019                     	;# 
    39  001A                     	;# 
    40  001B                     	;# 
    41  001B                     	;# 
    42  001C                     	;# 
    43  001D                     	;# 
    44  001E                     	;# 
    45  001F                     	;# 
    46  0081                     	;# 
    47  0085                     	;# 
    48  0086                     	;# 
    49  0087                     	;# 
    50  0088                     	;# 
    51  0089                     	;# 
    52  008C                     	;# 
    53  008D                     	;# 
    54  008E                     	;# 
    55  0091                     	;# 
    56  0092                     	;# 
    57  0093                     	;# 
    58  0094                     	;# 
    59  0098                     	;# 
    60  0099                     	;# 
    61  009C                     	;# 
    62  009D                     	;# 
    63  009E                     	;# 
    64  009F                     	;# 
    65  010C                     	;# 
    66  010D                     	;# 
    67  010E                     	;# 
    68  010F                     	;# 
    69  018C                     	;# 
    70  018D                     	;# 
    71  0007                     _PORTC	set	7
    72  0008                     _PORTD	set	8
    73  005F                     _GIE	set	95
    74  005C                     _INTE	set	92
    75  0059                     _INTF	set	89
    76  0086                     _TRISB	set	134
    77  0087                     _TRISC	set	135
    78  0088                     _TRISD	set	136
    79  040E                     _INTEDG	set	1038
    80                           
    81                           	psect	text0
    82  0000                     __ptext0:	
    83                           ; #config settings
    84                           
    85                           
    86                           ;psect for function _ISR
    87  0000                     
    88                           	psect	cinit
    89  0015                     start_initialization:	
    90  0015                     __initialization:	
    91  0015                     end_of_initialization:	
    92                           ;End of C runtime variable initialization code
    93                           
    94  0015                     __end_of__initialization:	
    95  0015  0183               	clrf	3
    96  0016  120A  118A  286A   	ljmp	_main	;jump to C main() function
    97                           
    98                           	psect	cstackCOMMON
    99  0070                     __pcstackCOMMON:	
   100  0070                     ?_main:	
   101  0070                     ?_ISR:	
   102                           ; 0 bytes @ 0x0
   103                           
   104  0070                     ??_ISR:	
   105                           ; 0 bytes @ 0x0
   106                           
   107                           
   108                           ; 0 bytes @ 0x0
   109  0070                     	ds	5
   110  0075                     ISR@key:	
   111                           
   112                           ; 1 bytes @ 0x5
   113  0075                     	ds	1
   114  0076                     ??_main:	
   115                           
   116                           	psect	maintext
   117  006A                     __pmaintext:	
   118                           ; 0 bytes @ 0x6
   119 ;;
   120 ;;Main: autosize = 0, tempsize = 0, incstack = 0, save=0
   121 ;;
   122 ;; *************** function _main *****************
   123 ;; Defined at:
   124 ;;		line 21 in file "C:\Users\Nelia\Downloads\3rd yr\2ND SEM\EMBEDDED\PA3\PA3-1_SASIL.c"
   125 ;; Parameters:    Size  Location     Type
   126 ;;		None
   127 ;; Auto vars:     Size  Location     Type
   128 ;;		None
   129 ;; Return value:  Size  Location     Type
   130 ;;		None               void
   131 ;; Registers used:
   132 ;;		wreg, status,2
   133 ;; Tracked objects:
   134 ;;		On entry : 17F/0
   135 ;;		On exit  : 0/0
   136 ;;		Unchanged: 0/0
   137 ;; Data sizes:     COMMON   BANK0   BANK1   BANK3   BANK2
   138 ;;      Params:         0       0       0       0       0
   139 ;;      Locals:         0       0       0       0       0
   140 ;;      Temps:          0       0       0       0       0
   141 ;;      Totals:         0       0       0       0       0
   142 ;;Total ram usage:        0 bytes
   143 ;; Hardware stack levels required when called:    1
   144 ;; This function calls:
   145 ;;		Nothing
   146 ;; This function is called by:
   147 ;;		Startup code after reset
   148 ;; This function uses a non-reentrant model
   149 ;;
   150                           
   151                           
   152                           ;psect for function _main
   153  006A                     _main:	
   154                           
   155                           ;PA3-1_SASIL.c: 24: TRISB = 0x01;
   156                           
   157                           ;incstack = 0
   158                           ; Regs used in _main: [wreg+status,2]
   159  006A  3001               	movlw	1
   160  006B  1683               	bsf	3,5	;RP0=1, select bank1
   161  006C  1303               	bcf	3,6	;RP1=0, select bank1
   162  006D  0086               	movwf	6	;volatile
   163                           
   164                           ;PA3-1_SASIL.c: 25: TRISC = 0x00;
   165  006E  0187               	clrf	7	;volatile
   166                           
   167                           ;PA3-1_SASIL.c: 26: TRISD = 0x0F;
   168  006F  300F               	movlw	15
   169  0070  0088               	movwf	8	;volatile
   170                           
   171                           ;PA3-1_SASIL.c: 29: INTEDG = 1;
   172  0071  1701               	bsf	1,6	;volatile
   173                           
   174                           ;PA3-1_SASIL.c: 30: INTE = 1;
   175  0072  160B               	bsf	11,4	;volatile
   176                           
   177                           ;PA3-1_SASIL.c: 31: INTF = 0;
   178  0073  108B               	bcf	11,1	;volatile
   179                           
   180                           ;PA3-1_SASIL.c: 32: GIE = 1;
   181  0074  178B               	bsf	11,7	;volatile
   182                           
   183                           ;PA3-1_SASIL.c: 33: PORTC = 0x00;
   184  0075  1283               	bcf	3,5	;RP0=0, select bank0
   185  0076  1303               	bcf	3,6	;RP1=0, select bank0
   186  0077  0187               	clrf	7	;volatile
   187  0078                     l21:	
   188                           ;PA3-1_SASIL.c: 34: while (1)
   189                           
   190                           
   191                           ;PA3-1_SASIL.c: 35: ;
   192  0078  2878               	goto	l21
   193  0079                     __end_of_main:	
   194                           
   195                           	psect	text1
   196  0019                     __ptext1:	
   197 ;; *************** function _ISR *****************
   198 ;; Defined at:
   199 ;;		line 38 in file "C:\Users\Nelia\Downloads\3rd yr\2ND SEM\EMBEDDED\PA3\PA3-1_SASIL.c"
   200 ;; Parameters:    Size  Location     Type
   201 ;;		None
   202 ;; Auto vars:     Size  Location     Type
   203 ;;  key             1    5[COMMON] unsigned char 
   204 ;; Return value:  Size  Location     Type
   205 ;;		None               void
   206 ;; Registers used:
   207 ;;		wreg, fsr0l, fsr0h, status,2, status,0
   208 ;; Tracked objects:
   209 ;;		On entry : 0/0
   210 ;;		On exit  : 0/0
   211 ;;		Unchanged: 0/0
   212 ;; Data sizes:     COMMON   BANK0   BANK1   BANK3   BANK2
   213 ;;      Params:         0       0       0       0       0
   214 ;;      Locals:         1       0       0       0       0
   215 ;;      Temps:          5       0       0       0       0
   216 ;;      Totals:         6       0       0       0       0
   217 ;;Total ram usage:        6 bytes
   218 ;; Hardware stack levels used:    1
   219 ;; This function calls:
   220 ;;		Nothing
   221 ;; This function is called by:
   222 ;;		Interrupt level 1
   223 ;; This function uses a non-reentrant model
   224 ;;
   225                           
   226                           
   227                           ;psect for function _ISR
   228  0019                     _ISR:	
   229                           
   230                           ;PA3-1_SASIL.c: 39: GIE = 0;
   231  0019  138B               	bcf	11,7	;volatile
   232                           
   233                           ;PA3-1_SASIL.c: 40: unsigned char key;
   234                           ;PA3-1_SASIL.c: 42: if(INTF) {
   235  001A  1C8B               	btfss	11,1	;volatile
   236  001B  285E               	goto	i1l27
   237                           
   238                           ;PA3-1_SASIL.c: 43: key = PORTD & 0x0F;
   239  001C  0808               	movf	8,w	;volatile
   240  001D  390F               	andlw	15
   241  001E  00F0               	movwf	??_ISR
   242  001F  0870               	movf	??_ISR,w
   243  0020  00F5               	movwf	ISR@key
   244                           
   245                           ;PA3-1_SASIL.c: 44: switch(key){
   246  0021  2837               	goto	i1l543
   247  0022                     i1l517:	
   248                           ;PA3-1_SASIL.c: 45: case 0x00: PORTC = 0x01; break;
   249                           
   250  0022  3001               	movlw	1
   251  0023  2833               	goto	L8
   252  0024                     i1l519:	
   253                           ;PA3-1_SASIL.c: 46: case 0x01: PORTC = 0x02; break;
   254                           
   255  0024  3002               	movlw	2
   256  0025  2833               	goto	L8
   257  0026                     i1l521:	
   258                           ;PA3-1_SASIL.c: 47: case 0x02: PORTC = 0x03; break;
   259                           
   260  0026  3003               	movlw	3
   261  0027  2833               	goto	L8
   262  0028                     i1l523:	
   263                           ;PA3-1_SASIL.c: 48: case 0x04: PORTC = 0x04; break;
   264                           
   265  0028  3004               	movlw	4
   266  0029  2833               	goto	L8
   267  002A                     i1l525:	
   268                           ;PA3-1_SASIL.c: 49: case 0x05: PORTC = 0x05; break;
   269                           
   270  002A  3005               	movlw	5
   271  002B  2833               	goto	L8
   272  002C                     i1l527:	
   273                           ;PA3-1_SASIL.c: 50: case 0x06: PORTC = 0x06; break;
   274                           
   275  002C  3006               	movlw	6
   276  002D  2833               	goto	L8
   277  002E                     i1l529:	
   278                           ;PA3-1_SASIL.c: 51: case 0x08: PORTC = 0x07; break;
   279                           
   280  002E  3007               	movlw	7
   281  002F  2833               	goto	L8
   282  0030                     i1l531:	
   283                           ;PA3-1_SASIL.c: 52: case 0x09: PORTC = 0x08; break;
   284                           
   285  0030  3008               	movlw	8
   286  0031  2833               	goto	L8
   287  0032                     i1l533:	
   288                           ;PA3-1_SASIL.c: 53: case 0x0A: PORTC = 0x09; break;
   289                           
   290  0032  3009               	movlw	9
   291  0033                     L8:	
   292  0033  0087               	movwf	7	;volatile
   293  0034  285D               	goto	i1l30
   294  0035                     i1l535:	
   295                           ;PA3-1_SASIL.c: 54: case 0x0C: PORTC = 0x00; break;
   296                           
   297  0035                     i1l537:	
   298                           ;PA3-1_SASIL.c: 55: case 0x0D: PORTC = 0x00; break;
   299                           
   300  0035                     i1l539:	
   301                           ;PA3-1_SASIL.c: 56: case 0x0E: PORTC = 0x00; break;
   302                           
   303  0035  0187               	clrf	7	;volatile
   304                           
   305                           ;PA3-1_SASIL.c: 57: }
   306  0036  285D               	goto	i1l30
   307  0037                     i1l543:	
   308  0037  0875               	movf	ISR@key,w
   309                           
   310                           ; Switch size 1, requested type "space"
   311                           ; Number of cases is 12, Range of values is 0 to 14
   312                           ; switch strategies available:
   313                           ; Name         Instructions Cycles
   314                           ; simple_byte           37    19 (average)
   315                           ; direct_byte           53     8 (fixed)
   316                           ; jumptable            260     6 (fixed)
   317                           ;	Chosen strategy is simple_byte
   318  0038  3A00               	xorlw	0	; case 0
   319  0039  1903               	skipnz
   320  003A  2822               	goto	i1l517
   321  003B  3A01               	xorlw	1	; case 1
   322  003C  1903               	skipnz
   323  003D  2824               	goto	i1l519
   324  003E  3A03               	xorlw	3	; case 2
   325  003F  1903               	skipnz
   326  0040  2826               	goto	i1l521
   327  0041  3A06               	xorlw	6	; case 4
   328  0042  1903               	skipnz
   329  0043  2828               	goto	i1l523
   330  0044  3A01               	xorlw	1	; case 5
   331  0045  1903               	skipnz
   332  0046  282A               	goto	i1l525
   333  0047  3A03               	xorlw	3	; case 6
   334  0048  1903               	skipnz
   335  0049  282C               	goto	i1l527
   336  004A  3A0E               	xorlw	14	; case 8
   337  004B  1903               	skipnz
   338  004C  282E               	goto	i1l529
   339  004D  3A01               	xorlw	1	; case 9
   340  004E  1903               	skipnz
   341  004F  2830               	goto	i1l531
   342  0050  3A03               	xorlw	3	; case 10
   343  0051  1903               	skipnz
   344  0052  2832               	goto	i1l533
   345  0053  3A06               	xorlw	6	; case 12
   346  0054  1903               	skipnz
   347  0055  2835               	goto	i1l535
   348  0056  3A01               	xorlw	1	; case 13
   349  0057  1903               	skipnz
   350  0058  2835               	goto	i1l537
   351  0059  3A03               	xorlw	3	; case 14
   352  005A  1903               	skipnz
   353  005B  2835               	goto	i1l539
   354  005C  285D               	goto	i1l30
   355  005D                     i1l30:	
   356                           
   357                           ;PA3-1_SASIL.c: 58: INTF = 0;
   358  005D  108B               	bcf	11,1	;volatile
   359  005E                     i1l27:	
   360                           
   361                           ;PA3-1_SASIL.c: 59: }
   362                           ;PA3-1_SASIL.c: 60: GIE = 1;
   363  005E  178B               	bsf	11,7	;volatile
   364  005F  0874               	movf	??_ISR+4,w
   365  0060  00FF               	movwf	127
   366  0061  0873               	movf	??_ISR+3,w
   367  0062  008A               	movwf	10
   368  0063  0872               	movf	??_ISR+2,w
   369  0064  0084               	movwf	4
   370  0065  0E71               	swapf	(??_ISR+1)^(0+-128),w
   371  0066  0083               	movwf	3
   372  0067  0EFE               	swapf	126,f
   373  0068  0E7E               	swapf	126,w
   374  0069  0009               	retfie
   375  006A                     __end_of_ISR:	
   376  007E                     btemp	set	126	;btemp
   377  007E                     wtemp	set	126
   378  007E                     wtemp0	set	126
   379  0080                     wtemp1	set	128
   380  0082                     wtemp2	set	130
   381  0084                     wtemp3	set	132
   382  0086                     wtemp4	set	134
   383  0088                     wtemp5	set	136
   384  007F                     wtemp6	set	127
   385  007E                     ttemp	set	126
   386  007E                     ttemp0	set	126
   387  0081                     ttemp1	set	129
   388  0084                     ttemp2	set	132
   389  0087                     ttemp3	set	135
   390  007F                     ttemp4	set	127
   391  007E                     ltemp	set	126
   392  007E                     ltemp0	set	126
   393  0082                     ltemp1	set	130
   394  0086                     ltemp2	set	134
   395  0080                     ltemp3	set	128
   396                           
   397                           	psect	intentry
   398  0004                     __pintentry:	
   399                           ;incstack = 0
   400                           ; Regs used in _ISR: [wreg-fsr0h+status,2+status,0]
   401                           
   402  0004                     interrupt_function:	
   403  007E                     saved_w	set	btemp
   404  0004  00FE               	movwf	btemp
   405  0005  0E03               	swapf	3,w
   406  0006  00F1               	movwf	??_ISR+1
   407  0007  0804               	movf	4,w
   408  0008  00F2               	movwf	??_ISR+2
   409  0009  080A               	movf	10,w
   410  000A  00F3               	movwf	??_ISR+3
   411  000B  1283               	bcf	3,5	;RP0=0, select bank0
   412  000C  1303               	bcf	3,6	;RP1=0, select bank0
   413  000D  087F               	movf	btemp+1,w
   414  000E  00F4               	movwf	??_ISR+4
   415  000F  120A  118A  2819   	ljmp	_ISR


Data Sizes:
    Strings     0
    Constant    0
    Data        0
    BSS         0
    Persistent  0
    Stack       0

Auto Spaces:
    Space          Size  Autos    Used
    COMMON           14      6       6
    BANK0            80      0       0
    BANK1            80      0       0
    BANK3            96      0       0
    BANK2            96      0       0

Pointer List with Targets:

    None.

Critical Paths under _main in COMMON

    None.

Critical Paths under _ISR in COMMON

    None.

Critical Paths under _main in BANK0

    None.

Critical Paths under _ISR in BANK0

    None.

Critical Paths under _main in BANK1

    None.

Critical Paths under _ISR in BANK1

    None.

Critical Paths under _main in BANK3

    None.

Critical Paths under _ISR in BANK3

    None.

Critical Paths under _main in BANK2

    None.

Critical Paths under _ISR in BANK2

    None.

Call Graph Tables:

 ---------------------------------------------------------------------------------
 (Depth) Function   	        Calls       Base Space   Used Autos Params    Refs
 ---------------------------------------------------------------------------------
 (0) _main                                                 0     0      0       0
 ---------------------------------------------------------------------------------
 Estimated maximum stack depth 0
 ---------------------------------------------------------------------------------
 (Depth) Function   	        Calls       Base Space   Used Autos Params    Refs
 ---------------------------------------------------------------------------------
 (1) _ISR                                                  6     6      0      15
                                              0 COMMON     6     6      0
 ---------------------------------------------------------------------------------
 Estimated maximum stack depth 1
 ---------------------------------------------------------------------------------

 Call Graph Graphs:

 _main (ROOT)

 _ISR (ROOT)

 Address spaces:
Name               Size   Autos  Total    Cost      Usage
BITCOMMON            E      0       0       0        0.0%
EEDATA             100      0       0       0        0.0%
NULL                 0      0       0       0        0.0%
CODE                 0      0       0       0        0.0%
COMMON               E      6       6       1       42.9%
BITSFR0              0      0       0       1        0.0%
SFR0                 0      0       0       1        0.0%
BITSFR1              0      0       0       2        0.0%
SFR1                 0      0       0       2        0.0%
STACK                0      0       0       2        0.0%
ABS                  0      0       0       3        0.0%
BITBANK0            50      0       0       4        0.0%
BITSFR3              0      0       0       4        0.0%
SFR3                 0      0       0       4        0.0%
BANK0               50      0       0       5        0.0%
BITSFR2              0      0       0       5        0.0%
SFR2                 0      0       0       5        0.0%
BITBANK1            50      0       0       6        0.0%
BANK1               50      0       0       7        0.0%
BITBANK3            60      0       0       8        0.0%
BANK3               60      0       0       9        0.0%
BITBANK2            60      0       0      10        0.0%
BANK2               60      0       0      11        0.0%
DATA                 0      0       0      12        0.0%


Microchip Technology PIC Macro Assembler V1.33 build 59893 
Symbol Table                                                                                   Sun Mar 15 22:22:16 2026

            __CFG_CP$OFF 0000                       l21 0078                      _GIE 005F  
           __CFG_CPD$OFF 0000                      _ISR 0019                      fsr0 0004  
           __CFG_FOSC$XT 0000             __CFG_LVP$OFF 0000                     ?_ISR 0070  
                   _INTE 005C                     i1l30 005D                     _INTF 0059  
                   i1l27 005E             __CFG_WRT$OFF 0000                     _main 006A  
                   btemp 007E            __CFG_BOREN$ON 0000                     ltemp 007E  
                   start 0012                     ttemp 007E                     wtemp 007E  
                  ??_ISR 0070                    ?_main 0070            __CFG_WDTE$OFF 0000  
                  i1l521 0026                    i1l531 0030                    i1l523 0028  
                  i1l533 0032                    i1l525 002A                    i1l517 0022  
                  i1l535 0035                    i1l527 002C                    i1l519 0024  
                  i1l543 0037                    i1l537 0035                    i1l529 002E  
                  i1l539 0035                    _PORTC 0007                    _PORTD 0008  
                  _TRISB 0086                    _TRISC 0087                    _TRISD 0088  
          __CFG_PWRTE$ON 0000                    pclath 000A                    ltemp0 007E  
                  ltemp1 0082                    ltemp2 0086                    ltemp3 0080  
                  ttemp0 007E                    ttemp1 0081                    ttemp2 0084  
                  ttemp3 0087                    ttemp4 007F                    status 0003  
                  wtemp0 007E                    wtemp1 0080                    wtemp2 0082  
                  wtemp3 0084                    wtemp4 0086                    wtemp5 0088  
                  wtemp6 007F          __initialization 0015             __end_of_main 0079  
                 ??_main 0076                   ISR@key 0075                   _INTEDG 040E  
                 saved_w 007E  __end_of__initialization 0015           __pcstackCOMMON 0070  
             __pmaintext 006A               __pintentry 0004                  __ptext0 0000  
                __ptext1 0019             __size_of_ISR 0051     end_of_initialization 0015  
    start_initialization 0015              __end_of_ISR 006A                ___latbits 0002  
      interrupt_function 0004            __size_of_main 000F                 intlevel1 0000  
