

Microchip Technology PIC LITE Macro Assembler V1.33 build 59893 
                                                                                               Wed Mar 18 06:22:01 2026

Microchip Technology Omniscient Code Generator (Lite mode) build 59893
     1                           	processor	16F877A
     2                           	opt	pw 120
     3                           	opt	lm
     4                           	psect	strings,global,class=STRING,delta=2
     5                           	psect	cinit,global,class=CODE,merge=1,delta=2
     6                           	psect	cstackCOMMON,global,class=COMMON,space=1,delta=1
     7                           	psect	cstackBANK0,global,class=BANK0,space=1,delta=1
     8                           	psect	maintext,global,class=CODE,split=1,delta=2
     9                           	psect	text1,local,class=CODE,merge=1,delta=2
    10                           	psect	text2,local,class=CODE,merge=1,delta=2
    11                           	psect	text3,local,class=CODE,merge=1,delta=2
    12                           	psect	text4,local,class=CODE,merge=1,delta=2
    13                           	psect	text5,local,class=CODE,merge=1,delta=2
    14                           	psect	text6,local,class=CODE,merge=1,delta=2
    15                           	dabs	1,0x7E,2
    16  0000                     	;# 
    17  0001                     	;# 
    18  0002                     	;# 
    19  0003                     	;# 
    20  0004                     	;# 
    21  0005                     	;# 
    22  0006                     	;# 
    23  0007                     	;# 
    24  0008                     	;# 
    25  0009                     	;# 
    26  000A                     	;# 
    27  000B                     	;# 
    28  000C                     	;# 
    29  000D                     	;# 
    30  000E                     	;# 
    31  000E                     	;# 
    32  000F                     	;# 
    33  0010                     	;# 
    34  0011                     	;# 
    35  0012                     	;# 
    36  0013                     	;# 
    37  0014                     	;# 
    38  0015                     	;# 
    39  0015                     	;# 
    40  0016                     	;# 
    41  0017                     	;# 
    42  0018                     	;# 
    43  0019                     	;# 
    44  001A                     	;# 
    45  001B                     	;# 
    46  001B                     	;# 
    47  001C                     	;# 
    48  001D                     	;# 
    49  001E                     	;# 
    50  001F                     	;# 
    51  0081                     	;# 
    52  0085                     	;# 
    53  0086                     	;# 
    54  0087                     	;# 
    55  0088                     	;# 
    56  0089                     	;# 
    57  008C                     	;# 
    58  008D                     	;# 
    59  008E                     	;# 
    60  0091                     	;# 
    61  0092                     	;# 
    62  0093                     	;# 
    63  0094                     	;# 
    64  0098                     	;# 
    65  0099                     	;# 
    66  009C                     	;# 
    67  009D                     	;# 
    68  009E                     	;# 
    69  009F                     	;# 
    70  010C                     	;# 
    71  010D                     	;# 
    72  010E                     	;# 
    73  010F                     	;# 
    74  018C                     	;# 
    75  018D                     	;# 
    76                           
    77                           	psect	strings
    78  0003                     __pstrings:	
    79  0003                     stringtab:	
    80  0003                     __stringtab:	
    81  0003                     stringcode:	
    82                           ;	String table - string pointers are 1 byte each
    83                           
    84  0003                     stringdir:	
    85  0003  3000               	movlw	high stringdir
    86  0004  008A               	movwf	10
    87  0005  0804               	movf	4,w
    88  0006  0A84               	incf	4,f
    89  0007  0782               	addwf	2,f
    90  0008                     __stringbase:	
    91  0008  3400               	retlw	0
    92  0009                     __end_of__stringtab:	
    93  0009                     _keypad:	
    94  0009  3431               	retlw	49
    95  000A  3432               	retlw	50
    96  000B  3433               	retlw	51
    97  000C  3420               	retlw	32
    98  000D  3434               	retlw	52
    99  000E  3435               	retlw	53
   100  000F  3436               	retlw	54
   101  0010  3420               	retlw	32
   102  0011  3437               	retlw	55
   103  0012  3438               	retlw	56
   104  0013  3439               	retlw	57
   105  0014  3420               	retlw	32
   106  0015  342A               	retlw	42
   107  0016  3430               	retlw	48
   108  0017  3423               	retlw	35
   109  0018  3420               	retlw	32
   110  0019  3400               	retlw	0
   111  001A                     __end_of_keypad:	
   112  001A                     _correctPIN:	
   113  001A  3431               	retlw	49
   114  001B  3432               	retlw	50
   115  001C  3433               	retlw	51
   116  001D  3434               	retlw	52
   117  001E  3400               	retlw	0
   118  001F                     __end_of_correctPIN:	
   119  0006                     _PORTB	set	6
   120  0008                     _PORTD	set	8
   121  0038                     _RC0	set	56
   122  0039                     _RC1	set	57
   123  003A                     _RC2	set	58
   124  0044                     _RD4	set	68
   125  0086                     _TRISB	set	134
   126  0087                     _TRISC	set	135
   127  0088                     _TRISD	set	136
   128  001F                     __stringdata:	
   129  001F                     STR_2:	
   130  001F  3441               	retlw	65	;'A'
   131  0020  3463               	retlw	99	;'c'
   132  0021  3463               	retlw	99	;'c'
   133  0022  3465               	retlw	101	;'e'
   134  0023  3473               	retlw	115	;'s'
   135  0024  3473               	retlw	115	;'s'
   136  0025  3420               	retlw	32	;' '
   137  0026  3447               	retlw	71	;'G'
   138  0027  3472               	retlw	114	;'r'
   139  0028  3461               	retlw	97	;'a'
   140  0029  346E               	retlw	110	;'n'
   141  002A  3474               	retlw	116	;'t'
   142  002B  3465               	retlw	101	;'e'
   143  002C  3464               	retlw	100	;'d'
   144  002D  3400               	retlw	0
   145  002E                     STR_3:	
   146  002E  3441               	retlw	65	;'A'
   147  002F  3463               	retlw	99	;'c'
   148  0030  3463               	retlw	99	;'c'
   149  0031  3465               	retlw	101	;'e'
   150  0032  3473               	retlw	115	;'s'
   151  0033  3473               	retlw	115	;'s'
   152  0034  3420               	retlw	32	;' '
   153  0035  3444               	retlw	68	;'D'
   154  0036  3465               	retlw	101	;'e'
   155  0037  346E               	retlw	110	;'n'
   156  0038  3469               	retlw	105	;'i'
   157  0039  3465               	retlw	101	;'e'
   158  003A  3464               	retlw	100	;'d'
   159  003B  3400               	retlw	0
   160  003C                     STR_1:	
   161  003C  3445               	retlw	69	;'E'
   162  003D  346E               	retlw	110	;'n'
   163  003E  3474               	retlw	116	;'t'
   164  003F  3465               	retlw	101	;'e'
   165  0040  3472               	retlw	114	;'r'
   166  0041  3420               	retlw	32	;' '
   167  0042  3450               	retlw	80	;'P'
   168  0043  3449               	retlw	73	;'I'
   169  0044  344E               	retlw	78	;'N'
   170  0045  343A               	retlw	58	;':'
   171  0046  3400               	retlw	0
   172  0047                     __end_of__stringdata:	
   173                           
   174                           ; #config settings
   175  0000                     
   176                           	psect	cinit
   177  07FC                     start_initialization:	
   178  07FC                     __initialization:	
   179  07FC                     end_of_initialization:	
   180                           ;End of C runtime variable initialization code
   181                           
   182  07FC                     __end_of__initialization:	
   183  07FC  0183               	clrf	3
   184  07FD  120A  118A  2F80   	ljmp	_main	;jump to C main() function
   185                           
   186                           	psect	cstackCOMMON
   187  0070                     __pcstackCOMMON:	
   188  0070                     ?_initLCD:	
   189  0070                     ?_clearLCD:	
   190                           ; 0 bytes @ 0x0
   191                           
   192  0070                     ?_printString:	
   193                           ; 0 bytes @ 0x0
   194                           
   195  0070                     ?_instCtrl:	
   196                           ; 0 bytes @ 0x0
   197                           
   198  0070                     ??_instCtrl:	
   199                           ; 0 bytes @ 0x0
   200                           
   201  0070                     ?_dataCtrl:	
   202                           ; 0 bytes @ 0x0
   203                           
   204  0070                     ??_dataCtrl:	
   205                           ; 0 bytes @ 0x0
   206                           
   207  0070                     ?_strcmp:	
   208                           ; 0 bytes @ 0x0
   209                           
   210  0070                     ?_main:	
   211                           ; 2 bytes @ 0x0
   212                           
   213  0070                     strcmp@s2:	
   214                           ; 2 bytes @ 0x0
   215                           
   216                           
   217                           ; 1 bytes @ 0x0
   218  0070                     	ds	2
   219  0072                     ??_strcmp:	
   220  0072                     instCtrl@INST:	
   221                           ; 0 bytes @ 0x2
   222                           
   223  0072                     dataCtrl@INST:	
   224                           ; 1 bytes @ 0x2
   225                           
   226                           
   227                           ; 1 bytes @ 0x2
   228  0072                     	ds	1
   229  0073                     ??_clearLCD:	
   230  0073                     ??_printString:	
   231                           ; 0 bytes @ 0x3
   232                           
   233                           
   234                           ; 0 bytes @ 0x3
   235  0073                     	ds	1
   236  0074                     printString@str:	
   237  0074                     strcmp@r:	
   238                           ; 1 bytes @ 0x4
   239                           
   240                           
   241                           ; 1 bytes @ 0x4
   242  0074                     	ds	1
   243  0075                     ??_initLCD:	
   244  0075                     strcmp@s1:	
   245                           ; 0 bytes @ 0x5
   246                           
   247                           
   248                           ; 1 bytes @ 0x5
   249  0075                     	ds	2
   250  0077                     ??_main:	
   251                           
   252                           ; 0 bytes @ 0x7
   253  0077                     	ds	3
   254                           
   255                           	psect	cstackBANK0
   256  0020                     __pcstackBANK0:	
   257  0020                     main@enteredPIN:	
   258                           
   259                           ; 5 bytes @ 0x0
   260  0020                     	ds	5
   261  0025                     main@keyIndex:	
   262                           
   263                           ; 1 bytes @ 0x5
   264  0025                     	ds	1
   265  0026                     main@keyChar:	
   266                           
   267                           ; 1 bytes @ 0x6
   268  0026                     	ds	1
   269  0027                     main@pinCount:	
   270                           
   271                           ; 1 bytes @ 0x7
   272  0027                     	ds	1
   273                           
   274                           	psect	maintext
   275  0780                     __pmaintext:	
   276 ;;
   277 ;;Main: autosize = 0, tempsize = 3, incstack = 0, save=0
   278 ;;
   279 ;; *************** function _main *****************
   280 ;; Defined at:
   281 ;;		line 25 in file "C:\Users\user\OneDrive\Documents\COLLEGE\CPE3201---Embedded-Systems\Practice and Lecture Materials\
      +Practice coding\pin\pin.c"
   282 ;; Parameters:    Size  Location     Type
   283 ;;		None
   284 ;; Auto vars:     Size  Location     Type
   285 ;;  keyChar         1    6[BANK0 ] unsigned char 
   286 ;;  enteredPIN      5    0[BANK0 ] unsigned char [5]
   287 ;;  pinCount        1    7[BANK0 ] unsigned char 
   288 ;;  keyIndex        1    5[BANK0 ] unsigned char 
   289 ;; Return value:  Size  Location     Type
   290 ;;                  2   38[COMMON] int 
   291 ;; Registers used:
   292 ;;		wreg, fsr0l, fsr0h, status,2, status,0, pclath, cstack
   293 ;; Tracked objects:
   294 ;;		On entry : 17F/0
   295 ;;		On exit  : 0/0
   296 ;;		Unchanged: 0/0
   297 ;; Data sizes:     COMMON   BANK0   BANK1   BANK3   BANK2
   298 ;;      Params:         0       0       0       0       0
   299 ;;      Locals:         0       8       0       0       0
   300 ;;      Temps:          3       0       0       0       0
   301 ;;      Totals:         3       8       0       0       0
   302 ;;Total ram usage:       11 bytes
   303 ;; Hardware stack levels required when called:    3
   304 ;; This function calls:
   305 ;;		_clearLCD
   306 ;;		_dataCtrl
   307 ;;		_initLCD
   308 ;;		_instCtrl
   309 ;;		_printString
   310 ;;		_strcmp
   311 ;; This function is called by:
   312 ;;		Startup code after reset
   313 ;; This function uses a non-reentrant model
   314 ;;
   315                           
   316                           
   317                           ;psect for function _main
   318  0780                     _main:	
   319                           
   320                           ;pin.c: 27: TRISB = 0x00;
   321                           
   322                           ;incstack = 0
   323                           ; Regs used in _main: [wreg-fsr0h+status,2+status,0+pclath+cstack]
   324  0780  1683               	bsf	3,5	;RP0=1, select bank1
   325  0781  1303               	bcf	3,6	;RP1=0, select bank1
   326  0782  0186               	clrf	6	;volatile
   327                           
   328                           ;pin.c: 28: TRISC = 0x00;
   329  0783  0187               	clrf	7	;volatile
   330                           
   331                           ;pin.c: 29: TRISD = 0xFF;
   332  0784  30FF               	movlw	255
   333  0785  0088               	movwf	8	;volatile
   334                           
   335                           ;pin.c: 31: initLCD();
   336  0786  120A  118A  2737  120A  118A  	fcall	_initLCD
   337                           
   338                           ;pin.c: 33: unsigned char keyIndex;
   339                           ;pin.c: 34: char enteredPIN[5];
   340                           ;pin.c: 35: unsigned char pinCount = 0;
   341  078B  1283               	bcf	3,5	;RP0=0, select bank0
   342  078C  1303               	bcf	3,6	;RP1=0, select bank0
   343  078D  01A7               	clrf	main@pinCount
   344  078E                     l697:	
   345                           ;pin.c: 37: while(1) {
   346                           
   347                           
   348                           ;pin.c: 39: clearLCD();
   349  078E  120A  118A  26D3  120A  118A  	fcall	_clearLCD
   350                           
   351                           ;pin.c: 40: printString("Enter PIN:");
   352  0793  3034               	movlw	(STR_1-__stringbase)& (0+255)
   353  0794  120A  118A  271B  120A  118A  	fcall	_printString
   354                           
   355                           ;pin.c: 41: instCtrl(0xC0);
   356  0799  30C0               	movlw	192
   357  079A  120A  118A  26E3  120A  118A  	fcall	_instCtrl
   358                           
   359                           ;pin.c: 43: pinCount = 0;
   360  079F  1283               	bcf	3,5	;RP0=0, select bank0
   361  07A0  1303               	bcf	3,6	;RP1=0, select bank0
   362  07A1  01A7               	clrf	main@pinCount
   363  07A2                     l717:	
   364                           ;pin.c: 46: while(pinCount < 4) {
   365                           
   366  07A2  3004               	movlw	4
   367  07A3  0227               	subwf	main@pinCount,w
   368  07A4  1803               	btfsc	3,0
   369  07A5  2FD3               	goto	l719
   370                           
   371                           ;pin.c: 49: if(RD4 == 1) {
   372  07A6  1E08               	btfss	8,4	;volatile
   373  07A7  2FA2               	goto	l717
   374                           
   375                           ;pin.c: 51: keyIndex = PORTD & 0x0F;
   376  07A8  0808               	movf	8,w	;volatile
   377  07A9  390F               	andlw	15
   378  07AA  00F7               	movwf	??_main
   379  07AB  0877               	movf	??_main,w
   380  07AC  00A5               	movwf	main@keyIndex
   381  07AD                     l43:	
   382                           ;pin.c: 53: while(RD4 == 1);
   383                           
   384  07AD  1A08               	btfsc	8,4	;volatile
   385  07AE  2FAD               	goto	l43
   386                           
   387                           ;pin.c: 55: char keyChar = keypad[keyIndex];
   388  07AF  0825               	movf	main@keyIndex,w
   389  07B0  3E01               	addlw	low (_keypad-__stringbase)
   390  07B1  0084               	movwf	4
   391  07B2  120A  118A  2003  120A  118A  	fcall	stringdir
   392  07B7  00F7               	movwf	??_main
   393  07B8  0877               	movf	??_main,w
   394  07B9  00A6               	movwf	main@keyChar
   395                           
   396                           ;pin.c: 58: if(keyChar != ' ') {
   397  07BA  0826               	movf	main@keyChar,w
   398  07BB  3A20               	xorlw	32
   399  07BC  1903               	skipnz
   400  07BD  2FA2               	goto	l717
   401                           
   402                           ;pin.c: 59: enteredPIN[pinCount] = keyChar;
   403  07BE  0826               	movf	main@keyChar,w
   404  07BF  00F7               	movwf	??_main
   405  07C0  0827               	movf	main@pinCount,w
   406  07C1  3E20               	addlw	main@enteredPIN& (0+255)
   407  07C2  0084               	movwf	4
   408  07C3  0877               	movf	??_main,w
   409  07C4  1383               	bcf	3,7	;select IRP bank0
   410  07C5  0080               	movwf	0
   411                           
   412                           ;pin.c: 60: dataCtrl('*');
   413  07C6  302A               	movlw	42
   414  07C7  120A  118A  26FF  120A  118A  	fcall	_dataCtrl
   415                           
   416                           ;pin.c: 61: pinCount++;
   417  07CC  3001               	movlw	1
   418  07CD  00F7               	movwf	??_main
   419  07CE  0877               	movf	??_main,w
   420  07CF  1283               	bcf	3,5	;RP0=0, select bank0
   421  07D0  1303               	bcf	3,6	;RP1=0, select bank0
   422  07D1  07A7               	addwf	main@pinCount,f
   423  07D2  2FA2               	goto	l717
   424  07D3                     l719:	
   425                           
   426                           ;pin.c: 62: }
   427                           ;pin.c: 63: }
   428                           ;pin.c: 64: }
   429                           ;pin.c: 66: enteredPIN[4] = '\0';
   430  07D3  01A4               	clrf	main@enteredPIN+4
   431                           
   432                           ;pin.c: 69: clearLCD();
   433  07D4  120A  118A  26D3  120A  118A  	fcall	_clearLCD
   434                           
   435                           ;pin.c: 70: if(strcmp(enteredPIN, correctPIN) == 0) {
   436  07D9  3012               	movlw	(_correctPIN-__stringbase)& (0+255)
   437  07DA  00F7               	movwf	??_main
   438  07DB  0877               	movf	??_main,w
   439  07DC  00F0               	movwf	strcmp@s2
   440  07DD  3020               	movlw	main@enteredPIN& (0+255)
   441  07DE  120A  118A  2756  120A  118A  	fcall	_strcmp
   442  07E3  0871               	movf	?_strcmp+1,w
   443  07E4  0470               	iorwf	?_strcmp,w
   444  07E5  1D03               	skipz
   445  07E6  2FE9               	goto	l727
   446                           
   447                           ;pin.c: 71: printString("Access Granted");
   448  07E7  3017               	movlw	(STR_2-__stringbase)& (0+255)
   449  07E8  2FEA               	goto	L1
   450  07E9                     l727:	
   451                           ;pin.c: 73: } else {
   452                           
   453                           
   454                           ;pin.c: 74: printString("Access Denied");
   455  07E9  3026               	movlw	(STR_3-__stringbase)& (0+255)
   456  07EA                     L1:	
   457  07EA  120A  118A  271B  120A  118A  	fcall	_printString
   458                           
   459                           ;pin.c: 75: }
   460                           ;pin.c: 78: _delay((unsigned long)((2000)*(20000000/4000.0)));
   461  07EF  3033               	movlw	51
   462  07F0  00F9               	movwf	??_main+2
   463  07F1  30BC               	movlw	188
   464  07F2  00F8               	movwf	??_main+1
   465  07F3  3010               	movlw	16
   466  07F4  00F7               	movwf	??_main
   467  07F5                     u177:	
   468  07F5  0BF7               	decfsz	??_main,f
   469  07F6  2FF5               	goto	u177
   470  07F7  0BF8               	decfsz	??_main+1,f
   471  07F8  2FF5               	goto	u177
   472  07F9  0BF9               	decfsz	??_main+2,f
   473  07FA  2FF5               	goto	u177
   474  07FB  2F8E               	goto	l697
   475  07FC                     __end_of_main:	
   476                           ;pin.c: 79: }
   477                           ;pin.c: 81: return 0;
   478                           ;	Return value of _main is never used
   479                           
   480                           
   481                           	psect	text1
   482  0756                     __ptext1:	
   483 ;; *************** function _strcmp *****************
   484 ;; Defined at:
   485 ;;		line 33 in file "C:\Program Files (x86)\Microchip\xc8\v1.33\sources\common\strcmp.c"
   486 ;; Parameters:    Size  Location     Type
   487 ;;  s1              1    wreg     PTR const unsigned char 
   488 ;;		 -> main@enteredPIN(5), 
   489 ;;  s2              1    0[COMMON] PTR const unsigned char 
   490 ;;		 -> correctPIN(5), 
   491 ;; Auto vars:     Size  Location     Type
   492 ;;  s1              1    5[COMMON] PTR const unsigned char 
   493 ;;		 -> main@enteredPIN(5), 
   494 ;;  r               1    4[COMMON] char 
   495 ;; Return value:  Size  Location     Type
   496 ;;                  2    0[COMMON] int 
   497 ;; Registers used:
   498 ;;		wreg, fsr0l, fsr0h, status,2, status,0, pclath
   499 ;; Tracked objects:
   500 ;;		On entry : 0/0
   501 ;;		On exit  : 0/0
   502 ;;		Unchanged: 0/0
   503 ;; Data sizes:     COMMON   BANK0   BANK1   BANK3   BANK2
   504 ;;      Params:         2       0       0       0       0
   505 ;;      Locals:         2       0       0       0       0
   506 ;;      Temps:          2       0       0       0       0
   507 ;;      Totals:         6       0       0       0       0
   508 ;;Total ram usage:        6 bytes
   509 ;; Hardware stack levels used:    2
   510 ;; This function calls:
   511 ;;		Nothing
   512 ;; This function is called by:
   513 ;;		_main
   514 ;; This function uses a non-reentrant model
   515 ;;
   516                           
   517                           
   518                           ;psect for function _strcmp
   519  0756                     _strcmp:	
   520                           
   521                           ;incstack = 0
   522                           ; Regs used in _strcmp: [wreg-fsr0h+status,2+status,0+pclath]
   523                           ;strcmp@s1 stored from wreg
   524  0756  00F5               	movwf	strcmp@s1
   525  0757  2F60               	goto	l681
   526  0758                     l677:	
   527  0758  3001               	movlw	1
   528  0759  00F2               	movwf	??_strcmp
   529  075A  0872               	movf	??_strcmp,w
   530  075B  07F5               	addwf	strcmp@s1,f
   531  075C  3001               	movlw	1
   532  075D  00F2               	movwf	??_strcmp
   533  075E  0872               	movf	??_strcmp,w
   534  075F  07F0               	addwf	strcmp@s2,f
   535  0760                     l681:	
   536  0760  0875               	movf	strcmp@s1,w
   537  0761  0084               	movwf	4
   538  0762  1383               	bcf	3,7	;select IRP bank0
   539  0763  0800               	movf	0,w
   540  0764  00F2               	movwf	??_strcmp
   541  0765  0870               	movf	strcmp@s2,w
   542  0766  0084               	movwf	4
   543  0767  120A  118A  2003  120A  118A  	fcall	stringdir
   544  076C  3AFF               	xorlw	255
   545  076D  3E01               	addlw	1
   546  076E  0772               	addwf	??_strcmp,w
   547  076F  00F3               	movwf	??_strcmp+1
   548  0770  0873               	movf	??_strcmp+1,w
   549  0771  00F4               	movwf	strcmp@r
   550  0772  08F4               	movf	strcmp@r,f
   551  0773  1D03               	skipz
   552  0774  2F7A               	goto	l685
   553  0775  0875               	movf	strcmp@s1,w
   554  0776  0084               	movwf	4
   555  0777  0880               	movf	0,f
   556  0778  1D03               	skipz
   557  0779  2F58               	goto	l677
   558  077A                     l685:	
   559  077A  0874               	movf	strcmp@r,w
   560  077B  00F0               	movwf	?_strcmp
   561  077C  01F1               	clrf	?_strcmp+1
   562  077D  1BF0               	btfsc	?_strcmp,7
   563  077E  03F1               	decf	?_strcmp+1,f
   564  077F  0008               	return
   565  0780                     __end_of_strcmp:	
   566                           
   567                           	psect	text2
   568  071B                     __ptext2:	
   569 ;; *************** function _printString *****************
   570 ;; Defined at:
   571 ;;		line 119 in file "C:\Users\user\OneDrive\Documents\COLLEGE\CPE3201---Embedded-Systems\Practice and Lecture Materials
      +\Practice coding\pin\pin.c"
   572 ;; Parameters:    Size  Location     Type
   573 ;;  str             1    wreg     PTR const unsigned char 
   574 ;;		 -> STR_3(14), STR_2(15), STR_1(11), 
   575 ;; Auto vars:     Size  Location     Type
   576 ;;  str             1    4[COMMON] PTR const unsigned char 
   577 ;;		 -> STR_3(14), STR_2(15), STR_1(11), 
   578 ;; Return value:  Size  Location     Type
   579 ;;		None               void
   580 ;; Registers used:
   581 ;;		wreg, fsr0l, fsr0h, status,2, status,0, pclath, cstack
   582 ;; Tracked objects:
   583 ;;		On entry : 0/0
   584 ;;		On exit  : 0/0
   585 ;;		Unchanged: 0/0
   586 ;; Data sizes:     COMMON   BANK0   BANK1   BANK3   BANK2
   587 ;;      Params:         0       0       0       0       0
   588 ;;      Locals:         1       0       0       0       0
   589 ;;      Temps:          1       0       0       0       0
   590 ;;      Totals:         2       0       0       0       0
   591 ;;Total ram usage:        2 bytes
   592 ;; Hardware stack levels used:    1
   593 ;; Hardware stack levels required when called:    1
   594 ;; This function calls:
   595 ;;		_dataCtrl
   596 ;; This function is called by:
   597 ;;		_main
   598 ;; This function uses a non-reentrant model
   599 ;;
   600                           
   601                           
   602                           ;psect for function _printString
   603  071B                     _printString:	
   604                           
   605                           ;incstack = 0
   606                           ; Regs used in _printString: [wreg-fsr0h+status,2+status,0+pclath+cstack]
   607                           ;printString@str stored from wreg
   608  071B  00F4               	movwf	printString@str
   609  071C                     l673:	
   610                           ;pin.c: 120: while(*str) {
   611                           
   612  071C  0874               	movf	printString@str,w
   613  071D  0084               	movwf	4
   614  071E  120A  118A  2003  120A  118A  	fcall	stringdir
   615  0723  3800               	iorlw	0
   616  0724  1903               	btfsc	3,2
   617  0725  0008               	return
   618                           
   619                           ;pin.c: 121: dataCtrl(*str++);
   620  0726  0874               	movf	printString@str,w
   621  0727  0084               	movwf	4
   622  0728  120A  118A  2003  120A  118A  	fcall	stringdir
   623  072D  120A  118A  26FF  120A  118A  	fcall	_dataCtrl
   624  0732  3001               	movlw	1
   625  0733  00F3               	movwf	??_printString
   626  0734  0873               	movf	??_printString,w
   627  0735  07F4               	addwf	printString@str,f
   628  0736  2F1C               	goto	l673
   629  0737                     __end_of_printString:	
   630                           
   631                           	psect	text3
   632  06FF                     __ptext3:	
   633 ;; *************** function _dataCtrl *****************
   634 ;; Defined at:
   635 ;;		line 96 in file "C:\Users\user\OneDrive\Documents\COLLEGE\CPE3201---Embedded-Systems\Practice and Lecture Materials\
      +Practice coding\pin\pin.c"
   636 ;; Parameters:    Size  Location     Type
   637 ;;  INST            1    wreg     unsigned char 
   638 ;; Auto vars:     Size  Location     Type
   639 ;;  INST            1    2[COMMON] unsigned char 
   640 ;; Return value:  Size  Location     Type
   641 ;;		None               void
   642 ;; Registers used:
   643 ;;		wreg
   644 ;; Tracked objects:
   645 ;;		On entry : 0/0
   646 ;;		On exit  : 0/0
   647 ;;		Unchanged: 0/0
   648 ;; Data sizes:     COMMON   BANK0   BANK1   BANK3   BANK2
   649 ;;      Params:         0       0       0       0       0
   650 ;;      Locals:         1       0       0       0       0
   651 ;;      Temps:          2       0       0       0       0
   652 ;;      Totals:         3       0       0       0       0
   653 ;;Total ram usage:        3 bytes
   654 ;; Hardware stack levels used:    1
   655 ;; This function calls:
   656 ;;		Nothing
   657 ;; This function is called by:
   658 ;;		_main
   659 ;;		_printString
   660 ;; This function uses a non-reentrant model
   661 ;;
   662                           
   663                           
   664                           ;psect for function _dataCtrl
   665  06FF                     _dataCtrl:	
   666                           
   667                           ;incstack = 0
   668                           ; Regs used in _dataCtrl: [wreg]
   669                           ;dataCtrl@INST stored from wreg
   670  06FF  00F2               	movwf	dataCtrl@INST
   671                           
   672                           ;pin.c: 97: PORTB = INST;
   673  0700  0872               	movf	dataCtrl@INST,w
   674  0701  1283               	bcf	3,5	;RP0=0, select bank0
   675  0702  1303               	bcf	3,6	;RP1=0, select bank0
   676  0703  0086               	movwf	6	;volatile
   677                           
   678                           ;pin.c: 98: RC0 = 1;
   679  0704  1407               	bsf	7,0	;volatile
   680                           
   681                           ;pin.c: 99: RC2 = 0;
   682  0705  1107               	bcf	7,2	;volatile
   683                           
   684                           ;pin.c: 100: RC1 = 1;
   685  0706  1487               	bsf	7,1	;volatile
   686                           
   687                           ;pin.c: 101: _delay((unsigned long)((1)*(20000000/4000.0)));
   688  0707  3007               	movlw	7
   689  0708  00F1               	movwf	??_dataCtrl+1
   690  0709  307D               	movlw	125
   691  070A  00F0               	movwf	??_dataCtrl
   692  070B                     u187:	
   693  070B  0BF0               	decfsz	??_dataCtrl,f
   694  070C  2F0B               	goto	u187
   695  070D  0BF1               	decfsz	??_dataCtrl+1,f
   696  070E  2F0B               	goto	u187
   697                           
   698                           ;pin.c: 102: RC1 = 0;
   699  070F  1283               	bcf	3,5	;RP0=0, select bank0
   700  0710  1303               	bcf	3,6	;RP1=0, select bank0
   701  0711  1087               	bcf	7,1	;volatile
   702                           
   703                           ;pin.c: 103: _delay((unsigned long)((1)*(20000000/4000.0)));
   704  0712  3007               	movlw	7
   705  0713  00F1               	movwf	??_dataCtrl+1
   706  0714  307D               	movlw	125
   707  0715  00F0               	movwf	??_dataCtrl
   708  0716                     u197:	
   709  0716  0BF0               	decfsz	??_dataCtrl,f
   710  0717  2F16               	goto	u197
   711  0718  0BF1               	decfsz	??_dataCtrl+1,f
   712  0719  2F16               	goto	u197
   713  071A  0008               	return
   714  071B                     __end_of_dataCtrl:	
   715                           
   716                           	psect	text4
   717  0737                     __ptext4:	
   718 ;; *************** function _initLCD *****************
   719 ;; Defined at:
   720 ;;		line 106 in file "C:\Users\user\OneDrive\Documents\COLLEGE\CPE3201---Embedded-Systems\Practice and Lecture Materials
      +\Practice coding\pin\pin.c"
   721 ;; Parameters:    Size  Location     Type
   722 ;;		None
   723 ;; Auto vars:     Size  Location     Type
   724 ;;		None
   725 ;; Return value:  Size  Location     Type
   726 ;;		None               void
   727 ;; Registers used:
   728 ;;		wreg, status,2, status,0, pclath, cstack
   729 ;; Tracked objects:
   730 ;;		On entry : 0/0
   731 ;;		On exit  : 0/0
   732 ;;		Unchanged: 0/0
   733 ;; Data sizes:     COMMON   BANK0   BANK1   BANK3   BANK2
   734 ;;      Params:         0       0       0       0       0
   735 ;;      Locals:         0       0       0       0       0
   736 ;;      Temps:          2       0       0       0       0
   737 ;;      Totals:         2       0       0       0       0
   738 ;;Total ram usage:        2 bytes
   739 ;; Hardware stack levels used:    1
   740 ;; Hardware stack levels required when called:    2
   741 ;; This function calls:
   742 ;;		_clearLCD
   743 ;;		_instCtrl
   744 ;; This function is called by:
   745 ;;		_main
   746 ;; This function uses a non-reentrant model
   747 ;;
   748                           
   749                           
   750                           ;psect for function _initLCD
   751  0737                     _initLCD:	
   752                           
   753                           ;pin.c: 107: _delay((unsigned long)((15)*(20000000/4000.0)));
   754                           
   755                           ;incstack = 0
   756                           ; Regs used in _initLCD: [wreg+status,2+status,0+pclath+cstack]
   757  0737  3062               	movlw	98
   758  0738  00F6               	movwf	??_initLCD+1
   759  0739  3065               	movlw	101
   760  073A  00F5               	movwf	??_initLCD
   761  073B                     u207:	
   762  073B  0BF5               	decfsz	??_initLCD,f
   763  073C  2F3B               	goto	u207
   764  073D  0BF6               	decfsz	??_initLCD+1,f
   765  073E  2F3B               	goto	u207
   766  073F  2F40               	nop2
   767                           
   768                           ;pin.c: 108: instCtrl(0x38);
   769  0740  3038               	movlw	56
   770  0741  120A  118A  26E3  120A  118A  	fcall	_instCtrl
   771                           
   772                           ;pin.c: 109: instCtrl(0x0C);
   773  0746  300C               	movlw	12
   774  0747  120A  118A  26E3  120A  118A  	fcall	_instCtrl
   775                           
   776                           ;pin.c: 110: clearLCD();
   777  074C  120A  118A  26D3  120A  118A  	fcall	_clearLCD
   778                           
   779                           ;pin.c: 111: instCtrl(0x06);
   780  0751  3006               	movlw	6
   781  0752  120A  118A  26E3   	fcall	_instCtrl
   782  0755  0008               	return
   783  0756                     __end_of_initLCD:	
   784                           
   785                           	psect	text5
   786  06D3                     __ptext5:	
   787 ;; *************** function _clearLCD *****************
   788 ;; Defined at:
   789 ;;		line 114 in file "C:\Users\user\OneDrive\Documents\COLLEGE\CPE3201---Embedded-Systems\Practice and Lecture Materials
      +\Practice coding\pin\pin.c"
   790 ;; Parameters:    Size  Location     Type
   791 ;;		None
   792 ;; Auto vars:     Size  Location     Type
   793 ;;		None
   794 ;; Return value:  Size  Location     Type
   795 ;;		None               void
   796 ;; Registers used:
   797 ;;		wreg, status,2, status,0, pclath, cstack
   798 ;; Tracked objects:
   799 ;;		On entry : 0/0
   800 ;;		On exit  : 0/0
   801 ;;		Unchanged: 0/0
   802 ;; Data sizes:     COMMON   BANK0   BANK1   BANK3   BANK2
   803 ;;      Params:         0       0       0       0       0
   804 ;;      Locals:         0       0       0       0       0
   805 ;;      Temps:          2       0       0       0       0
   806 ;;      Totals:         2       0       0       0       0
   807 ;;Total ram usage:        2 bytes
   808 ;; Hardware stack levels used:    1
   809 ;; Hardware stack levels required when called:    1
   810 ;; This function calls:
   811 ;;		_instCtrl
   812 ;; This function is called by:
   813 ;;		_main
   814 ;;		_initLCD
   815 ;; This function uses a non-reentrant model
   816 ;;
   817                           
   818                           
   819                           ;psect for function _clearLCD
   820  06D3                     _clearLCD:	
   821                           
   822                           ;pin.c: 115: instCtrl(0x01);
   823                           
   824                           ;incstack = 0
   825                           ; Regs used in _clearLCD: [wreg+status,2+status,0+pclath+cstack]
   826  06D3  3001               	movlw	1
   827  06D4  120A  118A  26E3  120A  118A  	fcall	_instCtrl
   828                           
   829                           ;pin.c: 116: _delay((unsigned long)((2)*(20000000/4000.0)));
   830  06D9  300D               	movlw	13
   831  06DA  00F4               	movwf	??_clearLCD+1
   832  06DB  30FB               	movlw	251
   833  06DC  00F3               	movwf	??_clearLCD
   834  06DD                     u217:	
   835  06DD  0BF3               	decfsz	??_clearLCD,f
   836  06DE  2EDD               	goto	u217
   837  06DF  0BF4               	decfsz	??_clearLCD+1,f
   838  06E0  2EDD               	goto	u217
   839  06E1  2EE2               	nop2
   840  06E2  0008               	return
   841  06E3                     __end_of_clearLCD:	
   842                           
   843                           	psect	text6
   844  06E3                     __ptext6:	
   845 ;; *************** function _instCtrl *****************
   846 ;; Defined at:
   847 ;;		line 86 in file "C:\Users\user\OneDrive\Documents\COLLEGE\CPE3201---Embedded-Systems\Practice and Lecture Materials\
      +Practice coding\pin\pin.c"
   848 ;; Parameters:    Size  Location     Type
   849 ;;  INST            1    wreg     unsigned char 
   850 ;; Auto vars:     Size  Location     Type
   851 ;;  INST            1    2[COMMON] unsigned char 
   852 ;; Return value:  Size  Location     Type
   853 ;;		None               void
   854 ;; Registers used:
   855 ;;		wreg
   856 ;; Tracked objects:
   857 ;;		On entry : 0/0
   858 ;;		On exit  : 0/0
   859 ;;		Unchanged: 0/0
   860 ;; Data sizes:     COMMON   BANK0   BANK1   BANK3   BANK2
   861 ;;      Params:         0       0       0       0       0
   862 ;;      Locals:         1       0       0       0       0
   863 ;;      Temps:          2       0       0       0       0
   864 ;;      Totals:         3       0       0       0       0
   865 ;;Total ram usage:        3 bytes
   866 ;; Hardware stack levels used:    1
   867 ;; This function calls:
   868 ;;		Nothing
   869 ;; This function is called by:
   870 ;;		_main
   871 ;;		_initLCD
   872 ;;		_clearLCD
   873 ;; This function uses a non-reentrant model
   874 ;;
   875                           
   876                           
   877                           ;psect for function _instCtrl
   878  06E3                     _instCtrl:	
   879                           
   880                           ;incstack = 0
   881                           ; Regs used in _instCtrl: [wreg]
   882                           ;instCtrl@INST stored from wreg
   883  06E3  00F2               	movwf	instCtrl@INST
   884                           
   885                           ;pin.c: 87: PORTB = INST;
   886  06E4  0872               	movf	instCtrl@INST,w
   887  06E5  1283               	bcf	3,5	;RP0=0, select bank0
   888  06E6  1303               	bcf	3,6	;RP1=0, select bank0
   889  06E7  0086               	movwf	6	;volatile
   890                           
   891                           ;pin.c: 88: RC0 = 0;
   892  06E8  1007               	bcf	7,0	;volatile
   893                           
   894                           ;pin.c: 89: RC2 = 0;
   895  06E9  1107               	bcf	7,2	;volatile
   896                           
   897                           ;pin.c: 90: RC1 = 1;
   898  06EA  1487               	bsf	7,1	;volatile
   899                           
   900                           ;pin.c: 91: _delay((unsigned long)((1)*(20000000/4000.0)));
   901  06EB  3007               	movlw	7
   902  06EC  00F1               	movwf	??_instCtrl+1
   903  06ED  307D               	movlw	125
   904  06EE  00F0               	movwf	??_instCtrl
   905  06EF                     u227:	
   906  06EF  0BF0               	decfsz	??_instCtrl,f
   907  06F0  2EEF               	goto	u227
   908  06F1  0BF1               	decfsz	??_instCtrl+1,f
   909  06F2  2EEF               	goto	u227
   910                           
   911                           ;pin.c: 92: RC1 = 0;
   912  06F3  1283               	bcf	3,5	;RP0=0, select bank0
   913  06F4  1303               	bcf	3,6	;RP1=0, select bank0
   914  06F5  1087               	bcf	7,1	;volatile
   915                           
   916                           ;pin.c: 93: _delay((unsigned long)((1)*(20000000/4000.0)));
   917  06F6  3007               	movlw	7
   918  06F7  00F1               	movwf	??_instCtrl+1
   919  06F8  307D               	movlw	125
   920  06F9  00F0               	movwf	??_instCtrl
   921  06FA                     u237:	
   922  06FA  0BF0               	decfsz	??_instCtrl,f
   923  06FB  2EFA               	goto	u237
   924  06FC  0BF1               	decfsz	??_instCtrl+1,f
   925  06FD  2EFA               	goto	u237
   926  06FE  0008               	return
   927  06FF                     __end_of_instCtrl:	
   928  007E                     btemp	set	126	;btemp
   929  007E                     wtemp	set	126
   930  007E                     wtemp0	set	126
   931  0080                     wtemp1	set	128
   932  0082                     wtemp2	set	130
   933  0084                     wtemp3	set	132
   934  0086                     wtemp4	set	134
   935  0088                     wtemp5	set	136
   936  007F                     wtemp6	set	127
   937  007E                     ttemp	set	126
   938  007E                     ttemp0	set	126
   939  0081                     ttemp1	set	129
   940  0084                     ttemp2	set	132
   941  0087                     ttemp3	set	135
   942  007F                     ttemp4	set	127
   943  007E                     ltemp	set	126
   944  007E                     ltemp0	set	126
   945  0082                     ltemp1	set	130
   946  0086                     ltemp2	set	134
   947  0080                     ltemp3	set	128


Data Sizes:
    Strings     40
    Constant    22
    Data        0
    BSS         0
    Persistent  0
    Stack       0

Auto Spaces:
    Space          Size  Autos    Used
    COMMON           14     10      10
    BANK0            80      8       8
    BANK1            80      0       0
    BANK3            96      0       0
    BANK2            96      0       0

Pointer List with Targets:

    strcmp@s2	PTR const unsigned char  size(1) Largest target is 5
		 -> correctPIN(CODE[5]), 

    strcmp@s1	PTR const unsigned char  size(1) Largest target is 5
		 -> main@enteredPIN(BANK0[5]), 

    printString@str	PTR const unsigned char  size(1) Largest target is 15
		 -> STR_3(CODE[14]), STR_2(CODE[15]), STR_1(CODE[11]), 


Critical Paths under _main in COMMON

    _main->_initLCD
    _printString->_dataCtrl
    _initLCD->_clearLCD
    _clearLCD->_instCtrl

Critical Paths under _main in BANK0

    None.

Critical Paths under _main in BANK1

    None.

Critical Paths under _main in BANK3

    None.

Critical Paths under _main in BANK2

    None.

Call Graph Tables:

 ---------------------------------------------------------------------------------
 (Depth) Function   	        Calls       Base Space   Used Autos Params    Refs
 ---------------------------------------------------------------------------------
 (0) _main                                                11    11      0     616
                                              7 COMMON     3     3      0
                                              0 BANK0      8     8      0
                           _clearLCD
                           _dataCtrl
                            _initLCD
                           _instCtrl
                        _printString
                             _strcmp
 ---------------------------------------------------------------------------------
 (2) _strcmp                                               6     4      2     171
                                              0 COMMON     6     4      2
 ---------------------------------------------------------------------------------
 (1) _printString                                          2     2      0     148
                                              3 COMMON     2     2      0
                           _dataCtrl
 ---------------------------------------------------------------------------------
 (2) _dataCtrl                                             3     3      0      22
                                              0 COMMON     3     3      0
 ---------------------------------------------------------------------------------
 (1) _initLCD                                              2     2      0      44
                                              5 COMMON     2     2      0
                           _clearLCD
                           _instCtrl
 ---------------------------------------------------------------------------------
 (2) _clearLCD                                             2     2      0      22
                                              3 COMMON     2     2      0
                           _instCtrl
 ---------------------------------------------------------------------------------
 (1) _instCtrl                                             3     3      0      22
                                              0 COMMON     3     3      0
 ---------------------------------------------------------------------------------
 Estimated maximum stack depth 2
 ---------------------------------------------------------------------------------

 Call Graph Graphs:

 _main (ROOT)
   _clearLCD
     _instCtrl
   _dataCtrl
   _initLCD
     _clearLCD
       _instCtrl
     _instCtrl
   _instCtrl
   _printString
     _dataCtrl
   _strcmp

 Address spaces:
Name               Size   Autos  Total    Cost      Usage
BITCOMMON            E      0       0       0        0.0%
EEDATA             100      0       0       0        0.0%
NULL                 0      0       0       0        0.0%
CODE                 0      0       0       0        0.0%
COMMON               E      A       A       1       71.4%
BITSFR0              0      0       0       1        0.0%
SFR0                 0      0       0       1        0.0%
BITSFR1              0      0       0       2        0.0%
SFR1                 0      0       0       2        0.0%
STACK                0      0       0       2        0.0%
ABS                  0      0       0       3        0.0%
BITBANK0            50      0       0       4        0.0%
BITSFR3              0      0       0       4        0.0%
SFR3                 0      0       0       4        0.0%
BANK0               50      8       8       5       10.0%
BITSFR2              0      0       0       5        0.0%
SFR2                 0      0       0       5        0.0%
BITBANK1            50      0       0       6        0.0%
BANK1               50      0       0       7        0.0%
BITBANK3            60      0       0       8        0.0%
BANK3               60      0       0       9        0.0%
BITBANK2            60      0       0      10        0.0%
BANK2               60      0       0      11        0.0%
DATA                 0      0       0      12        0.0%


Microchip Technology PIC Macro Assembler V1.33 build 59893 
Symbol Table                                                                                   Wed Mar 18 06:22:01 2026

                      pc 0002              __CFG_CP$OFF 0000                       l43 07AD  
                     fsr 0004                      l717 07A2                      l727 07E9  
                    l719 07D3                      l673 071C                      l681 0760  
                    l685 077A                      l677 0758                      l697 078E  
                    _RC0 0038                      _RC1 0039                      _RC2 003A  
                    _RD4 0044                      u207 073B                      u217 06DD  
                    u227 06EF                      u237 06FA                      u177 07F5  
           __CFG_CPD$OFF 0000                      u187 070B                      u197 0716  
                    fsr0 0004                      indf 0000             __CFG_FOSC$XT 0000  
           __CFG_LVP$OFF 0000              main@keyChar 0026                     STR_1 003C  
                   STR_2 001F                     STR_3 002E             __CFG_WRT$OFF 0000  
                   _main 0780                     btemp 007E            __CFG_BOREN$ON 0000  
                   ltemp 007E                     start 0000                     ttemp 007E  
                   wtemp 007E                    ?_main 0070            __CFG_WDTE$OFF 0000  
           main@keyIndex 0025                    _PORTB 0006                    _PORTD 0008  
                  _TRISB 0086                    _TRISC 0087                    _TRISD 0088  
           main@pinCount 0027            __CFG_PWRTE$ON 0000          __end_of_initLCD 0756  
                  pclath 000A                    ltemp0 007E                    ltemp1 0082  
                  ltemp2 0086                    ltemp3 0080                    ttemp0 007E  
                  ttemp1 0081                    ttemp2 0084                    ttemp3 0087  
                  ttemp4 007F                    status 0003                    wtemp0 007E  
                  wtemp1 0080                    wtemp2 0082                    wtemp3 0084  
                  wtemp4 0086                    wtemp5 0088                    wtemp6 007F  
        __initialization 07FC             __end_of_main 07FC                   ??_main 0077  
       __end_of_dataCtrl 071B         __end_of_clearLCD 06E3                   _keypad 0009  
       __end_of_instCtrl 06FF                   _strcmp 0756                ??_initLCD 0075  
         printString@str 0074             ?_printString 0070  __end_of__initialization 07FC  
         __pcstackCOMMON 0070               __pmaintext 0780                  ?_strcmp 0070  
         main@enteredPIN 0020                ?_dataCtrl 0070                ?_clearLCD 0070  
             __stringtab 0003               _correctPIN 001A                ?_instCtrl 0070  
                __ptext1 0756                  __ptext2 071B                  __ptext3 06FF  
                __ptext4 0737                  __ptext5 06D3                  __ptext6 06E3  
        __size_of_strcmp 002A                  _initLCD 0737               ??_dataCtrl 0070  
             ??_clearLCD 0073     end_of_initialization 07FC               ??_instCtrl 0070  
   __size_of_printString 001C                  strcmp@r 0074             instCtrl@INST 0072  
         __end_of_keypad 001A           __end_of_strcmp 0780      start_initialization 07FC  
           dataCtrl@INST 0072                 ??_strcmp 0072                ___latbits 0002  
          __pcstackBANK0 0020      __end_of__stringdata 0047        __size_of_dataCtrl 001C  
      __size_of_clearLCD 0010        __size_of_instCtrl 001C                __pstrings 0003  
               ?_initLCD 0070              __stringbase 0008              __stringdata 001F  
          ??_printString 0073       __end_of__stringtab 0009       __end_of_correctPIN 001F  
               _dataCtrl 06FF         __size_of_initLCD 001F                 _clearLCD 06D3  
          __size_of_main 007C                 _instCtrl 06E3      __end_of_printString 0737  
              stringcode 0003                 strcmp@s1 0075                 strcmp@s2 0070  
               stringdir 0003                 stringtab 0003              _printString 071B  
