

Microchip Technology PIC LITE Macro Assembler V1.33 build 59893 
                                                                                               Mon Mar 30 09:30:02 2026

Microchip Technology Omniscient Code Generator (Lite mode) build 59893
     1                           	processor	16F877A
     2                           	opt	pw 120
     3                           	opt	lm
     4                           	psect	maintext,global,class=CODE,split=1,delta=2
     5                           	psect	cinit,global,class=CODE,merge=1,delta=2
     6                           	psect	cstackCOMMON,global,class=COMMON,space=1,delta=1
     7                           	dabs	1,0x7E,2
     8  0000                     	;# 
     9  0001                     	;# 
    10  0002                     	;# 
    11  0003                     	;# 
    12  0004                     	;# 
    13  0005                     	;# 
    14  0006                     	;# 
    15  0007                     	;# 
    16  0008                     	;# 
    17  0009                     	;# 
    18  000A                     	;# 
    19  000B                     	;# 
    20  000C                     	;# 
    21  000D                     	;# 
    22  000E                     	;# 
    23  000E                     	;# 
    24  000F                     	;# 
    25  0010                     	;# 
    26  0011                     	;# 
    27  0012                     	;# 
    28  0013                     	;# 
    29  0014                     	;# 
    30  0015                     	;# 
    31  0015                     	;# 
    32  0016                     	;# 
    33  0017                     	;# 
    34  0018                     	;# 
    35  0019                     	;# 
    36  001A                     	;# 
    37  001B                     	;# 
    38  001B                     	;# 
    39  001C                     	;# 
    40  001D                     	;# 
    41  001E                     	;# 
    42  001F                     	;# 
    43  0081                     	;# 
    44  0085                     	;# 
    45  0086                     	;# 
    46  0087                     	;# 
    47  0088                     	;# 
    48  0089                     	;# 
    49  008C                     	;# 
    50  008D                     	;# 
    51  008E                     	;# 
    52  0091                     	;# 
    53  0092                     	;# 
    54  0093                     	;# 
    55  0094                     	;# 
    56  0098                     	;# 
    57  0099                     	;# 
    58  009C                     	;# 
    59  009D                     	;# 
    60  009E                     	;# 
    61  009F                     	;# 
    62  010C                     	;# 
    63  010D                     	;# 
    64  010E                     	;# 
    65  010F                     	;# 
    66  018C                     	;# 
    67  018D                     	;# 
    68  0017                     _CCP1CON	set	23
    69  0015                     _CCPR1L	set	21
    70  0012                     _T2CON	set	18
    71  003A                     _RC2	set	58
    72  0092                     _PR2	set	146
    73  0087                     _TRISC	set	135
    74                           
    75                           	psect	maintext
    76  07E9                     __pmaintext:	
    77                           ; #config settings
    78                           
    79                           
    80                           ; 0 bytes @ 0x0
    81 ;;
    82 ;;Main: autosize = 0, tempsize = 0, incstack = 0, save=0
    83 ;;
    84 ;; *************** function _main *****************
    85 ;; Defined at:
    86 ;;		line 3 in file "Z:\CPE3201 - Bordario\PracticalActivities\PA4\Bordario_PA4-5.c"
    87 ;; Parameters:    Size  Location     Type
    88 ;;		None
    89 ;; Auto vars:     Size  Location     Type
    90 ;;		None
    91 ;; Return value:  Size  Location     Type
    92 ;;		None               void
    93 ;; Registers used:
    94 ;;		wreg, status,2
    95 ;; Tracked objects:
    96 ;;		On entry : 17F/0
    97 ;;		On exit  : 0/0
    98 ;;		Unchanged: 0/0
    99 ;; Data sizes:     COMMON   BANK0   BANK1   BANK3   BANK2
   100 ;;      Params:         0       0       0       0       0
   101 ;;      Locals:         0       0       0       0       0
   102 ;;      Temps:          0       0       0       0       0
   103 ;;      Totals:         0       0       0       0       0
   104 ;;Total ram usage:        0 bytes
   105 ;; This function calls:
   106 ;;		Nothing
   107 ;; This function is called by:
   108 ;;		Startup code after reset
   109 ;; This function uses a non-reentrant model
   110 ;;
   111  07E9                     _main:	
   112                           
   113                           ;Bordario_PA4-5.c: 6: PR2 = 0x7C;
   114                           
   115                           ;incstack = 0
   116                           ; Regs used in _main: [wreg+status,2]
   117  07E9  307C               	movlw	124
   118  07EA  1683               	bsf	3,5	;RP0=1, select bank1
   119  07EB  1303               	bcf	3,6	;RP1=0, select bank1
   120  07EC  0092               	movwf	18	;volatile
   121                           
   122                           ;Bordario_PA4-5.c: 7: CCPR1L = 0x57;
   123  07ED  3057               	movlw	87
   124  07EE  1283               	bcf	3,5	;RP0=0, select bank0
   125  07EF  1303               	bcf	3,6	;RP1=0, select bank0
   126  07F0  0095               	movwf	21	;volatile
   127                           
   128                           ;Bordario_PA4-5.c: 11: CCP1CON = 0x2C;
   129  07F1  302C               	movlw	44
   130  07F2  0097               	movwf	23	;volatile
   131                           
   132                           ;Bordario_PA4-5.c: 13: TRISC = 0x00;
   133  07F3  1683               	bsf	3,5	;RP0=1, select bank1
   134  07F4  1303               	bcf	3,6	;RP1=0, select bank1
   135  07F5  0187               	clrf	7	;volatile
   136                           
   137                           ;Bordario_PA4-5.c: 14: RC2 = 0;
   138  07F6  1283               	bcf	3,5	;RP0=0, select bank0
   139  07F7  1303               	bcf	3,6	;RP1=0, select bank0
   140  07F8  1107               	bcf	7,2	;volatile
   141                           
   142                           ;Bordario_PA4-5.c: 15: T2CON = 0x06;
   143  07F9  3006               	movlw	6
   144  07FA  0092               	movwf	18	;volatile
   145  07FB                     l15:	
   146                           ;Bordario_PA4-5.c: 17: for(;;) {
   147                           
   148                           
   149                           ;Bordario_PA4-5.c: 19: }
   150  07FB  2FFB               	goto	l15
   151  07FC                     __end_of_main:	
   152  007E                     btemp	set	126	;btemp
   153  007E                     wtemp	set	126
   154  007E                     wtemp0	set	126
   155  0080                     wtemp1	set	128
   156  0082                     wtemp2	set	130
   157  0084                     wtemp3	set	132
   158  0086                     wtemp4	set	134
   159  0088                     wtemp5	set	136
   160  007F                     wtemp6	set	127
   161  007E                     ttemp	set	126
   162  007E                     ttemp0	set	126
   163  0081                     ttemp1	set	129
   164  0084                     ttemp2	set	132
   165  0087                     ttemp3	set	135
   166  007F                     ttemp4	set	127
   167  007E                     ltemp	set	126
   168  007E                     ltemp0	set	126
   169  0082                     ltemp1	set	130
   170  0086                     ltemp2	set	134
   171  0080                     ltemp3	set	128
   172                           
   173                           	psect	cinit
   174  07FC                     start_initialization:	
   175                           ;psect for function _main
   176                           
   177  07FC                     __initialization:	
   178  07FC                     end_of_initialization:	
   179                           ;End of C runtime variable initialization code
   180                           
   181  07FC                     __end_of__initialization:	
   182  07FC  0183               	clrf	3
   183  07FD  120A  118A  2FE9   	ljmp	_main	;jump to C main() function
   184                           
   185                           	psect	cstackCOMMON
   186  0000                     __pcstackCOMMON:	
   187  0000                     ?_main:	
   188  0000                     ??_main:	
   189                           ; 0 bytes @ 0x0
   190                           


Data Sizes:
    Strings     0
    Constant    0
    Data        0
    BSS         0
    Persistent  0
    Stack       0

Auto Spaces:
    Space          Size  Autos    Used
    COMMON           14      0       0
    BANK0            80      0       0
    BANK1            80      0       0
    BANK3            96      0       0
    BANK2            96      0       0

Pointer List with Targets:

    None.

Critical Paths under _main in COMMON

    None.

Critical Paths under _main in BANK0

    None.

Critical Paths under _main in BANK1

    None.

Critical Paths under _main in BANK3

    None.

Critical Paths under _main in BANK2

    None.

Call Graph Tables:

 ---------------------------------------------------------------------------------
 (Depth) Function   	        Calls       Base Space   Used Autos Params    Refs
 ---------------------------------------------------------------------------------
 (0) _main                                                 0     0      0       0
 ---------------------------------------------------------------------------------
 Estimated maximum stack depth 0
 ---------------------------------------------------------------------------------

 Call Graph Graphs:

 _main (ROOT)

 Address spaces:
Name               Size   Autos  Total    Cost      Usage
BITCOMMON            E      0       0       0        0.0%
EEDATA             100      0       0       0        0.0%
NULL                 0      0       0       0        0.0%
CODE                 0      0       0       0        0.0%
COMMON               E      0       0       1        0.0%
BITSFR0              0      0       0       1        0.0%
SFR0                 0      0       0       1        0.0%
BITSFR1              0      0       0       2        0.0%
SFR1                 0      0       0       2        0.0%
STACK                0      0       0       2        0.0%
ABS                  0      0       0       3        0.0%
BITBANK0            50      0       0       4        0.0%
BITSFR3              0      0       0       4        0.0%
SFR3                 0      0       0       4        0.0%
BANK0               50      0       0       5        0.0%
BITSFR2              0      0       0       5        0.0%
SFR2                 0      0       0       5        0.0%
BITBANK1            50      0       0       6        0.0%
BANK1               50      0       0       7        0.0%
BITBANK3            60      0       0       8        0.0%
BANK3               60      0       0       9        0.0%
BITBANK2            60      0       0      10        0.0%
BANK2               60      0       0      11        0.0%
DATA                 0      0       0      12        0.0%


Microchip Technology PIC Macro Assembler V1.33 build 59893 
Symbol Table                                                                                   Mon Mar 30 09:30:02 2026

                     l15 07FB                      _RC2 003A                      _PR2 0092  
                   _main 07E9                     btemp 007E                     ltemp 007E  
                   start 0000                     ttemp 007E                     wtemp 007E  
                  ?_main 0000                    _T2CON 0012                    _TRISC 0087  
                  ltemp0 007E                    ltemp1 0082                    ltemp2 0086  
                  ltemp3 0080                    ttemp0 007E                    ttemp1 0081  
                  ttemp2 0084                    ttemp3 0087                    ttemp4 007F  
                  status 0003                    wtemp0 007E                    wtemp1 0080  
                  wtemp2 0082                    wtemp3 0084                    wtemp4 0086  
                  wtemp5 0088                    wtemp6 007F          __initialization 07FC  
           __end_of_main 07FC                   ??_main 0000                   _CCPR1L 0015  
__end_of__initialization 07FC           __pcstackCOMMON 0000               __pmaintext 07E9  
                _CCP1CON 0017     end_of_initialization 07FC      start_initialization 07FC  
              ___latbits 0002            __size_of_main 0013  
