

Microchip Technology PIC LITE Macro Assembler V1.33 build 59893 
                                                                                               Mon Mar 30 09:08:13 2026

Microchip Technology Omniscient Code Generator (Lite mode) build 59893
     1                           	processor	16F877A
     2                           	opt	pw 120
     3                           	opt	lm
     4                           	psect	text0,local,class=CODE,merge=1,delta=2
     5                           	psect	cinit,global,class=CODE,merge=1,delta=2
     6                           	psect	cstackCOMMON,global,class=COMMON,space=1,delta=1
     7                           	psect	maintext,global,class=CODE,split=1,delta=2
     8                           	psect	text1,local,class=CODE,merge=1,delta=2
     9                           	psect	intentry,global,class=CODE,delta=2
    10                           	dabs	1,0x7E,2
    11  0000                     	;# 
    12  0001                     	;# 
    13  0002                     	;# 
    14  0003                     	;# 
    15  0004                     	;# 
    16  0005                     	;# 
    17  0006                     	;# 
    18  0007                     	;# 
    19  0008                     	;# 
    20  0009                     	;# 
    21  000A                     	;# 
    22  000B                     	;# 
    23  000C                     	;# 
    24  000D                     	;# 
    25  000E                     	;# 
    26  000E                     	;# 
    27  000F                     	;# 
    28  0010                     	;# 
    29  0011                     	;# 
    30  0012                     	;# 
    31  0013                     	;# 
    32  0014                     	;# 
    33  0015                     	;# 
    34  0015                     	;# 
    35  0016                     	;# 
    36  0017                     	;# 
    37  0018                     	;# 
    38  0019                     	;# 
    39  001A                     	;# 
    40  001B                     	;# 
    41  001B                     	;# 
    42  001C                     	;# 
    43  001D                     	;# 
    44  001E                     	;# 
    45  001F                     	;# 
    46  0081                     	;# 
    47  0085                     	;# 
    48  0086                     	;# 
    49  0087                     	;# 
    50  0088                     	;# 
    51  0089                     	;# 
    52  008C                     	;# 
    53  008D                     	;# 
    54  008E                     	;# 
    55  0091                     	;# 
    56  0092                     	;# 
    57  0093                     	;# 
    58  0094                     	;# 
    59  0098                     	;# 
    60  0099                     	;# 
    61  009C                     	;# 
    62  009D                     	;# 
    63  009E                     	;# 
    64  009F                     	;# 
    65  010C                     	;# 
    66  010D                     	;# 
    67  010E                     	;# 
    68  010F                     	;# 
    69  018C                     	;# 
    70  018D                     	;# 
    71  000E                     _TMR1	set	14
    72  0017                     _CCP1CON	set	23
    73  0016                     _CCPR1H	set	22
    74  0015                     _CCPR1L	set	21
    75  0010                     _T1CON	set	16
    76  0062                     _CCP1IF	set	98
    77  005F                     _GIE	set	95
    78  005E                     _PEIE	set	94
    79  0028                     _RA0	set	40
    80  0080                     _TMR1ON	set	128
    81  009F                     _ADCON1	set	159
    82  0085                     _TRISA	set	133
    83  0462                     _CCP1IE	set	1122
    84                           
    85                           	psect	text0
    86  0000                     __ptext0:	
    87                           ; #config settings
    88                           
    89                           
    90                           	psect	cinit
    91  0015                     start_initialization:	
    92                           ;psect for function _ISR
    93                           
    94  0015                     __initialization:	
    95  0015                     end_of_initialization:	
    96                           ;End of C runtime variable initialization code
    97                           
    98  0015                     __end_of__initialization:	
    99  0015  0183               	clrf	3
   100  0016  120A  118A  2819   	ljmp	_main	;jump to C main() function
   101                           
   102                           	psect	cstackCOMMON
   103  0070                     __pcstackCOMMON:	
   104  0070                     ?_ISR:	
   105  0070                     ??_ISR:	
   106                           ; 0 bytes @ 0x0
   107                           
   108  0070                     ?_main:	
   109                           ; 0 bytes @ 0x0
   110                           
   111                           
   112                           ; 0 bytes @ 0x0
   113  0070                     	ds	4
   114  0074                     ??_main:	
   115                           
   116                           	psect	maintext
   117  0019                     __pmaintext:	
   118                           ; 0 bytes @ 0x4
   119 ;;
   120 ;;Main: autosize = 0, tempsize = 0, incstack = 0, save=0
   121 ;;
   122 ;; *************** function _main *****************
   123 ;; Defined at:
   124 ;;		line 13 in file "Z:\CPE3201 - Bordario\PracticalActivities\PA4\Bordario_PA4-4.c"
   125 ;; Parameters:    Size  Location     Type
   126 ;;		None
   127 ;; Auto vars:     Size  Location     Type
   128 ;;		None
   129 ;; Return value:  Size  Location     Type
   130 ;;		None               void
   131 ;; Registers used:
   132 ;;		wreg, status,2
   133 ;; Tracked objects:
   134 ;;		On entry : 17F/0
   135 ;;		On exit  : 0/0
   136 ;;		Unchanged: 0/0
   137 ;; Data sizes:     COMMON   BANK0   BANK1   BANK3   BANK2
   138 ;;      Params:         0       0       0       0       0
   139 ;;      Locals:         0       0       0       0       0
   140 ;;      Temps:          0       0       0       0       0
   141 ;;      Totals:         0       0       0       0       0
   142 ;;Total ram usage:        0 bytes
   143 ;; Hardware stack levels required when called:    1
   144 ;; This function calls:
   145 ;;		Nothing
   146 ;; This function is called by:
   147 ;;		Startup code after reset
   148 ;; This function uses a non-reentrant model
   149 ;;
   150                           
   151                           
   152                           ;psect for function _main
   153  0019                     _main:	
   154                           
   155                           ;Bordario_PA4-4.c: 14: ADCON1 = 0x06;
   156                           
   157                           ;incstack = 0
   158                           ; Regs used in _main: [wreg+status,2]
   159  0019  3006               	movlw	6
   160  001A  1683               	bsf	3,5	;RP0=1, select bank1
   161  001B  1303               	bcf	3,6	;RP1=0, select bank1
   162  001C  009F               	movwf	31	;volatile
   163                           
   164                           ;Bordario_PA4-4.c: 15: TRISA = 0x00;
   165  001D  0185               	clrf	5	;volatile
   166                           
   167                           ;Bordario_PA4-4.c: 16: RA0 = 0;
   168  001E  1283               	bcf	3,5	;RP0=0, select bank0
   169  001F  1303               	bcf	3,6	;RP1=0, select bank0
   170  0020  1005               	bcf	5,0	;volatile
   171                           
   172                           ;Bordario_PA4-4.c: 18: T1CON = 0x20;
   173  0021  3020               	movlw	32
   174  0022  0090               	movwf	16	;volatile
   175                           
   176                           ;Bordario_PA4-4.c: 19: CCP1CON = 0x0A;
   177  0023  300A               	movlw	10
   178  0024  0097               	movwf	23	;volatile
   179                           
   180                           ;Bordario_PA4-4.c: 21: CCP1IE = 1;
   181  0025  1683               	bsf	3,5	;RP0=1, select bank1
   182  0026  1303               	bcf	3,6	;RP1=0, select bank1
   183  0027  150C               	bsf	12,2	;volatile
   184                           
   185                           ;Bordario_PA4-4.c: 22: CCP1IF = 0;
   186  0028  1283               	bcf	3,5	;RP0=0, select bank0
   187  0029  1303               	bcf	3,6	;RP1=0, select bank0
   188  002A  110C               	bcf	12,2	;volatile
   189                           
   190                           ;Bordario_PA4-4.c: 24: CCPR1H = 0x04;
   191  002B  3004               	movlw	4
   192  002C  0096               	movwf	22	;volatile
   193                           
   194                           ;Bordario_PA4-4.c: 25: CCPR1L = 0xE2;
   195  002D  30E2               	movlw	226
   196  002E  0095               	movwf	21	;volatile
   197                           
   198                           ;Bordario_PA4-4.c: 27: PEIE = 1;
   199  002F  170B               	bsf	11,6	;volatile
   200                           
   201                           ;Bordario_PA4-4.c: 28: GIE = 1;
   202  0030  178B               	bsf	11,7	;volatile
   203                           
   204                           ;Bordario_PA4-4.c: 30: TMR1ON = 1;
   205  0031  1410               	bsf	16,0	;volatile
   206  0032                     l33:	
   207                           ;Bordario_PA4-4.c: 32: for(;;) {
   208                           
   209                           
   210                           ;Bordario_PA4-4.c: 33: }
   211  0032  2832               	goto	l33
   212  0033                     __end_of_main:	
   213                           
   214                           	psect	text1
   215  0033                     __ptext1:	
   216 ;; *************** function _ISR *****************
   217 ;; Defined at:
   218 ;;		line 3 in file "Z:\CPE3201 - Bordario\PracticalActivities\PA4\Bordario_PA4-4.c"
   219 ;; Parameters:    Size  Location     Type
   220 ;;		None
   221 ;; Auto vars:     Size  Location     Type
   222 ;;		None
   223 ;; Return value:  Size  Location     Type
   224 ;;		None               void
   225 ;; Registers used:
   226 ;;		wreg, status,2
   227 ;; Tracked objects:
   228 ;;		On entry : 0/0
   229 ;;		On exit  : 0/0
   230 ;;		Unchanged: 0/0
   231 ;; Data sizes:     COMMON   BANK0   BANK1   BANK3   BANK2
   232 ;;      Params:         0       0       0       0       0
   233 ;;      Locals:         0       0       0       0       0
   234 ;;      Temps:          4       0       0       0       0
   235 ;;      Totals:         4       0       0       0       0
   236 ;;Total ram usage:        4 bytes
   237 ;; Hardware stack levels used:    1
   238 ;; This function calls:
   239 ;;		Nothing
   240 ;; This function is called by:
   241 ;;		Interrupt level 1
   242 ;; This function uses a non-reentrant model
   243 ;;
   244                           
   245                           
   246                           ;psect for function _ISR
   247  0033                     _ISR:	
   248                           
   249                           ;Bordario_PA4-4.c: 4: GIE = 0;
   250  0033  138B               	bcf	11,7	;volatile
   251                           
   252                           ;Bordario_PA4-4.c: 5: if (CCP1IF == 1) {
   253  0034  1D0C               	btfss	12,2	;volatile
   254  0035  283B               	goto	i1l500
   255                           
   256                           ;Bordario_PA4-4.c: 6: CCP1IF = 0;
   257  0036  110C               	bcf	12,2	;volatile
   258                           
   259                           ;Bordario_PA4-4.c: 7: TMR1 = 0;
   260  0037  018E               	clrf	14	;volatile
   261  0038  018F               	clrf	15	;volatile
   262                           
   263                           ;Bordario_PA4-4.c: 8: RA0 = RA0 ^ 1;
   264  0039  3001               	movlw	1
   265  003A  0685               	xorwf	5,f
   266  003B                     i1l500:	
   267                           
   268                           ;Bordario_PA4-4.c: 9: }
   269                           ;Bordario_PA4-4.c: 10: GIE = 1;
   270  003B  178B               	bsf	11,7	;volatile
   271  003C  0873               	movf	??_ISR+3,w
   272  003D  00FF               	movwf	127
   273  003E  0872               	movf	??_ISR+2,w
   274  003F  008A               	movwf	10
   275  0040  0871               	movf	??_ISR+1,w
   276  0041  0084               	movwf	4
   277  0042  0E70               	swapf	??_ISR^(0+-128),w
   278  0043  0083               	movwf	3
   279  0044  0EFE               	swapf	126,f
   280  0045  0E7E               	swapf	126,w
   281  0046  0009               	retfie
   282  0047                     __end_of_ISR:	
   283  007E                     btemp	set	126	;btemp
   284  007E                     wtemp	set	126
   285  007E                     wtemp0	set	126
   286  0080                     wtemp1	set	128
   287  0082                     wtemp2	set	130
   288  0084                     wtemp3	set	132
   289  0086                     wtemp4	set	134
   290  0088                     wtemp5	set	136
   291  007F                     wtemp6	set	127
   292  007E                     ttemp	set	126
   293  007E                     ttemp0	set	126
   294  0081                     ttemp1	set	129
   295  0084                     ttemp2	set	132
   296  0087                     ttemp3	set	135
   297  007F                     ttemp4	set	127
   298  007E                     ltemp	set	126
   299  007E                     ltemp0	set	126
   300  0082                     ltemp1	set	130
   301  0086                     ltemp2	set	134
   302  0080                     ltemp3	set	128
   303                           
   304                           	psect	intentry
   305  0004                     __pintentry:	
   306                           ;incstack = 0
   307                           ; Regs used in _ISR: [wreg+status,2]
   308                           
   309  0004                     interrupt_function:	
   310  007E                     saved_w	set	btemp
   311  0004  00FE               	movwf	btemp
   312  0005  0E03               	swapf	3,w
   313  0006  00F0               	movwf	??_ISR
   314  0007  0804               	movf	4,w
   315  0008  00F1               	movwf	??_ISR+1
   316  0009  080A               	movf	10,w
   317  000A  00F2               	movwf	??_ISR+2
   318  000B  1283               	bcf	3,5	;RP0=0, select bank0
   319  000C  1303               	bcf	3,6	;RP1=0, select bank0
   320  000D  087F               	movf	btemp+1,w
   321  000E  00F3               	movwf	??_ISR+3
   322  000F  120A  118A  2833   	ljmp	_ISR


Data Sizes:
    Strings     0
    Constant    0
    Data        0
    BSS         0
    Persistent  0
    Stack       0

Auto Spaces:
    Space          Size  Autos    Used
    COMMON           14      4       4
    BANK0            80      0       0
    BANK1            80      0       0
    BANK3            96      0       0
    BANK2            96      0       0

Pointer List with Targets:

    None.

Critical Paths under _main in COMMON

    None.

Critical Paths under _ISR in COMMON

    None.

Critical Paths under _main in BANK0

    None.

Critical Paths under _ISR in BANK0

    None.

Critical Paths under _main in BANK1

    None.

Critical Paths under _ISR in BANK1

    None.

Critical Paths under _main in BANK3

    None.

Critical Paths under _ISR in BANK3

    None.

Critical Paths under _main in BANK2

    None.

Critical Paths under _ISR in BANK2

    None.

Call Graph Tables:

 ---------------------------------------------------------------------------------
 (Depth) Function   	        Calls       Base Space   Used Autos Params    Refs
 ---------------------------------------------------------------------------------
 (0) _main                                                 0     0      0       0
 ---------------------------------------------------------------------------------
 Estimated maximum stack depth 0
 ---------------------------------------------------------------------------------
 (Depth) Function   	        Calls       Base Space   Used Autos Params    Refs
 ---------------------------------------------------------------------------------
 (1) _ISR                                                  4     4      0       0
                                              0 COMMON     4     4      0
 ---------------------------------------------------------------------------------
 Estimated maximum stack depth 1
 ---------------------------------------------------------------------------------

 Call Graph Graphs:

 _main (ROOT)

 _ISR (ROOT)

 Address spaces:
Name               Size   Autos  Total    Cost      Usage
BITCOMMON            E      0       0       0        0.0%
EEDATA             100      0       0       0        0.0%
NULL                 0      0       0       0        0.0%
CODE                 0      0       0       0        0.0%
COMMON               E      4       4       1       28.6%
BITSFR0              0      0       0       1        0.0%
SFR0                 0      0       0       1        0.0%
BITSFR1              0      0       0       2        0.0%
SFR1                 0      0       0       2        0.0%
STACK                0      0       0       2        0.0%
ABS                  0      0       0       3        0.0%
BITBANK0            50      0       0       4        0.0%
BITSFR3              0      0       0       4        0.0%
SFR3                 0      0       0       4        0.0%
BANK0               50      0       0       5        0.0%
BITSFR2              0      0       0       5        0.0%
SFR2                 0      0       0       5        0.0%
BITBANK1            50      0       0       6        0.0%
BANK1               50      0       0       7        0.0%
BITBANK3            60      0       0       8        0.0%
BANK3               60      0       0       9        0.0%
BITBANK2            60      0       0      10        0.0%
BANK2               60      0       0      11        0.0%
DATA                 0      0       0      12        0.0%


Microchip Technology PIC Macro Assembler V1.33 build 59893 
Symbol Table                                                                                   Mon Mar 30 09:08:13 2026

                     l33 0032                      _GIE 005F                      _RA0 0028  
                    _ISR 0033                      fsr0 0004                     ?_ISR 0070  
                   _PEIE 005E                     _TMR1 000E                     _main 0019  
                   btemp 007E                     ltemp 007E                     start 0012  
                   ttemp 007E                     wtemp 007E                    ??_ISR 0070  
                  ?_main 0070                    _T1CON 0010                    i1l500 003B  
                  _TRISA 0085                    pclath 000A                    ltemp0 007E  
                  ltemp1 0082                    ltemp2 0086                    ltemp3 0080  
                  ttemp0 007E                    ttemp1 0081                    ttemp2 0084  
                  ttemp3 0087                    ttemp4 007F                    status 0003  
                  wtemp0 007E                    wtemp1 0080                    wtemp2 0082  
                  wtemp3 0084                    wtemp4 0086                    wtemp5 0088  
                  wtemp6 007F          __initialization 0015             __end_of_main 0033  
                 ??_main 0074                   _ADCON1 009F                   _CCP1IE 0462  
                 _CCP1IF 0062                   _CCPR1H 0016                   _CCPR1L 0015  
                 _TMR1ON 0080                   saved_w 007E  __end_of__initialization 0015  
         __pcstackCOMMON 0070               __pmaintext 0019               __pintentry 0004  
                _CCP1CON 0017                  __ptext0 0000                  __ptext1 0033  
           __size_of_ISR 0014     end_of_initialization 0015      start_initialization 0015  
            __end_of_ISR 0047                ___latbits 0002        interrupt_function 0004  
          __size_of_main 001A                 intlevel1 0000  
