

Microchip Technology PIC LITE Macro Assembler V1.33 build 59893 
                                                                                               Mon Mar 30 09:01:13 2026

Microchip Technology Omniscient Code Generator (Lite mode) build 59893
     1                           	processor	16F877A
     2                           	opt	pw 120
     3                           	opt	lm
     4                           	psect	text0,local,class=CODE,merge=1,delta=2
     5                           	psect	cinit,global,class=CODE,merge=1,delta=2
     6                           	psect	bssCOMMON,global,class=COMMON,space=1,delta=1
     7                           	psect	cstackCOMMON,global,class=COMMON,space=1,delta=1
     8                           	psect	cstackBANK0,global,class=BANK0,space=1,delta=1
     9                           	psect	maintext,global,class=CODE,split=1,delta=2
    10                           	psect	text1,local,class=CODE,merge=1,delta=2
    11                           	psect	intentry,global,class=CODE,delta=2
    12                           	psect	text2,local,class=CODE,merge=1,delta=2
    13                           	dabs	1,0x7E,2
    14  0000                     	;# 
    15  0001                     	;# 
    16  0002                     	;# 
    17  0003                     	;# 
    18  0004                     	;# 
    19  0005                     	;# 
    20  0006                     	;# 
    21  0007                     	;# 
    22  0008                     	;# 
    23  0009                     	;# 
    24  000A                     	;# 
    25  000B                     	;# 
    26  000C                     	;# 
    27  000D                     	;# 
    28  000E                     	;# 
    29  000E                     	;# 
    30  000F                     	;# 
    31  0010                     	;# 
    32  0011                     	;# 
    33  0012                     	;# 
    34  0013                     	;# 
    35  0014                     	;# 
    36  0015                     	;# 
    37  0015                     	;# 
    38  0016                     	;# 
    39  0017                     	;# 
    40  0018                     	;# 
    41  0019                     	;# 
    42  001A                     	;# 
    43  001B                     	;# 
    44  001B                     	;# 
    45  001C                     	;# 
    46  001D                     	;# 
    47  001E                     	;# 
    48  001F                     	;# 
    49  0081                     	;# 
    50  0085                     	;# 
    51  0086                     	;# 
    52  0087                     	;# 
    53  0088                     	;# 
    54  0089                     	;# 
    55  008C                     	;# 
    56  008D                     	;# 
    57  008E                     	;# 
    58  0091                     	;# 
    59  0092                     	;# 
    60  0093                     	;# 
    61  0094                     	;# 
    62  0098                     	;# 
    63  0099                     	;# 
    64  009C                     	;# 
    65  009D                     	;# 
    66  009E                     	;# 
    67  009F                     	;# 
    68  010C                     	;# 
    69  010D                     	;# 
    70  010E                     	;# 
    71  010F                     	;# 
    72  018C                     	;# 
    73  018D                     	;# 
    74  000E                     _TMR1	set	14
    75  0017                     _CCP1CON	set	23
    76  0016                     _CCPR1H	set	22
    77  0015                     _CCPR1L	set	21
    78  0010                     _T1CON	set	16
    79  0062                     _CCP1IF	set	98
    80  005F                     _GIE	set	95
    81  005E                     _PEIE	set	94
    82  0028                     _RA0	set	40
    83  0080                     _TMR1ON	set	128
    84  009F                     _ADCON1	set	159
    85  0085                     _TRISA	set	133
    86  0087                     _TRISC	set	135
    87  0462                     _CCP1IE	set	1122
    88                           
    89                           	psect	text0
    90  0000                     __ptext0:	
    91                           ; #config settings
    92                           
    93                           
    94                           	psect	cinit
    95  0015                     start_initialization:	
    96                           ;psect for function ___awdiv
    97                           
    98  0015                     __initialization:	
    99                           
   100                           ; Clear objects allocated to COMMON
   101  0015  01F9               	clrf	__pbssCOMMON& (0+127)
   102  0016  01FA               	clrf	(__pbssCOMMON+1)& (0+127)
   103  0017                     end_of_initialization:	
   104                           ;End of C runtime variable initialization code
   105                           
   106  0017                     __end_of__initialization:	
   107  0017  0183               	clrf	3
   108  0018  120A  118A  28B8   	ljmp	_main	;jump to C main() function
   109                           
   110                           	psect	bssCOMMON
   111  0079                     __pbssCOMMON:	
   112  0079                     _period:	
   113  0079                     	ds	2
   114                           
   115                           	psect	cstackCOMMON
   116  0070                     __pcstackCOMMON:	
   117  0070                     ?_ISR:	
   118  0070                     ?_main:	
   119                           ; 0 bytes @ 0x0
   120                           
   121  0070                     ?___awdiv:	
   122                           ; 0 bytes @ 0x0
   123                           
   124  0070                     ___awdiv@divisor:	
   125                           ; 2 bytes @ 0x0
   126                           
   127                           
   128                           ; 2 bytes @ 0x0
   129  0070                     	ds	2
   130  0072                     ___awdiv@dividend:	
   131                           
   132                           ; 2 bytes @ 0x2
   133  0072                     	ds	2
   134  0074                     ??___awdiv:	
   135                           
   136                           ; 0 bytes @ 0x4
   137  0074                     	ds	1
   138  0075                     ___awdiv@counter:	
   139                           
   140                           ; 1 bytes @ 0x5
   141  0075                     	ds	1
   142  0076                     ___awdiv@sign:	
   143                           
   144                           ; 1 bytes @ 0x6
   145  0076                     	ds	1
   146  0077                     ___awdiv@quotient:	
   147                           
   148                           ; 2 bytes @ 0x7
   149  0077                     	ds	2
   150                           
   151                           	psect	cstackBANK0
   152  0020                     __pcstackBANK0:	
   153  0020                     ??_ISR:	
   154                           
   155                           ; 0 bytes @ 0x0
   156  0020                     	ds	6
   157  0026                     ??_main:	
   158                           
   159                           	psect	maintext
   160  00B8                     __pmaintext:	
   161                           ; 0 bytes @ 0x6
   162 ;;
   163 ;;Main: autosize = 0, tempsize = 0, incstack = 0, save=0
   164 ;;
   165 ;; *************** function _main *****************
   166 ;; Defined at:
   167 ;;		line 21 in file "Z:\CPE3201 - Bordario\PracticalActivities\PA4\Bordario_PA4-3.c"
   168 ;; Parameters:    Size  Location     Type
   169 ;;		None
   170 ;; Auto vars:     Size  Location     Type
   171 ;;		None
   172 ;; Return value:  Size  Location     Type
   173 ;;		None               void
   174 ;; Registers used:
   175 ;;		wreg, status,2
   176 ;; Tracked objects:
   177 ;;		On entry : 17F/0
   178 ;;		On exit  : 0/0
   179 ;;		Unchanged: 0/0
   180 ;; Data sizes:     COMMON   BANK0   BANK1   BANK3   BANK2
   181 ;;      Params:         0       0       0       0       0
   182 ;;      Locals:         0       0       0       0       0
   183 ;;      Temps:          0       0       0       0       0
   184 ;;      Totals:         0       0       0       0       0
   185 ;;Total ram usage:        0 bytes
   186 ;; Hardware stack levels required when called:    2
   187 ;; This function calls:
   188 ;;		Nothing
   189 ;; This function is called by:
   190 ;;		Startup code after reset
   191 ;; This function uses a non-reentrant model
   192 ;;
   193                           
   194                           
   195                           ;psect for function _main
   196  00B8                     _main:	
   197                           
   198                           ;Bordario_PA4-3.c: 22: ADCON1 = 0x0F;
   199                           
   200                           ;incstack = 0
   201                           ; Regs used in _main: [wreg+status,2]
   202  00B8  300F               	movlw	15
   203  00B9  1683               	bsf	3,5	;RP0=1, select bank1
   204  00BA  1303               	bcf	3,6	;RP1=0, select bank1
   205  00BB  009F               	movwf	31	;volatile
   206                           
   207                           ;Bordario_PA4-3.c: 23: TRISA = 0x00;
   208  00BC  0185               	clrf	5	;volatile
   209                           
   210                           ;Bordario_PA4-3.c: 24: RA0 = 0;
   211  00BD  1283               	bcf	3,5	;RP0=0, select bank0
   212  00BE  1303               	bcf	3,6	;RP1=0, select bank0
   213  00BF  1005               	bcf	5,0	;volatile
   214                           
   215                           ;Bordario_PA4-3.c: 25: TRISC = 0x04;
   216  00C0  3004               	movlw	4
   217  00C1  1683               	bsf	3,5	;RP0=1, select bank1
   218  00C2  1303               	bcf	3,6	;RP1=0, select bank1
   219  00C3  0087               	movwf	7	;volatile
   220                           
   221                           ;Bordario_PA4-3.c: 26: T1CON = 0x30;
   222  00C4  3030               	movlw	48
   223  00C5  1283               	bcf	3,5	;RP0=0, select bank0
   224  00C6  1303               	bcf	3,6	;RP1=0, select bank0
   225  00C7  0090               	movwf	16	;volatile
   226                           
   227                           ;Bordario_PA4-3.c: 27: CCP1CON = 0x05;
   228  00C8  3005               	movlw	5
   229  00C9  0097               	movwf	23	;volatile
   230                           
   231                           ;Bordario_PA4-3.c: 29: CCP1IE = 1;
   232  00CA  1683               	bsf	3,5	;RP0=1, select bank1
   233  00CB  1303               	bcf	3,6	;RP1=0, select bank1
   234  00CC  150C               	bsf	12,2	;volatile
   235                           
   236                           ;Bordario_PA4-3.c: 30: CCP1IF = 0;
   237  00CD  1283               	bcf	3,5	;RP0=0, select bank0
   238  00CE  1303               	bcf	3,6	;RP1=0, select bank0
   239  00CF  110C               	bcf	12,2	;volatile
   240                           
   241                           ;Bordario_PA4-3.c: 31: PEIE = 1;
   242  00D0  170B               	bsf	11,6	;volatile
   243                           
   244                           ;Bordario_PA4-3.c: 32: GIE = 1;
   245  00D1  178B               	bsf	11,7	;volatile
   246                           
   247                           ;Bordario_PA4-3.c: 34: TMR1ON = 1;
   248  00D2  1410               	bsf	16,0	;volatile
   249  00D3                     l37:	
   250                           ;Bordario_PA4-3.c: 36: for(;;) {
   251                           
   252                           
   253                           ;Bordario_PA4-3.c: 38: }
   254  00D3  28D3               	goto	l37
   255  00D4                     __end_of_main:	
   256                           
   257                           	psect	text1
   258  0076                     __ptext1:	
   259 ;; *************** function _ISR *****************
   260 ;; Defined at:
   261 ;;		line 5 in file "Z:\CPE3201 - Bordario\PracticalActivities\PA4\Bordario_PA4-3.c"
   262 ;; Parameters:    Size  Location     Type
   263 ;;		None
   264 ;; Auto vars:     Size  Location     Type
   265 ;;		None
   266 ;; Return value:  Size  Location     Type
   267 ;;		None               void
   268 ;; Registers used:
   269 ;;		wreg, status,2, status,0, pclath, cstack
   270 ;; Tracked objects:
   271 ;;		On entry : 0/0
   272 ;;		On exit  : 0/0
   273 ;;		Unchanged: 0/0
   274 ;; Data sizes:     COMMON   BANK0   BANK1   BANK3   BANK2
   275 ;;      Params:         0       0       0       0       0
   276 ;;      Locals:         0       0       0       0       0
   277 ;;      Temps:          0       6       0       0       0
   278 ;;      Totals:         0       6       0       0       0
   279 ;;Total ram usage:        6 bytes
   280 ;; Hardware stack levels used:    1
   281 ;; Hardware stack levels required when called:    1
   282 ;; This function calls:
   283 ;;		___awdiv
   284 ;; This function is called by:
   285 ;;		Interrupt level 1
   286 ;; This function uses a non-reentrant model
   287 ;;
   288                           
   289                           
   290                           ;psect for function _ISR
   291  0076                     _ISR:	
   292                           
   293                           ;Bordario_PA4-3.c: 6: GIE = 0;
   294  0076  138B               	bcf	11,7	;volatile
   295                           
   296                           ;Bordario_PA4-3.c: 7: if (CCP1IF == 1) {
   297  0077  1D0C               	btfss	12,2	;volatile
   298  0078  28AC               	goto	i1l592
   299                           
   300                           ;Bordario_PA4-3.c: 8: CCP1IF = 0;
   301  0079  110C               	bcf	12,2	;volatile
   302                           
   303                           ;Bordario_PA4-3.c: 11: period = (CCPR1H << 8) | CCPR1L;
   304  007A  0816               	movf	22,w	;volatile
   305  007B  01FA               	clrf	_period+1
   306  007C  07FA               	addwf	_period+1,f
   307  007D  0815               	movf	21,w	;volatile
   308  007E  01F9               	clrf	_period
   309  007F  07F9               	addwf	_period,f
   310                           
   311                           ;Bordario_PA4-3.c: 13: TMR1 = 0;
   312  0080  018E               	clrf	14	;volatile
   313  0081  018F               	clrf	15	;volatile
   314                           
   315                           ;Bordario_PA4-3.c: 14: period = period / 1000;
   316  0082  30E8               	movlw	232
   317  0083  00F0               	movwf	___awdiv@divisor
   318  0084  3003               	movlw	3
   319  0085  00F1               	movwf	___awdiv@divisor+1
   320  0086  087A               	movf	_period+1,w
   321  0087  01F3               	clrf	___awdiv@dividend+1
   322  0088  07F3               	addwf	___awdiv@dividend+1,f
   323  0089  0879               	movf	_period,w
   324  008A  01F2               	clrf	___awdiv@dividend
   325  008B  07F2               	addwf	___awdiv@dividend,f
   326  008C  120A  118A  201B  120A  118A  	fcall	___awdiv
   327  0091  0871               	movf	?___awdiv+1,w
   328  0092  01FA               	clrf	_period+1
   329  0093  07FA               	addwf	_period+1,f
   330  0094  0870               	movf	?___awdiv,w
   331  0095  01F9               	clrf	_period
   332  0096  07F9               	addwf	_period,f
   333                           
   334                           ;Bordario_PA4-3.c: 15: period = period * 8;
   335  0097  087A               	movf	_period+1,w
   336  0098  1283               	bcf	3,5	;RP0=0, select bank0
   337  0099  1303               	bcf	3,6	;RP1=0, select bank0
   338  009A  00A1               	movwf	??_ISR+1
   339  009B  0879               	movf	_period,w
   340  009C  00A0               	movwf	??_ISR
   341  009D  1003               	clrc
   342  009E  0DA0               	rlf	??_ISR,f
   343  009F  0DA1               	rlf	??_ISR+1,f
   344  00A0  1003               	clrc
   345  00A1  0DA0               	rlf	??_ISR,f
   346  00A2  0DA1               	rlf	??_ISR+1,f
   347  00A3  1003               	clrc
   348  00A4  0DA0               	rlf	??_ISR,f
   349  00A5  0DA1               	rlf	??_ISR+1,f
   350  00A6  0820               	movf	??_ISR,w
   351  00A7  00F9               	movwf	_period
   352  00A8  0821               	movf	??_ISR+1,w
   353  00A9  00FA               	movwf	_period+1
   354                           
   355                           ;Bordario_PA4-3.c: 16: RA0 = RA0 ^ 1;
   356  00AA  3001               	movlw	1
   357  00AB  0685               	xorwf	5,f
   358  00AC                     i1l592:	
   359                           
   360                           ;Bordario_PA4-3.c: 17: }
   361                           ;Bordario_PA4-3.c: 18: GIE = 1;
   362  00AC  178B               	bsf	11,7	;volatile
   363  00AD  0825               	movf	??_ISR+5,w
   364  00AE  00FF               	movwf	127
   365  00AF  0824               	movf	??_ISR+4,w
   366  00B0  008A               	movwf	10
   367  00B1  0823               	movf	??_ISR+3,w
   368  00B2  0084               	movwf	4
   369  00B3  0E22               	swapf	(??_ISR+2)^0,w
   370  00B4  0083               	movwf	3
   371  00B5  0EFE               	swapf	126,f
   372  00B6  0E7E               	swapf	126,w
   373  00B7  0009               	retfie
   374  00B8                     __end_of_ISR:	
   375                           
   376                           	psect	intentry
   377  0004                     __pintentry:	
   378                           ;incstack = 0
   379                           ; Regs used in _ISR: [wreg+status,2+status,0+pclath+cstack]
   380                           
   381  0004                     interrupt_function:	
   382  007E                     saved_w	set	btemp
   383  0004  00FE               	movwf	btemp
   384  0005  0E03               	swapf	3,w
   385  0006  1283               	bcf	3,5	;RP0=0, select bank0
   386  0007  1303               	bcf	3,6	;RP1=0, select bank0
   387  0008  00A2               	movwf	??_ISR+2
   388  0009  0804               	movf	4,w
   389  000A  00A3               	movwf	??_ISR+3
   390  000B  080A               	movf	10,w
   391  000C  00A4               	movwf	??_ISR+4
   392  000D  087F               	movf	btemp+1,w
   393  000E  00A5               	movwf	??_ISR+5
   394  000F  120A  118A  2876   	ljmp	_ISR
   395                           
   396                           	psect	text2
   397  001B                     __ptext2:	
   398 ;; *************** function ___awdiv *****************
   399 ;; Defined at:
   400 ;;		line 6 in file "C:\Program Files (x86)\Microchip\xc8\v1.33\sources\common\awdiv.c"
   401 ;; Parameters:    Size  Location     Type
   402 ;;  divisor         2    0[COMMON] int 
   403 ;;  dividend        2    2[COMMON] int 
   404 ;; Auto vars:     Size  Location     Type
   405 ;;  quotient        2    7[COMMON] int 
   406 ;;  sign            1    6[COMMON] unsigned char 
   407 ;;  counter         1    5[COMMON] unsigned char 
   408 ;; Return value:  Size  Location     Type
   409 ;;                  2    0[COMMON] int 
   410 ;; Registers used:
   411 ;;		wreg, status,2, status,0
   412 ;; Tracked objects:
   413 ;;		On entry : 0/0
   414 ;;		On exit  : 0/0
   415 ;;		Unchanged: 0/0
   416 ;; Data sizes:     COMMON   BANK0   BANK1   BANK3   BANK2
   417 ;;      Params:         4       0       0       0       0
   418 ;;      Locals:         4       0       0       0       0
   419 ;;      Temps:          1       0       0       0       0
   420 ;;      Totals:         9       0       0       0       0
   421 ;;Total ram usage:        9 bytes
   422 ;; Hardware stack levels used:    1
   423 ;; This function calls:
   424 ;;		Nothing
   425 ;; This function is called by:
   426 ;;		_ISR
   427 ;; This function uses a non-reentrant model
   428 ;;
   429                           
   430                           
   431                           ;psect for function ___awdiv
   432  001B                     ___awdiv:	
   433                           
   434                           ;incstack = 0
   435                           ; Regs used in ___awdiv: [wreg+status,2+status,0]
   436  001B  01F6               	clrf	___awdiv@sign
   437  001C  1FF1               	btfss	___awdiv@divisor+1,7
   438  001D  2825               	goto	i1l504
   439  001E  09F0               	comf	___awdiv@divisor,f
   440  001F  09F1               	comf	___awdiv@divisor+1,f
   441  0020  0AF0               	incf	___awdiv@divisor,f
   442  0021  1903               	skipnz
   443  0022  0AF1               	incf	___awdiv@divisor+1,f
   444  0023  01F6               	clrf	___awdiv@sign
   445  0024  0AF6               	incf	___awdiv@sign,f
   446  0025                     i1l504:	
   447  0025  1FF3               	btfss	___awdiv@dividend+1,7
   448  0026  2830               	goto	i1l510
   449  0027  09F2               	comf	___awdiv@dividend,f
   450  0028  09F3               	comf	___awdiv@dividend+1,f
   451  0029  0AF2               	incf	___awdiv@dividend,f
   452  002A  1903               	skipnz
   453  002B  0AF3               	incf	___awdiv@dividend+1,f
   454  002C  3001               	movlw	1
   455  002D  00F4               	movwf	??___awdiv
   456  002E  0874               	movf	??___awdiv,w
   457  002F  06F6               	xorwf	___awdiv@sign,f
   458  0030                     i1l510:	
   459  0030  01F7               	clrf	___awdiv@quotient
   460  0031  01F8               	clrf	___awdiv@quotient+1
   461  0032  0871               	movf	___awdiv@divisor+1,w
   462  0033  0470               	iorwf	___awdiv@divisor,w
   463  0034  1903               	skipnz
   464  0035  2867               	goto	i1l532
   465  0036  01F5               	clrf	___awdiv@counter
   466  0037  0AF5               	incf	___awdiv@counter,f
   467  0038                     i1l520:	
   468  0038  1BF1               	btfsc	___awdiv@divisor+1,7
   469  0039  2846               	goto	i1l522
   470  003A  3001               	movlw	1
   471  003B                     u4_25:	
   472  003B  1003               	clrc
   473  003C  0DF0               	rlf	___awdiv@divisor,f
   474  003D  0DF1               	rlf	___awdiv@divisor+1,f
   475  003E  3EFF               	addlw	-1
   476  003F  1D03               	skipz
   477  0040  283B               	goto	u4_25
   478  0041  3001               	movlw	1
   479  0042  00F4               	movwf	??___awdiv
   480  0043  0874               	movf	??___awdiv,w
   481  0044  07F5               	addwf	___awdiv@counter,f
   482  0045  2838               	goto	i1l520
   483  0046                     i1l522:	
   484  0046  3001               	movlw	1
   485  0047                     u6_25:	
   486  0047  1003               	clrc
   487  0048  0DF7               	rlf	___awdiv@quotient,f
   488  0049  0DF8               	rlf	___awdiv@quotient+1,f
   489  004A  3EFF               	addlw	-1
   490  004B  1D03               	skipz
   491  004C  2847               	goto	u6_25
   492  004D  0871               	movf	___awdiv@divisor+1,w
   493  004E  0273               	subwf	___awdiv@dividend+1,w
   494  004F  1D03               	skipz
   495  0050  2853               	goto	u7_25
   496  0051  0870               	movf	___awdiv@divisor,w
   497  0052  0272               	subwf	___awdiv@dividend,w
   498  0053                     u7_25:	
   499  0053  1C03               	skipc
   500  0054  285C               	goto	i1l528
   501  0055  0870               	movf	___awdiv@divisor,w
   502  0056  02F2               	subwf	___awdiv@dividend,f
   503  0057  0871               	movf	___awdiv@divisor+1,w
   504  0058  1C03               	skipc
   505  0059  03F3               	decf	___awdiv@dividend+1,f
   506  005A  02F3               	subwf	___awdiv@dividend+1,f
   507  005B  1477               	bsf	___awdiv@quotient,0
   508  005C                     i1l528:	
   509  005C  3001               	movlw	1
   510  005D                     u8_25:	
   511  005D  1003               	clrc
   512  005E  0CF1               	rrf	___awdiv@divisor+1,f
   513  005F  0CF0               	rrf	___awdiv@divisor,f
   514  0060  3EFF               	addlw	-1
   515  0061  1D03               	skipz
   516  0062  285D               	goto	u8_25
   517  0063  3001               	movlw	1
   518  0064  02F5               	subwf	___awdiv@counter,f
   519  0065  1D03               	btfss	3,2
   520  0066  2846               	goto	i1l522
   521  0067                     i1l532:	
   522  0067  0876               	movf	___awdiv@sign,w
   523  0068  1903               	btfsc	3,2
   524  0069  286F               	goto	i1l536
   525  006A  09F7               	comf	___awdiv@quotient,f
   526  006B  09F8               	comf	___awdiv@quotient+1,f
   527  006C  0AF7               	incf	___awdiv@quotient,f
   528  006D  1903               	skipnz
   529  006E  0AF8               	incf	___awdiv@quotient+1,f
   530  006F                     i1l536:	
   531  006F  0878               	movf	___awdiv@quotient+1,w
   532  0070  01F1               	clrf	?___awdiv+1
   533  0071  07F1               	addwf	?___awdiv+1,f
   534  0072  0877               	movf	___awdiv@quotient,w
   535  0073  01F0               	clrf	?___awdiv
   536  0074  07F0               	addwf	?___awdiv,f
   537  0075  0008               	return
   538  0076                     __end_of___awdiv:	
   539  007E                     btemp	set	126	;btemp
   540  007E                     wtemp	set	126
   541  007E                     wtemp0	set	126
   542  0080                     wtemp1	set	128
   543  0082                     wtemp2	set	130
   544  0084                     wtemp3	set	132
   545  0086                     wtemp4	set	134
   546  0088                     wtemp5	set	136
   547  007F                     wtemp6	set	127
   548  007E                     ttemp	set	126
   549  007E                     ttemp0	set	126
   550  0081                     ttemp1	set	129
   551  0084                     ttemp2	set	132
   552  0087                     ttemp3	set	135
   553  007F                     ttemp4	set	127
   554  007E                     ltemp	set	126
   555  007E                     ltemp0	set	126
   556  0082                     ltemp1	set	130
   557  0086                     ltemp2	set	134
   558  0080                     ltemp3	set	128


Data Sizes:
    Strings     0
    Constant    0
    Data        0
    BSS         2
    Persistent  0
    Stack       0

Auto Spaces:
    Space          Size  Autos    Used
    COMMON           14      9      11
    BANK0            80      6       6
    BANK1            80      0       0
    BANK3            96      0       0
    BANK2            96      0       0

Pointer List with Targets:

    None.

Critical Paths under _main in COMMON

    None.

Critical Paths under _ISR in COMMON

    _ISR->___awdiv

Critical Paths under _main in BANK0

    None.

Critical Paths under _ISR in BANK0

    None.

Critical Paths under _main in BANK1

    None.

Critical Paths under _ISR in BANK1

    None.

Critical Paths under _main in BANK3

    None.

Critical Paths under _ISR in BANK3

    None.

Critical Paths under _main in BANK2

    None.

Critical Paths under _ISR in BANK2

    None.

Call Graph Tables:

 ---------------------------------------------------------------------------------
 (Depth) Function   	        Calls       Base Space   Used Autos Params    Refs
 ---------------------------------------------------------------------------------
 (0) _main                                                 0     0      0       0
 ---------------------------------------------------------------------------------
 Estimated maximum stack depth 0
 ---------------------------------------------------------------------------------
 (Depth) Function   	        Calls       Base Space   Used Autos Params    Refs
 ---------------------------------------------------------------------------------
 (1) _ISR                                                  6     6      0     281
                                              0 BANK0      6     6      0
                            ___awdiv
 ---------------------------------------------------------------------------------
 (2) ___awdiv                                              9     5      4     281
                                              0 COMMON     9     5      4
 ---------------------------------------------------------------------------------
 Estimated maximum stack depth 2
 ---------------------------------------------------------------------------------

 Call Graph Graphs:

 _main (ROOT)

 _ISR (ROOT)
   ___awdiv

 Address spaces:
Name               Size   Autos  Total    Cost      Usage
BITCOMMON            E      0       0       0        0.0%
EEDATA             100      0       0       0        0.0%
NULL                 0      0       0       0        0.0%
CODE                 0      0       0       0        0.0%
COMMON               E      9       B       1       78.6%
BITSFR0              0      0       0       1        0.0%
SFR0                 0      0       0       1        0.0%
BITSFR1              0      0       0       2        0.0%
SFR1                 0      0       0       2        0.0%
STACK                0      0       0       2        0.0%
ABS                  0      0      11       3        0.0%
BITBANK0            50      0       0       4        0.0%
BITSFR3              0      0       0       4        0.0%
SFR3                 0      0       0       4        0.0%
BANK0               50      6       6       5        7.5%
BITSFR2              0      0       0       5        0.0%
SFR2                 0      0       0       5        0.0%
BITBANK1            50      0       0       6        0.0%
BANK1               50      0       0       7        0.0%
BITBANK3            60      0       0       8        0.0%
BANK3               60      0       0       9        0.0%
BITBANK2            60      0       0      10        0.0%
BANK2               60      0       0      11        0.0%
DATA                 0      0      11      12        0.0%


Microchip Technology PIC Macro Assembler V1.33 build 59893 
Symbol Table                                                                                   Mon Mar 30 09:01:13 2026

                     l37 00D3             ___awdiv@sign 0076                      _GIE 005F  
                    _RA0 0028                      _ISR 0076                      fsr0 0004  
                   ?_ISR 0070                     _PEIE 005E                     _TMR1 000E  
                   u4_25 003B                     u6_25 0047                     u7_25 0053  
                   u8_25 005D                     _main 00B8                     btemp 007E  
                   ltemp 007E                     start 0012                     ttemp 007E  
                   wtemp 007E                    ??_ISR 0020                    ?_main 0070  
        __end_of___awdiv 0076          ___awdiv@divisor 0070                    _T1CON 0010  
                  i1l510 0030                    i1l520 0038                    i1l504 0025  
                  i1l522 0046                    i1l532 0067                    i1l536 006F  
                  i1l528 005C                    i1l592 00AC          ___awdiv@counter 0075  
                  _TRISA 0085                    _TRISC 0087                    pclath 000A  
                  ltemp0 007E                    ltemp1 0082                    ltemp2 0086  
                  ltemp3 0080                    ttemp0 007E                    ttemp1 0081  
                  ttemp2 0084                    ttemp3 0087                    ttemp4 007F  
                  status 0003                    wtemp0 007E                    wtemp1 0080  
                  wtemp2 0082                    wtemp3 0084                    wtemp4 0086  
                  wtemp5 0088                    wtemp6 007F          __initialization 0015  
           __end_of_main 00D4                   ??_main 0026                   _ADCON1 009F  
                 _CCP1IE 0462                   _CCP1IF 0062                   _CCPR1H 0016  
                 _CCPR1L 0015         ___awdiv@dividend 0072                   _TMR1ON 0080  
              ??___awdiv 0074         ___awdiv@quotient 0077                   _period 0079  
                 saved_w 007E  __end_of__initialization 0017           __pcstackCOMMON 0070  
             __pmaintext 00B8               __pintentry 0004                  _CCP1CON 0017  
                ___awdiv 001B                  __ptext0 0000                  __ptext1 0076  
                __ptext2 001B             __size_of_ISR 0042     end_of_initialization 0017  
    start_initialization 0015              __end_of_ISR 00B8              __pbssCOMMON 0079  
              ___latbits 0002            __pcstackBANK0 0020                 ?___awdiv 0070  
      interrupt_function 0004         __size_of___awdiv 005B            __size_of_main 001C  
               intlevel1 0000  
